2023-02-15 00:58:51.344 [main] INFO  DataBaseTestConfig - Create DB connection
2023-02-15 00:58:51.605 [main] INFO  DataBaseTestConfig - Closing DB connection
2023-02-15 00:58:51.607 [main] INFO  DataBaseTestConfig - Create DB connection
2023-02-15 00:58:51.628 [main] INFO  DataBaseTestConfig - Closing Result Set
2023-02-15 00:58:51.628 [main] INFO  DataBaseTestConfig - Closing Prepared Statement
2023-02-15 00:58:51.628 [main] INFO  DataBaseTestConfig - Closing DB connection
2023-02-15 00:58:51.629 [main] INFO  DataBaseTestConfig - Create DB connection
2023-02-15 00:58:51.644 [main] INFO  DataBaseTestConfig - Closing Prepared Statement
2023-02-15 00:58:51.645 [main] INFO  DataBaseTestConfig - Closing DB connection
2023-02-15 00:58:51.645 [main] INFO  DataBaseTestConfig - Create DB connection
2023-02-15 00:58:51.656 [main] INFO  DataBaseTestConfig - Closing Result Set
2023-02-15 00:58:51.656 [main] INFO  DataBaseTestConfig - Closing Prepared Statement
2023-02-15 00:58:51.656 [main] INFO  DataBaseTestConfig - Closing DB connection
2023-02-15 00:58:51.656 [main] INFO  DataBaseTestConfig - Create DB connection
2023-02-15 00:58:51.677 [main] INFO  DataBaseTestConfig - Closing DB connection
2023-02-15 00:58:51.679 [main] INFO  DataBaseTestConfig - Create DB connection
2023-02-15 00:58:51.688 [main] INFO  DataBaseTestConfig - Closing Result Set
2023-02-15 00:58:51.688 [main] INFO  DataBaseTestConfig - Closing Prepared Statement
2023-02-15 00:58:51.688 [main] INFO  DataBaseTestConfig - Closing DB connection
2023-02-15 00:58:51.688 [main] ERROR ParkingService - Unable to process exiting vehicle
java.lang.IllegalArgumentException: Out time provided is incorrect:java.util.GregorianCalendar[time=1676393931688,areFieldsSet=true,areAllFieldsSet=true,lenient=true,zone=sun.util.calendar.ZoneInfo[id="Asia/Shanghai",offset=28800000,dstSavings=0,useDaylight=false,transitions=31,lastRule=null],firstDayOfWeek=2,minimalDaysInFirstWeek=4,ERA=1,YEAR=2023,MONTH=1,WEEK_OF_YEAR=7,WEEK_OF_MONTH=3,DAY_OF_MONTH=15,DAY_OF_YEAR=46,DAY_OF_WEEK=4,DAY_OF_WEEK_IN_MONTH=3,AM_PM=0,HOUR=0,HOUR_OF_DAY=0,MINUTE=58,SECOND=51,MILLISECOND=688,ZONE_OFFSET=28800000,DST_OFFSET=0]
	at com.parkit.parkingsystem.service.FareCalculatorService.calculateFare(FareCalculatorService.java:12) ~[classes/:?]
	at com.parkit.parkingsystem.service.ParkingService.processExitingVehicle(ParkingService.java:126) ~[classes/:?]
	at com.parkit.parkingsystem.integration.ParkingDataBaseIT.testParkingLotExit(ParkingDataBaseIT.java:69) ~[test-classes/:?]
	at sun.reflect.NativeMethodAccessorImpl.invoke0(Native Method) ~[?:1.8.0_352]
	at sun.reflect.NativeMethodAccessorImpl.invoke(NativeMethodAccessorImpl.java:62) ~[?:1.8.0_352]
	at sun.reflect.DelegatingMethodAccessorImpl.invoke(DelegatingMethodAccessorImpl.java:43) ~[?:1.8.0_352]
	at java.lang.reflect.Method.invoke(Method.java:498) ~[?:1.8.0_352]
	at org.junit.platform.commons.util.ReflectionUtils.invokeMethod(ReflectionUtils.java:725) ~[org.junit.platform.commons_1.8.1.v20211018-1956.jar:1.8.1]
	at org.junit.jupiter.engine.execution.MethodInvocation.proceed(MethodInvocation.java:60) ~[org.junit.jupiter.engine_5.8.1.v20211018-1956.jar:5.8.1]
	at org.junit.jupiter.engine.execution.InvocationInterceptorChain$ValidatingInvocation.proceed(InvocationInterceptorChain.java:131) ~[org.junit.jupiter.engine_5.8.1.v20211018-1956.jar:5.8.1]
	at org.junit.jupiter.engine.extension.TimeoutExtension.intercept(TimeoutExtension.java:149) ~[org.junit.jupiter.engine_5.8.1.v20211018-1956.jar:5.8.1]
	at org.junit.jupiter.engine.extension.TimeoutExtension.interceptTestableMethod(TimeoutExtension.java:140) ~[org.junit.jupiter.engine_5.8.1.v20211018-1956.jar:5.8.1]
	at org.junit.jupiter.engine.extension.TimeoutExtension.interceptTestMethod(TimeoutExtension.java:84) ~[org.junit.jupiter.engine_5.8.1.v20211018-1956.jar:5.8.1]
	at org.junit.jupiter.engine.execution.ExecutableInvoker$ReflectiveInterceptorCall.lambda$ofVoidMethod$0(ExecutableInvoker.java:115) ~[org.junit.jupiter.engine_5.8.1.v20211018-1956.jar:5.8.1]
	at org.junit.jupiter.engine.execution.ExecutableInvoker.lambda$invoke$0(ExecutableInvoker.java:105) ~[org.junit.jupiter.engine_5.8.1.v20211018-1956.jar:5.8.1]
	at org.junit.jupiter.engine.execution.InvocationInterceptorChain$InterceptedInvocation.proceed(InvocationInterceptorChain.java:106) ~[org.junit.jupiter.engine_5.8.1.v20211018-1956.jar:5.8.1]
	at org.junit.jupiter.engine.execution.InvocationInterceptorChain.proceed(InvocationInterceptorChain.java:64) ~[org.junit.jupiter.engine_5.8.1.v20211018-1956.jar:5.8.1]
	at org.junit.jupiter.engine.execution.InvocationInterceptorChain.chainAndInvoke(InvocationInterceptorChain.java:45) ~[org.junit.jupiter.engine_5.8.1.v20211018-1956.jar:5.8.1]
	at org.junit.jupiter.engine.execution.InvocationInterceptorChain.invoke(InvocationInterceptorChain.java:37) ~[org.junit.jupiter.engine_5.8.1.v20211018-1956.jar:5.8.1]
	at org.junit.jupiter.engine.execution.ExecutableInvoker.invoke(ExecutableInvoker.java:104) ~[org.junit.jupiter.engine_5.8.1.v20211018-1956.jar:5.8.1]
	at org.junit.jupiter.engine.execution.ExecutableInvoker.invoke(ExecutableInvoker.java:98) ~[org.junit.jupiter.engine_5.8.1.v20211018-1956.jar:5.8.1]
	at org.junit.jupiter.engine.descriptor.TestMethodTestDescriptor.lambda$invokeTestMethod$7(TestMethodTestDescriptor.java:214) ~[org.junit.jupiter.engine_5.8.1.v20211018-1956.jar:5.8.1]
	at org.junit.platform.engine.support.hierarchical.ThrowableCollector.execute(ThrowableCollector.java:73) ~[org.junit.platform.engine_1.8.1.v20211018-1956.jar:1.8.1]
	at org.junit.jupiter.engine.descriptor.TestMethodTestDescriptor.invokeTestMethod(TestMethodTestDescriptor.java:210) ~[org.junit.jupiter.engine_5.8.1.v20211018-1956.jar:5.8.1]
	at org.junit.jupiter.engine.descriptor.TestMethodTestDescriptor.execute(TestMethodTestDescriptor.java:135) ~[org.junit.jupiter.engine_5.8.1.v20211018-1956.jar:5.8.1]
	at org.junit.jupiter.engine.descriptor.TestMethodTestDescriptor.execute(TestMethodTestDescriptor.java:66) ~[org.junit.jupiter.engine_5.8.1.v20211018-1956.jar:5.8.1]
	at org.junit.platform.engine.support.hierarchical.NodeTestTask.lambda$executeRecursively$6(NodeTestTask.java:151) ~[org.junit.platform.engine_1.8.1.v20211018-1956.jar:1.8.1]
	at org.junit.platform.engine.support.hierarchical.ThrowableCollector.execute(ThrowableCollector.java:73) ~[org.junit.platform.engine_1.8.1.v20211018-1956.jar:1.8.1]
	at org.junit.platform.engine.support.hierarchical.NodeTestTask.lambda$executeRecursively$8(NodeTestTask.java:141) ~[org.junit.platform.engine_1.8.1.v20211018-1956.jar:1.8.1]
	at org.junit.platform.engine.support.hierarchical.Node.around(Node.java:137) ~[org.junit.platform.engine_1.8.1.v20211018-1956.jar:1.8.1]
	at org.junit.platform.engine.support.hierarchical.NodeTestTask.lambda$executeRecursively$9(NodeTestTask.java:139) ~[org.junit.platform.engine_1.8.1.v20211018-1956.jar:1.8.1]
	at org.junit.platform.engine.support.hierarchical.ThrowableCollector.execute(ThrowableCollector.java:73) ~[org.junit.platform.engine_1.8.1.v20211018-1956.jar:1.8.1]
	at org.junit.platform.engine.support.hierarchical.NodeTestTask.executeRecursively(NodeTestTask.java:138) ~[org.junit.platform.engine_1.8.1.v20211018-1956.jar:1.8.1]
	at org.junit.platform.engine.support.hierarchical.NodeTestTask.execute(NodeTestTask.java:95) ~[org.junit.platform.engine_1.8.1.v20211018-1956.jar:1.8.1]
	at java.util.ArrayList.forEach(ArrayList.java:1259) ~[?:1.8.0_352]
	at org.junit.platform.engine.support.hierarchical.SameThreadHierarchicalTestExecutorService.invokeAll(SameThreadHierarchicalTestExecutorService.java:41) ~[org.junit.platform.engine_1.8.1.v20211018-1956.jar:1.8.1]
	at org.junit.platform.engine.support.hierarchical.NodeTestTask.lambda$executeRecursively$6(NodeTestTask.java:155) ~[org.junit.platform.engine_1.8.1.v20211018-1956.jar:1.8.1]
	at org.junit.platform.engine.support.hierarchical.ThrowableCollector.execute(ThrowableCollector.java:73) ~[org.junit.platform.engine_1.8.1.v20211018-1956.jar:1.8.1]
	at org.junit.platform.engine.support.hierarchical.NodeTestTask.lambda$executeRecursively$8(NodeTestTask.java:141) ~[org.junit.platform.engine_1.8.1.v20211018-1956.jar:1.8.1]
	at org.junit.platform.engine.support.hierarchical.Node.around(Node.java:137) ~[org.junit.platform.engine_1.8.1.v20211018-1956.jar:1.8.1]
	at org.junit.platform.engine.support.hierarchical.NodeTestTask.lambda$executeRecursively$9(NodeTestTask.java:139) ~[org.junit.platform.engine_1.8.1.v20211018-1956.jar:1.8.1]
	at org.junit.platform.engine.support.hierarchical.ThrowableCollector.execute(ThrowableCollector.java:73) ~[org.junit.platform.engine_1.8.1.v20211018-1956.jar:1.8.1]
	at org.junit.platform.engine.support.hierarchical.NodeTestTask.executeRecursively(NodeTestTask.java:138) ~[org.junit.platform.engine_1.8.1.v20211018-1956.jar:1.8.1]
	at org.junit.platform.engine.support.hierarchical.NodeTestTask.execute(NodeTestTask.java:95) ~[org.junit.platform.engine_1.8.1.v20211018-1956.jar:1.8.1]
	at java.util.ArrayList.forEach(ArrayList.java:1259) ~[?:1.8.0_352]
	at org.junit.platform.engine.support.hierarchical.SameThreadHierarchicalTestExecutorService.invokeAll(SameThreadHierarchicalTestExecutorService.java:41) ~[org.junit.platform.engine_1.8.1.v20211018-1956.jar:1.8.1]
	at org.junit.platform.engine.support.hierarchical.NodeTestTask.lambda$executeRecursively$6(NodeTestTask.java:155) ~[org.junit.platform.engine_1.8.1.v20211018-1956.jar:1.8.1]
	at org.junit.platform.engine.support.hierarchical.ThrowableCollector.execute(ThrowableCollector.java:73) ~[org.junit.platform.engine_1.8.1.v20211018-1956.jar:1.8.1]
	at org.junit.platform.engine.support.hierarchical.NodeTestTask.lambda$executeRecursively$8(NodeTestTask.java:141) ~[org.junit.platform.engine_1.8.1.v20211018-1956.jar:1.8.1]
	at org.junit.platform.engine.support.hierarchical.Node.around(Node.java:137) ~[org.junit.platform.engine_1.8.1.v20211018-1956.jar:1.8.1]
	at org.junit.platform.engine.support.hierarchical.NodeTestTask.lambda$executeRecursively$9(NodeTestTask.java:139) ~[org.junit.platform.engine_1.8.1.v20211018-1956.jar:1.8.1]
	at org.junit.platform.engine.support.hierarchical.ThrowableCollector.execute(ThrowableCollector.java:73) ~[org.junit.platform.engine_1.8.1.v20211018-1956.jar:1.8.1]
	at org.junit.platform.engine.support.hierarchical.NodeTestTask.executeRecursively(NodeTestTask.java:138) ~[org.junit.platform.engine_1.8.1.v20211018-1956.jar:1.8.1]
	at org.junit.platform.engine.support.hierarchical.NodeTestTask.execute(NodeTestTask.java:95) ~[org.junit.platform.engine_1.8.1.v20211018-1956.jar:1.8.1]
	at org.junit.platform.engine.support.hierarchical.SameThreadHierarchicalTestExecutorService.submit(SameThreadHierarchicalTestExecutorService.java:35) ~[org.junit.platform.engine_1.8.1.v20211018-1956.jar:1.8.1]
	at org.junit.platform.engine.support.hierarchical.HierarchicalTestExecutor.execute(HierarchicalTestExecutor.java:57) ~[org.junit.platform.engine_1.8.1.v20211018-1956.jar:1.8.1]
	at org.junit.platform.engine.support.hierarchical.HierarchicalTestEngine.execute(HierarchicalTestEngine.java:54) ~[org.junit.platform.engine_1.8.1.v20211018-1956.jar:1.8.1]
	at org.junit.platform.launcher.core.EngineExecutionOrchestrator.execute(EngineExecutionOrchestrator.java:107) ~[org.junit.platform.launcher_1.8.1.v20211018-1956.jar:1.8.1]
	at org.junit.platform.launcher.core.EngineExecutionOrchestrator.execute(EngineExecutionOrchestrator.java:88) ~[org.junit.platform.launcher_1.8.1.v20211018-1956.jar:1.8.1]
	at org.junit.platform.launcher.core.EngineExecutionOrchestrator.lambda$execute$0(EngineExecutionOrchestrator.java:54) ~[org.junit.platform.launcher_1.8.1.v20211018-1956.jar:1.8.1]
	at org.junit.platform.launcher.core.EngineExecutionOrchestrator.withInterceptedStreams(EngineExecutionOrchestrator.java:67) [org.junit.platform.launcher_1.8.1.v20211018-1956.jar:1.8.1]
	at org.junit.platform.launcher.core.EngineExecutionOrchestrator.execute(EngineExecutionOrchestrator.java:52) [org.junit.platform.launcher_1.8.1.v20211018-1956.jar:1.8.1]
	at org.junit.platform.launcher.core.DefaultLauncher.execute(DefaultLauncher.java:114) [org.junit.platform.launcher_1.8.1.v20211018-1956.jar:1.8.1]
	at org.junit.platform.launcher.core.DefaultLauncher.execute(DefaultLauncher.java:95) [org.junit.platform.launcher_1.8.1.v20211018-1956.jar:1.8.1]
	at org.junit.platform.launcher.core.DefaultLauncherSession$DelegatingLauncher.execute(DefaultLauncherSession.java:91) [org.junit.platform.launcher_1.8.1.v20211018-1956.jar:1.8.1]
	at org.junit.platform.launcher.core.SessionPerRequestLauncher.execute(SessionPerRequestLauncher.java:60) [org.junit.platform.launcher_1.8.1.v20211018-1956.jar:1.8.1]
	at org.eclipse.jdt.internal.junit5.runner.JUnit5TestReference.run(JUnit5TestReference.java:98) [.cp/:?]
	at org.eclipse.jdt.internal.junit.runner.TestExecution.run(TestExecution.java:40) [.cp/:?]
	at org.eclipse.jdt.internal.junit.runner.RemoteTestRunner.runTests(RemoteTestRunner.java:529) [.cp/:?]
	at org.eclipse.jdt.internal.junit.runner.RemoteTestRunner.runTests(RemoteTestRunner.java:756) [.cp/:?]
	at org.eclipse.jdt.internal.junit.runner.RemoteTestRunner.run(RemoteTestRunner.java:452) [.cp/:?]
	at org.eclipse.jdt.internal.junit.runner.RemoteTestRunner.main(RemoteTestRunner.java:210) [.cp/:?]
2023-02-15 00:58:51.693 [main] INFO  DataBaseTestConfig - Create DB connection
2023-02-15 00:58:51.704 [main] INFO  DataBaseTestConfig - Closing Result Set
2023-02-15 00:58:51.704 [main] INFO  DataBaseTestConfig - Closing Prepared Statement
2023-02-15 00:58:51.704 [main] INFO  DataBaseTestConfig - Closing DB connection
2023-02-15 00:58:51.705 [main] INFO  DataBaseTestConfig - Create DB connection
2023-02-15 00:58:51.715 [main] INFO  DataBaseTestConfig - Closing Result Set
2023-02-15 00:58:51.716 [main] INFO  DataBaseTestConfig - Closing Prepared Statement
2023-02-15 00:58:51.716 [main] INFO  DataBaseTestConfig - Closing DB connection
2023-02-15 00:58:51.723 [main] INFO  DataBaseTestConfig - Create DB connection
2023-02-15 00:58:51.753 [main] INFO  DataBaseTestConfig - Closing DB connection
2023-02-15 00:58:51.754 [main] INFO  DataBaseTestConfig - Create DB connection
2023-02-15 00:58:51.763 [main] INFO  DataBaseTestConfig - Closing Result Set
2023-02-15 00:58:51.763 [main] INFO  DataBaseTestConfig - Closing Prepared Statement
2023-02-15 00:58:51.763 [main] INFO  DataBaseTestConfig - Closing DB connection
2023-02-15 00:58:51.763 [main] INFO  DataBaseTestConfig - Create DB connection
2023-02-15 00:58:51.774 [main] INFO  DataBaseTestConfig - Closing Prepared Statement
2023-02-15 00:58:51.775 [main] INFO  DataBaseTestConfig - Closing DB connection
2023-02-15 00:58:51.775 [main] INFO  DataBaseTestConfig - Create DB connection
2023-02-15 00:58:51.787 [main] INFO  DataBaseTestConfig - Closing Result Set
2023-02-15 00:58:51.788 [main] INFO  DataBaseTestConfig - Closing Prepared Statement
2023-02-15 00:58:51.788 [main] INFO  DataBaseTestConfig - Closing DB connection
2023-02-15 00:58:51.788 [main] INFO  DataBaseTestConfig - Create DB connection
2023-02-15 00:58:51.801 [main] INFO  DataBaseTestConfig - Closing DB connection
2023-02-15 00:58:51.801 [main] INFO  DataBaseTestConfig - Create DB connection
2023-02-15 00:58:51.809 [main] INFO  DataBaseTestConfig - Closing Result Set
2023-02-15 00:58:51.810 [main] INFO  DataBaseTestConfig - Closing Prepared Statement
2023-02-15 00:58:51.810 [main] INFO  DataBaseTestConfig - Closing DB connection
2023-02-15 00:58:51.810 [main] INFO  DataBaseTestConfig - Create DB connection
2023-02-15 00:58:51.818 [main] INFO  DataBaseTestConfig - Closing Result Set
2023-02-15 00:58:51.818 [main] INFO  DataBaseTestConfig - Closing Prepared Statement
2023-02-15 00:58:51.818 [main] INFO  DataBaseTestConfig - Closing DB connection
2023-02-15 00:59:02.021 [main] INFO  DataBaseTestConfig - Create DB connection
2023-02-15 00:59:02.290 [main] INFO  DataBaseTestConfig - Closing DB connection
2023-02-15 00:59:02.293 [main] INFO  DataBaseTestConfig - Create DB connection
2023-02-15 00:59:02.314 [main] INFO  DataBaseTestConfig - Closing Result Set
2023-02-15 00:59:02.314 [main] INFO  DataBaseTestConfig - Closing Prepared Statement
2023-02-15 00:59:02.315 [main] INFO  DataBaseTestConfig - Closing DB connection
2023-02-15 00:59:02.315 [main] INFO  DataBaseTestConfig - Create DB connection
2023-02-15 00:59:02.330 [main] INFO  DataBaseTestConfig - Closing Prepared Statement
2023-02-15 00:59:02.331 [main] INFO  DataBaseTestConfig - Closing DB connection
2023-02-15 00:59:02.331 [main] INFO  DataBaseTestConfig - Create DB connection
2023-02-15 00:59:02.342 [main] INFO  DataBaseTestConfig - Closing Result Set
2023-02-15 00:59:02.342 [main] INFO  DataBaseTestConfig - Closing Prepared Statement
2023-02-15 00:59:02.343 [main] INFO  DataBaseTestConfig - Closing DB connection
2023-02-15 00:59:02.343 [main] INFO  DataBaseTestConfig - Create DB connection
2023-02-15 00:59:02.362 [main] INFO  DataBaseTestConfig - Closing DB connection
2023-02-15 00:59:02.363 [main] INFO  DataBaseTestConfig - Create DB connection
2023-02-15 00:59:02.374 [main] INFO  DataBaseTestConfig - Closing Result Set
2023-02-15 00:59:02.374 [main] INFO  DataBaseTestConfig - Closing Prepared Statement
2023-02-15 00:59:02.374 [main] INFO  DataBaseTestConfig - Closing DB connection
2023-02-15 00:59:02.374 [main] INFO  DataBaseTestConfig - Create DB connection
2023-02-15 00:59:02.384 [main] INFO  DataBaseTestConfig - Closing DB connection
2023-02-15 00:59:02.384 [main] INFO  DataBaseTestConfig - Create DB connection
2023-02-15 00:59:02.397 [main] INFO  DataBaseTestConfig - Closing Prepared Statement
2023-02-15 00:59:02.397 [main] INFO  DataBaseTestConfig - Closing DB connection
2023-02-15 00:59:02.398 [main] INFO  DataBaseTestConfig - Create DB connection
2023-02-15 00:59:02.407 [main] INFO  DataBaseTestConfig - Closing Result Set
2023-02-15 00:59:02.407 [main] INFO  DataBaseTestConfig - Closing Prepared Statement
2023-02-15 00:59:02.407 [main] INFO  DataBaseTestConfig - Closing DB connection
2023-02-15 00:59:02.408 [main] INFO  DataBaseTestConfig - Create DB connection
2023-02-15 00:59:02.417 [main] INFO  DataBaseTestConfig - Closing Result Set
2023-02-15 00:59:02.417 [main] INFO  DataBaseTestConfig - Closing Prepared Statement
2023-02-15 00:59:02.418 [main] INFO  DataBaseTestConfig - Closing DB connection
2023-02-15 00:59:02.424 [main] INFO  DataBaseTestConfig - Create DB connection
2023-02-15 00:59:02.454 [main] INFO  DataBaseTestConfig - Closing DB connection
2023-02-15 00:59:02.455 [main] INFO  DataBaseTestConfig - Create DB connection
2023-02-15 00:59:02.463 [main] INFO  DataBaseTestConfig - Closing Result Set
2023-02-15 00:59:02.463 [main] INFO  DataBaseTestConfig - Closing Prepared Statement
2023-02-15 00:59:02.464 [main] INFO  DataBaseTestConfig - Closing DB connection
2023-02-15 00:59:02.464 [main] INFO  DataBaseTestConfig - Create DB connection
2023-02-15 00:59:02.475 [main] INFO  DataBaseTestConfig - Closing Prepared Statement
2023-02-15 00:59:02.476 [main] INFO  DataBaseTestConfig - Closing DB connection
2023-02-15 00:59:02.476 [main] INFO  DataBaseTestConfig - Create DB connection
2023-02-15 00:59:02.484 [main] INFO  DataBaseTestConfig - Closing Result Set
2023-02-15 00:59:02.485 [main] INFO  DataBaseTestConfig - Closing Prepared Statement
2023-02-15 00:59:02.485 [main] INFO  DataBaseTestConfig - Closing DB connection
2023-02-15 00:59:02.485 [main] INFO  DataBaseTestConfig - Create DB connection
2023-02-15 00:59:02.495 [main] INFO  DataBaseTestConfig - Closing DB connection
2023-02-15 00:59:02.496 [main] INFO  DataBaseTestConfig - Create DB connection
2023-02-15 00:59:02.504 [main] INFO  DataBaseTestConfig - Closing Result Set
2023-02-15 00:59:02.504 [main] INFO  DataBaseTestConfig - Closing Prepared Statement
2023-02-15 00:59:02.504 [main] INFO  DataBaseTestConfig - Closing DB connection
2023-02-15 00:59:02.505 [main] INFO  DataBaseTestConfig - Create DB connection
2023-02-15 00:59:02.512 [main] INFO  DataBaseTestConfig - Closing Result Set
2023-02-15 00:59:02.512 [main] INFO  DataBaseTestConfig - Closing Prepared Statement
2023-02-15 00:59:02.513 [main] INFO  DataBaseTestConfig - Closing DB connection
2023-02-15 01:43:09.193 [main] INFO  DataBaseTestConfig - Create DB connection
2023-02-15 01:43:09.422 [main] INFO  DataBaseTestConfig - Closing DB connection
2023-02-15 01:43:09.429 [main] INFO  DataBaseTestConfig - Create DB connection
2023-02-15 01:43:09.452 [main] INFO  DataBaseTestConfig - Closing Result Set
2023-02-15 01:43:09.452 [main] INFO  DataBaseTestConfig - Closing Prepared Statement
2023-02-15 01:43:09.452 [main] INFO  DataBaseTestConfig - Closing DB connection
2023-02-15 01:43:09.453 [main] INFO  DataBaseTestConfig - Create DB connection
2023-02-15 01:43:09.469 [main] INFO  DataBaseTestConfig - Closing Prepared Statement
2023-02-15 01:43:09.469 [main] INFO  DataBaseTestConfig - Closing DB connection
2023-02-15 01:43:09.470 [main] INFO  DataBaseTestConfig - Create DB connection
2023-02-15 01:43:09.484 [main] INFO  DataBaseTestConfig - Closing Result Set
2023-02-15 01:43:09.484 [main] INFO  DataBaseTestConfig - Closing Prepared Statement
2023-02-15 01:43:09.485 [main] INFO  DataBaseTestConfig - Closing DB connection
2023-02-15 01:43:09.485 [main] INFO  DataBaseTestConfig - Create DB connection
2023-02-15 01:43:09.506 [main] INFO  DataBaseTestConfig - Closing DB connection
2023-02-15 01:43:09.508 [main] INFO  DataBaseTestConfig - Create DB connection
2023-02-15 01:43:09.518 [main] INFO  DataBaseTestConfig - Closing Result Set
2023-02-15 01:43:09.519 [main] INFO  DataBaseTestConfig - Closing Prepared Statement
2023-02-15 01:43:09.519 [main] INFO  DataBaseTestConfig - Closing DB connection
2023-02-15 01:43:09.519 [main] INFO  DataBaseTestConfig - Create DB connection
2023-02-15 01:43:09.533 [main] INFO  DataBaseTestConfig - Closing DB connection
2023-02-15 01:43:09.533 [main] INFO  DataBaseTestConfig - Create DB connection
2023-02-15 01:43:09.547 [main] INFO  DataBaseTestConfig - Closing Prepared Statement
2023-02-15 01:43:09.548 [main] INFO  DataBaseTestConfig - Closing DB connection
2023-02-15 01:43:09.548 [main] INFO  DataBaseTestConfig - Create DB connection
2023-02-15 01:43:09.558 [main] INFO  DataBaseTestConfig - Closing Result Set
2023-02-15 01:43:09.558 [main] INFO  DataBaseTestConfig - Closing Prepared Statement
2023-02-15 01:43:09.559 [main] INFO  DataBaseTestConfig - Closing DB connection
2023-02-15 01:43:09.560 [main] INFO  DataBaseTestConfig - Create DB connection
2023-02-15 01:43:09.569 [main] INFO  DataBaseTestConfig - Closing Result Set
2023-02-15 01:43:09.569 [main] INFO  DataBaseTestConfig - Closing Prepared Statement
2023-02-15 01:43:09.569 [main] INFO  DataBaseTestConfig - Closing DB connection
2023-02-15 01:43:09.576 [main] INFO  DataBaseTestConfig - Create DB connection
2023-02-15 01:43:09.612 [main] INFO  DataBaseTestConfig - Closing DB connection
2023-02-15 01:43:09.612 [main] INFO  DataBaseTestConfig - Create DB connection
2023-02-15 01:43:09.621 [main] INFO  DataBaseTestConfig - Closing Result Set
2023-02-15 01:43:09.621 [main] INFO  DataBaseTestConfig - Closing Prepared Statement
2023-02-15 01:43:09.621 [main] INFO  DataBaseTestConfig - Closing DB connection
2023-02-15 01:43:09.621 [main] INFO  DataBaseTestConfig - Create DB connection
2023-02-15 01:43:09.633 [main] INFO  DataBaseTestConfig - Closing Prepared Statement
2023-02-15 01:43:09.634 [main] INFO  DataBaseTestConfig - Closing DB connection
2023-02-15 01:43:09.634 [main] INFO  DataBaseTestConfig - Create DB connection
2023-02-15 01:43:09.645 [main] INFO  DataBaseTestConfig - Closing Result Set
2023-02-15 01:43:09.645 [main] INFO  DataBaseTestConfig - Closing Prepared Statement
2023-02-15 01:43:09.645 [main] INFO  DataBaseTestConfig - Closing DB connection
2023-02-15 01:43:09.645 [main] INFO  DataBaseTestConfig - Create DB connection
2023-02-15 01:43:09.657 [main] INFO  DataBaseTestConfig - Closing DB connection
2023-02-15 01:43:09.658 [main] INFO  DataBaseTestConfig - Create DB connection
2023-02-15 01:43:09.666 [main] INFO  DataBaseTestConfig - Closing Result Set
2023-02-15 01:43:09.666 [main] INFO  DataBaseTestConfig - Closing Prepared Statement
2023-02-15 01:43:09.666 [main] INFO  DataBaseTestConfig - Closing DB connection
2023-02-15 01:43:09.667 [main] INFO  DataBaseTestConfig - Create DB connection
2023-02-15 01:43:09.675 [main] INFO  DataBaseTestConfig - Closing Result Set
2023-02-15 01:43:09.675 [main] INFO  DataBaseTestConfig - Closing Prepared Statement
2023-02-15 01:43:09.676 [main] INFO  DataBaseTestConfig - Closing DB connection
2023-02-15 01:53:58.375 [main] INFO  App - Initializing Parking System
2023-02-15 01:53:58.377 [main] INFO  InteractiveShell - App initialized!!!
2023-02-15 01:54:10.569 [main] INFO  DataBaseConfig - Create DB connection
2023-02-15 01:54:10.809 [main] INFO  DataBaseConfig - Closing Result Set
2023-02-15 01:54:10.809 [main] INFO  DataBaseConfig - Closing Prepared Statement
2023-02-15 01:54:10.810 [main] INFO  DataBaseConfig - Closing DB connection
2023-02-15 01:54:15.618 [main] INFO  DataBaseConfig - Create DB connection
2023-02-15 01:54:15.641 [main] INFO  DataBaseConfig - Closing Prepared Statement
2023-02-15 01:54:15.642 [main] INFO  DataBaseConfig - Closing DB connection
2023-02-15 01:54:21.160 [main] INFO  DataBaseConfig - Create DB connection
2023-02-15 01:54:21.173 [main] INFO  DataBaseConfig - Closing Result Set
2023-02-15 01:54:21.174 [main] INFO  DataBaseConfig - Closing Prepared Statement
2023-02-15 01:54:21.174 [main] INFO  DataBaseConfig - Closing DB connection
2023-02-15 01:56:09.272 [main] INFO  DataBaseConfig - Create DB connection
2023-02-15 01:56:09.283 [main] INFO  DataBaseConfig - Closing Result Set
2023-02-15 01:56:09.284 [main] INFO  DataBaseConfig - Closing Prepared Statement
2023-02-15 01:56:09.284 [main] INFO  DataBaseConfig - Closing DB connection
2023-02-15 01:56:09.284 [main] INFO  DataBaseConfig - Create DB connection
2023-02-15 01:56:09.306 [main] INFO  DataBaseConfig - Closing DB connection
2023-02-15 01:58:11.385 [main] INFO  DataBaseTestConfig - Create DB connection
2023-02-15 01:58:11.603 [main] INFO  DataBaseTestConfig - Closing DB connection
2023-02-15 01:58:11.605 [main] INFO  DataBaseTestConfig - Create DB connection
2023-02-15 01:58:11.626 [main] INFO  DataBaseTestConfig - Closing Result Set
2023-02-15 01:58:11.626 [main] INFO  DataBaseTestConfig - Closing Prepared Statement
2023-02-15 01:58:11.627 [main] INFO  DataBaseTestConfig - Closing DB connection
2023-02-15 01:58:11.627 [main] INFO  DataBaseTestConfig - Create DB connection
2023-02-15 01:58:11.644 [main] INFO  DataBaseTestConfig - Closing Prepared Statement
2023-02-15 01:58:11.645 [main] INFO  DataBaseTestConfig - Closing DB connection
2023-02-15 01:58:11.645 [main] INFO  DataBaseTestConfig - Create DB connection
2023-02-15 01:58:11.656 [main] INFO  DataBaseTestConfig - Closing Result Set
2023-02-15 01:58:11.656 [main] INFO  DataBaseTestConfig - Closing Prepared Statement
2023-02-15 01:58:11.656 [main] INFO  DataBaseTestConfig - Closing DB connection
2023-02-15 01:58:11.656 [main] INFO  DataBaseTestConfig - Create DB connection
2023-02-15 01:58:11.677 [main] INFO  DataBaseTestConfig - Closing DB connection
2023-02-15 01:58:11.680 [main] INFO  DataBaseTestConfig - Create DB connection
2023-02-15 01:58:11.695 [main] INFO  DataBaseTestConfig - Closing Result Set
2023-02-15 01:58:11.695 [main] INFO  DataBaseTestConfig - Closing Prepared Statement
2023-02-15 01:58:11.695 [main] INFO  DataBaseTestConfig - Closing DB connection
2023-02-15 01:58:11.696 [main] ERROR ParkingService - Unable to process exiting vehicle
java.lang.IllegalArgumentException: Out time provided is incorrect:java.util.GregorianCalendar[time=1676397491695,areFieldsSet=true,areAllFieldsSet=true,lenient=true,zone=sun.util.calendar.ZoneInfo[id="Asia/Shanghai",offset=28800000,dstSavings=0,useDaylight=false,transitions=31,lastRule=null],firstDayOfWeek=2,minimalDaysInFirstWeek=4,ERA=1,YEAR=2023,MONTH=1,WEEK_OF_YEAR=7,WEEK_OF_MONTH=3,DAY_OF_MONTH=15,DAY_OF_YEAR=46,DAY_OF_WEEK=4,DAY_OF_WEEK_IN_MONTH=3,AM_PM=0,HOUR=1,HOUR_OF_DAY=1,MINUTE=58,SECOND=11,MILLISECOND=695,ZONE_OFFSET=28800000,DST_OFFSET=0]
	at com.parkit.parkingsystem.service.FareCalculatorService.calculateFare(FareCalculatorService.java:12) ~[classes/:?]
	at com.parkit.parkingsystem.service.ParkingService.processExitingVehicle(ParkingService.java:126) ~[classes/:?]
	at com.parkit.parkingsystem.integration.ParkingDataBaseIT.testParkingLotExit(ParkingDataBaseIT.java:69) ~[test-classes/:?]
	at sun.reflect.NativeMethodAccessorImpl.invoke0(Native Method) ~[?:1.8.0_352]
	at sun.reflect.NativeMethodAccessorImpl.invoke(NativeMethodAccessorImpl.java:62) ~[?:1.8.0_352]
	at sun.reflect.DelegatingMethodAccessorImpl.invoke(DelegatingMethodAccessorImpl.java:43) ~[?:1.8.0_352]
	at java.lang.reflect.Method.invoke(Method.java:498) ~[?:1.8.0_352]
	at org.junit.platform.commons.util.ReflectionUtils.invokeMethod(ReflectionUtils.java:725) ~[org.junit.platform.commons_1.8.1.v20211018-1956.jar:1.8.1]
	at org.junit.jupiter.engine.execution.MethodInvocation.proceed(MethodInvocation.java:60) ~[org.junit.jupiter.engine_5.8.1.v20211018-1956.jar:5.8.1]
	at org.junit.jupiter.engine.execution.InvocationInterceptorChain$ValidatingInvocation.proceed(InvocationInterceptorChain.java:131) ~[org.junit.jupiter.engine_5.8.1.v20211018-1956.jar:5.8.1]
	at org.junit.jupiter.engine.extension.TimeoutExtension.intercept(TimeoutExtension.java:149) ~[org.junit.jupiter.engine_5.8.1.v20211018-1956.jar:5.8.1]
	at org.junit.jupiter.engine.extension.TimeoutExtension.interceptTestableMethod(TimeoutExtension.java:140) ~[org.junit.jupiter.engine_5.8.1.v20211018-1956.jar:5.8.1]
	at org.junit.jupiter.engine.extension.TimeoutExtension.interceptTestMethod(TimeoutExtension.java:84) ~[org.junit.jupiter.engine_5.8.1.v20211018-1956.jar:5.8.1]
	at org.junit.jupiter.engine.execution.ExecutableInvoker$ReflectiveInterceptorCall.lambda$ofVoidMethod$0(ExecutableInvoker.java:115) ~[org.junit.jupiter.engine_5.8.1.v20211018-1956.jar:5.8.1]
	at org.junit.jupiter.engine.execution.ExecutableInvoker.lambda$invoke$0(ExecutableInvoker.java:105) ~[org.junit.jupiter.engine_5.8.1.v20211018-1956.jar:5.8.1]
	at org.junit.jupiter.engine.execution.InvocationInterceptorChain$InterceptedInvocation.proceed(InvocationInterceptorChain.java:106) ~[org.junit.jupiter.engine_5.8.1.v20211018-1956.jar:5.8.1]
	at org.junit.jupiter.engine.execution.InvocationInterceptorChain.proceed(InvocationInterceptorChain.java:64) ~[org.junit.jupiter.engine_5.8.1.v20211018-1956.jar:5.8.1]
	at org.junit.jupiter.engine.execution.InvocationInterceptorChain.chainAndInvoke(InvocationInterceptorChain.java:45) ~[org.junit.jupiter.engine_5.8.1.v20211018-1956.jar:5.8.1]
	at org.junit.jupiter.engine.execution.InvocationInterceptorChain.invoke(InvocationInterceptorChain.java:37) ~[org.junit.jupiter.engine_5.8.1.v20211018-1956.jar:5.8.1]
	at org.junit.jupiter.engine.execution.ExecutableInvoker.invoke(ExecutableInvoker.java:104) ~[org.junit.jupiter.engine_5.8.1.v20211018-1956.jar:5.8.1]
	at org.junit.jupiter.engine.execution.ExecutableInvoker.invoke(ExecutableInvoker.java:98) ~[org.junit.jupiter.engine_5.8.1.v20211018-1956.jar:5.8.1]
	at org.junit.jupiter.engine.descriptor.TestMethodTestDescriptor.lambda$invokeTestMethod$7(TestMethodTestDescriptor.java:214) ~[org.junit.jupiter.engine_5.8.1.v20211018-1956.jar:5.8.1]
	at org.junit.platform.engine.support.hierarchical.ThrowableCollector.execute(ThrowableCollector.java:73) ~[org.junit.platform.engine_1.8.1.v20211018-1956.jar:1.8.1]
	at org.junit.jupiter.engine.descriptor.TestMethodTestDescriptor.invokeTestMethod(TestMethodTestDescriptor.java:210) ~[org.junit.jupiter.engine_5.8.1.v20211018-1956.jar:5.8.1]
	at org.junit.jupiter.engine.descriptor.TestMethodTestDescriptor.execute(TestMethodTestDescriptor.java:135) ~[org.junit.jupiter.engine_5.8.1.v20211018-1956.jar:5.8.1]
	at org.junit.jupiter.engine.descriptor.TestMethodTestDescriptor.execute(TestMethodTestDescriptor.java:66) ~[org.junit.jupiter.engine_5.8.1.v20211018-1956.jar:5.8.1]
	at org.junit.platform.engine.support.hierarchical.NodeTestTask.lambda$executeRecursively$6(NodeTestTask.java:151) ~[org.junit.platform.engine_1.8.1.v20211018-1956.jar:1.8.1]
	at org.junit.platform.engine.support.hierarchical.ThrowableCollector.execute(ThrowableCollector.java:73) ~[org.junit.platform.engine_1.8.1.v20211018-1956.jar:1.8.1]
	at org.junit.platform.engine.support.hierarchical.NodeTestTask.lambda$executeRecursively$8(NodeTestTask.java:141) ~[org.junit.platform.engine_1.8.1.v20211018-1956.jar:1.8.1]
	at org.junit.platform.engine.support.hierarchical.Node.around(Node.java:137) ~[org.junit.platform.engine_1.8.1.v20211018-1956.jar:1.8.1]
	at org.junit.platform.engine.support.hierarchical.NodeTestTask.lambda$executeRecursively$9(NodeTestTask.java:139) ~[org.junit.platform.engine_1.8.1.v20211018-1956.jar:1.8.1]
	at org.junit.platform.engine.support.hierarchical.ThrowableCollector.execute(ThrowableCollector.java:73) ~[org.junit.platform.engine_1.8.1.v20211018-1956.jar:1.8.1]
	at org.junit.platform.engine.support.hierarchical.NodeTestTask.executeRecursively(NodeTestTask.java:138) ~[org.junit.platform.engine_1.8.1.v20211018-1956.jar:1.8.1]
	at org.junit.platform.engine.support.hierarchical.NodeTestTask.execute(NodeTestTask.java:95) ~[org.junit.platform.engine_1.8.1.v20211018-1956.jar:1.8.1]
	at java.util.ArrayList.forEach(ArrayList.java:1259) ~[?:1.8.0_352]
	at org.junit.platform.engine.support.hierarchical.SameThreadHierarchicalTestExecutorService.invokeAll(SameThreadHierarchicalTestExecutorService.java:41) ~[org.junit.platform.engine_1.8.1.v20211018-1956.jar:1.8.1]
	at org.junit.platform.engine.support.hierarchical.NodeTestTask.lambda$executeRecursively$6(NodeTestTask.java:155) ~[org.junit.platform.engine_1.8.1.v20211018-1956.jar:1.8.1]
	at org.junit.platform.engine.support.hierarchical.ThrowableCollector.execute(ThrowableCollector.java:73) ~[org.junit.platform.engine_1.8.1.v20211018-1956.jar:1.8.1]
	at org.junit.platform.engine.support.hierarchical.NodeTestTask.lambda$executeRecursively$8(NodeTestTask.java:141) ~[org.junit.platform.engine_1.8.1.v20211018-1956.jar:1.8.1]
	at org.junit.platform.engine.support.hierarchical.Node.around(Node.java:137) ~[org.junit.platform.engine_1.8.1.v20211018-1956.jar:1.8.1]
	at org.junit.platform.engine.support.hierarchical.NodeTestTask.lambda$executeRecursively$9(NodeTestTask.java:139) ~[org.junit.platform.engine_1.8.1.v20211018-1956.jar:1.8.1]
	at org.junit.platform.engine.support.hierarchical.ThrowableCollector.execute(ThrowableCollector.java:73) ~[org.junit.platform.engine_1.8.1.v20211018-1956.jar:1.8.1]
	at org.junit.platform.engine.support.hierarchical.NodeTestTask.executeRecursively(NodeTestTask.java:138) ~[org.junit.platform.engine_1.8.1.v20211018-1956.jar:1.8.1]
	at org.junit.platform.engine.support.hierarchical.NodeTestTask.execute(NodeTestTask.java:95) ~[org.junit.platform.engine_1.8.1.v20211018-1956.jar:1.8.1]
	at java.util.ArrayList.forEach(ArrayList.java:1259) ~[?:1.8.0_352]
	at org.junit.platform.engine.support.hierarchical.SameThreadHierarchicalTestExecutorService.invokeAll(SameThreadHierarchicalTestExecutorService.java:41) ~[org.junit.platform.engine_1.8.1.v20211018-1956.jar:1.8.1]
	at org.junit.platform.engine.support.hierarchical.NodeTestTask.lambda$executeRecursively$6(NodeTestTask.java:155) ~[org.junit.platform.engine_1.8.1.v20211018-1956.jar:1.8.1]
	at org.junit.platform.engine.support.hierarchical.ThrowableCollector.execute(ThrowableCollector.java:73) ~[org.junit.platform.engine_1.8.1.v20211018-1956.jar:1.8.1]
	at org.junit.platform.engine.support.hierarchical.NodeTestTask.lambda$executeRecursively$8(NodeTestTask.java:141) ~[org.junit.platform.engine_1.8.1.v20211018-1956.jar:1.8.1]
	at org.junit.platform.engine.support.hierarchical.Node.around(Node.java:137) ~[org.junit.platform.engine_1.8.1.v20211018-1956.jar:1.8.1]
	at org.junit.platform.engine.support.hierarchical.NodeTestTask.lambda$executeRecursively$9(NodeTestTask.java:139) ~[org.junit.platform.engine_1.8.1.v20211018-1956.jar:1.8.1]
	at org.junit.platform.engine.support.hierarchical.ThrowableCollector.execute(ThrowableCollector.java:73) ~[org.junit.platform.engine_1.8.1.v20211018-1956.jar:1.8.1]
	at org.junit.platform.engine.support.hierarchical.NodeTestTask.executeRecursively(NodeTestTask.java:138) ~[org.junit.platform.engine_1.8.1.v20211018-1956.jar:1.8.1]
	at org.junit.platform.engine.support.hierarchical.NodeTestTask.execute(NodeTestTask.java:95) ~[org.junit.platform.engine_1.8.1.v20211018-1956.jar:1.8.1]
	at org.junit.platform.engine.support.hierarchical.SameThreadHierarchicalTestExecutorService.submit(SameThreadHierarchicalTestExecutorService.java:35) ~[org.junit.platform.engine_1.8.1.v20211018-1956.jar:1.8.1]
	at org.junit.platform.engine.support.hierarchical.HierarchicalTestExecutor.execute(HierarchicalTestExecutor.java:57) ~[org.junit.platform.engine_1.8.1.v20211018-1956.jar:1.8.1]
	at org.junit.platform.engine.support.hierarchical.HierarchicalTestEngine.execute(HierarchicalTestEngine.java:54) ~[org.junit.platform.engine_1.8.1.v20211018-1956.jar:1.8.1]
	at org.junit.platform.launcher.core.EngineExecutionOrchestrator.execute(EngineExecutionOrchestrator.java:107) ~[org.junit.platform.launcher_1.8.1.v20211018-1956.jar:1.8.1]
	at org.junit.platform.launcher.core.EngineExecutionOrchestrator.execute(EngineExecutionOrchestrator.java:88) ~[org.junit.platform.launcher_1.8.1.v20211018-1956.jar:1.8.1]
	at org.junit.platform.launcher.core.EngineExecutionOrchestrator.lambda$execute$0(EngineExecutionOrchestrator.java:54) ~[org.junit.platform.launcher_1.8.1.v20211018-1956.jar:1.8.1]
	at org.junit.platform.launcher.core.EngineExecutionOrchestrator.withInterceptedStreams(EngineExecutionOrchestrator.java:67) [org.junit.platform.launcher_1.8.1.v20211018-1956.jar:1.8.1]
	at org.junit.platform.launcher.core.EngineExecutionOrchestrator.execute(EngineExecutionOrchestrator.java:52) [org.junit.platform.launcher_1.8.1.v20211018-1956.jar:1.8.1]
	at org.junit.platform.launcher.core.DefaultLauncher.execute(DefaultLauncher.java:114) [org.junit.platform.launcher_1.8.1.v20211018-1956.jar:1.8.1]
	at org.junit.platform.launcher.core.DefaultLauncher.execute(DefaultLauncher.java:95) [org.junit.platform.launcher_1.8.1.v20211018-1956.jar:1.8.1]
	at org.junit.platform.launcher.core.DefaultLauncherSession$DelegatingLauncher.execute(DefaultLauncherSession.java:91) [org.junit.platform.launcher_1.8.1.v20211018-1956.jar:1.8.1]
	at org.junit.platform.launcher.core.SessionPerRequestLauncher.execute(SessionPerRequestLauncher.java:60) [org.junit.platform.launcher_1.8.1.v20211018-1956.jar:1.8.1]
	at org.eclipse.jdt.internal.junit5.runner.JUnit5TestReference.run(JUnit5TestReference.java:98) [.cp/:?]
	at org.eclipse.jdt.internal.junit.runner.TestExecution.run(TestExecution.java:40) [.cp/:?]
	at org.eclipse.jdt.internal.junit.runner.RemoteTestRunner.runTests(RemoteTestRunner.java:529) [.cp/:?]
	at org.eclipse.jdt.internal.junit.runner.RemoteTestRunner.runTests(RemoteTestRunner.java:756) [.cp/:?]
	at org.eclipse.jdt.internal.junit.runner.RemoteTestRunner.run(RemoteTestRunner.java:452) [.cp/:?]
	at org.eclipse.jdt.internal.junit.runner.RemoteTestRunner.main(RemoteTestRunner.java:210) [.cp/:?]
2023-02-15 01:58:11.700 [main] INFO  DataBaseTestConfig - Create DB connection
2023-02-15 01:58:11.711 [main] INFO  DataBaseTestConfig - Closing Result Set
2023-02-15 01:58:11.711 [main] INFO  DataBaseTestConfig - Closing Prepared Statement
2023-02-15 01:58:11.712 [main] INFO  DataBaseTestConfig - Closing DB connection
2023-02-15 01:58:11.713 [main] INFO  DataBaseTestConfig - Create DB connection
2023-02-15 01:58:11.724 [main] INFO  DataBaseTestConfig - Closing Result Set
2023-02-15 01:58:11.725 [main] INFO  DataBaseTestConfig - Closing Prepared Statement
2023-02-15 01:58:11.725 [main] INFO  DataBaseTestConfig - Closing DB connection
2023-02-15 01:58:11.736 [main] INFO  DataBaseTestConfig - Create DB connection
2023-02-15 01:58:11.773 [main] INFO  DataBaseTestConfig - Closing DB connection
2023-02-15 01:58:11.773 [main] INFO  DataBaseTestConfig - Create DB connection
2023-02-15 01:58:11.783 [main] INFO  DataBaseTestConfig - Closing Result Set
2023-02-15 01:58:11.784 [main] INFO  DataBaseTestConfig - Closing Prepared Statement
2023-02-15 01:58:11.784 [main] INFO  DataBaseTestConfig - Closing DB connection
2023-02-15 01:58:11.784 [main] INFO  DataBaseTestConfig - Create DB connection
2023-02-15 01:58:11.799 [main] INFO  DataBaseTestConfig - Closing Prepared Statement
2023-02-15 01:58:11.799 [main] INFO  DataBaseTestConfig - Closing DB connection
2023-02-15 01:58:11.799 [main] INFO  DataBaseTestConfig - Create DB connection
2023-02-15 01:58:11.809 [main] INFO  DataBaseTestConfig - Closing Result Set
2023-02-15 01:58:11.809 [main] INFO  DataBaseTestConfig - Closing Prepared Statement
2023-02-15 01:58:11.809 [main] INFO  DataBaseTestConfig - Closing DB connection
2023-02-15 01:58:11.809 [main] INFO  DataBaseTestConfig - Create DB connection
2023-02-15 01:58:11.820 [main] INFO  DataBaseTestConfig - Closing DB connection
2023-02-15 01:58:11.820 [main] INFO  DataBaseTestConfig - Create DB connection
2023-02-15 01:58:11.829 [main] INFO  DataBaseTestConfig - Closing Result Set
2023-02-15 01:58:11.829 [main] INFO  DataBaseTestConfig - Closing Prepared Statement
2023-02-15 01:58:11.829 [main] INFO  DataBaseTestConfig - Closing DB connection
2023-02-15 01:58:11.830 [main] INFO  DataBaseTestConfig - Create DB connection
2023-02-15 01:58:11.840 [main] INFO  DataBaseTestConfig - Closing Result Set
2023-02-15 01:58:11.840 [main] INFO  DataBaseTestConfig - Closing Prepared Statement
2023-02-15 01:58:11.840 [main] INFO  DataBaseTestConfig - Closing DB connection
2023-02-15 02:02:57.526 [main] INFO  App - Initializing Parking System
2023-02-15 02:02:57.527 [main] INFO  InteractiveShell - App initialized!!!
2023-02-15 02:03:07.580 [main] INFO  App - Initializing Parking System
2023-02-15 02:03:07.582 [main] INFO  InteractiveShell - App initialized!!!
2023-02-15 02:03:17.722 [main] INFO  DataBaseConfig - Create DB connection
2023-02-15 02:03:17.963 [main] INFO  DataBaseConfig - Closing Result Set
2023-02-15 02:03:17.963 [main] INFO  DataBaseConfig - Closing Prepared Statement
2023-02-15 02:03:17.965 [main] INFO  DataBaseConfig - Closing DB connection
2023-02-15 02:03:21.321 [main] INFO  DataBaseConfig - Create DB connection
2023-02-15 02:03:21.340 [main] INFO  DataBaseConfig - Closing Prepared Statement
2023-02-15 02:03:21.340 [main] INFO  DataBaseConfig - Closing DB connection
2023-02-15 02:03:25.889 [main] INFO  DataBaseConfig - Create DB connection
2023-02-15 02:03:25.907 [main] INFO  DataBaseConfig - Closing Result Set
2023-02-15 02:03:25.907 [main] INFO  DataBaseConfig - Closing Prepared Statement
2023-02-15 02:03:25.908 [main] INFO  DataBaseConfig - Closing DB connection
2023-02-15 02:03:25.908 [main] INFO  DataBaseConfig - Create DB connection
2023-02-15 02:03:25.933 [main] INFO  DataBaseConfig - Closing DB connection
2023-02-15 02:03:31.404 [main] INFO  DataBaseConfig - Create DB connection
2023-02-15 02:03:31.419 [main] INFO  DataBaseConfig - Closing Result Set
2023-02-15 02:03:31.419 [main] INFO  DataBaseConfig - Closing Prepared Statement
2023-02-15 02:03:31.419 [main] INFO  DataBaseConfig - Closing DB connection
2023-02-15 02:03:31.420 [main] INFO  DataBaseConfig - Create DB connection
2023-02-15 02:03:31.432 [main] INFO  DataBaseConfig - Closing DB connection
2023-02-15 02:03:31.432 [main] INFO  DataBaseConfig - Create DB connection
2023-02-15 02:03:31.444 [main] INFO  DataBaseConfig - Closing Prepared Statement
2023-02-15 02:03:31.444 [main] INFO  DataBaseConfig - Closing DB connection
2023-02-15 02:03:51.394 [main] INFO  DataBaseConfig - Create DB connection
2023-02-15 02:03:51.409 [main] INFO  DataBaseConfig - Closing Result Set
2023-02-15 02:03:51.409 [main] INFO  DataBaseConfig - Closing Prepared Statement
2023-02-15 02:03:51.409 [main] INFO  DataBaseConfig - Closing DB connection
2023-02-15 02:03:55.065 [main] INFO  DataBaseConfig - Create DB connection
2023-02-15 02:03:55.079 [main] INFO  DataBaseConfig - Closing Prepared Statement
2023-02-15 02:03:55.079 [main] INFO  DataBaseConfig - Closing DB connection
2023-02-15 02:03:59.730 [main] INFO  DataBaseConfig - Create DB connection
2023-02-15 02:03:59.742 [main] INFO  DataBaseConfig - Closing Result Set
2023-02-15 02:03:59.742 [main] INFO  DataBaseConfig - Closing Prepared Statement
2023-02-15 02:03:59.743 [main] INFO  DataBaseConfig - Closing DB connection
2023-02-15 02:04:06.616 [main] INFO  DataBaseConfig - Create DB connection
2023-02-15 02:04:06.633 [main] INFO  DataBaseConfig - Closing Result Set
2023-02-15 02:04:06.633 [main] INFO  DataBaseConfig - Closing Prepared Statement
2023-02-15 02:04:06.633 [main] INFO  DataBaseConfig - Closing DB connection
2023-02-15 02:04:06.633 [main] INFO  DataBaseConfig - Create DB connection
2023-02-15 02:04:06.646 [main] INFO  DataBaseConfig - Closing DB connection
2023-02-15 02:34:15.126 [main] INFO  DataBaseTestConfig - Create DB connection
2023-02-15 02:34:15.305 [main] INFO  DataBaseTestConfig - Closing DB connection
2023-02-15 02:34:15.307 [main] INFO  DataBaseTestConfig - Create DB connection
2023-02-15 02:34:15.322 [main] INFO  DataBaseTestConfig - Closing Result Set
2023-02-15 02:34:15.322 [main] INFO  DataBaseTestConfig - Closing Prepared Statement
2023-02-15 02:34:15.323 [main] INFO  DataBaseTestConfig - Closing DB connection
2023-02-15 02:34:15.323 [main] INFO  DataBaseTestConfig - Create DB connection
2023-02-15 02:34:15.335 [main] INFO  DataBaseTestConfig - Closing Prepared Statement
2023-02-15 02:34:15.335 [main] INFO  DataBaseTestConfig - Closing DB connection
2023-02-15 02:34:15.336 [main] INFO  DataBaseTestConfig - Create DB connection
2023-02-15 02:34:15.350 [main] ERROR TicketDAO - Error fetching next available slot
java.sql.SQLSyntaxErrorException: You have an error in your SQL syntax; check the manual that corresponds to your MySQL server version for the right syntax to use near 'ORDER BY t.IN_TIME DESC limit 1' at line 1
	at com.mysql.cj.jdbc.exceptions.SQLError.createSQLException(SQLError.java:120) ~[mysql-connector-j-8.0.32.jar:8.0.32]
	at com.mysql.cj.jdbc.exceptions.SQLExceptionsMapping.translateException(SQLExceptionsMapping.java:122) ~[mysql-connector-j-8.0.32.jar:8.0.32]
	at com.mysql.cj.jdbc.ClientPreparedStatement.executeInternal(ClientPreparedStatement.java:916) ~[mysql-connector-j-8.0.32.jar:8.0.32]
	at com.mysql.cj.jdbc.ClientPreparedStatement.executeQuery(ClientPreparedStatement.java:972) ~[mysql-connector-j-8.0.32.jar:8.0.32]
	at com.parkit.parkingsystem.dao.TicketDAO.getTicket(TicketDAO.java:57) ~[classes/:?]
	at com.parkit.parkingsystem.service.ParkingService.verifyExistingVehicle(ParkingService.java:32) ~[classes/:?]
	at com.parkit.parkingsystem.service.ParkingService.processIncomingVehicle(ParkingService.java:55) ~[classes/:?]
	at com.parkit.parkingsystem.integration.ParkingDataBaseIT.testParkingLotExit(ParkingDataBaseIT.java:68) ~[test-classes/:?]
	at sun.reflect.NativeMethodAccessorImpl.invoke0(Native Method) ~[?:1.8.0_352]
	at sun.reflect.NativeMethodAccessorImpl.invoke(NativeMethodAccessorImpl.java:62) ~[?:1.8.0_352]
	at sun.reflect.DelegatingMethodAccessorImpl.invoke(DelegatingMethodAccessorImpl.java:43) ~[?:1.8.0_352]
	at java.lang.reflect.Method.invoke(Method.java:498) ~[?:1.8.0_352]
	at org.junit.platform.commons.util.ReflectionUtils.invokeMethod(ReflectionUtils.java:725) ~[org.junit.platform.commons_1.8.1.v20211018-1956.jar:1.8.1]
	at org.junit.jupiter.engine.execution.MethodInvocation.proceed(MethodInvocation.java:60) ~[org.junit.jupiter.engine_5.8.1.v20211018-1956.jar:5.8.1]
	at org.junit.jupiter.engine.execution.InvocationInterceptorChain$ValidatingInvocation.proceed(InvocationInterceptorChain.java:131) ~[org.junit.jupiter.engine_5.8.1.v20211018-1956.jar:5.8.1]
	at org.junit.jupiter.engine.extension.TimeoutExtension.intercept(TimeoutExtension.java:149) ~[org.junit.jupiter.engine_5.8.1.v20211018-1956.jar:5.8.1]
	at org.junit.jupiter.engine.extension.TimeoutExtension.interceptTestableMethod(TimeoutExtension.java:140) ~[org.junit.jupiter.engine_5.8.1.v20211018-1956.jar:5.8.1]
	at org.junit.jupiter.engine.extension.TimeoutExtension.interceptTestMethod(TimeoutExtension.java:84) ~[org.junit.jupiter.engine_5.8.1.v20211018-1956.jar:5.8.1]
	at org.junit.jupiter.engine.execution.ExecutableInvoker$ReflectiveInterceptorCall.lambda$ofVoidMethod$0(ExecutableInvoker.java:115) ~[org.junit.jupiter.engine_5.8.1.v20211018-1956.jar:5.8.1]
	at org.junit.jupiter.engine.execution.ExecutableInvoker.lambda$invoke$0(ExecutableInvoker.java:105) ~[org.junit.jupiter.engine_5.8.1.v20211018-1956.jar:5.8.1]
	at org.junit.jupiter.engine.execution.InvocationInterceptorChain$InterceptedInvocation.proceed(InvocationInterceptorChain.java:106) ~[org.junit.jupiter.engine_5.8.1.v20211018-1956.jar:5.8.1]
	at org.junit.jupiter.engine.execution.InvocationInterceptorChain.proceed(InvocationInterceptorChain.java:64) ~[org.junit.jupiter.engine_5.8.1.v20211018-1956.jar:5.8.1]
	at org.junit.jupiter.engine.execution.InvocationInterceptorChain.chainAndInvoke(InvocationInterceptorChain.java:45) ~[org.junit.jupiter.engine_5.8.1.v20211018-1956.jar:5.8.1]
	at org.junit.jupiter.engine.execution.InvocationInterceptorChain.invoke(InvocationInterceptorChain.java:37) ~[org.junit.jupiter.engine_5.8.1.v20211018-1956.jar:5.8.1]
	at org.junit.jupiter.engine.execution.ExecutableInvoker.invoke(ExecutableInvoker.java:104) ~[org.junit.jupiter.engine_5.8.1.v20211018-1956.jar:5.8.1]
	at org.junit.jupiter.engine.execution.ExecutableInvoker.invoke(ExecutableInvoker.java:98) ~[org.junit.jupiter.engine_5.8.1.v20211018-1956.jar:5.8.1]
	at org.junit.jupiter.engine.descriptor.TestMethodTestDescriptor.lambda$invokeTestMethod$7(TestMethodTestDescriptor.java:214) ~[org.junit.jupiter.engine_5.8.1.v20211018-1956.jar:5.8.1]
	at org.junit.platform.engine.support.hierarchical.ThrowableCollector.execute(ThrowableCollector.java:73) ~[org.junit.platform.engine_1.8.1.v20211018-1956.jar:1.8.1]
	at org.junit.jupiter.engine.descriptor.TestMethodTestDescriptor.invokeTestMethod(TestMethodTestDescriptor.java:210) ~[org.junit.jupiter.engine_5.8.1.v20211018-1956.jar:5.8.1]
	at org.junit.jupiter.engine.descriptor.TestMethodTestDescriptor.execute(TestMethodTestDescriptor.java:135) ~[org.junit.jupiter.engine_5.8.1.v20211018-1956.jar:5.8.1]
	at org.junit.jupiter.engine.descriptor.TestMethodTestDescriptor.execute(TestMethodTestDescriptor.java:66) ~[org.junit.jupiter.engine_5.8.1.v20211018-1956.jar:5.8.1]
	at org.junit.platform.engine.support.hierarchical.NodeTestTask.lambda$executeRecursively$6(NodeTestTask.java:151) ~[org.junit.platform.engine_1.8.1.v20211018-1956.jar:1.8.1]
	at org.junit.platform.engine.support.hierarchical.ThrowableCollector.execute(ThrowableCollector.java:73) ~[org.junit.platform.engine_1.8.1.v20211018-1956.jar:1.8.1]
	at org.junit.platform.engine.support.hierarchical.NodeTestTask.lambda$executeRecursively$8(NodeTestTask.java:141) ~[org.junit.platform.engine_1.8.1.v20211018-1956.jar:1.8.1]
	at org.junit.platform.engine.support.hierarchical.Node.around(Node.java:137) ~[org.junit.platform.engine_1.8.1.v20211018-1956.jar:1.8.1]
	at org.junit.platform.engine.support.hierarchical.NodeTestTask.lambda$executeRecursively$9(NodeTestTask.java:139) ~[org.junit.platform.engine_1.8.1.v20211018-1956.jar:1.8.1]
	at org.junit.platform.engine.support.hierarchical.ThrowableCollector.execute(ThrowableCollector.java:73) ~[org.junit.platform.engine_1.8.1.v20211018-1956.jar:1.8.1]
	at org.junit.platform.engine.support.hierarchical.NodeTestTask.executeRecursively(NodeTestTask.java:138) ~[org.junit.platform.engine_1.8.1.v20211018-1956.jar:1.8.1]
	at org.junit.platform.engine.support.hierarchical.NodeTestTask.execute(NodeTestTask.java:95) ~[org.junit.platform.engine_1.8.1.v20211018-1956.jar:1.8.1]
	at java.util.ArrayList.forEach(ArrayList.java:1259) ~[?:1.8.0_352]
	at org.junit.platform.engine.support.hierarchical.SameThreadHierarchicalTestExecutorService.invokeAll(SameThreadHierarchicalTestExecutorService.java:41) ~[org.junit.platform.engine_1.8.1.v20211018-1956.jar:1.8.1]
	at org.junit.platform.engine.support.hierarchical.NodeTestTask.lambda$executeRecursively$6(NodeTestTask.java:155) ~[org.junit.platform.engine_1.8.1.v20211018-1956.jar:1.8.1]
	at org.junit.platform.engine.support.hierarchical.ThrowableCollector.execute(ThrowableCollector.java:73) ~[org.junit.platform.engine_1.8.1.v20211018-1956.jar:1.8.1]
	at org.junit.platform.engine.support.hierarchical.NodeTestTask.lambda$executeRecursively$8(NodeTestTask.java:141) ~[org.junit.platform.engine_1.8.1.v20211018-1956.jar:1.8.1]
	at org.junit.platform.engine.support.hierarchical.Node.around(Node.java:137) ~[org.junit.platform.engine_1.8.1.v20211018-1956.jar:1.8.1]
	at org.junit.platform.engine.support.hierarchical.NodeTestTask.lambda$executeRecursively$9(NodeTestTask.java:139) ~[org.junit.platform.engine_1.8.1.v20211018-1956.jar:1.8.1]
	at org.junit.platform.engine.support.hierarchical.ThrowableCollector.execute(ThrowableCollector.java:73) ~[org.junit.platform.engine_1.8.1.v20211018-1956.jar:1.8.1]
	at org.junit.platform.engine.support.hierarchical.NodeTestTask.executeRecursively(NodeTestTask.java:138) ~[org.junit.platform.engine_1.8.1.v20211018-1956.jar:1.8.1]
	at org.junit.platform.engine.support.hierarchical.NodeTestTask.execute(NodeTestTask.java:95) ~[org.junit.platform.engine_1.8.1.v20211018-1956.jar:1.8.1]
	at java.util.ArrayList.forEach(ArrayList.java:1259) ~[?:1.8.0_352]
	at org.junit.platform.engine.support.hierarchical.SameThreadHierarchicalTestExecutorService.invokeAll(SameThreadHierarchicalTestExecutorService.java:41) ~[org.junit.platform.engine_1.8.1.v20211018-1956.jar:1.8.1]
	at org.junit.platform.engine.support.hierarchical.NodeTestTask.lambda$executeRecursively$6(NodeTestTask.java:155) ~[org.junit.platform.engine_1.8.1.v20211018-1956.jar:1.8.1]
	at org.junit.platform.engine.support.hierarchical.ThrowableCollector.execute(ThrowableCollector.java:73) ~[org.junit.platform.engine_1.8.1.v20211018-1956.jar:1.8.1]
	at org.junit.platform.engine.support.hierarchical.NodeTestTask.lambda$executeRecursively$8(NodeTestTask.java:141) ~[org.junit.platform.engine_1.8.1.v20211018-1956.jar:1.8.1]
	at org.junit.platform.engine.support.hierarchical.Node.around(Node.java:137) ~[org.junit.platform.engine_1.8.1.v20211018-1956.jar:1.8.1]
	at org.junit.platform.engine.support.hierarchical.NodeTestTask.lambda$executeRecursively$9(NodeTestTask.java:139) ~[org.junit.platform.engine_1.8.1.v20211018-1956.jar:1.8.1]
	at org.junit.platform.engine.support.hierarchical.ThrowableCollector.execute(ThrowableCollector.java:73) ~[org.junit.platform.engine_1.8.1.v20211018-1956.jar:1.8.1]
	at org.junit.platform.engine.support.hierarchical.NodeTestTask.executeRecursively(NodeTestTask.java:138) ~[org.junit.platform.engine_1.8.1.v20211018-1956.jar:1.8.1]
	at org.junit.platform.engine.support.hierarchical.NodeTestTask.execute(NodeTestTask.java:95) ~[org.junit.platform.engine_1.8.1.v20211018-1956.jar:1.8.1]
	at org.junit.platform.engine.support.hierarchical.SameThreadHierarchicalTestExecutorService.submit(SameThreadHierarchicalTestExecutorService.java:35) ~[org.junit.platform.engine_1.8.1.v20211018-1956.jar:1.8.1]
	at org.junit.platform.engine.support.hierarchical.HierarchicalTestExecutor.execute(HierarchicalTestExecutor.java:57) ~[org.junit.platform.engine_1.8.1.v20211018-1956.jar:1.8.1]
	at org.junit.platform.engine.support.hierarchical.HierarchicalTestEngine.execute(HierarchicalTestEngine.java:54) ~[org.junit.platform.engine_1.8.1.v20211018-1956.jar:1.8.1]
	at org.junit.platform.launcher.core.EngineExecutionOrchestrator.execute(EngineExecutionOrchestrator.java:107) ~[org.junit.platform.launcher_1.8.1.v20211018-1956.jar:1.8.1]
	at org.junit.platform.launcher.core.EngineExecutionOrchestrator.execute(EngineExecutionOrchestrator.java:88) ~[org.junit.platform.launcher_1.8.1.v20211018-1956.jar:1.8.1]
	at org.junit.platform.launcher.core.EngineExecutionOrchestrator.lambda$execute$0(EngineExecutionOrchestrator.java:54) ~[org.junit.platform.launcher_1.8.1.v20211018-1956.jar:1.8.1]
	at org.junit.platform.launcher.core.EngineExecutionOrchestrator.withInterceptedStreams(EngineExecutionOrchestrator.java:67) [org.junit.platform.launcher_1.8.1.v20211018-1956.jar:1.8.1]
	at org.junit.platform.launcher.core.EngineExecutionOrchestrator.execute(EngineExecutionOrchestrator.java:52) [org.junit.platform.launcher_1.8.1.v20211018-1956.jar:1.8.1]
	at org.junit.platform.launcher.core.DefaultLauncher.execute(DefaultLauncher.java:114) [org.junit.platform.launcher_1.8.1.v20211018-1956.jar:1.8.1]
	at org.junit.platform.launcher.core.DefaultLauncher.execute(DefaultLauncher.java:95) [org.junit.platform.launcher_1.8.1.v20211018-1956.jar:1.8.1]
	at org.junit.platform.launcher.core.DefaultLauncherSession$DelegatingLauncher.execute(DefaultLauncherSession.java:91) [org.junit.platform.launcher_1.8.1.v20211018-1956.jar:1.8.1]
	at org.junit.platform.launcher.core.SessionPerRequestLauncher.execute(SessionPerRequestLauncher.java:60) [org.junit.platform.launcher_1.8.1.v20211018-1956.jar:1.8.1]
	at org.eclipse.jdt.internal.junit5.runner.JUnit5TestReference.run(JUnit5TestReference.java:98) [.cp/:?]
	at org.eclipse.jdt.internal.junit.runner.TestExecution.run(TestExecution.java:40) [.cp/:?]
	at org.eclipse.jdt.internal.junit.runner.RemoteTestRunner.runTests(RemoteTestRunner.java:529) [.cp/:?]
	at org.eclipse.jdt.internal.junit.runner.RemoteTestRunner.runTests(RemoteTestRunner.java:756) [.cp/:?]
	at org.eclipse.jdt.internal.junit.runner.RemoteTestRunner.run(RemoteTestRunner.java:452) [.cp/:?]
	at org.eclipse.jdt.internal.junit.runner.RemoteTestRunner.main(RemoteTestRunner.java:210) [.cp/:?]
2023-02-15 02:34:15.353 [main] INFO  DataBaseTestConfig - Closing DB connection
2023-02-15 02:34:15.353 [main] INFO  DataBaseTestConfig - Create DB connection
2023-02-15 02:34:15.371 [main] INFO  DataBaseTestConfig - Closing DB connection
2023-02-15 02:34:15.373 [main] INFO  DataBaseTestConfig - Create DB connection
2023-02-15 02:34:15.382 [main] ERROR TicketDAO - Error fetching next available slot
java.sql.SQLSyntaxErrorException: You have an error in your SQL syntax; check the manual that corresponds to your MySQL server version for the right syntax to use near 'ORDER BY t.IN_TIME DESC limit 1' at line 1
	at com.mysql.cj.jdbc.exceptions.SQLError.createSQLException(SQLError.java:120) ~[mysql-connector-j-8.0.32.jar:8.0.32]
	at com.mysql.cj.jdbc.exceptions.SQLExceptionsMapping.translateException(SQLExceptionsMapping.java:122) ~[mysql-connector-j-8.0.32.jar:8.0.32]
	at com.mysql.cj.jdbc.ClientPreparedStatement.executeInternal(ClientPreparedStatement.java:916) ~[mysql-connector-j-8.0.32.jar:8.0.32]
	at com.mysql.cj.jdbc.ClientPreparedStatement.executeQuery(ClientPreparedStatement.java:972) ~[mysql-connector-j-8.0.32.jar:8.0.32]
	at com.parkit.parkingsystem.dao.TicketDAO.getTicket(TicketDAO.java:57) ~[classes/:?]
	at com.parkit.parkingsystem.service.ParkingService.processExitingVehicle(ParkingService.java:123) ~[classes/:?]
	at com.parkit.parkingsystem.integration.ParkingDataBaseIT.testParkingLotExit(ParkingDataBaseIT.java:69) ~[test-classes/:?]
	at sun.reflect.NativeMethodAccessorImpl.invoke0(Native Method) ~[?:1.8.0_352]
	at sun.reflect.NativeMethodAccessorImpl.invoke(NativeMethodAccessorImpl.java:62) ~[?:1.8.0_352]
	at sun.reflect.DelegatingMethodAccessorImpl.invoke(DelegatingMethodAccessorImpl.java:43) ~[?:1.8.0_352]
	at java.lang.reflect.Method.invoke(Method.java:498) ~[?:1.8.0_352]
	at org.junit.platform.commons.util.ReflectionUtils.invokeMethod(ReflectionUtils.java:725) ~[org.junit.platform.commons_1.8.1.v20211018-1956.jar:1.8.1]
	at org.junit.jupiter.engine.execution.MethodInvocation.proceed(MethodInvocation.java:60) ~[org.junit.jupiter.engine_5.8.1.v20211018-1956.jar:5.8.1]
	at org.junit.jupiter.engine.execution.InvocationInterceptorChain$ValidatingInvocation.proceed(InvocationInterceptorChain.java:131) ~[org.junit.jupiter.engine_5.8.1.v20211018-1956.jar:5.8.1]
	at org.junit.jupiter.engine.extension.TimeoutExtension.intercept(TimeoutExtension.java:149) ~[org.junit.jupiter.engine_5.8.1.v20211018-1956.jar:5.8.1]
	at org.junit.jupiter.engine.extension.TimeoutExtension.interceptTestableMethod(TimeoutExtension.java:140) ~[org.junit.jupiter.engine_5.8.1.v20211018-1956.jar:5.8.1]
	at org.junit.jupiter.engine.extension.TimeoutExtension.interceptTestMethod(TimeoutExtension.java:84) ~[org.junit.jupiter.engine_5.8.1.v20211018-1956.jar:5.8.1]
	at org.junit.jupiter.engine.execution.ExecutableInvoker$ReflectiveInterceptorCall.lambda$ofVoidMethod$0(ExecutableInvoker.java:115) ~[org.junit.jupiter.engine_5.8.1.v20211018-1956.jar:5.8.1]
	at org.junit.jupiter.engine.execution.ExecutableInvoker.lambda$invoke$0(ExecutableInvoker.java:105) ~[org.junit.jupiter.engine_5.8.1.v20211018-1956.jar:5.8.1]
	at org.junit.jupiter.engine.execution.InvocationInterceptorChain$InterceptedInvocation.proceed(InvocationInterceptorChain.java:106) ~[org.junit.jupiter.engine_5.8.1.v20211018-1956.jar:5.8.1]
	at org.junit.jupiter.engine.execution.InvocationInterceptorChain.proceed(InvocationInterceptorChain.java:64) ~[org.junit.jupiter.engine_5.8.1.v20211018-1956.jar:5.8.1]
	at org.junit.jupiter.engine.execution.InvocationInterceptorChain.chainAndInvoke(InvocationInterceptorChain.java:45) ~[org.junit.jupiter.engine_5.8.1.v20211018-1956.jar:5.8.1]
	at org.junit.jupiter.engine.execution.InvocationInterceptorChain.invoke(InvocationInterceptorChain.java:37) ~[org.junit.jupiter.engine_5.8.1.v20211018-1956.jar:5.8.1]
	at org.junit.jupiter.engine.execution.ExecutableInvoker.invoke(ExecutableInvoker.java:104) ~[org.junit.jupiter.engine_5.8.1.v20211018-1956.jar:5.8.1]
	at org.junit.jupiter.engine.execution.ExecutableInvoker.invoke(ExecutableInvoker.java:98) ~[org.junit.jupiter.engine_5.8.1.v20211018-1956.jar:5.8.1]
	at org.junit.jupiter.engine.descriptor.TestMethodTestDescriptor.lambda$invokeTestMethod$7(TestMethodTestDescriptor.java:214) ~[org.junit.jupiter.engine_5.8.1.v20211018-1956.jar:5.8.1]
	at org.junit.platform.engine.support.hierarchical.ThrowableCollector.execute(ThrowableCollector.java:73) ~[org.junit.platform.engine_1.8.1.v20211018-1956.jar:1.8.1]
	at org.junit.jupiter.engine.descriptor.TestMethodTestDescriptor.invokeTestMethod(TestMethodTestDescriptor.java:210) ~[org.junit.jupiter.engine_5.8.1.v20211018-1956.jar:5.8.1]
	at org.junit.jupiter.engine.descriptor.TestMethodTestDescriptor.execute(TestMethodTestDescriptor.java:135) ~[org.junit.jupiter.engine_5.8.1.v20211018-1956.jar:5.8.1]
	at org.junit.jupiter.engine.descriptor.TestMethodTestDescriptor.execute(TestMethodTestDescriptor.java:66) ~[org.junit.jupiter.engine_5.8.1.v20211018-1956.jar:5.8.1]
	at org.junit.platform.engine.support.hierarchical.NodeTestTask.lambda$executeRecursively$6(NodeTestTask.java:151) ~[org.junit.platform.engine_1.8.1.v20211018-1956.jar:1.8.1]
	at org.junit.platform.engine.support.hierarchical.ThrowableCollector.execute(ThrowableCollector.java:73) ~[org.junit.platform.engine_1.8.1.v20211018-1956.jar:1.8.1]
	at org.junit.platform.engine.support.hierarchical.NodeTestTask.lambda$executeRecursively$8(NodeTestTask.java:141) ~[org.junit.platform.engine_1.8.1.v20211018-1956.jar:1.8.1]
	at org.junit.platform.engine.support.hierarchical.Node.around(Node.java:137) ~[org.junit.platform.engine_1.8.1.v20211018-1956.jar:1.8.1]
	at org.junit.platform.engine.support.hierarchical.NodeTestTask.lambda$executeRecursively$9(NodeTestTask.java:139) ~[org.junit.platform.engine_1.8.1.v20211018-1956.jar:1.8.1]
	at org.junit.platform.engine.support.hierarchical.ThrowableCollector.execute(ThrowableCollector.java:73) ~[org.junit.platform.engine_1.8.1.v20211018-1956.jar:1.8.1]
	at org.junit.platform.engine.support.hierarchical.NodeTestTask.executeRecursively(NodeTestTask.java:138) ~[org.junit.platform.engine_1.8.1.v20211018-1956.jar:1.8.1]
	at org.junit.platform.engine.support.hierarchical.NodeTestTask.execute(NodeTestTask.java:95) ~[org.junit.platform.engine_1.8.1.v20211018-1956.jar:1.8.1]
	at java.util.ArrayList.forEach(ArrayList.java:1259) ~[?:1.8.0_352]
	at org.junit.platform.engine.support.hierarchical.SameThreadHierarchicalTestExecutorService.invokeAll(SameThreadHierarchicalTestExecutorService.java:41) ~[org.junit.platform.engine_1.8.1.v20211018-1956.jar:1.8.1]
	at org.junit.platform.engine.support.hierarchical.NodeTestTask.lambda$executeRecursively$6(NodeTestTask.java:155) ~[org.junit.platform.engine_1.8.1.v20211018-1956.jar:1.8.1]
	at org.junit.platform.engine.support.hierarchical.ThrowableCollector.execute(ThrowableCollector.java:73) ~[org.junit.platform.engine_1.8.1.v20211018-1956.jar:1.8.1]
	at org.junit.platform.engine.support.hierarchical.NodeTestTask.lambda$executeRecursively$8(NodeTestTask.java:141) ~[org.junit.platform.engine_1.8.1.v20211018-1956.jar:1.8.1]
	at org.junit.platform.engine.support.hierarchical.Node.around(Node.java:137) ~[org.junit.platform.engine_1.8.1.v20211018-1956.jar:1.8.1]
	at org.junit.platform.engine.support.hierarchical.NodeTestTask.lambda$executeRecursively$9(NodeTestTask.java:139) ~[org.junit.platform.engine_1.8.1.v20211018-1956.jar:1.8.1]
	at org.junit.platform.engine.support.hierarchical.ThrowableCollector.execute(ThrowableCollector.java:73) ~[org.junit.platform.engine_1.8.1.v20211018-1956.jar:1.8.1]
	at org.junit.platform.engine.support.hierarchical.NodeTestTask.executeRecursively(NodeTestTask.java:138) ~[org.junit.platform.engine_1.8.1.v20211018-1956.jar:1.8.1]
	at org.junit.platform.engine.support.hierarchical.NodeTestTask.execute(NodeTestTask.java:95) ~[org.junit.platform.engine_1.8.1.v20211018-1956.jar:1.8.1]
	at java.util.ArrayList.forEach(ArrayList.java:1259) ~[?:1.8.0_352]
	at org.junit.platform.engine.support.hierarchical.SameThreadHierarchicalTestExecutorService.invokeAll(SameThreadHierarchicalTestExecutorService.java:41) ~[org.junit.platform.engine_1.8.1.v20211018-1956.jar:1.8.1]
	at org.junit.platform.engine.support.hierarchical.NodeTestTask.lambda$executeRecursively$6(NodeTestTask.java:155) ~[org.junit.platform.engine_1.8.1.v20211018-1956.jar:1.8.1]
	at org.junit.platform.engine.support.hierarchical.ThrowableCollector.execute(ThrowableCollector.java:73) ~[org.junit.platform.engine_1.8.1.v20211018-1956.jar:1.8.1]
	at org.junit.platform.engine.support.hierarchical.NodeTestTask.lambda$executeRecursively$8(NodeTestTask.java:141) ~[org.junit.platform.engine_1.8.1.v20211018-1956.jar:1.8.1]
	at org.junit.platform.engine.support.hierarchical.Node.around(Node.java:137) ~[org.junit.platform.engine_1.8.1.v20211018-1956.jar:1.8.1]
	at org.junit.platform.engine.support.hierarchical.NodeTestTask.lambda$executeRecursively$9(NodeTestTask.java:139) ~[org.junit.platform.engine_1.8.1.v20211018-1956.jar:1.8.1]
	at org.junit.platform.engine.support.hierarchical.ThrowableCollector.execute(ThrowableCollector.java:73) ~[org.junit.platform.engine_1.8.1.v20211018-1956.jar:1.8.1]
	at org.junit.platform.engine.support.hierarchical.NodeTestTask.executeRecursively(NodeTestTask.java:138) ~[org.junit.platform.engine_1.8.1.v20211018-1956.jar:1.8.1]
	at org.junit.platform.engine.support.hierarchical.NodeTestTask.execute(NodeTestTask.java:95) ~[org.junit.platform.engine_1.8.1.v20211018-1956.jar:1.8.1]
	at org.junit.platform.engine.support.hierarchical.SameThreadHierarchicalTestExecutorService.submit(SameThreadHierarchicalTestExecutorService.java:35) ~[org.junit.platform.engine_1.8.1.v20211018-1956.jar:1.8.1]
	at org.junit.platform.engine.support.hierarchical.HierarchicalTestExecutor.execute(HierarchicalTestExecutor.java:57) ~[org.junit.platform.engine_1.8.1.v20211018-1956.jar:1.8.1]
	at org.junit.platform.engine.support.hierarchical.HierarchicalTestEngine.execute(HierarchicalTestEngine.java:54) ~[org.junit.platform.engine_1.8.1.v20211018-1956.jar:1.8.1]
	at org.junit.platform.launcher.core.EngineExecutionOrchestrator.execute(EngineExecutionOrchestrator.java:107) ~[org.junit.platform.launcher_1.8.1.v20211018-1956.jar:1.8.1]
	at org.junit.platform.launcher.core.EngineExecutionOrchestrator.execute(EngineExecutionOrchestrator.java:88) ~[org.junit.platform.launcher_1.8.1.v20211018-1956.jar:1.8.1]
	at org.junit.platform.launcher.core.EngineExecutionOrchestrator.lambda$execute$0(EngineExecutionOrchestrator.java:54) ~[org.junit.platform.launcher_1.8.1.v20211018-1956.jar:1.8.1]
	at org.junit.platform.launcher.core.EngineExecutionOrchestrator.withInterceptedStreams(EngineExecutionOrchestrator.java:67) [org.junit.platform.launcher_1.8.1.v20211018-1956.jar:1.8.1]
	at org.junit.platform.launcher.core.EngineExecutionOrchestrator.execute(EngineExecutionOrchestrator.java:52) [org.junit.platform.launcher_1.8.1.v20211018-1956.jar:1.8.1]
	at org.junit.platform.launcher.core.DefaultLauncher.execute(DefaultLauncher.java:114) [org.junit.platform.launcher_1.8.1.v20211018-1956.jar:1.8.1]
	at org.junit.platform.launcher.core.DefaultLauncher.execute(DefaultLauncher.java:95) [org.junit.platform.launcher_1.8.1.v20211018-1956.jar:1.8.1]
	at org.junit.platform.launcher.core.DefaultLauncherSession$DelegatingLauncher.execute(DefaultLauncherSession.java:91) [org.junit.platform.launcher_1.8.1.v20211018-1956.jar:1.8.1]
	at org.junit.platform.launcher.core.SessionPerRequestLauncher.execute(SessionPerRequestLauncher.java:60) [org.junit.platform.launcher_1.8.1.v20211018-1956.jar:1.8.1]
	at org.eclipse.jdt.internal.junit5.runner.JUnit5TestReference.run(JUnit5TestReference.java:98) [.cp/:?]
	at org.eclipse.jdt.internal.junit.runner.TestExecution.run(TestExecution.java:40) [.cp/:?]
	at org.eclipse.jdt.internal.junit.runner.RemoteTestRunner.runTests(RemoteTestRunner.java:529) [.cp/:?]
	at org.eclipse.jdt.internal.junit.runner.RemoteTestRunner.runTests(RemoteTestRunner.java:756) [.cp/:?]
	at org.eclipse.jdt.internal.junit.runner.RemoteTestRunner.run(RemoteTestRunner.java:452) [.cp/:?]
	at org.eclipse.jdt.internal.junit.runner.RemoteTestRunner.main(RemoteTestRunner.java:210) [.cp/:?]
2023-02-15 02:34:15.383 [main] INFO  DataBaseTestConfig - Closing DB connection
2023-02-15 02:34:15.383 [main] ERROR ParkingService - Unable to process exiting vehicle
java.lang.NullPointerException: null
	at com.parkit.parkingsystem.service.ParkingService.processExitingVehicle(ParkingService.java:125) ~[classes/:?]
	at com.parkit.parkingsystem.integration.ParkingDataBaseIT.testParkingLotExit(ParkingDataBaseIT.java:69) ~[test-classes/:?]
	at sun.reflect.NativeMethodAccessorImpl.invoke0(Native Method) ~[?:1.8.0_352]
	at sun.reflect.NativeMethodAccessorImpl.invoke(NativeMethodAccessorImpl.java:62) ~[?:1.8.0_352]
	at sun.reflect.DelegatingMethodAccessorImpl.invoke(DelegatingMethodAccessorImpl.java:43) ~[?:1.8.0_352]
	at java.lang.reflect.Method.invoke(Method.java:498) ~[?:1.8.0_352]
	at org.junit.platform.commons.util.ReflectionUtils.invokeMethod(ReflectionUtils.java:725) ~[org.junit.platform.commons_1.8.1.v20211018-1956.jar:1.8.1]
	at org.junit.jupiter.engine.execution.MethodInvocation.proceed(MethodInvocation.java:60) ~[org.junit.jupiter.engine_5.8.1.v20211018-1956.jar:5.8.1]
	at org.junit.jupiter.engine.execution.InvocationInterceptorChain$ValidatingInvocation.proceed(InvocationInterceptorChain.java:131) ~[org.junit.jupiter.engine_5.8.1.v20211018-1956.jar:5.8.1]
	at org.junit.jupiter.engine.extension.TimeoutExtension.intercept(TimeoutExtension.java:149) ~[org.junit.jupiter.engine_5.8.1.v20211018-1956.jar:5.8.1]
	at org.junit.jupiter.engine.extension.TimeoutExtension.interceptTestableMethod(TimeoutExtension.java:140) ~[org.junit.jupiter.engine_5.8.1.v20211018-1956.jar:5.8.1]
	at org.junit.jupiter.engine.extension.TimeoutExtension.interceptTestMethod(TimeoutExtension.java:84) ~[org.junit.jupiter.engine_5.8.1.v20211018-1956.jar:5.8.1]
	at org.junit.jupiter.engine.execution.ExecutableInvoker$ReflectiveInterceptorCall.lambda$ofVoidMethod$0(ExecutableInvoker.java:115) ~[org.junit.jupiter.engine_5.8.1.v20211018-1956.jar:5.8.1]
	at org.junit.jupiter.engine.execution.ExecutableInvoker.lambda$invoke$0(ExecutableInvoker.java:105) ~[org.junit.jupiter.engine_5.8.1.v20211018-1956.jar:5.8.1]
	at org.junit.jupiter.engine.execution.InvocationInterceptorChain$InterceptedInvocation.proceed(InvocationInterceptorChain.java:106) ~[org.junit.jupiter.engine_5.8.1.v20211018-1956.jar:5.8.1]
	at org.junit.jupiter.engine.execution.InvocationInterceptorChain.proceed(InvocationInterceptorChain.java:64) ~[org.junit.jupiter.engine_5.8.1.v20211018-1956.jar:5.8.1]
	at org.junit.jupiter.engine.execution.InvocationInterceptorChain.chainAndInvoke(InvocationInterceptorChain.java:45) ~[org.junit.jupiter.engine_5.8.1.v20211018-1956.jar:5.8.1]
	at org.junit.jupiter.engine.execution.InvocationInterceptorChain.invoke(InvocationInterceptorChain.java:37) ~[org.junit.jupiter.engine_5.8.1.v20211018-1956.jar:5.8.1]
	at org.junit.jupiter.engine.execution.ExecutableInvoker.invoke(ExecutableInvoker.java:104) ~[org.junit.jupiter.engine_5.8.1.v20211018-1956.jar:5.8.1]
	at org.junit.jupiter.engine.execution.ExecutableInvoker.invoke(ExecutableInvoker.java:98) ~[org.junit.jupiter.engine_5.8.1.v20211018-1956.jar:5.8.1]
	at org.junit.jupiter.engine.descriptor.TestMethodTestDescriptor.lambda$invokeTestMethod$7(TestMethodTestDescriptor.java:214) ~[org.junit.jupiter.engine_5.8.1.v20211018-1956.jar:5.8.1]
	at org.junit.platform.engine.support.hierarchical.ThrowableCollector.execute(ThrowableCollector.java:73) ~[org.junit.platform.engine_1.8.1.v20211018-1956.jar:1.8.1]
	at org.junit.jupiter.engine.descriptor.TestMethodTestDescriptor.invokeTestMethod(TestMethodTestDescriptor.java:210) ~[org.junit.jupiter.engine_5.8.1.v20211018-1956.jar:5.8.1]
	at org.junit.jupiter.engine.descriptor.TestMethodTestDescriptor.execute(TestMethodTestDescriptor.java:135) ~[org.junit.jupiter.engine_5.8.1.v20211018-1956.jar:5.8.1]
	at org.junit.jupiter.engine.descriptor.TestMethodTestDescriptor.execute(TestMethodTestDescriptor.java:66) ~[org.junit.jupiter.engine_5.8.1.v20211018-1956.jar:5.8.1]
	at org.junit.platform.engine.support.hierarchical.NodeTestTask.lambda$executeRecursively$6(NodeTestTask.java:151) ~[org.junit.platform.engine_1.8.1.v20211018-1956.jar:1.8.1]
	at org.junit.platform.engine.support.hierarchical.ThrowableCollector.execute(ThrowableCollector.java:73) ~[org.junit.platform.engine_1.8.1.v20211018-1956.jar:1.8.1]
	at org.junit.platform.engine.support.hierarchical.NodeTestTask.lambda$executeRecursively$8(NodeTestTask.java:141) ~[org.junit.platform.engine_1.8.1.v20211018-1956.jar:1.8.1]
	at org.junit.platform.engine.support.hierarchical.Node.around(Node.java:137) ~[org.junit.platform.engine_1.8.1.v20211018-1956.jar:1.8.1]
	at org.junit.platform.engine.support.hierarchical.NodeTestTask.lambda$executeRecursively$9(NodeTestTask.java:139) ~[org.junit.platform.engine_1.8.1.v20211018-1956.jar:1.8.1]
	at org.junit.platform.engine.support.hierarchical.ThrowableCollector.execute(ThrowableCollector.java:73) ~[org.junit.platform.engine_1.8.1.v20211018-1956.jar:1.8.1]
	at org.junit.platform.engine.support.hierarchical.NodeTestTask.executeRecursively(NodeTestTask.java:138) ~[org.junit.platform.engine_1.8.1.v20211018-1956.jar:1.8.1]
	at org.junit.platform.engine.support.hierarchical.NodeTestTask.execute(NodeTestTask.java:95) ~[org.junit.platform.engine_1.8.1.v20211018-1956.jar:1.8.1]
	at java.util.ArrayList.forEach(ArrayList.java:1259) ~[?:1.8.0_352]
	at org.junit.platform.engine.support.hierarchical.SameThreadHierarchicalTestExecutorService.invokeAll(SameThreadHierarchicalTestExecutorService.java:41) ~[org.junit.platform.engine_1.8.1.v20211018-1956.jar:1.8.1]
	at org.junit.platform.engine.support.hierarchical.NodeTestTask.lambda$executeRecursively$6(NodeTestTask.java:155) ~[org.junit.platform.engine_1.8.1.v20211018-1956.jar:1.8.1]
	at org.junit.platform.engine.support.hierarchical.ThrowableCollector.execute(ThrowableCollector.java:73) ~[org.junit.platform.engine_1.8.1.v20211018-1956.jar:1.8.1]
	at org.junit.platform.engine.support.hierarchical.NodeTestTask.lambda$executeRecursively$8(NodeTestTask.java:141) ~[org.junit.platform.engine_1.8.1.v20211018-1956.jar:1.8.1]
	at org.junit.platform.engine.support.hierarchical.Node.around(Node.java:137) ~[org.junit.platform.engine_1.8.1.v20211018-1956.jar:1.8.1]
	at org.junit.platform.engine.support.hierarchical.NodeTestTask.lambda$executeRecursively$9(NodeTestTask.java:139) ~[org.junit.platform.engine_1.8.1.v20211018-1956.jar:1.8.1]
	at org.junit.platform.engine.support.hierarchical.ThrowableCollector.execute(ThrowableCollector.java:73) ~[org.junit.platform.engine_1.8.1.v20211018-1956.jar:1.8.1]
	at org.junit.platform.engine.support.hierarchical.NodeTestTask.executeRecursively(NodeTestTask.java:138) ~[org.junit.platform.engine_1.8.1.v20211018-1956.jar:1.8.1]
	at org.junit.platform.engine.support.hierarchical.NodeTestTask.execute(NodeTestTask.java:95) ~[org.junit.platform.engine_1.8.1.v20211018-1956.jar:1.8.1]
	at java.util.ArrayList.forEach(ArrayList.java:1259) ~[?:1.8.0_352]
	at org.junit.platform.engine.support.hierarchical.SameThreadHierarchicalTestExecutorService.invokeAll(SameThreadHierarchicalTestExecutorService.java:41) ~[org.junit.platform.engine_1.8.1.v20211018-1956.jar:1.8.1]
	at org.junit.platform.engine.support.hierarchical.NodeTestTask.lambda$executeRecursively$6(NodeTestTask.java:155) ~[org.junit.platform.engine_1.8.1.v20211018-1956.jar:1.8.1]
	at org.junit.platform.engine.support.hierarchical.ThrowableCollector.execute(ThrowableCollector.java:73) ~[org.junit.platform.engine_1.8.1.v20211018-1956.jar:1.8.1]
	at org.junit.platform.engine.support.hierarchical.NodeTestTask.lambda$executeRecursively$8(NodeTestTask.java:141) ~[org.junit.platform.engine_1.8.1.v20211018-1956.jar:1.8.1]
	at org.junit.platform.engine.support.hierarchical.Node.around(Node.java:137) ~[org.junit.platform.engine_1.8.1.v20211018-1956.jar:1.8.1]
	at org.junit.platform.engine.support.hierarchical.NodeTestTask.lambda$executeRecursively$9(NodeTestTask.java:139) ~[org.junit.platform.engine_1.8.1.v20211018-1956.jar:1.8.1]
	at org.junit.platform.engine.support.hierarchical.ThrowableCollector.execute(ThrowableCollector.java:73) ~[org.junit.platform.engine_1.8.1.v20211018-1956.jar:1.8.1]
	at org.junit.platform.engine.support.hierarchical.NodeTestTask.executeRecursively(NodeTestTask.java:138) ~[org.junit.platform.engine_1.8.1.v20211018-1956.jar:1.8.1]
	at org.junit.platform.engine.support.hierarchical.NodeTestTask.execute(NodeTestTask.java:95) ~[org.junit.platform.engine_1.8.1.v20211018-1956.jar:1.8.1]
	at org.junit.platform.engine.support.hierarchical.SameThreadHierarchicalTestExecutorService.submit(SameThreadHierarchicalTestExecutorService.java:35) ~[org.junit.platform.engine_1.8.1.v20211018-1956.jar:1.8.1]
	at org.junit.platform.engine.support.hierarchical.HierarchicalTestExecutor.execute(HierarchicalTestExecutor.java:57) ~[org.junit.platform.engine_1.8.1.v20211018-1956.jar:1.8.1]
	at org.junit.platform.engine.support.hierarchical.HierarchicalTestEngine.execute(HierarchicalTestEngine.java:54) ~[org.junit.platform.engine_1.8.1.v20211018-1956.jar:1.8.1]
	at org.junit.platform.launcher.core.EngineExecutionOrchestrator.execute(EngineExecutionOrchestrator.java:107) ~[org.junit.platform.launcher_1.8.1.v20211018-1956.jar:1.8.1]
	at org.junit.platform.launcher.core.EngineExecutionOrchestrator.execute(EngineExecutionOrchestrator.java:88) ~[org.junit.platform.launcher_1.8.1.v20211018-1956.jar:1.8.1]
	at org.junit.platform.launcher.core.EngineExecutionOrchestrator.lambda$execute$0(EngineExecutionOrchestrator.java:54) ~[org.junit.platform.launcher_1.8.1.v20211018-1956.jar:1.8.1]
	at org.junit.platform.launcher.core.EngineExecutionOrchestrator.withInterceptedStreams(EngineExecutionOrchestrator.java:67) [org.junit.platform.launcher_1.8.1.v20211018-1956.jar:1.8.1]
	at org.junit.platform.launcher.core.EngineExecutionOrchestrator.execute(EngineExecutionOrchestrator.java:52) [org.junit.platform.launcher_1.8.1.v20211018-1956.jar:1.8.1]
	at org.junit.platform.launcher.core.DefaultLauncher.execute(DefaultLauncher.java:114) [org.junit.platform.launcher_1.8.1.v20211018-1956.jar:1.8.1]
	at org.junit.platform.launcher.core.DefaultLauncher.execute(DefaultLauncher.java:95) [org.junit.platform.launcher_1.8.1.v20211018-1956.jar:1.8.1]
	at org.junit.platform.launcher.core.DefaultLauncherSession$DelegatingLauncher.execute(DefaultLauncherSession.java:91) [org.junit.platform.launcher_1.8.1.v20211018-1956.jar:1.8.1]
	at org.junit.platform.launcher.core.SessionPerRequestLauncher.execute(SessionPerRequestLauncher.java:60) [org.junit.platform.launcher_1.8.1.v20211018-1956.jar:1.8.1]
	at org.eclipse.jdt.internal.junit5.runner.JUnit5TestReference.run(JUnit5TestReference.java:98) [.cp/:?]
	at org.eclipse.jdt.internal.junit.runner.TestExecution.run(TestExecution.java:40) [.cp/:?]
	at org.eclipse.jdt.internal.junit.runner.RemoteTestRunner.runTests(RemoteTestRunner.java:529) [.cp/:?]
	at org.eclipse.jdt.internal.junit.runner.RemoteTestRunner.runTests(RemoteTestRunner.java:756) [.cp/:?]
	at org.eclipse.jdt.internal.junit.runner.RemoteTestRunner.run(RemoteTestRunner.java:452) [.cp/:?]
	at org.eclipse.jdt.internal.junit.runner.RemoteTestRunner.main(RemoteTestRunner.java:210) [.cp/:?]
2023-02-15 02:34:15.383 [main] INFO  DataBaseTestConfig - Create DB connection
2023-02-15 02:34:15.399 [main] ERROR TicketDAO - Error fetching next available slot
java.sql.SQLSyntaxErrorException: You have an error in your SQL syntax; check the manual that corresponds to your MySQL server version for the right syntax to use near 'ORDER BY t.IN_TIME DESC limit 1' at line 1
	at com.mysql.cj.jdbc.exceptions.SQLError.createSQLException(SQLError.java:120) ~[mysql-connector-j-8.0.32.jar:8.0.32]
	at com.mysql.cj.jdbc.exceptions.SQLExceptionsMapping.translateException(SQLExceptionsMapping.java:122) ~[mysql-connector-j-8.0.32.jar:8.0.32]
	at com.mysql.cj.jdbc.ClientPreparedStatement.executeInternal(ClientPreparedStatement.java:916) ~[mysql-connector-j-8.0.32.jar:8.0.32]
	at com.mysql.cj.jdbc.ClientPreparedStatement.executeQuery(ClientPreparedStatement.java:972) ~[mysql-connector-j-8.0.32.jar:8.0.32]
	at com.parkit.parkingsystem.dao.TicketDAO.getTicket(TicketDAO.java:57) ~[classes/:?]
	at com.parkit.parkingsystem.integration.ParkingDataBaseIT.testParkingLotExit(ParkingDataBaseIT.java:70) ~[test-classes/:?]
	at sun.reflect.NativeMethodAccessorImpl.invoke0(Native Method) ~[?:1.8.0_352]
	at sun.reflect.NativeMethodAccessorImpl.invoke(NativeMethodAccessorImpl.java:62) ~[?:1.8.0_352]
	at sun.reflect.DelegatingMethodAccessorImpl.invoke(DelegatingMethodAccessorImpl.java:43) ~[?:1.8.0_352]
	at java.lang.reflect.Method.invoke(Method.java:498) ~[?:1.8.0_352]
	at org.junit.platform.commons.util.ReflectionUtils.invokeMethod(ReflectionUtils.java:725) ~[org.junit.platform.commons_1.8.1.v20211018-1956.jar:1.8.1]
	at org.junit.jupiter.engine.execution.MethodInvocation.proceed(MethodInvocation.java:60) ~[org.junit.jupiter.engine_5.8.1.v20211018-1956.jar:5.8.1]
	at org.junit.jupiter.engine.execution.InvocationInterceptorChain$ValidatingInvocation.proceed(InvocationInterceptorChain.java:131) ~[org.junit.jupiter.engine_5.8.1.v20211018-1956.jar:5.8.1]
	at org.junit.jupiter.engine.extension.TimeoutExtension.intercept(TimeoutExtension.java:149) ~[org.junit.jupiter.engine_5.8.1.v20211018-1956.jar:5.8.1]
	at org.junit.jupiter.engine.extension.TimeoutExtension.interceptTestableMethod(TimeoutExtension.java:140) ~[org.junit.jupiter.engine_5.8.1.v20211018-1956.jar:5.8.1]
	at org.junit.jupiter.engine.extension.TimeoutExtension.interceptTestMethod(TimeoutExtension.java:84) ~[org.junit.jupiter.engine_5.8.1.v20211018-1956.jar:5.8.1]
	at org.junit.jupiter.engine.execution.ExecutableInvoker$ReflectiveInterceptorCall.lambda$ofVoidMethod$0(ExecutableInvoker.java:115) ~[org.junit.jupiter.engine_5.8.1.v20211018-1956.jar:5.8.1]
	at org.junit.jupiter.engine.execution.ExecutableInvoker.lambda$invoke$0(ExecutableInvoker.java:105) ~[org.junit.jupiter.engine_5.8.1.v20211018-1956.jar:5.8.1]
	at org.junit.jupiter.engine.execution.InvocationInterceptorChain$InterceptedInvocation.proceed(InvocationInterceptorChain.java:106) ~[org.junit.jupiter.engine_5.8.1.v20211018-1956.jar:5.8.1]
	at org.junit.jupiter.engine.execution.InvocationInterceptorChain.proceed(InvocationInterceptorChain.java:64) ~[org.junit.jupiter.engine_5.8.1.v20211018-1956.jar:5.8.1]
	at org.junit.jupiter.engine.execution.InvocationInterceptorChain.chainAndInvoke(InvocationInterceptorChain.java:45) ~[org.junit.jupiter.engine_5.8.1.v20211018-1956.jar:5.8.1]
	at org.junit.jupiter.engine.execution.InvocationInterceptorChain.invoke(InvocationInterceptorChain.java:37) ~[org.junit.jupiter.engine_5.8.1.v20211018-1956.jar:5.8.1]
	at org.junit.jupiter.engine.execution.ExecutableInvoker.invoke(ExecutableInvoker.java:104) ~[org.junit.jupiter.engine_5.8.1.v20211018-1956.jar:5.8.1]
	at org.junit.jupiter.engine.execution.ExecutableInvoker.invoke(ExecutableInvoker.java:98) ~[org.junit.jupiter.engine_5.8.1.v20211018-1956.jar:5.8.1]
	at org.junit.jupiter.engine.descriptor.TestMethodTestDescriptor.lambda$invokeTestMethod$7(TestMethodTestDescriptor.java:214) ~[org.junit.jupiter.engine_5.8.1.v20211018-1956.jar:5.8.1]
	at org.junit.platform.engine.support.hierarchical.ThrowableCollector.execute(ThrowableCollector.java:73) ~[org.junit.platform.engine_1.8.1.v20211018-1956.jar:1.8.1]
	at org.junit.jupiter.engine.descriptor.TestMethodTestDescriptor.invokeTestMethod(TestMethodTestDescriptor.java:210) ~[org.junit.jupiter.engine_5.8.1.v20211018-1956.jar:5.8.1]
	at org.junit.jupiter.engine.descriptor.TestMethodTestDescriptor.execute(TestMethodTestDescriptor.java:135) ~[org.junit.jupiter.engine_5.8.1.v20211018-1956.jar:5.8.1]
	at org.junit.jupiter.engine.descriptor.TestMethodTestDescriptor.execute(TestMethodTestDescriptor.java:66) ~[org.junit.jupiter.engine_5.8.1.v20211018-1956.jar:5.8.1]
	at org.junit.platform.engine.support.hierarchical.NodeTestTask.lambda$executeRecursively$6(NodeTestTask.java:151) ~[org.junit.platform.engine_1.8.1.v20211018-1956.jar:1.8.1]
	at org.junit.platform.engine.support.hierarchical.ThrowableCollector.execute(ThrowableCollector.java:73) ~[org.junit.platform.engine_1.8.1.v20211018-1956.jar:1.8.1]
	at org.junit.platform.engine.support.hierarchical.NodeTestTask.lambda$executeRecursively$8(NodeTestTask.java:141) ~[org.junit.platform.engine_1.8.1.v20211018-1956.jar:1.8.1]
	at org.junit.platform.engine.support.hierarchical.Node.around(Node.java:137) ~[org.junit.platform.engine_1.8.1.v20211018-1956.jar:1.8.1]
	at org.junit.platform.engine.support.hierarchical.NodeTestTask.lambda$executeRecursively$9(NodeTestTask.java:139) ~[org.junit.platform.engine_1.8.1.v20211018-1956.jar:1.8.1]
	at org.junit.platform.engine.support.hierarchical.ThrowableCollector.execute(ThrowableCollector.java:73) ~[org.junit.platform.engine_1.8.1.v20211018-1956.jar:1.8.1]
	at org.junit.platform.engine.support.hierarchical.NodeTestTask.executeRecursively(NodeTestTask.java:138) ~[org.junit.platform.engine_1.8.1.v20211018-1956.jar:1.8.1]
	at org.junit.platform.engine.support.hierarchical.NodeTestTask.execute(NodeTestTask.java:95) ~[org.junit.platform.engine_1.8.1.v20211018-1956.jar:1.8.1]
	at java.util.ArrayList.forEach(ArrayList.java:1259) ~[?:1.8.0_352]
	at org.junit.platform.engine.support.hierarchical.SameThreadHierarchicalTestExecutorService.invokeAll(SameThreadHierarchicalTestExecutorService.java:41) ~[org.junit.platform.engine_1.8.1.v20211018-1956.jar:1.8.1]
	at org.junit.platform.engine.support.hierarchical.NodeTestTask.lambda$executeRecursively$6(NodeTestTask.java:155) ~[org.junit.platform.engine_1.8.1.v20211018-1956.jar:1.8.1]
	at org.junit.platform.engine.support.hierarchical.ThrowableCollector.execute(ThrowableCollector.java:73) ~[org.junit.platform.engine_1.8.1.v20211018-1956.jar:1.8.1]
	at org.junit.platform.engine.support.hierarchical.NodeTestTask.lambda$executeRecursively$8(NodeTestTask.java:141) ~[org.junit.platform.engine_1.8.1.v20211018-1956.jar:1.8.1]
	at org.junit.platform.engine.support.hierarchical.Node.around(Node.java:137) ~[org.junit.platform.engine_1.8.1.v20211018-1956.jar:1.8.1]
	at org.junit.platform.engine.support.hierarchical.NodeTestTask.lambda$executeRecursively$9(NodeTestTask.java:139) ~[org.junit.platform.engine_1.8.1.v20211018-1956.jar:1.8.1]
	at org.junit.platform.engine.support.hierarchical.ThrowableCollector.execute(ThrowableCollector.java:73) ~[org.junit.platform.engine_1.8.1.v20211018-1956.jar:1.8.1]
	at org.junit.platform.engine.support.hierarchical.NodeTestTask.executeRecursively(NodeTestTask.java:138) ~[org.junit.platform.engine_1.8.1.v20211018-1956.jar:1.8.1]
	at org.junit.platform.engine.support.hierarchical.NodeTestTask.execute(NodeTestTask.java:95) ~[org.junit.platform.engine_1.8.1.v20211018-1956.jar:1.8.1]
	at java.util.ArrayList.forEach(ArrayList.java:1259) ~[?:1.8.0_352]
	at org.junit.platform.engine.support.hierarchical.SameThreadHierarchicalTestExecutorService.invokeAll(SameThreadHierarchicalTestExecutorService.java:41) ~[org.junit.platform.engine_1.8.1.v20211018-1956.jar:1.8.1]
	at org.junit.platform.engine.support.hierarchical.NodeTestTask.lambda$executeRecursively$6(NodeTestTask.java:155) ~[org.junit.platform.engine_1.8.1.v20211018-1956.jar:1.8.1]
	at org.junit.platform.engine.support.hierarchical.ThrowableCollector.execute(ThrowableCollector.java:73) ~[org.junit.platform.engine_1.8.1.v20211018-1956.jar:1.8.1]
	at org.junit.platform.engine.support.hierarchical.NodeTestTask.lambda$executeRecursively$8(NodeTestTask.java:141) ~[org.junit.platform.engine_1.8.1.v20211018-1956.jar:1.8.1]
	at org.junit.platform.engine.support.hierarchical.Node.around(Node.java:137) ~[org.junit.platform.engine_1.8.1.v20211018-1956.jar:1.8.1]
	at org.junit.platform.engine.support.hierarchical.NodeTestTask.lambda$executeRecursively$9(NodeTestTask.java:139) ~[org.junit.platform.engine_1.8.1.v20211018-1956.jar:1.8.1]
	at org.junit.platform.engine.support.hierarchical.ThrowableCollector.execute(ThrowableCollector.java:73) ~[org.junit.platform.engine_1.8.1.v20211018-1956.jar:1.8.1]
	at org.junit.platform.engine.support.hierarchical.NodeTestTask.executeRecursively(NodeTestTask.java:138) ~[org.junit.platform.engine_1.8.1.v20211018-1956.jar:1.8.1]
	at org.junit.platform.engine.support.hierarchical.NodeTestTask.execute(NodeTestTask.java:95) ~[org.junit.platform.engine_1.8.1.v20211018-1956.jar:1.8.1]
	at org.junit.platform.engine.support.hierarchical.SameThreadHierarchicalTestExecutorService.submit(SameThreadHierarchicalTestExecutorService.java:35) ~[org.junit.platform.engine_1.8.1.v20211018-1956.jar:1.8.1]
	at org.junit.platform.engine.support.hierarchical.HierarchicalTestExecutor.execute(HierarchicalTestExecutor.java:57) ~[org.junit.platform.engine_1.8.1.v20211018-1956.jar:1.8.1]
	at org.junit.platform.engine.support.hierarchical.HierarchicalTestEngine.execute(HierarchicalTestEngine.java:54) ~[org.junit.platform.engine_1.8.1.v20211018-1956.jar:1.8.1]
	at org.junit.platform.launcher.core.EngineExecutionOrchestrator.execute(EngineExecutionOrchestrator.java:107) ~[org.junit.platform.launcher_1.8.1.v20211018-1956.jar:1.8.1]
	at org.junit.platform.launcher.core.EngineExecutionOrchestrator.execute(EngineExecutionOrchestrator.java:88) ~[org.junit.platform.launcher_1.8.1.v20211018-1956.jar:1.8.1]
	at org.junit.platform.launcher.core.EngineExecutionOrchestrator.lambda$execute$0(EngineExecutionOrchestrator.java:54) ~[org.junit.platform.launcher_1.8.1.v20211018-1956.jar:1.8.1]
	at org.junit.platform.launcher.core.EngineExecutionOrchestrator.withInterceptedStreams(EngineExecutionOrchestrator.java:67) [org.junit.platform.launcher_1.8.1.v20211018-1956.jar:1.8.1]
	at org.junit.platform.launcher.core.EngineExecutionOrchestrator.execute(EngineExecutionOrchestrator.java:52) [org.junit.platform.launcher_1.8.1.v20211018-1956.jar:1.8.1]
	at org.junit.platform.launcher.core.DefaultLauncher.execute(DefaultLauncher.java:114) [org.junit.platform.launcher_1.8.1.v20211018-1956.jar:1.8.1]
	at org.junit.platform.launcher.core.DefaultLauncher.execute(DefaultLauncher.java:95) [org.junit.platform.launcher_1.8.1.v20211018-1956.jar:1.8.1]
	at org.junit.platform.launcher.core.DefaultLauncherSession$DelegatingLauncher.execute(DefaultLauncherSession.java:91) [org.junit.platform.launcher_1.8.1.v20211018-1956.jar:1.8.1]
	at org.junit.platform.launcher.core.SessionPerRequestLauncher.execute(SessionPerRequestLauncher.java:60) [org.junit.platform.launcher_1.8.1.v20211018-1956.jar:1.8.1]
	at org.eclipse.jdt.internal.junit5.runner.JUnit5TestReference.run(JUnit5TestReference.java:98) [.cp/:?]
	at org.eclipse.jdt.internal.junit.runner.TestExecution.run(TestExecution.java:40) [.cp/:?]
	at org.eclipse.jdt.internal.junit.runner.RemoteTestRunner.runTests(RemoteTestRunner.java:529) [.cp/:?]
	at org.eclipse.jdt.internal.junit.runner.RemoteTestRunner.runTests(RemoteTestRunner.java:756) [.cp/:?]
	at org.eclipse.jdt.internal.junit.runner.RemoteTestRunner.run(RemoteTestRunner.java:452) [.cp/:?]
	at org.eclipse.jdt.internal.junit.runner.RemoteTestRunner.main(RemoteTestRunner.java:210) [.cp/:?]
2023-02-15 02:34:15.400 [main] INFO  DataBaseTestConfig - Closing DB connection
2023-02-15 02:34:15.408 [main] INFO  DataBaseTestConfig - Create DB connection
2023-02-15 02:34:15.442 [main] INFO  DataBaseTestConfig - Closing DB connection
2023-02-15 02:34:15.443 [main] INFO  DataBaseTestConfig - Create DB connection
2023-02-15 02:34:15.453 [main] INFO  DataBaseTestConfig - Closing Result Set
2023-02-15 02:34:15.453 [main] INFO  DataBaseTestConfig - Closing Prepared Statement
2023-02-15 02:34:15.454 [main] INFO  DataBaseTestConfig - Closing DB connection
2023-02-15 02:34:15.454 [main] INFO  DataBaseTestConfig - Create DB connection
2023-02-15 02:34:15.467 [main] INFO  DataBaseTestConfig - Closing Prepared Statement
2023-02-15 02:34:15.467 [main] INFO  DataBaseTestConfig - Closing DB connection
2023-02-15 02:34:15.467 [main] INFO  DataBaseTestConfig - Create DB connection
2023-02-15 02:34:15.474 [main] ERROR TicketDAO - Error fetching next available slot
java.sql.SQLSyntaxErrorException: You have an error in your SQL syntax; check the manual that corresponds to your MySQL server version for the right syntax to use near 'ORDER BY t.IN_TIME DESC limit 1' at line 1
	at com.mysql.cj.jdbc.exceptions.SQLError.createSQLException(SQLError.java:120) ~[mysql-connector-j-8.0.32.jar:8.0.32]
	at com.mysql.cj.jdbc.exceptions.SQLExceptionsMapping.translateException(SQLExceptionsMapping.java:122) ~[mysql-connector-j-8.0.32.jar:8.0.32]
	at com.mysql.cj.jdbc.ClientPreparedStatement.executeInternal(ClientPreparedStatement.java:916) ~[mysql-connector-j-8.0.32.jar:8.0.32]
	at com.mysql.cj.jdbc.ClientPreparedStatement.executeQuery(ClientPreparedStatement.java:972) ~[mysql-connector-j-8.0.32.jar:8.0.32]
	at com.parkit.parkingsystem.dao.TicketDAO.getTicket(TicketDAO.java:57) ~[classes/:?]
	at com.parkit.parkingsystem.service.ParkingService.verifyExistingVehicle(ParkingService.java:32) ~[classes/:?]
	at com.parkit.parkingsystem.service.ParkingService.processIncomingVehicle(ParkingService.java:55) ~[classes/:?]
	at com.parkit.parkingsystem.integration.ParkingDataBaseIT.testParkingACar(ParkingDataBaseIT.java:57) ~[test-classes/:?]
	at sun.reflect.NativeMethodAccessorImpl.invoke0(Native Method) ~[?:1.8.0_352]
	at sun.reflect.NativeMethodAccessorImpl.invoke(NativeMethodAccessorImpl.java:62) ~[?:1.8.0_352]
	at sun.reflect.DelegatingMethodAccessorImpl.invoke(DelegatingMethodAccessorImpl.java:43) ~[?:1.8.0_352]
	at java.lang.reflect.Method.invoke(Method.java:498) ~[?:1.8.0_352]
	at org.junit.platform.commons.util.ReflectionUtils.invokeMethod(ReflectionUtils.java:725) ~[org.junit.platform.commons_1.8.1.v20211018-1956.jar:1.8.1]
	at org.junit.jupiter.engine.execution.MethodInvocation.proceed(MethodInvocation.java:60) ~[org.junit.jupiter.engine_5.8.1.v20211018-1956.jar:5.8.1]
	at org.junit.jupiter.engine.execution.InvocationInterceptorChain$ValidatingInvocation.proceed(InvocationInterceptorChain.java:131) ~[org.junit.jupiter.engine_5.8.1.v20211018-1956.jar:5.8.1]
	at org.junit.jupiter.engine.extension.TimeoutExtension.intercept(TimeoutExtension.java:149) ~[org.junit.jupiter.engine_5.8.1.v20211018-1956.jar:5.8.1]
	at org.junit.jupiter.engine.extension.TimeoutExtension.interceptTestableMethod(TimeoutExtension.java:140) ~[org.junit.jupiter.engine_5.8.1.v20211018-1956.jar:5.8.1]
	at org.junit.jupiter.engine.extension.TimeoutExtension.interceptTestMethod(TimeoutExtension.java:84) ~[org.junit.jupiter.engine_5.8.1.v20211018-1956.jar:5.8.1]
	at org.junit.jupiter.engine.execution.ExecutableInvoker$ReflectiveInterceptorCall.lambda$ofVoidMethod$0(ExecutableInvoker.java:115) ~[org.junit.jupiter.engine_5.8.1.v20211018-1956.jar:5.8.1]
	at org.junit.jupiter.engine.execution.ExecutableInvoker.lambda$invoke$0(ExecutableInvoker.java:105) ~[org.junit.jupiter.engine_5.8.1.v20211018-1956.jar:5.8.1]
	at org.junit.jupiter.engine.execution.InvocationInterceptorChain$InterceptedInvocation.proceed(InvocationInterceptorChain.java:106) ~[org.junit.jupiter.engine_5.8.1.v20211018-1956.jar:5.8.1]
	at org.junit.jupiter.engine.execution.InvocationInterceptorChain.proceed(InvocationInterceptorChain.java:64) ~[org.junit.jupiter.engine_5.8.1.v20211018-1956.jar:5.8.1]
	at org.junit.jupiter.engine.execution.InvocationInterceptorChain.chainAndInvoke(InvocationInterceptorChain.java:45) ~[org.junit.jupiter.engine_5.8.1.v20211018-1956.jar:5.8.1]
	at org.junit.jupiter.engine.execution.InvocationInterceptorChain.invoke(InvocationInterceptorChain.java:37) ~[org.junit.jupiter.engine_5.8.1.v20211018-1956.jar:5.8.1]
	at org.junit.jupiter.engine.execution.ExecutableInvoker.invoke(ExecutableInvoker.java:104) ~[org.junit.jupiter.engine_5.8.1.v20211018-1956.jar:5.8.1]
	at org.junit.jupiter.engine.execution.ExecutableInvoker.invoke(ExecutableInvoker.java:98) ~[org.junit.jupiter.engine_5.8.1.v20211018-1956.jar:5.8.1]
	at org.junit.jupiter.engine.descriptor.TestMethodTestDescriptor.lambda$invokeTestMethod$7(TestMethodTestDescriptor.java:214) ~[org.junit.jupiter.engine_5.8.1.v20211018-1956.jar:5.8.1]
	at org.junit.platform.engine.support.hierarchical.ThrowableCollector.execute(ThrowableCollector.java:73) ~[org.junit.platform.engine_1.8.1.v20211018-1956.jar:1.8.1]
	at org.junit.jupiter.engine.descriptor.TestMethodTestDescriptor.invokeTestMethod(TestMethodTestDescriptor.java:210) ~[org.junit.jupiter.engine_5.8.1.v20211018-1956.jar:5.8.1]
	at org.junit.jupiter.engine.descriptor.TestMethodTestDescriptor.execute(TestMethodTestDescriptor.java:135) ~[org.junit.jupiter.engine_5.8.1.v20211018-1956.jar:5.8.1]
	at org.junit.jupiter.engine.descriptor.TestMethodTestDescriptor.execute(TestMethodTestDescriptor.java:66) ~[org.junit.jupiter.engine_5.8.1.v20211018-1956.jar:5.8.1]
	at org.junit.platform.engine.support.hierarchical.NodeTestTask.lambda$executeRecursively$6(NodeTestTask.java:151) ~[org.junit.platform.engine_1.8.1.v20211018-1956.jar:1.8.1]
	at org.junit.platform.engine.support.hierarchical.ThrowableCollector.execute(ThrowableCollector.java:73) ~[org.junit.platform.engine_1.8.1.v20211018-1956.jar:1.8.1]
	at org.junit.platform.engine.support.hierarchical.NodeTestTask.lambda$executeRecursively$8(NodeTestTask.java:141) ~[org.junit.platform.engine_1.8.1.v20211018-1956.jar:1.8.1]
	at org.junit.platform.engine.support.hierarchical.Node.around(Node.java:137) ~[org.junit.platform.engine_1.8.1.v20211018-1956.jar:1.8.1]
	at org.junit.platform.engine.support.hierarchical.NodeTestTask.lambda$executeRecursively$9(NodeTestTask.java:139) ~[org.junit.platform.engine_1.8.1.v20211018-1956.jar:1.8.1]
	at org.junit.platform.engine.support.hierarchical.ThrowableCollector.execute(ThrowableCollector.java:73) ~[org.junit.platform.engine_1.8.1.v20211018-1956.jar:1.8.1]
	at org.junit.platform.engine.support.hierarchical.NodeTestTask.executeRecursively(NodeTestTask.java:138) ~[org.junit.platform.engine_1.8.1.v20211018-1956.jar:1.8.1]
	at org.junit.platform.engine.support.hierarchical.NodeTestTask.execute(NodeTestTask.java:95) ~[org.junit.platform.engine_1.8.1.v20211018-1956.jar:1.8.1]
	at java.util.ArrayList.forEach(ArrayList.java:1259) ~[?:1.8.0_352]
	at org.junit.platform.engine.support.hierarchical.SameThreadHierarchicalTestExecutorService.invokeAll(SameThreadHierarchicalTestExecutorService.java:41) ~[org.junit.platform.engine_1.8.1.v20211018-1956.jar:1.8.1]
	at org.junit.platform.engine.support.hierarchical.NodeTestTask.lambda$executeRecursively$6(NodeTestTask.java:155) ~[org.junit.platform.engine_1.8.1.v20211018-1956.jar:1.8.1]
	at org.junit.platform.engine.support.hierarchical.ThrowableCollector.execute(ThrowableCollector.java:73) ~[org.junit.platform.engine_1.8.1.v20211018-1956.jar:1.8.1]
	at org.junit.platform.engine.support.hierarchical.NodeTestTask.lambda$executeRecursively$8(NodeTestTask.java:141) ~[org.junit.platform.engine_1.8.1.v20211018-1956.jar:1.8.1]
	at org.junit.platform.engine.support.hierarchical.Node.around(Node.java:137) ~[org.junit.platform.engine_1.8.1.v20211018-1956.jar:1.8.1]
	at org.junit.platform.engine.support.hierarchical.NodeTestTask.lambda$executeRecursively$9(NodeTestTask.java:139) ~[org.junit.platform.engine_1.8.1.v20211018-1956.jar:1.8.1]
	at org.junit.platform.engine.support.hierarchical.ThrowableCollector.execute(ThrowableCollector.java:73) ~[org.junit.platform.engine_1.8.1.v20211018-1956.jar:1.8.1]
	at org.junit.platform.engine.support.hierarchical.NodeTestTask.executeRecursively(NodeTestTask.java:138) ~[org.junit.platform.engine_1.8.1.v20211018-1956.jar:1.8.1]
	at org.junit.platform.engine.support.hierarchical.NodeTestTask.execute(NodeTestTask.java:95) ~[org.junit.platform.engine_1.8.1.v20211018-1956.jar:1.8.1]
	at java.util.ArrayList.forEach(ArrayList.java:1259) ~[?:1.8.0_352]
	at org.junit.platform.engine.support.hierarchical.SameThreadHierarchicalTestExecutorService.invokeAll(SameThreadHierarchicalTestExecutorService.java:41) ~[org.junit.platform.engine_1.8.1.v20211018-1956.jar:1.8.1]
	at org.junit.platform.engine.support.hierarchical.NodeTestTask.lambda$executeRecursively$6(NodeTestTask.java:155) ~[org.junit.platform.engine_1.8.1.v20211018-1956.jar:1.8.1]
	at org.junit.platform.engine.support.hierarchical.ThrowableCollector.execute(ThrowableCollector.java:73) ~[org.junit.platform.engine_1.8.1.v20211018-1956.jar:1.8.1]
	at org.junit.platform.engine.support.hierarchical.NodeTestTask.lambda$executeRecursively$8(NodeTestTask.java:141) ~[org.junit.platform.engine_1.8.1.v20211018-1956.jar:1.8.1]
	at org.junit.platform.engine.support.hierarchical.Node.around(Node.java:137) ~[org.junit.platform.engine_1.8.1.v20211018-1956.jar:1.8.1]
	at org.junit.platform.engine.support.hierarchical.NodeTestTask.lambda$executeRecursively$9(NodeTestTask.java:139) ~[org.junit.platform.engine_1.8.1.v20211018-1956.jar:1.8.1]
	at org.junit.platform.engine.support.hierarchical.ThrowableCollector.execute(ThrowableCollector.java:73) ~[org.junit.platform.engine_1.8.1.v20211018-1956.jar:1.8.1]
	at org.junit.platform.engine.support.hierarchical.NodeTestTask.executeRecursively(NodeTestTask.java:138) ~[org.junit.platform.engine_1.8.1.v20211018-1956.jar:1.8.1]
	at org.junit.platform.engine.support.hierarchical.NodeTestTask.execute(NodeTestTask.java:95) ~[org.junit.platform.engine_1.8.1.v20211018-1956.jar:1.8.1]
	at org.junit.platform.engine.support.hierarchical.SameThreadHierarchicalTestExecutorService.submit(SameThreadHierarchicalTestExecutorService.java:35) ~[org.junit.platform.engine_1.8.1.v20211018-1956.jar:1.8.1]
	at org.junit.platform.engine.support.hierarchical.HierarchicalTestExecutor.execute(HierarchicalTestExecutor.java:57) ~[org.junit.platform.engine_1.8.1.v20211018-1956.jar:1.8.1]
	at org.junit.platform.engine.support.hierarchical.HierarchicalTestEngine.execute(HierarchicalTestEngine.java:54) ~[org.junit.platform.engine_1.8.1.v20211018-1956.jar:1.8.1]
	at org.junit.platform.launcher.core.EngineExecutionOrchestrator.execute(EngineExecutionOrchestrator.java:107) ~[org.junit.platform.launcher_1.8.1.v20211018-1956.jar:1.8.1]
	at org.junit.platform.launcher.core.EngineExecutionOrchestrator.execute(EngineExecutionOrchestrator.java:88) ~[org.junit.platform.launcher_1.8.1.v20211018-1956.jar:1.8.1]
	at org.junit.platform.launcher.core.EngineExecutionOrchestrator.lambda$execute$0(EngineExecutionOrchestrator.java:54) ~[org.junit.platform.launcher_1.8.1.v20211018-1956.jar:1.8.1]
	at org.junit.platform.launcher.core.EngineExecutionOrchestrator.withInterceptedStreams(EngineExecutionOrchestrator.java:67) [org.junit.platform.launcher_1.8.1.v20211018-1956.jar:1.8.1]
	at org.junit.platform.launcher.core.EngineExecutionOrchestrator.execute(EngineExecutionOrchestrator.java:52) [org.junit.platform.launcher_1.8.1.v20211018-1956.jar:1.8.1]
	at org.junit.platform.launcher.core.DefaultLauncher.execute(DefaultLauncher.java:114) [org.junit.platform.launcher_1.8.1.v20211018-1956.jar:1.8.1]
	at org.junit.platform.launcher.core.DefaultLauncher.execute(DefaultLauncher.java:95) [org.junit.platform.launcher_1.8.1.v20211018-1956.jar:1.8.1]
	at org.junit.platform.launcher.core.DefaultLauncherSession$DelegatingLauncher.execute(DefaultLauncherSession.java:91) [org.junit.platform.launcher_1.8.1.v20211018-1956.jar:1.8.1]
	at org.junit.platform.launcher.core.SessionPerRequestLauncher.execute(SessionPerRequestLauncher.java:60) [org.junit.platform.launcher_1.8.1.v20211018-1956.jar:1.8.1]
	at org.eclipse.jdt.internal.junit5.runner.JUnit5TestReference.run(JUnit5TestReference.java:98) [.cp/:?]
	at org.eclipse.jdt.internal.junit.runner.TestExecution.run(TestExecution.java:40) [.cp/:?]
	at org.eclipse.jdt.internal.junit.runner.RemoteTestRunner.runTests(RemoteTestRunner.java:529) [.cp/:?]
	at org.eclipse.jdt.internal.junit.runner.RemoteTestRunner.runTests(RemoteTestRunner.java:756) [.cp/:?]
	at org.eclipse.jdt.internal.junit.runner.RemoteTestRunner.run(RemoteTestRunner.java:452) [.cp/:?]
	at org.eclipse.jdt.internal.junit.runner.RemoteTestRunner.main(RemoteTestRunner.java:210) [.cp/:?]
2023-02-15 02:34:15.475 [main] INFO  DataBaseTestConfig - Closing DB connection
2023-02-15 02:34:15.475 [main] INFO  DataBaseTestConfig - Create DB connection
2023-02-15 02:34:15.485 [main] INFO  DataBaseTestConfig - Closing DB connection
2023-02-15 02:34:15.485 [main] INFO  DataBaseTestConfig - Create DB connection
2023-02-15 02:34:15.493 [main] ERROR TicketDAO - Error fetching next available slot
java.sql.SQLSyntaxErrorException: You have an error in your SQL syntax; check the manual that corresponds to your MySQL server version for the right syntax to use near 'ORDER BY t.IN_TIME DESC limit 1' at line 1
	at com.mysql.cj.jdbc.exceptions.SQLError.createSQLException(SQLError.java:120) ~[mysql-connector-j-8.0.32.jar:8.0.32]
	at com.mysql.cj.jdbc.exceptions.SQLExceptionsMapping.translateException(SQLExceptionsMapping.java:122) ~[mysql-connector-j-8.0.32.jar:8.0.32]
	at com.mysql.cj.jdbc.ClientPreparedStatement.executeInternal(ClientPreparedStatement.java:916) ~[mysql-connector-j-8.0.32.jar:8.0.32]
	at com.mysql.cj.jdbc.ClientPreparedStatement.executeQuery(ClientPreparedStatement.java:972) ~[mysql-connector-j-8.0.32.jar:8.0.32]
	at com.parkit.parkingsystem.dao.TicketDAO.getTicket(TicketDAO.java:57) ~[classes/:?]
	at com.parkit.parkingsystem.integration.ParkingDataBaseIT.testParkingACar(ParkingDataBaseIT.java:58) ~[test-classes/:?]
	at sun.reflect.NativeMethodAccessorImpl.invoke0(Native Method) ~[?:1.8.0_352]
	at sun.reflect.NativeMethodAccessorImpl.invoke(NativeMethodAccessorImpl.java:62) ~[?:1.8.0_352]
	at sun.reflect.DelegatingMethodAccessorImpl.invoke(DelegatingMethodAccessorImpl.java:43) ~[?:1.8.0_352]
	at java.lang.reflect.Method.invoke(Method.java:498) ~[?:1.8.0_352]
	at org.junit.platform.commons.util.ReflectionUtils.invokeMethod(ReflectionUtils.java:725) ~[org.junit.platform.commons_1.8.1.v20211018-1956.jar:1.8.1]
	at org.junit.jupiter.engine.execution.MethodInvocation.proceed(MethodInvocation.java:60) ~[org.junit.jupiter.engine_5.8.1.v20211018-1956.jar:5.8.1]
	at org.junit.jupiter.engine.execution.InvocationInterceptorChain$ValidatingInvocation.proceed(InvocationInterceptorChain.java:131) ~[org.junit.jupiter.engine_5.8.1.v20211018-1956.jar:5.8.1]
	at org.junit.jupiter.engine.extension.TimeoutExtension.intercept(TimeoutExtension.java:149) ~[org.junit.jupiter.engine_5.8.1.v20211018-1956.jar:5.8.1]
	at org.junit.jupiter.engine.extension.TimeoutExtension.interceptTestableMethod(TimeoutExtension.java:140) ~[org.junit.jupiter.engine_5.8.1.v20211018-1956.jar:5.8.1]
	at org.junit.jupiter.engine.extension.TimeoutExtension.interceptTestMethod(TimeoutExtension.java:84) ~[org.junit.jupiter.engine_5.8.1.v20211018-1956.jar:5.8.1]
	at org.junit.jupiter.engine.execution.ExecutableInvoker$ReflectiveInterceptorCall.lambda$ofVoidMethod$0(ExecutableInvoker.java:115) ~[org.junit.jupiter.engine_5.8.1.v20211018-1956.jar:5.8.1]
	at org.junit.jupiter.engine.execution.ExecutableInvoker.lambda$invoke$0(ExecutableInvoker.java:105) ~[org.junit.jupiter.engine_5.8.1.v20211018-1956.jar:5.8.1]
	at org.junit.jupiter.engine.execution.InvocationInterceptorChain$InterceptedInvocation.proceed(InvocationInterceptorChain.java:106) ~[org.junit.jupiter.engine_5.8.1.v20211018-1956.jar:5.8.1]
	at org.junit.jupiter.engine.execution.InvocationInterceptorChain.proceed(InvocationInterceptorChain.java:64) ~[org.junit.jupiter.engine_5.8.1.v20211018-1956.jar:5.8.1]
	at org.junit.jupiter.engine.execution.InvocationInterceptorChain.chainAndInvoke(InvocationInterceptorChain.java:45) ~[org.junit.jupiter.engine_5.8.1.v20211018-1956.jar:5.8.1]
	at org.junit.jupiter.engine.execution.InvocationInterceptorChain.invoke(InvocationInterceptorChain.java:37) ~[org.junit.jupiter.engine_5.8.1.v20211018-1956.jar:5.8.1]
	at org.junit.jupiter.engine.execution.ExecutableInvoker.invoke(ExecutableInvoker.java:104) ~[org.junit.jupiter.engine_5.8.1.v20211018-1956.jar:5.8.1]
	at org.junit.jupiter.engine.execution.ExecutableInvoker.invoke(ExecutableInvoker.java:98) ~[org.junit.jupiter.engine_5.8.1.v20211018-1956.jar:5.8.1]
	at org.junit.jupiter.engine.descriptor.TestMethodTestDescriptor.lambda$invokeTestMethod$7(TestMethodTestDescriptor.java:214) ~[org.junit.jupiter.engine_5.8.1.v20211018-1956.jar:5.8.1]
	at org.junit.platform.engine.support.hierarchical.ThrowableCollector.execute(ThrowableCollector.java:73) ~[org.junit.platform.engine_1.8.1.v20211018-1956.jar:1.8.1]
	at org.junit.jupiter.engine.descriptor.TestMethodTestDescriptor.invokeTestMethod(TestMethodTestDescriptor.java:210) ~[org.junit.jupiter.engine_5.8.1.v20211018-1956.jar:5.8.1]
	at org.junit.jupiter.engine.descriptor.TestMethodTestDescriptor.execute(TestMethodTestDescriptor.java:135) ~[org.junit.jupiter.engine_5.8.1.v20211018-1956.jar:5.8.1]
	at org.junit.jupiter.engine.descriptor.TestMethodTestDescriptor.execute(TestMethodTestDescriptor.java:66) ~[org.junit.jupiter.engine_5.8.1.v20211018-1956.jar:5.8.1]
	at org.junit.platform.engine.support.hierarchical.NodeTestTask.lambda$executeRecursively$6(NodeTestTask.java:151) ~[org.junit.platform.engine_1.8.1.v20211018-1956.jar:1.8.1]
	at org.junit.platform.engine.support.hierarchical.ThrowableCollector.execute(ThrowableCollector.java:73) ~[org.junit.platform.engine_1.8.1.v20211018-1956.jar:1.8.1]
	at org.junit.platform.engine.support.hierarchical.NodeTestTask.lambda$executeRecursively$8(NodeTestTask.java:141) ~[org.junit.platform.engine_1.8.1.v20211018-1956.jar:1.8.1]
	at org.junit.platform.engine.support.hierarchical.Node.around(Node.java:137) ~[org.junit.platform.engine_1.8.1.v20211018-1956.jar:1.8.1]
	at org.junit.platform.engine.support.hierarchical.NodeTestTask.lambda$executeRecursively$9(NodeTestTask.java:139) ~[org.junit.platform.engine_1.8.1.v20211018-1956.jar:1.8.1]
	at org.junit.platform.engine.support.hierarchical.ThrowableCollector.execute(ThrowableCollector.java:73) ~[org.junit.platform.engine_1.8.1.v20211018-1956.jar:1.8.1]
	at org.junit.platform.engine.support.hierarchical.NodeTestTask.executeRecursively(NodeTestTask.java:138) ~[org.junit.platform.engine_1.8.1.v20211018-1956.jar:1.8.1]
	at org.junit.platform.engine.support.hierarchical.NodeTestTask.execute(NodeTestTask.java:95) ~[org.junit.platform.engine_1.8.1.v20211018-1956.jar:1.8.1]
	at java.util.ArrayList.forEach(ArrayList.java:1259) ~[?:1.8.0_352]
	at org.junit.platform.engine.support.hierarchical.SameThreadHierarchicalTestExecutorService.invokeAll(SameThreadHierarchicalTestExecutorService.java:41) ~[org.junit.platform.engine_1.8.1.v20211018-1956.jar:1.8.1]
	at org.junit.platform.engine.support.hierarchical.NodeTestTask.lambda$executeRecursively$6(NodeTestTask.java:155) ~[org.junit.platform.engine_1.8.1.v20211018-1956.jar:1.8.1]
	at org.junit.platform.engine.support.hierarchical.ThrowableCollector.execute(ThrowableCollector.java:73) ~[org.junit.platform.engine_1.8.1.v20211018-1956.jar:1.8.1]
	at org.junit.platform.engine.support.hierarchical.NodeTestTask.lambda$executeRecursively$8(NodeTestTask.java:141) ~[org.junit.platform.engine_1.8.1.v20211018-1956.jar:1.8.1]
	at org.junit.platform.engine.support.hierarchical.Node.around(Node.java:137) ~[org.junit.platform.engine_1.8.1.v20211018-1956.jar:1.8.1]
	at org.junit.platform.engine.support.hierarchical.NodeTestTask.lambda$executeRecursively$9(NodeTestTask.java:139) ~[org.junit.platform.engine_1.8.1.v20211018-1956.jar:1.8.1]
	at org.junit.platform.engine.support.hierarchical.ThrowableCollector.execute(ThrowableCollector.java:73) ~[org.junit.platform.engine_1.8.1.v20211018-1956.jar:1.8.1]
	at org.junit.platform.engine.support.hierarchical.NodeTestTask.executeRecursively(NodeTestTask.java:138) ~[org.junit.platform.engine_1.8.1.v20211018-1956.jar:1.8.1]
	at org.junit.platform.engine.support.hierarchical.NodeTestTask.execute(NodeTestTask.java:95) ~[org.junit.platform.engine_1.8.1.v20211018-1956.jar:1.8.1]
	at java.util.ArrayList.forEach(ArrayList.java:1259) ~[?:1.8.0_352]
	at org.junit.platform.engine.support.hierarchical.SameThreadHierarchicalTestExecutorService.invokeAll(SameThreadHierarchicalTestExecutorService.java:41) ~[org.junit.platform.engine_1.8.1.v20211018-1956.jar:1.8.1]
	at org.junit.platform.engine.support.hierarchical.NodeTestTask.lambda$executeRecursively$6(NodeTestTask.java:155) ~[org.junit.platform.engine_1.8.1.v20211018-1956.jar:1.8.1]
	at org.junit.platform.engine.support.hierarchical.ThrowableCollector.execute(ThrowableCollector.java:73) ~[org.junit.platform.engine_1.8.1.v20211018-1956.jar:1.8.1]
	at org.junit.platform.engine.support.hierarchical.NodeTestTask.lambda$executeRecursively$8(NodeTestTask.java:141) ~[org.junit.platform.engine_1.8.1.v20211018-1956.jar:1.8.1]
	at org.junit.platform.engine.support.hierarchical.Node.around(Node.java:137) ~[org.junit.platform.engine_1.8.1.v20211018-1956.jar:1.8.1]
	at org.junit.platform.engine.support.hierarchical.NodeTestTask.lambda$executeRecursively$9(NodeTestTask.java:139) ~[org.junit.platform.engine_1.8.1.v20211018-1956.jar:1.8.1]
	at org.junit.platform.engine.support.hierarchical.ThrowableCollector.execute(ThrowableCollector.java:73) ~[org.junit.platform.engine_1.8.1.v20211018-1956.jar:1.8.1]
	at org.junit.platform.engine.support.hierarchical.NodeTestTask.executeRecursively(NodeTestTask.java:138) ~[org.junit.platform.engine_1.8.1.v20211018-1956.jar:1.8.1]
	at org.junit.platform.engine.support.hierarchical.NodeTestTask.execute(NodeTestTask.java:95) ~[org.junit.platform.engine_1.8.1.v20211018-1956.jar:1.8.1]
	at org.junit.platform.engine.support.hierarchical.SameThreadHierarchicalTestExecutorService.submit(SameThreadHierarchicalTestExecutorService.java:35) ~[org.junit.platform.engine_1.8.1.v20211018-1956.jar:1.8.1]
	at org.junit.platform.engine.support.hierarchical.HierarchicalTestExecutor.execute(HierarchicalTestExecutor.java:57) ~[org.junit.platform.engine_1.8.1.v20211018-1956.jar:1.8.1]
	at org.junit.platform.engine.support.hierarchical.HierarchicalTestEngine.execute(HierarchicalTestEngine.java:54) ~[org.junit.platform.engine_1.8.1.v20211018-1956.jar:1.8.1]
	at org.junit.platform.launcher.core.EngineExecutionOrchestrator.execute(EngineExecutionOrchestrator.java:107) ~[org.junit.platform.launcher_1.8.1.v20211018-1956.jar:1.8.1]
	at org.junit.platform.launcher.core.EngineExecutionOrchestrator.execute(EngineExecutionOrchestrator.java:88) ~[org.junit.platform.launcher_1.8.1.v20211018-1956.jar:1.8.1]
	at org.junit.platform.launcher.core.EngineExecutionOrchestrator.lambda$execute$0(EngineExecutionOrchestrator.java:54) ~[org.junit.platform.launcher_1.8.1.v20211018-1956.jar:1.8.1]
	at org.junit.platform.launcher.core.EngineExecutionOrchestrator.withInterceptedStreams(EngineExecutionOrchestrator.java:67) [org.junit.platform.launcher_1.8.1.v20211018-1956.jar:1.8.1]
	at org.junit.platform.launcher.core.EngineExecutionOrchestrator.execute(EngineExecutionOrchestrator.java:52) [org.junit.platform.launcher_1.8.1.v20211018-1956.jar:1.8.1]
	at org.junit.platform.launcher.core.DefaultLauncher.execute(DefaultLauncher.java:114) [org.junit.platform.launcher_1.8.1.v20211018-1956.jar:1.8.1]
	at org.junit.platform.launcher.core.DefaultLauncher.execute(DefaultLauncher.java:95) [org.junit.platform.launcher_1.8.1.v20211018-1956.jar:1.8.1]
	at org.junit.platform.launcher.core.DefaultLauncherSession$DelegatingLauncher.execute(DefaultLauncherSession.java:91) [org.junit.platform.launcher_1.8.1.v20211018-1956.jar:1.8.1]
	at org.junit.platform.launcher.core.SessionPerRequestLauncher.execute(SessionPerRequestLauncher.java:60) [org.junit.platform.launcher_1.8.1.v20211018-1956.jar:1.8.1]
	at org.eclipse.jdt.internal.junit5.runner.JUnit5TestReference.run(JUnit5TestReference.java:98) [.cp/:?]
	at org.eclipse.jdt.internal.junit.runner.TestExecution.run(TestExecution.java:40) [.cp/:?]
	at org.eclipse.jdt.internal.junit.runner.RemoteTestRunner.runTests(RemoteTestRunner.java:529) [.cp/:?]
	at org.eclipse.jdt.internal.junit.runner.RemoteTestRunner.runTests(RemoteTestRunner.java:756) [.cp/:?]
	at org.eclipse.jdt.internal.junit.runner.RemoteTestRunner.run(RemoteTestRunner.java:452) [.cp/:?]
	at org.eclipse.jdt.internal.junit.runner.RemoteTestRunner.main(RemoteTestRunner.java:210) [.cp/:?]
2023-02-15 02:34:15.493 [main] INFO  DataBaseTestConfig - Closing DB connection
2023-02-15 02:34:22.060 [main] INFO  DataBaseTestConfig - Create DB connection
2023-02-15 02:34:22.254 [main] INFO  DataBaseTestConfig - Closing DB connection
2023-02-15 02:34:22.256 [main] INFO  DataBaseTestConfig - Create DB connection
2023-02-15 02:34:22.271 [main] INFO  DataBaseTestConfig - Closing Result Set
2023-02-15 02:34:22.271 [main] INFO  DataBaseTestConfig - Closing Prepared Statement
2023-02-15 02:34:22.272 [main] INFO  DataBaseTestConfig - Closing DB connection
2023-02-15 02:34:22.272 [main] INFO  DataBaseTestConfig - Create DB connection
2023-02-15 02:34:22.284 [main] INFO  DataBaseTestConfig - Closing Prepared Statement
2023-02-15 02:34:22.284 [main] INFO  DataBaseTestConfig - Closing DB connection
2023-02-15 02:34:22.284 [main] INFO  DataBaseTestConfig - Create DB connection
2023-02-15 02:34:22.301 [main] ERROR TicketDAO - Error fetching next available slot
java.sql.SQLSyntaxErrorException: You have an error in your SQL syntax; check the manual that corresponds to your MySQL server version for the right syntax to use near 'ORDER BY t.IN_TIME DESC limit 1' at line 1
	at com.mysql.cj.jdbc.exceptions.SQLError.createSQLException(SQLError.java:120) ~[mysql-connector-j-8.0.32.jar:8.0.32]
	at com.mysql.cj.jdbc.exceptions.SQLExceptionsMapping.translateException(SQLExceptionsMapping.java:122) ~[mysql-connector-j-8.0.32.jar:8.0.32]
	at com.mysql.cj.jdbc.ClientPreparedStatement.executeInternal(ClientPreparedStatement.java:916) ~[mysql-connector-j-8.0.32.jar:8.0.32]
	at com.mysql.cj.jdbc.ClientPreparedStatement.executeQuery(ClientPreparedStatement.java:972) ~[mysql-connector-j-8.0.32.jar:8.0.32]
	at com.parkit.parkingsystem.dao.TicketDAO.getTicket(TicketDAO.java:57) ~[classes/:?]
	at com.parkit.parkingsystem.service.ParkingService.verifyExistingVehicle(ParkingService.java:32) ~[classes/:?]
	at com.parkit.parkingsystem.service.ParkingService.processIncomingVehicle(ParkingService.java:55) ~[classes/:?]
	at com.parkit.parkingsystem.integration.ParkingDataBaseIT.testParkingLotExit(ParkingDataBaseIT.java:68) ~[test-classes/:?]
	at sun.reflect.NativeMethodAccessorImpl.invoke0(Native Method) ~[?:1.8.0_352]
	at sun.reflect.NativeMethodAccessorImpl.invoke(NativeMethodAccessorImpl.java:62) ~[?:1.8.0_352]
	at sun.reflect.DelegatingMethodAccessorImpl.invoke(DelegatingMethodAccessorImpl.java:43) ~[?:1.8.0_352]
	at java.lang.reflect.Method.invoke(Method.java:498) ~[?:1.8.0_352]
	at org.junit.platform.commons.util.ReflectionUtils.invokeMethod(ReflectionUtils.java:725) ~[org.junit.platform.commons_1.8.1.v20211018-1956.jar:1.8.1]
	at org.junit.jupiter.engine.execution.MethodInvocation.proceed(MethodInvocation.java:60) ~[org.junit.jupiter.engine_5.8.1.v20211018-1956.jar:5.8.1]
	at org.junit.jupiter.engine.execution.InvocationInterceptorChain$ValidatingInvocation.proceed(InvocationInterceptorChain.java:131) ~[org.junit.jupiter.engine_5.8.1.v20211018-1956.jar:5.8.1]
	at org.junit.jupiter.engine.extension.TimeoutExtension.intercept(TimeoutExtension.java:149) ~[org.junit.jupiter.engine_5.8.1.v20211018-1956.jar:5.8.1]
	at org.junit.jupiter.engine.extension.TimeoutExtension.interceptTestableMethod(TimeoutExtension.java:140) ~[org.junit.jupiter.engine_5.8.1.v20211018-1956.jar:5.8.1]
	at org.junit.jupiter.engine.extension.TimeoutExtension.interceptTestMethod(TimeoutExtension.java:84) ~[org.junit.jupiter.engine_5.8.1.v20211018-1956.jar:5.8.1]
	at org.junit.jupiter.engine.execution.ExecutableInvoker$ReflectiveInterceptorCall.lambda$ofVoidMethod$0(ExecutableInvoker.java:115) ~[org.junit.jupiter.engine_5.8.1.v20211018-1956.jar:5.8.1]
	at org.junit.jupiter.engine.execution.ExecutableInvoker.lambda$invoke$0(ExecutableInvoker.java:105) ~[org.junit.jupiter.engine_5.8.1.v20211018-1956.jar:5.8.1]
	at org.junit.jupiter.engine.execution.InvocationInterceptorChain$InterceptedInvocation.proceed(InvocationInterceptorChain.java:106) ~[org.junit.jupiter.engine_5.8.1.v20211018-1956.jar:5.8.1]
	at org.junit.jupiter.engine.execution.InvocationInterceptorChain.proceed(InvocationInterceptorChain.java:64) ~[org.junit.jupiter.engine_5.8.1.v20211018-1956.jar:5.8.1]
	at org.junit.jupiter.engine.execution.InvocationInterceptorChain.chainAndInvoke(InvocationInterceptorChain.java:45) ~[org.junit.jupiter.engine_5.8.1.v20211018-1956.jar:5.8.1]
	at org.junit.jupiter.engine.execution.InvocationInterceptorChain.invoke(InvocationInterceptorChain.java:37) ~[org.junit.jupiter.engine_5.8.1.v20211018-1956.jar:5.8.1]
	at org.junit.jupiter.engine.execution.ExecutableInvoker.invoke(ExecutableInvoker.java:104) ~[org.junit.jupiter.engine_5.8.1.v20211018-1956.jar:5.8.1]
	at org.junit.jupiter.engine.execution.ExecutableInvoker.invoke(ExecutableInvoker.java:98) ~[org.junit.jupiter.engine_5.8.1.v20211018-1956.jar:5.8.1]
	at org.junit.jupiter.engine.descriptor.TestMethodTestDescriptor.lambda$invokeTestMethod$7(TestMethodTestDescriptor.java:214) ~[org.junit.jupiter.engine_5.8.1.v20211018-1956.jar:5.8.1]
	at org.junit.platform.engine.support.hierarchical.ThrowableCollector.execute(ThrowableCollector.java:73) ~[org.junit.platform.engine_1.8.1.v20211018-1956.jar:1.8.1]
	at org.junit.jupiter.engine.descriptor.TestMethodTestDescriptor.invokeTestMethod(TestMethodTestDescriptor.java:210) ~[org.junit.jupiter.engine_5.8.1.v20211018-1956.jar:5.8.1]
	at org.junit.jupiter.engine.descriptor.TestMethodTestDescriptor.execute(TestMethodTestDescriptor.java:135) ~[org.junit.jupiter.engine_5.8.1.v20211018-1956.jar:5.8.1]
	at org.junit.jupiter.engine.descriptor.TestMethodTestDescriptor.execute(TestMethodTestDescriptor.java:66) ~[org.junit.jupiter.engine_5.8.1.v20211018-1956.jar:5.8.1]
	at org.junit.platform.engine.support.hierarchical.NodeTestTask.lambda$executeRecursively$6(NodeTestTask.java:151) ~[org.junit.platform.engine_1.8.1.v20211018-1956.jar:1.8.1]
	at org.junit.platform.engine.support.hierarchical.ThrowableCollector.execute(ThrowableCollector.java:73) ~[org.junit.platform.engine_1.8.1.v20211018-1956.jar:1.8.1]
	at org.junit.platform.engine.support.hierarchical.NodeTestTask.lambda$executeRecursively$8(NodeTestTask.java:141) ~[org.junit.platform.engine_1.8.1.v20211018-1956.jar:1.8.1]
	at org.junit.platform.engine.support.hierarchical.Node.around(Node.java:137) ~[org.junit.platform.engine_1.8.1.v20211018-1956.jar:1.8.1]
	at org.junit.platform.engine.support.hierarchical.NodeTestTask.lambda$executeRecursively$9(NodeTestTask.java:139) ~[org.junit.platform.engine_1.8.1.v20211018-1956.jar:1.8.1]
	at org.junit.platform.engine.support.hierarchical.ThrowableCollector.execute(ThrowableCollector.java:73) ~[org.junit.platform.engine_1.8.1.v20211018-1956.jar:1.8.1]
	at org.junit.platform.engine.support.hierarchical.NodeTestTask.executeRecursively(NodeTestTask.java:138) ~[org.junit.platform.engine_1.8.1.v20211018-1956.jar:1.8.1]
	at org.junit.platform.engine.support.hierarchical.NodeTestTask.execute(NodeTestTask.java:95) ~[org.junit.platform.engine_1.8.1.v20211018-1956.jar:1.8.1]
	at java.util.ArrayList.forEach(ArrayList.java:1259) ~[?:1.8.0_352]
	at org.junit.platform.engine.support.hierarchical.SameThreadHierarchicalTestExecutorService.invokeAll(SameThreadHierarchicalTestExecutorService.java:41) ~[org.junit.platform.engine_1.8.1.v20211018-1956.jar:1.8.1]
	at org.junit.platform.engine.support.hierarchical.NodeTestTask.lambda$executeRecursively$6(NodeTestTask.java:155) ~[org.junit.platform.engine_1.8.1.v20211018-1956.jar:1.8.1]
	at org.junit.platform.engine.support.hierarchical.ThrowableCollector.execute(ThrowableCollector.java:73) ~[org.junit.platform.engine_1.8.1.v20211018-1956.jar:1.8.1]
	at org.junit.platform.engine.support.hierarchical.NodeTestTask.lambda$executeRecursively$8(NodeTestTask.java:141) ~[org.junit.platform.engine_1.8.1.v20211018-1956.jar:1.8.1]
	at org.junit.platform.engine.support.hierarchical.Node.around(Node.java:137) ~[org.junit.platform.engine_1.8.1.v20211018-1956.jar:1.8.1]
	at org.junit.platform.engine.support.hierarchical.NodeTestTask.lambda$executeRecursively$9(NodeTestTask.java:139) ~[org.junit.platform.engine_1.8.1.v20211018-1956.jar:1.8.1]
	at org.junit.platform.engine.support.hierarchical.ThrowableCollector.execute(ThrowableCollector.java:73) ~[org.junit.platform.engine_1.8.1.v20211018-1956.jar:1.8.1]
	at org.junit.platform.engine.support.hierarchical.NodeTestTask.executeRecursively(NodeTestTask.java:138) ~[org.junit.platform.engine_1.8.1.v20211018-1956.jar:1.8.1]
	at org.junit.platform.engine.support.hierarchical.NodeTestTask.execute(NodeTestTask.java:95) ~[org.junit.platform.engine_1.8.1.v20211018-1956.jar:1.8.1]
	at java.util.ArrayList.forEach(ArrayList.java:1259) ~[?:1.8.0_352]
	at org.junit.platform.engine.support.hierarchical.SameThreadHierarchicalTestExecutorService.invokeAll(SameThreadHierarchicalTestExecutorService.java:41) ~[org.junit.platform.engine_1.8.1.v20211018-1956.jar:1.8.1]
	at org.junit.platform.engine.support.hierarchical.NodeTestTask.lambda$executeRecursively$6(NodeTestTask.java:155) ~[org.junit.platform.engine_1.8.1.v20211018-1956.jar:1.8.1]
	at org.junit.platform.engine.support.hierarchical.ThrowableCollector.execute(ThrowableCollector.java:73) ~[org.junit.platform.engine_1.8.1.v20211018-1956.jar:1.8.1]
	at org.junit.platform.engine.support.hierarchical.NodeTestTask.lambda$executeRecursively$8(NodeTestTask.java:141) ~[org.junit.platform.engine_1.8.1.v20211018-1956.jar:1.8.1]
	at org.junit.platform.engine.support.hierarchical.Node.around(Node.java:137) ~[org.junit.platform.engine_1.8.1.v20211018-1956.jar:1.8.1]
	at org.junit.platform.engine.support.hierarchical.NodeTestTask.lambda$executeRecursively$9(NodeTestTask.java:139) ~[org.junit.platform.engine_1.8.1.v20211018-1956.jar:1.8.1]
	at org.junit.platform.engine.support.hierarchical.ThrowableCollector.execute(ThrowableCollector.java:73) ~[org.junit.platform.engine_1.8.1.v20211018-1956.jar:1.8.1]
	at org.junit.platform.engine.support.hierarchical.NodeTestTask.executeRecursively(NodeTestTask.java:138) ~[org.junit.platform.engine_1.8.1.v20211018-1956.jar:1.8.1]
	at org.junit.platform.engine.support.hierarchical.NodeTestTask.execute(NodeTestTask.java:95) ~[org.junit.platform.engine_1.8.1.v20211018-1956.jar:1.8.1]
	at org.junit.platform.engine.support.hierarchical.SameThreadHierarchicalTestExecutorService.submit(SameThreadHierarchicalTestExecutorService.java:35) ~[org.junit.platform.engine_1.8.1.v20211018-1956.jar:1.8.1]
	at org.junit.platform.engine.support.hierarchical.HierarchicalTestExecutor.execute(HierarchicalTestExecutor.java:57) ~[org.junit.platform.engine_1.8.1.v20211018-1956.jar:1.8.1]
	at org.junit.platform.engine.support.hierarchical.HierarchicalTestEngine.execute(HierarchicalTestEngine.java:54) ~[org.junit.platform.engine_1.8.1.v20211018-1956.jar:1.8.1]
	at org.junit.platform.launcher.core.EngineExecutionOrchestrator.execute(EngineExecutionOrchestrator.java:107) ~[org.junit.platform.launcher_1.8.1.v20211018-1956.jar:1.8.1]
	at org.junit.platform.launcher.core.EngineExecutionOrchestrator.execute(EngineExecutionOrchestrator.java:88) ~[org.junit.platform.launcher_1.8.1.v20211018-1956.jar:1.8.1]
	at org.junit.platform.launcher.core.EngineExecutionOrchestrator.lambda$execute$0(EngineExecutionOrchestrator.java:54) ~[org.junit.platform.launcher_1.8.1.v20211018-1956.jar:1.8.1]
	at org.junit.platform.launcher.core.EngineExecutionOrchestrator.withInterceptedStreams(EngineExecutionOrchestrator.java:67) [org.junit.platform.launcher_1.8.1.v20211018-1956.jar:1.8.1]
	at org.junit.platform.launcher.core.EngineExecutionOrchestrator.execute(EngineExecutionOrchestrator.java:52) [org.junit.platform.launcher_1.8.1.v20211018-1956.jar:1.8.1]
	at org.junit.platform.launcher.core.DefaultLauncher.execute(DefaultLauncher.java:114) [org.junit.platform.launcher_1.8.1.v20211018-1956.jar:1.8.1]
	at org.junit.platform.launcher.core.DefaultLauncher.execute(DefaultLauncher.java:95) [org.junit.platform.launcher_1.8.1.v20211018-1956.jar:1.8.1]
	at org.junit.platform.launcher.core.DefaultLauncherSession$DelegatingLauncher.execute(DefaultLauncherSession.java:91) [org.junit.platform.launcher_1.8.1.v20211018-1956.jar:1.8.1]
	at org.junit.platform.launcher.core.SessionPerRequestLauncher.execute(SessionPerRequestLauncher.java:60) [org.junit.platform.launcher_1.8.1.v20211018-1956.jar:1.8.1]
	at org.eclipse.jdt.internal.junit5.runner.JUnit5TestReference.run(JUnit5TestReference.java:98) [.cp/:?]
	at org.eclipse.jdt.internal.junit.runner.TestExecution.run(TestExecution.java:40) [.cp/:?]
	at org.eclipse.jdt.internal.junit.runner.RemoteTestRunner.runTests(RemoteTestRunner.java:529) [.cp/:?]
	at org.eclipse.jdt.internal.junit.runner.RemoteTestRunner.runTests(RemoteTestRunner.java:756) [.cp/:?]
	at org.eclipse.jdt.internal.junit.runner.RemoteTestRunner.run(RemoteTestRunner.java:452) [.cp/:?]
	at org.eclipse.jdt.internal.junit.runner.RemoteTestRunner.main(RemoteTestRunner.java:210) [.cp/:?]
2023-02-15 02:34:22.305 [main] INFO  DataBaseTestConfig - Closing DB connection
2023-02-15 02:34:22.305 [main] INFO  DataBaseTestConfig - Create DB connection
2023-02-15 02:34:22.324 [main] INFO  DataBaseTestConfig - Closing DB connection
2023-02-15 02:34:22.326 [main] INFO  DataBaseTestConfig - Create DB connection
2023-02-15 02:34:22.334 [main] ERROR TicketDAO - Error fetching next available slot
java.sql.SQLSyntaxErrorException: You have an error in your SQL syntax; check the manual that corresponds to your MySQL server version for the right syntax to use near 'ORDER BY t.IN_TIME DESC limit 1' at line 1
	at com.mysql.cj.jdbc.exceptions.SQLError.createSQLException(SQLError.java:120) ~[mysql-connector-j-8.0.32.jar:8.0.32]
	at com.mysql.cj.jdbc.exceptions.SQLExceptionsMapping.translateException(SQLExceptionsMapping.java:122) ~[mysql-connector-j-8.0.32.jar:8.0.32]
	at com.mysql.cj.jdbc.ClientPreparedStatement.executeInternal(ClientPreparedStatement.java:916) ~[mysql-connector-j-8.0.32.jar:8.0.32]
	at com.mysql.cj.jdbc.ClientPreparedStatement.executeQuery(ClientPreparedStatement.java:972) ~[mysql-connector-j-8.0.32.jar:8.0.32]
	at com.parkit.parkingsystem.dao.TicketDAO.getTicket(TicketDAO.java:57) ~[classes/:?]
	at com.parkit.parkingsystem.service.ParkingService.processExitingVehicle(ParkingService.java:123) ~[classes/:?]
	at com.parkit.parkingsystem.integration.ParkingDataBaseIT.testParkingLotExit(ParkingDataBaseIT.java:69) ~[test-classes/:?]
	at sun.reflect.NativeMethodAccessorImpl.invoke0(Native Method) ~[?:1.8.0_352]
	at sun.reflect.NativeMethodAccessorImpl.invoke(NativeMethodAccessorImpl.java:62) ~[?:1.8.0_352]
	at sun.reflect.DelegatingMethodAccessorImpl.invoke(DelegatingMethodAccessorImpl.java:43) ~[?:1.8.0_352]
	at java.lang.reflect.Method.invoke(Method.java:498) ~[?:1.8.0_352]
	at org.junit.platform.commons.util.ReflectionUtils.invokeMethod(ReflectionUtils.java:725) ~[org.junit.platform.commons_1.8.1.v20211018-1956.jar:1.8.1]
	at org.junit.jupiter.engine.execution.MethodInvocation.proceed(MethodInvocation.java:60) ~[org.junit.jupiter.engine_5.8.1.v20211018-1956.jar:5.8.1]
	at org.junit.jupiter.engine.execution.InvocationInterceptorChain$ValidatingInvocation.proceed(InvocationInterceptorChain.java:131) ~[org.junit.jupiter.engine_5.8.1.v20211018-1956.jar:5.8.1]
	at org.junit.jupiter.engine.extension.TimeoutExtension.intercept(TimeoutExtension.java:149) ~[org.junit.jupiter.engine_5.8.1.v20211018-1956.jar:5.8.1]
	at org.junit.jupiter.engine.extension.TimeoutExtension.interceptTestableMethod(TimeoutExtension.java:140) ~[org.junit.jupiter.engine_5.8.1.v20211018-1956.jar:5.8.1]
	at org.junit.jupiter.engine.extension.TimeoutExtension.interceptTestMethod(TimeoutExtension.java:84) ~[org.junit.jupiter.engine_5.8.1.v20211018-1956.jar:5.8.1]
	at org.junit.jupiter.engine.execution.ExecutableInvoker$ReflectiveInterceptorCall.lambda$ofVoidMethod$0(ExecutableInvoker.java:115) ~[org.junit.jupiter.engine_5.8.1.v20211018-1956.jar:5.8.1]
	at org.junit.jupiter.engine.execution.ExecutableInvoker.lambda$invoke$0(ExecutableInvoker.java:105) ~[org.junit.jupiter.engine_5.8.1.v20211018-1956.jar:5.8.1]
	at org.junit.jupiter.engine.execution.InvocationInterceptorChain$InterceptedInvocation.proceed(InvocationInterceptorChain.java:106) ~[org.junit.jupiter.engine_5.8.1.v20211018-1956.jar:5.8.1]
	at org.junit.jupiter.engine.execution.InvocationInterceptorChain.proceed(InvocationInterceptorChain.java:64) ~[org.junit.jupiter.engine_5.8.1.v20211018-1956.jar:5.8.1]
	at org.junit.jupiter.engine.execution.InvocationInterceptorChain.chainAndInvoke(InvocationInterceptorChain.java:45) ~[org.junit.jupiter.engine_5.8.1.v20211018-1956.jar:5.8.1]
	at org.junit.jupiter.engine.execution.InvocationInterceptorChain.invoke(InvocationInterceptorChain.java:37) ~[org.junit.jupiter.engine_5.8.1.v20211018-1956.jar:5.8.1]
	at org.junit.jupiter.engine.execution.ExecutableInvoker.invoke(ExecutableInvoker.java:104) ~[org.junit.jupiter.engine_5.8.1.v20211018-1956.jar:5.8.1]
	at org.junit.jupiter.engine.execution.ExecutableInvoker.invoke(ExecutableInvoker.java:98) ~[org.junit.jupiter.engine_5.8.1.v20211018-1956.jar:5.8.1]
	at org.junit.jupiter.engine.descriptor.TestMethodTestDescriptor.lambda$invokeTestMethod$7(TestMethodTestDescriptor.java:214) ~[org.junit.jupiter.engine_5.8.1.v20211018-1956.jar:5.8.1]
	at org.junit.platform.engine.support.hierarchical.ThrowableCollector.execute(ThrowableCollector.java:73) ~[org.junit.platform.engine_1.8.1.v20211018-1956.jar:1.8.1]
	at org.junit.jupiter.engine.descriptor.TestMethodTestDescriptor.invokeTestMethod(TestMethodTestDescriptor.java:210) ~[org.junit.jupiter.engine_5.8.1.v20211018-1956.jar:5.8.1]
	at org.junit.jupiter.engine.descriptor.TestMethodTestDescriptor.execute(TestMethodTestDescriptor.java:135) ~[org.junit.jupiter.engine_5.8.1.v20211018-1956.jar:5.8.1]
	at org.junit.jupiter.engine.descriptor.TestMethodTestDescriptor.execute(TestMethodTestDescriptor.java:66) ~[org.junit.jupiter.engine_5.8.1.v20211018-1956.jar:5.8.1]
	at org.junit.platform.engine.support.hierarchical.NodeTestTask.lambda$executeRecursively$6(NodeTestTask.java:151) ~[org.junit.platform.engine_1.8.1.v20211018-1956.jar:1.8.1]
	at org.junit.platform.engine.support.hierarchical.ThrowableCollector.execute(ThrowableCollector.java:73) ~[org.junit.platform.engine_1.8.1.v20211018-1956.jar:1.8.1]
	at org.junit.platform.engine.support.hierarchical.NodeTestTask.lambda$executeRecursively$8(NodeTestTask.java:141) ~[org.junit.platform.engine_1.8.1.v20211018-1956.jar:1.8.1]
	at org.junit.platform.engine.support.hierarchical.Node.around(Node.java:137) ~[org.junit.platform.engine_1.8.1.v20211018-1956.jar:1.8.1]
	at org.junit.platform.engine.support.hierarchical.NodeTestTask.lambda$executeRecursively$9(NodeTestTask.java:139) ~[org.junit.platform.engine_1.8.1.v20211018-1956.jar:1.8.1]
	at org.junit.platform.engine.support.hierarchical.ThrowableCollector.execute(ThrowableCollector.java:73) ~[org.junit.platform.engine_1.8.1.v20211018-1956.jar:1.8.1]
	at org.junit.platform.engine.support.hierarchical.NodeTestTask.executeRecursively(NodeTestTask.java:138) ~[org.junit.platform.engine_1.8.1.v20211018-1956.jar:1.8.1]
	at org.junit.platform.engine.support.hierarchical.NodeTestTask.execute(NodeTestTask.java:95) ~[org.junit.platform.engine_1.8.1.v20211018-1956.jar:1.8.1]
	at java.util.ArrayList.forEach(ArrayList.java:1259) ~[?:1.8.0_352]
	at org.junit.platform.engine.support.hierarchical.SameThreadHierarchicalTestExecutorService.invokeAll(SameThreadHierarchicalTestExecutorService.java:41) ~[org.junit.platform.engine_1.8.1.v20211018-1956.jar:1.8.1]
	at org.junit.platform.engine.support.hierarchical.NodeTestTask.lambda$executeRecursively$6(NodeTestTask.java:155) ~[org.junit.platform.engine_1.8.1.v20211018-1956.jar:1.8.1]
	at org.junit.platform.engine.support.hierarchical.ThrowableCollector.execute(ThrowableCollector.java:73) ~[org.junit.platform.engine_1.8.1.v20211018-1956.jar:1.8.1]
	at org.junit.platform.engine.support.hierarchical.NodeTestTask.lambda$executeRecursively$8(NodeTestTask.java:141) ~[org.junit.platform.engine_1.8.1.v20211018-1956.jar:1.8.1]
	at org.junit.platform.engine.support.hierarchical.Node.around(Node.java:137) ~[org.junit.platform.engine_1.8.1.v20211018-1956.jar:1.8.1]
	at org.junit.platform.engine.support.hierarchical.NodeTestTask.lambda$executeRecursively$9(NodeTestTask.java:139) ~[org.junit.platform.engine_1.8.1.v20211018-1956.jar:1.8.1]
	at org.junit.platform.engine.support.hierarchical.ThrowableCollector.execute(ThrowableCollector.java:73) ~[org.junit.platform.engine_1.8.1.v20211018-1956.jar:1.8.1]
	at org.junit.platform.engine.support.hierarchical.NodeTestTask.executeRecursively(NodeTestTask.java:138) ~[org.junit.platform.engine_1.8.1.v20211018-1956.jar:1.8.1]
	at org.junit.platform.engine.support.hierarchical.NodeTestTask.execute(NodeTestTask.java:95) ~[org.junit.platform.engine_1.8.1.v20211018-1956.jar:1.8.1]
	at java.util.ArrayList.forEach(ArrayList.java:1259) ~[?:1.8.0_352]
	at org.junit.platform.engine.support.hierarchical.SameThreadHierarchicalTestExecutorService.invokeAll(SameThreadHierarchicalTestExecutorService.java:41) ~[org.junit.platform.engine_1.8.1.v20211018-1956.jar:1.8.1]
	at org.junit.platform.engine.support.hierarchical.NodeTestTask.lambda$executeRecursively$6(NodeTestTask.java:155) ~[org.junit.platform.engine_1.8.1.v20211018-1956.jar:1.8.1]
	at org.junit.platform.engine.support.hierarchical.ThrowableCollector.execute(ThrowableCollector.java:73) ~[org.junit.platform.engine_1.8.1.v20211018-1956.jar:1.8.1]
	at org.junit.platform.engine.support.hierarchical.NodeTestTask.lambda$executeRecursively$8(NodeTestTask.java:141) ~[org.junit.platform.engine_1.8.1.v20211018-1956.jar:1.8.1]
	at org.junit.platform.engine.support.hierarchical.Node.around(Node.java:137) ~[org.junit.platform.engine_1.8.1.v20211018-1956.jar:1.8.1]
	at org.junit.platform.engine.support.hierarchical.NodeTestTask.lambda$executeRecursively$9(NodeTestTask.java:139) ~[org.junit.platform.engine_1.8.1.v20211018-1956.jar:1.8.1]
	at org.junit.platform.engine.support.hierarchical.ThrowableCollector.execute(ThrowableCollector.java:73) ~[org.junit.platform.engine_1.8.1.v20211018-1956.jar:1.8.1]
	at org.junit.platform.engine.support.hierarchical.NodeTestTask.executeRecursively(NodeTestTask.java:138) ~[org.junit.platform.engine_1.8.1.v20211018-1956.jar:1.8.1]
	at org.junit.platform.engine.support.hierarchical.NodeTestTask.execute(NodeTestTask.java:95) ~[org.junit.platform.engine_1.8.1.v20211018-1956.jar:1.8.1]
	at org.junit.platform.engine.support.hierarchical.SameThreadHierarchicalTestExecutorService.submit(SameThreadHierarchicalTestExecutorService.java:35) ~[org.junit.platform.engine_1.8.1.v20211018-1956.jar:1.8.1]
	at org.junit.platform.engine.support.hierarchical.HierarchicalTestExecutor.execute(HierarchicalTestExecutor.java:57) ~[org.junit.platform.engine_1.8.1.v20211018-1956.jar:1.8.1]
	at org.junit.platform.engine.support.hierarchical.HierarchicalTestEngine.execute(HierarchicalTestEngine.java:54) ~[org.junit.platform.engine_1.8.1.v20211018-1956.jar:1.8.1]
	at org.junit.platform.launcher.core.EngineExecutionOrchestrator.execute(EngineExecutionOrchestrator.java:107) ~[org.junit.platform.launcher_1.8.1.v20211018-1956.jar:1.8.1]
	at org.junit.platform.launcher.core.EngineExecutionOrchestrator.execute(EngineExecutionOrchestrator.java:88) ~[org.junit.platform.launcher_1.8.1.v20211018-1956.jar:1.8.1]
	at org.junit.platform.launcher.core.EngineExecutionOrchestrator.lambda$execute$0(EngineExecutionOrchestrator.java:54) ~[org.junit.platform.launcher_1.8.1.v20211018-1956.jar:1.8.1]
	at org.junit.platform.launcher.core.EngineExecutionOrchestrator.withInterceptedStreams(EngineExecutionOrchestrator.java:67) [org.junit.platform.launcher_1.8.1.v20211018-1956.jar:1.8.1]
	at org.junit.platform.launcher.core.EngineExecutionOrchestrator.execute(EngineExecutionOrchestrator.java:52) [org.junit.platform.launcher_1.8.1.v20211018-1956.jar:1.8.1]
	at org.junit.platform.launcher.core.DefaultLauncher.execute(DefaultLauncher.java:114) [org.junit.platform.launcher_1.8.1.v20211018-1956.jar:1.8.1]
	at org.junit.platform.launcher.core.DefaultLauncher.execute(DefaultLauncher.java:95) [org.junit.platform.launcher_1.8.1.v20211018-1956.jar:1.8.1]
	at org.junit.platform.launcher.core.DefaultLauncherSession$DelegatingLauncher.execute(DefaultLauncherSession.java:91) [org.junit.platform.launcher_1.8.1.v20211018-1956.jar:1.8.1]
	at org.junit.platform.launcher.core.SessionPerRequestLauncher.execute(SessionPerRequestLauncher.java:60) [org.junit.platform.launcher_1.8.1.v20211018-1956.jar:1.8.1]
	at org.eclipse.jdt.internal.junit5.runner.JUnit5TestReference.run(JUnit5TestReference.java:98) [.cp/:?]
	at org.eclipse.jdt.internal.junit.runner.TestExecution.run(TestExecution.java:40) [.cp/:?]
	at org.eclipse.jdt.internal.junit.runner.RemoteTestRunner.runTests(RemoteTestRunner.java:529) [.cp/:?]
	at org.eclipse.jdt.internal.junit.runner.RemoteTestRunner.runTests(RemoteTestRunner.java:756) [.cp/:?]
	at org.eclipse.jdt.internal.junit.runner.RemoteTestRunner.run(RemoteTestRunner.java:452) [.cp/:?]
	at org.eclipse.jdt.internal.junit.runner.RemoteTestRunner.main(RemoteTestRunner.java:210) [.cp/:?]
2023-02-15 02:34:22.335 [main] INFO  DataBaseTestConfig - Closing DB connection
2023-02-15 02:34:22.336 [main] ERROR ParkingService - Unable to process exiting vehicle
java.lang.NullPointerException: null
	at com.parkit.parkingsystem.service.ParkingService.processExitingVehicle(ParkingService.java:125) ~[classes/:?]
	at com.parkit.parkingsystem.integration.ParkingDataBaseIT.testParkingLotExit(ParkingDataBaseIT.java:69) ~[test-classes/:?]
	at sun.reflect.NativeMethodAccessorImpl.invoke0(Native Method) ~[?:1.8.0_352]
	at sun.reflect.NativeMethodAccessorImpl.invoke(NativeMethodAccessorImpl.java:62) ~[?:1.8.0_352]
	at sun.reflect.DelegatingMethodAccessorImpl.invoke(DelegatingMethodAccessorImpl.java:43) ~[?:1.8.0_352]
	at java.lang.reflect.Method.invoke(Method.java:498) ~[?:1.8.0_352]
	at org.junit.platform.commons.util.ReflectionUtils.invokeMethod(ReflectionUtils.java:725) ~[org.junit.platform.commons_1.8.1.v20211018-1956.jar:1.8.1]
	at org.junit.jupiter.engine.execution.MethodInvocation.proceed(MethodInvocation.java:60) ~[org.junit.jupiter.engine_5.8.1.v20211018-1956.jar:5.8.1]
	at org.junit.jupiter.engine.execution.InvocationInterceptorChain$ValidatingInvocation.proceed(InvocationInterceptorChain.java:131) ~[org.junit.jupiter.engine_5.8.1.v20211018-1956.jar:5.8.1]
	at org.junit.jupiter.engine.extension.TimeoutExtension.intercept(TimeoutExtension.java:149) ~[org.junit.jupiter.engine_5.8.1.v20211018-1956.jar:5.8.1]
	at org.junit.jupiter.engine.extension.TimeoutExtension.interceptTestableMethod(TimeoutExtension.java:140) ~[org.junit.jupiter.engine_5.8.1.v20211018-1956.jar:5.8.1]
	at org.junit.jupiter.engine.extension.TimeoutExtension.interceptTestMethod(TimeoutExtension.java:84) ~[org.junit.jupiter.engine_5.8.1.v20211018-1956.jar:5.8.1]
	at org.junit.jupiter.engine.execution.ExecutableInvoker$ReflectiveInterceptorCall.lambda$ofVoidMethod$0(ExecutableInvoker.java:115) ~[org.junit.jupiter.engine_5.8.1.v20211018-1956.jar:5.8.1]
	at org.junit.jupiter.engine.execution.ExecutableInvoker.lambda$invoke$0(ExecutableInvoker.java:105) ~[org.junit.jupiter.engine_5.8.1.v20211018-1956.jar:5.8.1]
	at org.junit.jupiter.engine.execution.InvocationInterceptorChain$InterceptedInvocation.proceed(InvocationInterceptorChain.java:106) ~[org.junit.jupiter.engine_5.8.1.v20211018-1956.jar:5.8.1]
	at org.junit.jupiter.engine.execution.InvocationInterceptorChain.proceed(InvocationInterceptorChain.java:64) ~[org.junit.jupiter.engine_5.8.1.v20211018-1956.jar:5.8.1]
	at org.junit.jupiter.engine.execution.InvocationInterceptorChain.chainAndInvoke(InvocationInterceptorChain.java:45) ~[org.junit.jupiter.engine_5.8.1.v20211018-1956.jar:5.8.1]
	at org.junit.jupiter.engine.execution.InvocationInterceptorChain.invoke(InvocationInterceptorChain.java:37) ~[org.junit.jupiter.engine_5.8.1.v20211018-1956.jar:5.8.1]
	at org.junit.jupiter.engine.execution.ExecutableInvoker.invoke(ExecutableInvoker.java:104) ~[org.junit.jupiter.engine_5.8.1.v20211018-1956.jar:5.8.1]
	at org.junit.jupiter.engine.execution.ExecutableInvoker.invoke(ExecutableInvoker.java:98) ~[org.junit.jupiter.engine_5.8.1.v20211018-1956.jar:5.8.1]
	at org.junit.jupiter.engine.descriptor.TestMethodTestDescriptor.lambda$invokeTestMethod$7(TestMethodTestDescriptor.java:214) ~[org.junit.jupiter.engine_5.8.1.v20211018-1956.jar:5.8.1]
	at org.junit.platform.engine.support.hierarchical.ThrowableCollector.execute(ThrowableCollector.java:73) ~[org.junit.platform.engine_1.8.1.v20211018-1956.jar:1.8.1]
	at org.junit.jupiter.engine.descriptor.TestMethodTestDescriptor.invokeTestMethod(TestMethodTestDescriptor.java:210) ~[org.junit.jupiter.engine_5.8.1.v20211018-1956.jar:5.8.1]
	at org.junit.jupiter.engine.descriptor.TestMethodTestDescriptor.execute(TestMethodTestDescriptor.java:135) ~[org.junit.jupiter.engine_5.8.1.v20211018-1956.jar:5.8.1]
	at org.junit.jupiter.engine.descriptor.TestMethodTestDescriptor.execute(TestMethodTestDescriptor.java:66) ~[org.junit.jupiter.engine_5.8.1.v20211018-1956.jar:5.8.1]
	at org.junit.platform.engine.support.hierarchical.NodeTestTask.lambda$executeRecursively$6(NodeTestTask.java:151) ~[org.junit.platform.engine_1.8.1.v20211018-1956.jar:1.8.1]
	at org.junit.platform.engine.support.hierarchical.ThrowableCollector.execute(ThrowableCollector.java:73) ~[org.junit.platform.engine_1.8.1.v20211018-1956.jar:1.8.1]
	at org.junit.platform.engine.support.hierarchical.NodeTestTask.lambda$executeRecursively$8(NodeTestTask.java:141) ~[org.junit.platform.engine_1.8.1.v20211018-1956.jar:1.8.1]
	at org.junit.platform.engine.support.hierarchical.Node.around(Node.java:137) ~[org.junit.platform.engine_1.8.1.v20211018-1956.jar:1.8.1]
	at org.junit.platform.engine.support.hierarchical.NodeTestTask.lambda$executeRecursively$9(NodeTestTask.java:139) ~[org.junit.platform.engine_1.8.1.v20211018-1956.jar:1.8.1]
	at org.junit.platform.engine.support.hierarchical.ThrowableCollector.execute(ThrowableCollector.java:73) ~[org.junit.platform.engine_1.8.1.v20211018-1956.jar:1.8.1]
	at org.junit.platform.engine.support.hierarchical.NodeTestTask.executeRecursively(NodeTestTask.java:138) ~[org.junit.platform.engine_1.8.1.v20211018-1956.jar:1.8.1]
	at org.junit.platform.engine.support.hierarchical.NodeTestTask.execute(NodeTestTask.java:95) ~[org.junit.platform.engine_1.8.1.v20211018-1956.jar:1.8.1]
	at java.util.ArrayList.forEach(ArrayList.java:1259) ~[?:1.8.0_352]
	at org.junit.platform.engine.support.hierarchical.SameThreadHierarchicalTestExecutorService.invokeAll(SameThreadHierarchicalTestExecutorService.java:41) ~[org.junit.platform.engine_1.8.1.v20211018-1956.jar:1.8.1]
	at org.junit.platform.engine.support.hierarchical.NodeTestTask.lambda$executeRecursively$6(NodeTestTask.java:155) ~[org.junit.platform.engine_1.8.1.v20211018-1956.jar:1.8.1]
	at org.junit.platform.engine.support.hierarchical.ThrowableCollector.execute(ThrowableCollector.java:73) ~[org.junit.platform.engine_1.8.1.v20211018-1956.jar:1.8.1]
	at org.junit.platform.engine.support.hierarchical.NodeTestTask.lambda$executeRecursively$8(NodeTestTask.java:141) ~[org.junit.platform.engine_1.8.1.v20211018-1956.jar:1.8.1]
	at org.junit.platform.engine.support.hierarchical.Node.around(Node.java:137) ~[org.junit.platform.engine_1.8.1.v20211018-1956.jar:1.8.1]
	at org.junit.platform.engine.support.hierarchical.NodeTestTask.lambda$executeRecursively$9(NodeTestTask.java:139) ~[org.junit.platform.engine_1.8.1.v20211018-1956.jar:1.8.1]
	at org.junit.platform.engine.support.hierarchical.ThrowableCollector.execute(ThrowableCollector.java:73) ~[org.junit.platform.engine_1.8.1.v20211018-1956.jar:1.8.1]
	at org.junit.platform.engine.support.hierarchical.NodeTestTask.executeRecursively(NodeTestTask.java:138) ~[org.junit.platform.engine_1.8.1.v20211018-1956.jar:1.8.1]
	at org.junit.platform.engine.support.hierarchical.NodeTestTask.execute(NodeTestTask.java:95) ~[org.junit.platform.engine_1.8.1.v20211018-1956.jar:1.8.1]
	at java.util.ArrayList.forEach(ArrayList.java:1259) ~[?:1.8.0_352]
	at org.junit.platform.engine.support.hierarchical.SameThreadHierarchicalTestExecutorService.invokeAll(SameThreadHierarchicalTestExecutorService.java:41) ~[org.junit.platform.engine_1.8.1.v20211018-1956.jar:1.8.1]
	at org.junit.platform.engine.support.hierarchical.NodeTestTask.lambda$executeRecursively$6(NodeTestTask.java:155) ~[org.junit.platform.engine_1.8.1.v20211018-1956.jar:1.8.1]
	at org.junit.platform.engine.support.hierarchical.ThrowableCollector.execute(ThrowableCollector.java:73) ~[org.junit.platform.engine_1.8.1.v20211018-1956.jar:1.8.1]
	at org.junit.platform.engine.support.hierarchical.NodeTestTask.lambda$executeRecursively$8(NodeTestTask.java:141) ~[org.junit.platform.engine_1.8.1.v20211018-1956.jar:1.8.1]
	at org.junit.platform.engine.support.hierarchical.Node.around(Node.java:137) ~[org.junit.platform.engine_1.8.1.v20211018-1956.jar:1.8.1]
	at org.junit.platform.engine.support.hierarchical.NodeTestTask.lambda$executeRecursively$9(NodeTestTask.java:139) ~[org.junit.platform.engine_1.8.1.v20211018-1956.jar:1.8.1]
	at org.junit.platform.engine.support.hierarchical.ThrowableCollector.execute(ThrowableCollector.java:73) ~[org.junit.platform.engine_1.8.1.v20211018-1956.jar:1.8.1]
	at org.junit.platform.engine.support.hierarchical.NodeTestTask.executeRecursively(NodeTestTask.java:138) ~[org.junit.platform.engine_1.8.1.v20211018-1956.jar:1.8.1]
	at org.junit.platform.engine.support.hierarchical.NodeTestTask.execute(NodeTestTask.java:95) ~[org.junit.platform.engine_1.8.1.v20211018-1956.jar:1.8.1]
	at org.junit.platform.engine.support.hierarchical.SameThreadHierarchicalTestExecutorService.submit(SameThreadHierarchicalTestExecutorService.java:35) ~[org.junit.platform.engine_1.8.1.v20211018-1956.jar:1.8.1]
	at org.junit.platform.engine.support.hierarchical.HierarchicalTestExecutor.execute(HierarchicalTestExecutor.java:57) ~[org.junit.platform.engine_1.8.1.v20211018-1956.jar:1.8.1]
	at org.junit.platform.engine.support.hierarchical.HierarchicalTestEngine.execute(HierarchicalTestEngine.java:54) ~[org.junit.platform.engine_1.8.1.v20211018-1956.jar:1.8.1]
	at org.junit.platform.launcher.core.EngineExecutionOrchestrator.execute(EngineExecutionOrchestrator.java:107) ~[org.junit.platform.launcher_1.8.1.v20211018-1956.jar:1.8.1]
	at org.junit.platform.launcher.core.EngineExecutionOrchestrator.execute(EngineExecutionOrchestrator.java:88) ~[org.junit.platform.launcher_1.8.1.v20211018-1956.jar:1.8.1]
	at org.junit.platform.launcher.core.EngineExecutionOrchestrator.lambda$execute$0(EngineExecutionOrchestrator.java:54) ~[org.junit.platform.launcher_1.8.1.v20211018-1956.jar:1.8.1]
	at org.junit.platform.launcher.core.EngineExecutionOrchestrator.withInterceptedStreams(EngineExecutionOrchestrator.java:67) [org.junit.platform.launcher_1.8.1.v20211018-1956.jar:1.8.1]
	at org.junit.platform.launcher.core.EngineExecutionOrchestrator.execute(EngineExecutionOrchestrator.java:52) [org.junit.platform.launcher_1.8.1.v20211018-1956.jar:1.8.1]
	at org.junit.platform.launcher.core.DefaultLauncher.execute(DefaultLauncher.java:114) [org.junit.platform.launcher_1.8.1.v20211018-1956.jar:1.8.1]
	at org.junit.platform.launcher.core.DefaultLauncher.execute(DefaultLauncher.java:95) [org.junit.platform.launcher_1.8.1.v20211018-1956.jar:1.8.1]
	at org.junit.platform.launcher.core.DefaultLauncherSession$DelegatingLauncher.execute(DefaultLauncherSession.java:91) [org.junit.platform.launcher_1.8.1.v20211018-1956.jar:1.8.1]
	at org.junit.platform.launcher.core.SessionPerRequestLauncher.execute(SessionPerRequestLauncher.java:60) [org.junit.platform.launcher_1.8.1.v20211018-1956.jar:1.8.1]
	at org.eclipse.jdt.internal.junit5.runner.JUnit5TestReference.run(JUnit5TestReference.java:98) [.cp/:?]
	at org.eclipse.jdt.internal.junit.runner.TestExecution.run(TestExecution.java:40) [.cp/:?]
	at org.eclipse.jdt.internal.junit.runner.RemoteTestRunner.runTests(RemoteTestRunner.java:529) [.cp/:?]
	at org.eclipse.jdt.internal.junit.runner.RemoteTestRunner.runTests(RemoteTestRunner.java:756) [.cp/:?]
	at org.eclipse.jdt.internal.junit.runner.RemoteTestRunner.run(RemoteTestRunner.java:452) [.cp/:?]
	at org.eclipse.jdt.internal.junit.runner.RemoteTestRunner.main(RemoteTestRunner.java:210) [.cp/:?]
2023-02-15 02:34:22.336 [main] INFO  DataBaseTestConfig - Create DB connection
2023-02-15 02:34:22.349 [main] ERROR TicketDAO - Error fetching next available slot
java.sql.SQLSyntaxErrorException: You have an error in your SQL syntax; check the manual that corresponds to your MySQL server version for the right syntax to use near 'ORDER BY t.IN_TIME DESC limit 1' at line 1
	at com.mysql.cj.jdbc.exceptions.SQLError.createSQLException(SQLError.java:120) ~[mysql-connector-j-8.0.32.jar:8.0.32]
	at com.mysql.cj.jdbc.exceptions.SQLExceptionsMapping.translateException(SQLExceptionsMapping.java:122) ~[mysql-connector-j-8.0.32.jar:8.0.32]
	at com.mysql.cj.jdbc.ClientPreparedStatement.executeInternal(ClientPreparedStatement.java:916) ~[mysql-connector-j-8.0.32.jar:8.0.32]
	at com.mysql.cj.jdbc.ClientPreparedStatement.executeQuery(ClientPreparedStatement.java:972) ~[mysql-connector-j-8.0.32.jar:8.0.32]
	at com.parkit.parkingsystem.dao.TicketDAO.getTicket(TicketDAO.java:57) ~[classes/:?]
	at com.parkit.parkingsystem.integration.ParkingDataBaseIT.testParkingLotExit(ParkingDataBaseIT.java:70) ~[test-classes/:?]
	at sun.reflect.NativeMethodAccessorImpl.invoke0(Native Method) ~[?:1.8.0_352]
	at sun.reflect.NativeMethodAccessorImpl.invoke(NativeMethodAccessorImpl.java:62) ~[?:1.8.0_352]
	at sun.reflect.DelegatingMethodAccessorImpl.invoke(DelegatingMethodAccessorImpl.java:43) ~[?:1.8.0_352]
	at java.lang.reflect.Method.invoke(Method.java:498) ~[?:1.8.0_352]
	at org.junit.platform.commons.util.ReflectionUtils.invokeMethod(ReflectionUtils.java:725) ~[org.junit.platform.commons_1.8.1.v20211018-1956.jar:1.8.1]
	at org.junit.jupiter.engine.execution.MethodInvocation.proceed(MethodInvocation.java:60) ~[org.junit.jupiter.engine_5.8.1.v20211018-1956.jar:5.8.1]
	at org.junit.jupiter.engine.execution.InvocationInterceptorChain$ValidatingInvocation.proceed(InvocationInterceptorChain.java:131) ~[org.junit.jupiter.engine_5.8.1.v20211018-1956.jar:5.8.1]
	at org.junit.jupiter.engine.extension.TimeoutExtension.intercept(TimeoutExtension.java:149) ~[org.junit.jupiter.engine_5.8.1.v20211018-1956.jar:5.8.1]
	at org.junit.jupiter.engine.extension.TimeoutExtension.interceptTestableMethod(TimeoutExtension.java:140) ~[org.junit.jupiter.engine_5.8.1.v20211018-1956.jar:5.8.1]
	at org.junit.jupiter.engine.extension.TimeoutExtension.interceptTestMethod(TimeoutExtension.java:84) ~[org.junit.jupiter.engine_5.8.1.v20211018-1956.jar:5.8.1]
	at org.junit.jupiter.engine.execution.ExecutableInvoker$ReflectiveInterceptorCall.lambda$ofVoidMethod$0(ExecutableInvoker.java:115) ~[org.junit.jupiter.engine_5.8.1.v20211018-1956.jar:5.8.1]
	at org.junit.jupiter.engine.execution.ExecutableInvoker.lambda$invoke$0(ExecutableInvoker.java:105) ~[org.junit.jupiter.engine_5.8.1.v20211018-1956.jar:5.8.1]
	at org.junit.jupiter.engine.execution.InvocationInterceptorChain$InterceptedInvocation.proceed(InvocationInterceptorChain.java:106) ~[org.junit.jupiter.engine_5.8.1.v20211018-1956.jar:5.8.1]
	at org.junit.jupiter.engine.execution.InvocationInterceptorChain.proceed(InvocationInterceptorChain.java:64) ~[org.junit.jupiter.engine_5.8.1.v20211018-1956.jar:5.8.1]
	at org.junit.jupiter.engine.execution.InvocationInterceptorChain.chainAndInvoke(InvocationInterceptorChain.java:45) ~[org.junit.jupiter.engine_5.8.1.v20211018-1956.jar:5.8.1]
	at org.junit.jupiter.engine.execution.InvocationInterceptorChain.invoke(InvocationInterceptorChain.java:37) ~[org.junit.jupiter.engine_5.8.1.v20211018-1956.jar:5.8.1]
	at org.junit.jupiter.engine.execution.ExecutableInvoker.invoke(ExecutableInvoker.java:104) ~[org.junit.jupiter.engine_5.8.1.v20211018-1956.jar:5.8.1]
	at org.junit.jupiter.engine.execution.ExecutableInvoker.invoke(ExecutableInvoker.java:98) ~[org.junit.jupiter.engine_5.8.1.v20211018-1956.jar:5.8.1]
	at org.junit.jupiter.engine.descriptor.TestMethodTestDescriptor.lambda$invokeTestMethod$7(TestMethodTestDescriptor.java:214) ~[org.junit.jupiter.engine_5.8.1.v20211018-1956.jar:5.8.1]
	at org.junit.platform.engine.support.hierarchical.ThrowableCollector.execute(ThrowableCollector.java:73) ~[org.junit.platform.engine_1.8.1.v20211018-1956.jar:1.8.1]
	at org.junit.jupiter.engine.descriptor.TestMethodTestDescriptor.invokeTestMethod(TestMethodTestDescriptor.java:210) ~[org.junit.jupiter.engine_5.8.1.v20211018-1956.jar:5.8.1]
	at org.junit.jupiter.engine.descriptor.TestMethodTestDescriptor.execute(TestMethodTestDescriptor.java:135) ~[org.junit.jupiter.engine_5.8.1.v20211018-1956.jar:5.8.1]
	at org.junit.jupiter.engine.descriptor.TestMethodTestDescriptor.execute(TestMethodTestDescriptor.java:66) ~[org.junit.jupiter.engine_5.8.1.v20211018-1956.jar:5.8.1]
	at org.junit.platform.engine.support.hierarchical.NodeTestTask.lambda$executeRecursively$6(NodeTestTask.java:151) ~[org.junit.platform.engine_1.8.1.v20211018-1956.jar:1.8.1]
	at org.junit.platform.engine.support.hierarchical.ThrowableCollector.execute(ThrowableCollector.java:73) ~[org.junit.platform.engine_1.8.1.v20211018-1956.jar:1.8.1]
	at org.junit.platform.engine.support.hierarchical.NodeTestTask.lambda$executeRecursively$8(NodeTestTask.java:141) ~[org.junit.platform.engine_1.8.1.v20211018-1956.jar:1.8.1]
	at org.junit.platform.engine.support.hierarchical.Node.around(Node.java:137) ~[org.junit.platform.engine_1.8.1.v20211018-1956.jar:1.8.1]
	at org.junit.platform.engine.support.hierarchical.NodeTestTask.lambda$executeRecursively$9(NodeTestTask.java:139) ~[org.junit.platform.engine_1.8.1.v20211018-1956.jar:1.8.1]
	at org.junit.platform.engine.support.hierarchical.ThrowableCollector.execute(ThrowableCollector.java:73) ~[org.junit.platform.engine_1.8.1.v20211018-1956.jar:1.8.1]
	at org.junit.platform.engine.support.hierarchical.NodeTestTask.executeRecursively(NodeTestTask.java:138) ~[org.junit.platform.engine_1.8.1.v20211018-1956.jar:1.8.1]
	at org.junit.platform.engine.support.hierarchical.NodeTestTask.execute(NodeTestTask.java:95) ~[org.junit.platform.engine_1.8.1.v20211018-1956.jar:1.8.1]
	at java.util.ArrayList.forEach(ArrayList.java:1259) ~[?:1.8.0_352]
	at org.junit.platform.engine.support.hierarchical.SameThreadHierarchicalTestExecutorService.invokeAll(SameThreadHierarchicalTestExecutorService.java:41) ~[org.junit.platform.engine_1.8.1.v20211018-1956.jar:1.8.1]
	at org.junit.platform.engine.support.hierarchical.NodeTestTask.lambda$executeRecursively$6(NodeTestTask.java:155) ~[org.junit.platform.engine_1.8.1.v20211018-1956.jar:1.8.1]
	at org.junit.platform.engine.support.hierarchical.ThrowableCollector.execute(ThrowableCollector.java:73) ~[org.junit.platform.engine_1.8.1.v20211018-1956.jar:1.8.1]
	at org.junit.platform.engine.support.hierarchical.NodeTestTask.lambda$executeRecursively$8(NodeTestTask.java:141) ~[org.junit.platform.engine_1.8.1.v20211018-1956.jar:1.8.1]
	at org.junit.platform.engine.support.hierarchical.Node.around(Node.java:137) ~[org.junit.platform.engine_1.8.1.v20211018-1956.jar:1.8.1]
	at org.junit.platform.engine.support.hierarchical.NodeTestTask.lambda$executeRecursively$9(NodeTestTask.java:139) ~[org.junit.platform.engine_1.8.1.v20211018-1956.jar:1.8.1]
	at org.junit.platform.engine.support.hierarchical.ThrowableCollector.execute(ThrowableCollector.java:73) ~[org.junit.platform.engine_1.8.1.v20211018-1956.jar:1.8.1]
	at org.junit.platform.engine.support.hierarchical.NodeTestTask.executeRecursively(NodeTestTask.java:138) ~[org.junit.platform.engine_1.8.1.v20211018-1956.jar:1.8.1]
	at org.junit.platform.engine.support.hierarchical.NodeTestTask.execute(NodeTestTask.java:95) ~[org.junit.platform.engine_1.8.1.v20211018-1956.jar:1.8.1]
	at java.util.ArrayList.forEach(ArrayList.java:1259) ~[?:1.8.0_352]
	at org.junit.platform.engine.support.hierarchical.SameThreadHierarchicalTestExecutorService.invokeAll(SameThreadHierarchicalTestExecutorService.java:41) ~[org.junit.platform.engine_1.8.1.v20211018-1956.jar:1.8.1]
	at org.junit.platform.engine.support.hierarchical.NodeTestTask.lambda$executeRecursively$6(NodeTestTask.java:155) ~[org.junit.platform.engine_1.8.1.v20211018-1956.jar:1.8.1]
	at org.junit.platform.engine.support.hierarchical.ThrowableCollector.execute(ThrowableCollector.java:73) ~[org.junit.platform.engine_1.8.1.v20211018-1956.jar:1.8.1]
	at org.junit.platform.engine.support.hierarchical.NodeTestTask.lambda$executeRecursively$8(NodeTestTask.java:141) ~[org.junit.platform.engine_1.8.1.v20211018-1956.jar:1.8.1]
	at org.junit.platform.engine.support.hierarchical.Node.around(Node.java:137) ~[org.junit.platform.engine_1.8.1.v20211018-1956.jar:1.8.1]
	at org.junit.platform.engine.support.hierarchical.NodeTestTask.lambda$executeRecursively$9(NodeTestTask.java:139) ~[org.junit.platform.engine_1.8.1.v20211018-1956.jar:1.8.1]
	at org.junit.platform.engine.support.hierarchical.ThrowableCollector.execute(ThrowableCollector.java:73) ~[org.junit.platform.engine_1.8.1.v20211018-1956.jar:1.8.1]
	at org.junit.platform.engine.support.hierarchical.NodeTestTask.executeRecursively(NodeTestTask.java:138) ~[org.junit.platform.engine_1.8.1.v20211018-1956.jar:1.8.1]
	at org.junit.platform.engine.support.hierarchical.NodeTestTask.execute(NodeTestTask.java:95) ~[org.junit.platform.engine_1.8.1.v20211018-1956.jar:1.8.1]
	at org.junit.platform.engine.support.hierarchical.SameThreadHierarchicalTestExecutorService.submit(SameThreadHierarchicalTestExecutorService.java:35) ~[org.junit.platform.engine_1.8.1.v20211018-1956.jar:1.8.1]
	at org.junit.platform.engine.support.hierarchical.HierarchicalTestExecutor.execute(HierarchicalTestExecutor.java:57) ~[org.junit.platform.engine_1.8.1.v20211018-1956.jar:1.8.1]
	at org.junit.platform.engine.support.hierarchical.HierarchicalTestEngine.execute(HierarchicalTestEngine.java:54) ~[org.junit.platform.engine_1.8.1.v20211018-1956.jar:1.8.1]
	at org.junit.platform.launcher.core.EngineExecutionOrchestrator.execute(EngineExecutionOrchestrator.java:107) ~[org.junit.platform.launcher_1.8.1.v20211018-1956.jar:1.8.1]
	at org.junit.platform.launcher.core.EngineExecutionOrchestrator.execute(EngineExecutionOrchestrator.java:88) ~[org.junit.platform.launcher_1.8.1.v20211018-1956.jar:1.8.1]
	at org.junit.platform.launcher.core.EngineExecutionOrchestrator.lambda$execute$0(EngineExecutionOrchestrator.java:54) ~[org.junit.platform.launcher_1.8.1.v20211018-1956.jar:1.8.1]
	at org.junit.platform.launcher.core.EngineExecutionOrchestrator.withInterceptedStreams(EngineExecutionOrchestrator.java:67) [org.junit.platform.launcher_1.8.1.v20211018-1956.jar:1.8.1]
	at org.junit.platform.launcher.core.EngineExecutionOrchestrator.execute(EngineExecutionOrchestrator.java:52) [org.junit.platform.launcher_1.8.1.v20211018-1956.jar:1.8.1]
	at org.junit.platform.launcher.core.DefaultLauncher.execute(DefaultLauncher.java:114) [org.junit.platform.launcher_1.8.1.v20211018-1956.jar:1.8.1]
	at org.junit.platform.launcher.core.DefaultLauncher.execute(DefaultLauncher.java:95) [org.junit.platform.launcher_1.8.1.v20211018-1956.jar:1.8.1]
	at org.junit.platform.launcher.core.DefaultLauncherSession$DelegatingLauncher.execute(DefaultLauncherSession.java:91) [org.junit.platform.launcher_1.8.1.v20211018-1956.jar:1.8.1]
	at org.junit.platform.launcher.core.SessionPerRequestLauncher.execute(SessionPerRequestLauncher.java:60) [org.junit.platform.launcher_1.8.1.v20211018-1956.jar:1.8.1]
	at org.eclipse.jdt.internal.junit5.runner.JUnit5TestReference.run(JUnit5TestReference.java:98) [.cp/:?]
	at org.eclipse.jdt.internal.junit.runner.TestExecution.run(TestExecution.java:40) [.cp/:?]
	at org.eclipse.jdt.internal.junit.runner.RemoteTestRunner.runTests(RemoteTestRunner.java:529) [.cp/:?]
	at org.eclipse.jdt.internal.junit.runner.RemoteTestRunner.runTests(RemoteTestRunner.java:756) [.cp/:?]
	at org.eclipse.jdt.internal.junit.runner.RemoteTestRunner.run(RemoteTestRunner.java:452) [.cp/:?]
	at org.eclipse.jdt.internal.junit.runner.RemoteTestRunner.main(RemoteTestRunner.java:210) [.cp/:?]
2023-02-15 02:34:22.350 [main] INFO  DataBaseTestConfig - Closing DB connection
2023-02-15 02:34:22.356 [main] INFO  DataBaseTestConfig - Create DB connection
2023-02-15 02:34:22.388 [main] INFO  DataBaseTestConfig - Closing DB connection
2023-02-15 02:34:22.389 [main] INFO  DataBaseTestConfig - Create DB connection
2023-02-15 02:34:22.397 [main] INFO  DataBaseTestConfig - Closing Result Set
2023-02-15 02:34:22.397 [main] INFO  DataBaseTestConfig - Closing Prepared Statement
2023-02-15 02:34:22.398 [main] INFO  DataBaseTestConfig - Closing DB connection
2023-02-15 02:34:22.398 [main] INFO  DataBaseTestConfig - Create DB connection
2023-02-15 02:34:22.408 [main] INFO  DataBaseTestConfig - Closing Prepared Statement
2023-02-15 02:34:22.408 [main] INFO  DataBaseTestConfig - Closing DB connection
2023-02-15 02:34:22.408 [main] INFO  DataBaseTestConfig - Create DB connection
2023-02-15 02:34:22.416 [main] ERROR TicketDAO - Error fetching next available slot
java.sql.SQLSyntaxErrorException: You have an error in your SQL syntax; check the manual that corresponds to your MySQL server version for the right syntax to use near 'ORDER BY t.IN_TIME DESC limit 1' at line 1
	at com.mysql.cj.jdbc.exceptions.SQLError.createSQLException(SQLError.java:120) ~[mysql-connector-j-8.0.32.jar:8.0.32]
	at com.mysql.cj.jdbc.exceptions.SQLExceptionsMapping.translateException(SQLExceptionsMapping.java:122) ~[mysql-connector-j-8.0.32.jar:8.0.32]
	at com.mysql.cj.jdbc.ClientPreparedStatement.executeInternal(ClientPreparedStatement.java:916) ~[mysql-connector-j-8.0.32.jar:8.0.32]
	at com.mysql.cj.jdbc.ClientPreparedStatement.executeQuery(ClientPreparedStatement.java:972) ~[mysql-connector-j-8.0.32.jar:8.0.32]
	at com.parkit.parkingsystem.dao.TicketDAO.getTicket(TicketDAO.java:57) ~[classes/:?]
	at com.parkit.parkingsystem.service.ParkingService.verifyExistingVehicle(ParkingService.java:32) ~[classes/:?]
	at com.parkit.parkingsystem.service.ParkingService.processIncomingVehicle(ParkingService.java:55) ~[classes/:?]
	at com.parkit.parkingsystem.integration.ParkingDataBaseIT.testParkingACar(ParkingDataBaseIT.java:57) ~[test-classes/:?]
	at sun.reflect.NativeMethodAccessorImpl.invoke0(Native Method) ~[?:1.8.0_352]
	at sun.reflect.NativeMethodAccessorImpl.invoke(NativeMethodAccessorImpl.java:62) ~[?:1.8.0_352]
	at sun.reflect.DelegatingMethodAccessorImpl.invoke(DelegatingMethodAccessorImpl.java:43) ~[?:1.8.0_352]
	at java.lang.reflect.Method.invoke(Method.java:498) ~[?:1.8.0_352]
	at org.junit.platform.commons.util.ReflectionUtils.invokeMethod(ReflectionUtils.java:725) ~[org.junit.platform.commons_1.8.1.v20211018-1956.jar:1.8.1]
	at org.junit.jupiter.engine.execution.MethodInvocation.proceed(MethodInvocation.java:60) ~[org.junit.jupiter.engine_5.8.1.v20211018-1956.jar:5.8.1]
	at org.junit.jupiter.engine.execution.InvocationInterceptorChain$ValidatingInvocation.proceed(InvocationInterceptorChain.java:131) ~[org.junit.jupiter.engine_5.8.1.v20211018-1956.jar:5.8.1]
	at org.junit.jupiter.engine.extension.TimeoutExtension.intercept(TimeoutExtension.java:149) ~[org.junit.jupiter.engine_5.8.1.v20211018-1956.jar:5.8.1]
	at org.junit.jupiter.engine.extension.TimeoutExtension.interceptTestableMethod(TimeoutExtension.java:140) ~[org.junit.jupiter.engine_5.8.1.v20211018-1956.jar:5.8.1]
	at org.junit.jupiter.engine.extension.TimeoutExtension.interceptTestMethod(TimeoutExtension.java:84) ~[org.junit.jupiter.engine_5.8.1.v20211018-1956.jar:5.8.1]
	at org.junit.jupiter.engine.execution.ExecutableInvoker$ReflectiveInterceptorCall.lambda$ofVoidMethod$0(ExecutableInvoker.java:115) ~[org.junit.jupiter.engine_5.8.1.v20211018-1956.jar:5.8.1]
	at org.junit.jupiter.engine.execution.ExecutableInvoker.lambda$invoke$0(ExecutableInvoker.java:105) ~[org.junit.jupiter.engine_5.8.1.v20211018-1956.jar:5.8.1]
	at org.junit.jupiter.engine.execution.InvocationInterceptorChain$InterceptedInvocation.proceed(InvocationInterceptorChain.java:106) ~[org.junit.jupiter.engine_5.8.1.v20211018-1956.jar:5.8.1]
	at org.junit.jupiter.engine.execution.InvocationInterceptorChain.proceed(InvocationInterceptorChain.java:64) ~[org.junit.jupiter.engine_5.8.1.v20211018-1956.jar:5.8.1]
	at org.junit.jupiter.engine.execution.InvocationInterceptorChain.chainAndInvoke(InvocationInterceptorChain.java:45) ~[org.junit.jupiter.engine_5.8.1.v20211018-1956.jar:5.8.1]
	at org.junit.jupiter.engine.execution.InvocationInterceptorChain.invoke(InvocationInterceptorChain.java:37) ~[org.junit.jupiter.engine_5.8.1.v20211018-1956.jar:5.8.1]
	at org.junit.jupiter.engine.execution.ExecutableInvoker.invoke(ExecutableInvoker.java:104) ~[org.junit.jupiter.engine_5.8.1.v20211018-1956.jar:5.8.1]
	at org.junit.jupiter.engine.execution.ExecutableInvoker.invoke(ExecutableInvoker.java:98) ~[org.junit.jupiter.engine_5.8.1.v20211018-1956.jar:5.8.1]
	at org.junit.jupiter.engine.descriptor.TestMethodTestDescriptor.lambda$invokeTestMethod$7(TestMethodTestDescriptor.java:214) ~[org.junit.jupiter.engine_5.8.1.v20211018-1956.jar:5.8.1]
	at org.junit.platform.engine.support.hierarchical.ThrowableCollector.execute(ThrowableCollector.java:73) ~[org.junit.platform.engine_1.8.1.v20211018-1956.jar:1.8.1]
	at org.junit.jupiter.engine.descriptor.TestMethodTestDescriptor.invokeTestMethod(TestMethodTestDescriptor.java:210) ~[org.junit.jupiter.engine_5.8.1.v20211018-1956.jar:5.8.1]
	at org.junit.jupiter.engine.descriptor.TestMethodTestDescriptor.execute(TestMethodTestDescriptor.java:135) ~[org.junit.jupiter.engine_5.8.1.v20211018-1956.jar:5.8.1]
	at org.junit.jupiter.engine.descriptor.TestMethodTestDescriptor.execute(TestMethodTestDescriptor.java:66) ~[org.junit.jupiter.engine_5.8.1.v20211018-1956.jar:5.8.1]
	at org.junit.platform.engine.support.hierarchical.NodeTestTask.lambda$executeRecursively$6(NodeTestTask.java:151) ~[org.junit.platform.engine_1.8.1.v20211018-1956.jar:1.8.1]
	at org.junit.platform.engine.support.hierarchical.ThrowableCollector.execute(ThrowableCollector.java:73) ~[org.junit.platform.engine_1.8.1.v20211018-1956.jar:1.8.1]
	at org.junit.platform.engine.support.hierarchical.NodeTestTask.lambda$executeRecursively$8(NodeTestTask.java:141) ~[org.junit.platform.engine_1.8.1.v20211018-1956.jar:1.8.1]
	at org.junit.platform.engine.support.hierarchical.Node.around(Node.java:137) ~[org.junit.platform.engine_1.8.1.v20211018-1956.jar:1.8.1]
	at org.junit.platform.engine.support.hierarchical.NodeTestTask.lambda$executeRecursively$9(NodeTestTask.java:139) ~[org.junit.platform.engine_1.8.1.v20211018-1956.jar:1.8.1]
	at org.junit.platform.engine.support.hierarchical.ThrowableCollector.execute(ThrowableCollector.java:73) ~[org.junit.platform.engine_1.8.1.v20211018-1956.jar:1.8.1]
	at org.junit.platform.engine.support.hierarchical.NodeTestTask.executeRecursively(NodeTestTask.java:138) ~[org.junit.platform.engine_1.8.1.v20211018-1956.jar:1.8.1]
	at org.junit.platform.engine.support.hierarchical.NodeTestTask.execute(NodeTestTask.java:95) ~[org.junit.platform.engine_1.8.1.v20211018-1956.jar:1.8.1]
	at java.util.ArrayList.forEach(ArrayList.java:1259) ~[?:1.8.0_352]
	at org.junit.platform.engine.support.hierarchical.SameThreadHierarchicalTestExecutorService.invokeAll(SameThreadHierarchicalTestExecutorService.java:41) ~[org.junit.platform.engine_1.8.1.v20211018-1956.jar:1.8.1]
	at org.junit.platform.engine.support.hierarchical.NodeTestTask.lambda$executeRecursively$6(NodeTestTask.java:155) ~[org.junit.platform.engine_1.8.1.v20211018-1956.jar:1.8.1]
	at org.junit.platform.engine.support.hierarchical.ThrowableCollector.execute(ThrowableCollector.java:73) ~[org.junit.platform.engine_1.8.1.v20211018-1956.jar:1.8.1]
	at org.junit.platform.engine.support.hierarchical.NodeTestTask.lambda$executeRecursively$8(NodeTestTask.java:141) ~[org.junit.platform.engine_1.8.1.v20211018-1956.jar:1.8.1]
	at org.junit.platform.engine.support.hierarchical.Node.around(Node.java:137) ~[org.junit.platform.engine_1.8.1.v20211018-1956.jar:1.8.1]
	at org.junit.platform.engine.support.hierarchical.NodeTestTask.lambda$executeRecursively$9(NodeTestTask.java:139) ~[org.junit.platform.engine_1.8.1.v20211018-1956.jar:1.8.1]
	at org.junit.platform.engine.support.hierarchical.ThrowableCollector.execute(ThrowableCollector.java:73) ~[org.junit.platform.engine_1.8.1.v20211018-1956.jar:1.8.1]
	at org.junit.platform.engine.support.hierarchical.NodeTestTask.executeRecursively(NodeTestTask.java:138) ~[org.junit.platform.engine_1.8.1.v20211018-1956.jar:1.8.1]
	at org.junit.platform.engine.support.hierarchical.NodeTestTask.execute(NodeTestTask.java:95) ~[org.junit.platform.engine_1.8.1.v20211018-1956.jar:1.8.1]
	at java.util.ArrayList.forEach(ArrayList.java:1259) ~[?:1.8.0_352]
	at org.junit.platform.engine.support.hierarchical.SameThreadHierarchicalTestExecutorService.invokeAll(SameThreadHierarchicalTestExecutorService.java:41) ~[org.junit.platform.engine_1.8.1.v20211018-1956.jar:1.8.1]
	at org.junit.platform.engine.support.hierarchical.NodeTestTask.lambda$executeRecursively$6(NodeTestTask.java:155) ~[org.junit.platform.engine_1.8.1.v20211018-1956.jar:1.8.1]
	at org.junit.platform.engine.support.hierarchical.ThrowableCollector.execute(ThrowableCollector.java:73) ~[org.junit.platform.engine_1.8.1.v20211018-1956.jar:1.8.1]
	at org.junit.platform.engine.support.hierarchical.NodeTestTask.lambda$executeRecursively$8(NodeTestTask.java:141) ~[org.junit.platform.engine_1.8.1.v20211018-1956.jar:1.8.1]
	at org.junit.platform.engine.support.hierarchical.Node.around(Node.java:137) ~[org.junit.platform.engine_1.8.1.v20211018-1956.jar:1.8.1]
	at org.junit.platform.engine.support.hierarchical.NodeTestTask.lambda$executeRecursively$9(NodeTestTask.java:139) ~[org.junit.platform.engine_1.8.1.v20211018-1956.jar:1.8.1]
	at org.junit.platform.engine.support.hierarchical.ThrowableCollector.execute(ThrowableCollector.java:73) ~[org.junit.platform.engine_1.8.1.v20211018-1956.jar:1.8.1]
	at org.junit.platform.engine.support.hierarchical.NodeTestTask.executeRecursively(NodeTestTask.java:138) ~[org.junit.platform.engine_1.8.1.v20211018-1956.jar:1.8.1]
	at org.junit.platform.engine.support.hierarchical.NodeTestTask.execute(NodeTestTask.java:95) ~[org.junit.platform.engine_1.8.1.v20211018-1956.jar:1.8.1]
	at org.junit.platform.engine.support.hierarchical.SameThreadHierarchicalTestExecutorService.submit(SameThreadHierarchicalTestExecutorService.java:35) ~[org.junit.platform.engine_1.8.1.v20211018-1956.jar:1.8.1]
	at org.junit.platform.engine.support.hierarchical.HierarchicalTestExecutor.execute(HierarchicalTestExecutor.java:57) ~[org.junit.platform.engine_1.8.1.v20211018-1956.jar:1.8.1]
	at org.junit.platform.engine.support.hierarchical.HierarchicalTestEngine.execute(HierarchicalTestEngine.java:54) ~[org.junit.platform.engine_1.8.1.v20211018-1956.jar:1.8.1]
	at org.junit.platform.launcher.core.EngineExecutionOrchestrator.execute(EngineExecutionOrchestrator.java:107) ~[org.junit.platform.launcher_1.8.1.v20211018-1956.jar:1.8.1]
	at org.junit.platform.launcher.core.EngineExecutionOrchestrator.execute(EngineExecutionOrchestrator.java:88) ~[org.junit.platform.launcher_1.8.1.v20211018-1956.jar:1.8.1]
	at org.junit.platform.launcher.core.EngineExecutionOrchestrator.lambda$execute$0(EngineExecutionOrchestrator.java:54) ~[org.junit.platform.launcher_1.8.1.v20211018-1956.jar:1.8.1]
	at org.junit.platform.launcher.core.EngineExecutionOrchestrator.withInterceptedStreams(EngineExecutionOrchestrator.java:67) [org.junit.platform.launcher_1.8.1.v20211018-1956.jar:1.8.1]
	at org.junit.platform.launcher.core.EngineExecutionOrchestrator.execute(EngineExecutionOrchestrator.java:52) [org.junit.platform.launcher_1.8.1.v20211018-1956.jar:1.8.1]
	at org.junit.platform.launcher.core.DefaultLauncher.execute(DefaultLauncher.java:114) [org.junit.platform.launcher_1.8.1.v20211018-1956.jar:1.8.1]
	at org.junit.platform.launcher.core.DefaultLauncher.execute(DefaultLauncher.java:95) [org.junit.platform.launcher_1.8.1.v20211018-1956.jar:1.8.1]
	at org.junit.platform.launcher.core.DefaultLauncherSession$DelegatingLauncher.execute(DefaultLauncherSession.java:91) [org.junit.platform.launcher_1.8.1.v20211018-1956.jar:1.8.1]
	at org.junit.platform.launcher.core.SessionPerRequestLauncher.execute(SessionPerRequestLauncher.java:60) [org.junit.platform.launcher_1.8.1.v20211018-1956.jar:1.8.1]
	at org.eclipse.jdt.internal.junit5.runner.JUnit5TestReference.run(JUnit5TestReference.java:98) [.cp/:?]
	at org.eclipse.jdt.internal.junit.runner.TestExecution.run(TestExecution.java:40) [.cp/:?]
	at org.eclipse.jdt.internal.junit.runner.RemoteTestRunner.runTests(RemoteTestRunner.java:529) [.cp/:?]
	at org.eclipse.jdt.internal.junit.runner.RemoteTestRunner.runTests(RemoteTestRunner.java:756) [.cp/:?]
	at org.eclipse.jdt.internal.junit.runner.RemoteTestRunner.run(RemoteTestRunner.java:452) [.cp/:?]
	at org.eclipse.jdt.internal.junit.runner.RemoteTestRunner.main(RemoteTestRunner.java:210) [.cp/:?]
2023-02-15 02:34:22.417 [main] INFO  DataBaseTestConfig - Closing DB connection
2023-02-15 02:34:22.417 [main] INFO  DataBaseTestConfig - Create DB connection
2023-02-15 02:34:22.427 [main] INFO  DataBaseTestConfig - Closing DB connection
2023-02-15 02:34:22.427 [main] INFO  DataBaseTestConfig - Create DB connection
2023-02-15 02:34:22.434 [main] ERROR TicketDAO - Error fetching next available slot
java.sql.SQLSyntaxErrorException: You have an error in your SQL syntax; check the manual that corresponds to your MySQL server version for the right syntax to use near 'ORDER BY t.IN_TIME DESC limit 1' at line 1
	at com.mysql.cj.jdbc.exceptions.SQLError.createSQLException(SQLError.java:120) ~[mysql-connector-j-8.0.32.jar:8.0.32]
	at com.mysql.cj.jdbc.exceptions.SQLExceptionsMapping.translateException(SQLExceptionsMapping.java:122) ~[mysql-connector-j-8.0.32.jar:8.0.32]
	at com.mysql.cj.jdbc.ClientPreparedStatement.executeInternal(ClientPreparedStatement.java:916) ~[mysql-connector-j-8.0.32.jar:8.0.32]
	at com.mysql.cj.jdbc.ClientPreparedStatement.executeQuery(ClientPreparedStatement.java:972) ~[mysql-connector-j-8.0.32.jar:8.0.32]
	at com.parkit.parkingsystem.dao.TicketDAO.getTicket(TicketDAO.java:57) ~[classes/:?]
	at com.parkit.parkingsystem.integration.ParkingDataBaseIT.testParkingACar(ParkingDataBaseIT.java:58) ~[test-classes/:?]
	at sun.reflect.NativeMethodAccessorImpl.invoke0(Native Method) ~[?:1.8.0_352]
	at sun.reflect.NativeMethodAccessorImpl.invoke(NativeMethodAccessorImpl.java:62) ~[?:1.8.0_352]
	at sun.reflect.DelegatingMethodAccessorImpl.invoke(DelegatingMethodAccessorImpl.java:43) ~[?:1.8.0_352]
	at java.lang.reflect.Method.invoke(Method.java:498) ~[?:1.8.0_352]
	at org.junit.platform.commons.util.ReflectionUtils.invokeMethod(ReflectionUtils.java:725) ~[org.junit.platform.commons_1.8.1.v20211018-1956.jar:1.8.1]
	at org.junit.jupiter.engine.execution.MethodInvocation.proceed(MethodInvocation.java:60) ~[org.junit.jupiter.engine_5.8.1.v20211018-1956.jar:5.8.1]
	at org.junit.jupiter.engine.execution.InvocationInterceptorChain$ValidatingInvocation.proceed(InvocationInterceptorChain.java:131) ~[org.junit.jupiter.engine_5.8.1.v20211018-1956.jar:5.8.1]
	at org.junit.jupiter.engine.extension.TimeoutExtension.intercept(TimeoutExtension.java:149) ~[org.junit.jupiter.engine_5.8.1.v20211018-1956.jar:5.8.1]
	at org.junit.jupiter.engine.extension.TimeoutExtension.interceptTestableMethod(TimeoutExtension.java:140) ~[org.junit.jupiter.engine_5.8.1.v20211018-1956.jar:5.8.1]
	at org.junit.jupiter.engine.extension.TimeoutExtension.interceptTestMethod(TimeoutExtension.java:84) ~[org.junit.jupiter.engine_5.8.1.v20211018-1956.jar:5.8.1]
	at org.junit.jupiter.engine.execution.ExecutableInvoker$ReflectiveInterceptorCall.lambda$ofVoidMethod$0(ExecutableInvoker.java:115) ~[org.junit.jupiter.engine_5.8.1.v20211018-1956.jar:5.8.1]
	at org.junit.jupiter.engine.execution.ExecutableInvoker.lambda$invoke$0(ExecutableInvoker.java:105) ~[org.junit.jupiter.engine_5.8.1.v20211018-1956.jar:5.8.1]
	at org.junit.jupiter.engine.execution.InvocationInterceptorChain$InterceptedInvocation.proceed(InvocationInterceptorChain.java:106) ~[org.junit.jupiter.engine_5.8.1.v20211018-1956.jar:5.8.1]
	at org.junit.jupiter.engine.execution.InvocationInterceptorChain.proceed(InvocationInterceptorChain.java:64) ~[org.junit.jupiter.engine_5.8.1.v20211018-1956.jar:5.8.1]
	at org.junit.jupiter.engine.execution.InvocationInterceptorChain.chainAndInvoke(InvocationInterceptorChain.java:45) ~[org.junit.jupiter.engine_5.8.1.v20211018-1956.jar:5.8.1]
	at org.junit.jupiter.engine.execution.InvocationInterceptorChain.invoke(InvocationInterceptorChain.java:37) ~[org.junit.jupiter.engine_5.8.1.v20211018-1956.jar:5.8.1]
	at org.junit.jupiter.engine.execution.ExecutableInvoker.invoke(ExecutableInvoker.java:104) ~[org.junit.jupiter.engine_5.8.1.v20211018-1956.jar:5.8.1]
	at org.junit.jupiter.engine.execution.ExecutableInvoker.invoke(ExecutableInvoker.java:98) ~[org.junit.jupiter.engine_5.8.1.v20211018-1956.jar:5.8.1]
	at org.junit.jupiter.engine.descriptor.TestMethodTestDescriptor.lambda$invokeTestMethod$7(TestMethodTestDescriptor.java:214) ~[org.junit.jupiter.engine_5.8.1.v20211018-1956.jar:5.8.1]
	at org.junit.platform.engine.support.hierarchical.ThrowableCollector.execute(ThrowableCollector.java:73) ~[org.junit.platform.engine_1.8.1.v20211018-1956.jar:1.8.1]
	at org.junit.jupiter.engine.descriptor.TestMethodTestDescriptor.invokeTestMethod(TestMethodTestDescriptor.java:210) ~[org.junit.jupiter.engine_5.8.1.v20211018-1956.jar:5.8.1]
	at org.junit.jupiter.engine.descriptor.TestMethodTestDescriptor.execute(TestMethodTestDescriptor.java:135) ~[org.junit.jupiter.engine_5.8.1.v20211018-1956.jar:5.8.1]
	at org.junit.jupiter.engine.descriptor.TestMethodTestDescriptor.execute(TestMethodTestDescriptor.java:66) ~[org.junit.jupiter.engine_5.8.1.v20211018-1956.jar:5.8.1]
	at org.junit.platform.engine.support.hierarchical.NodeTestTask.lambda$executeRecursively$6(NodeTestTask.java:151) ~[org.junit.platform.engine_1.8.1.v20211018-1956.jar:1.8.1]
	at org.junit.platform.engine.support.hierarchical.ThrowableCollector.execute(ThrowableCollector.java:73) ~[org.junit.platform.engine_1.8.1.v20211018-1956.jar:1.8.1]
	at org.junit.platform.engine.support.hierarchical.NodeTestTask.lambda$executeRecursively$8(NodeTestTask.java:141) ~[org.junit.platform.engine_1.8.1.v20211018-1956.jar:1.8.1]
	at org.junit.platform.engine.support.hierarchical.Node.around(Node.java:137) ~[org.junit.platform.engine_1.8.1.v20211018-1956.jar:1.8.1]
	at org.junit.platform.engine.support.hierarchical.NodeTestTask.lambda$executeRecursively$9(NodeTestTask.java:139) ~[org.junit.platform.engine_1.8.1.v20211018-1956.jar:1.8.1]
	at org.junit.platform.engine.support.hierarchical.ThrowableCollector.execute(ThrowableCollector.java:73) ~[org.junit.platform.engine_1.8.1.v20211018-1956.jar:1.8.1]
	at org.junit.platform.engine.support.hierarchical.NodeTestTask.executeRecursively(NodeTestTask.java:138) ~[org.junit.platform.engine_1.8.1.v20211018-1956.jar:1.8.1]
	at org.junit.platform.engine.support.hierarchical.NodeTestTask.execute(NodeTestTask.java:95) ~[org.junit.platform.engine_1.8.1.v20211018-1956.jar:1.8.1]
	at java.util.ArrayList.forEach(ArrayList.java:1259) ~[?:1.8.0_352]
	at org.junit.platform.engine.support.hierarchical.SameThreadHierarchicalTestExecutorService.invokeAll(SameThreadHierarchicalTestExecutorService.java:41) ~[org.junit.platform.engine_1.8.1.v20211018-1956.jar:1.8.1]
	at org.junit.platform.engine.support.hierarchical.NodeTestTask.lambda$executeRecursively$6(NodeTestTask.java:155) ~[org.junit.platform.engine_1.8.1.v20211018-1956.jar:1.8.1]
	at org.junit.platform.engine.support.hierarchical.ThrowableCollector.execute(ThrowableCollector.java:73) ~[org.junit.platform.engine_1.8.1.v20211018-1956.jar:1.8.1]
	at org.junit.platform.engine.support.hierarchical.NodeTestTask.lambda$executeRecursively$8(NodeTestTask.java:141) ~[org.junit.platform.engine_1.8.1.v20211018-1956.jar:1.8.1]
	at org.junit.platform.engine.support.hierarchical.Node.around(Node.java:137) ~[org.junit.platform.engine_1.8.1.v20211018-1956.jar:1.8.1]
	at org.junit.platform.engine.support.hierarchical.NodeTestTask.lambda$executeRecursively$9(NodeTestTask.java:139) ~[org.junit.platform.engine_1.8.1.v20211018-1956.jar:1.8.1]
	at org.junit.platform.engine.support.hierarchical.ThrowableCollector.execute(ThrowableCollector.java:73) ~[org.junit.platform.engine_1.8.1.v20211018-1956.jar:1.8.1]
	at org.junit.platform.engine.support.hierarchical.NodeTestTask.executeRecursively(NodeTestTask.java:138) ~[org.junit.platform.engine_1.8.1.v20211018-1956.jar:1.8.1]
	at org.junit.platform.engine.support.hierarchical.NodeTestTask.execute(NodeTestTask.java:95) ~[org.junit.platform.engine_1.8.1.v20211018-1956.jar:1.8.1]
	at java.util.ArrayList.forEach(ArrayList.java:1259) ~[?:1.8.0_352]
	at org.junit.platform.engine.support.hierarchical.SameThreadHierarchicalTestExecutorService.invokeAll(SameThreadHierarchicalTestExecutorService.java:41) ~[org.junit.platform.engine_1.8.1.v20211018-1956.jar:1.8.1]
	at org.junit.platform.engine.support.hierarchical.NodeTestTask.lambda$executeRecursively$6(NodeTestTask.java:155) ~[org.junit.platform.engine_1.8.1.v20211018-1956.jar:1.8.1]
	at org.junit.platform.engine.support.hierarchical.ThrowableCollector.execute(ThrowableCollector.java:73) ~[org.junit.platform.engine_1.8.1.v20211018-1956.jar:1.8.1]
	at org.junit.platform.engine.support.hierarchical.NodeTestTask.lambda$executeRecursively$8(NodeTestTask.java:141) ~[org.junit.platform.engine_1.8.1.v20211018-1956.jar:1.8.1]
	at org.junit.platform.engine.support.hierarchical.Node.around(Node.java:137) ~[org.junit.platform.engine_1.8.1.v20211018-1956.jar:1.8.1]
	at org.junit.platform.engine.support.hierarchical.NodeTestTask.lambda$executeRecursively$9(NodeTestTask.java:139) ~[org.junit.platform.engine_1.8.1.v20211018-1956.jar:1.8.1]
	at org.junit.platform.engine.support.hierarchical.ThrowableCollector.execute(ThrowableCollector.java:73) ~[org.junit.platform.engine_1.8.1.v20211018-1956.jar:1.8.1]
	at org.junit.platform.engine.support.hierarchical.NodeTestTask.executeRecursively(NodeTestTask.java:138) ~[org.junit.platform.engine_1.8.1.v20211018-1956.jar:1.8.1]
	at org.junit.platform.engine.support.hierarchical.NodeTestTask.execute(NodeTestTask.java:95) ~[org.junit.platform.engine_1.8.1.v20211018-1956.jar:1.8.1]
	at org.junit.platform.engine.support.hierarchical.SameThreadHierarchicalTestExecutorService.submit(SameThreadHierarchicalTestExecutorService.java:35) ~[org.junit.platform.engine_1.8.1.v20211018-1956.jar:1.8.1]
	at org.junit.platform.engine.support.hierarchical.HierarchicalTestExecutor.execute(HierarchicalTestExecutor.java:57) ~[org.junit.platform.engine_1.8.1.v20211018-1956.jar:1.8.1]
	at org.junit.platform.engine.support.hierarchical.HierarchicalTestEngine.execute(HierarchicalTestEngine.java:54) ~[org.junit.platform.engine_1.8.1.v20211018-1956.jar:1.8.1]
	at org.junit.platform.launcher.core.EngineExecutionOrchestrator.execute(EngineExecutionOrchestrator.java:107) ~[org.junit.platform.launcher_1.8.1.v20211018-1956.jar:1.8.1]
	at org.junit.platform.launcher.core.EngineExecutionOrchestrator.execute(EngineExecutionOrchestrator.java:88) ~[org.junit.platform.launcher_1.8.1.v20211018-1956.jar:1.8.1]
	at org.junit.platform.launcher.core.EngineExecutionOrchestrator.lambda$execute$0(EngineExecutionOrchestrator.java:54) ~[org.junit.platform.launcher_1.8.1.v20211018-1956.jar:1.8.1]
	at org.junit.platform.launcher.core.EngineExecutionOrchestrator.withInterceptedStreams(EngineExecutionOrchestrator.java:67) [org.junit.platform.launcher_1.8.1.v20211018-1956.jar:1.8.1]
	at org.junit.platform.launcher.core.EngineExecutionOrchestrator.execute(EngineExecutionOrchestrator.java:52) [org.junit.platform.launcher_1.8.1.v20211018-1956.jar:1.8.1]
	at org.junit.platform.launcher.core.DefaultLauncher.execute(DefaultLauncher.java:114) [org.junit.platform.launcher_1.8.1.v20211018-1956.jar:1.8.1]
	at org.junit.platform.launcher.core.DefaultLauncher.execute(DefaultLauncher.java:95) [org.junit.platform.launcher_1.8.1.v20211018-1956.jar:1.8.1]
	at org.junit.platform.launcher.core.DefaultLauncherSession$DelegatingLauncher.execute(DefaultLauncherSession.java:91) [org.junit.platform.launcher_1.8.1.v20211018-1956.jar:1.8.1]
	at org.junit.platform.launcher.core.SessionPerRequestLauncher.execute(SessionPerRequestLauncher.java:60) [org.junit.platform.launcher_1.8.1.v20211018-1956.jar:1.8.1]
	at org.eclipse.jdt.internal.junit5.runner.JUnit5TestReference.run(JUnit5TestReference.java:98) [.cp/:?]
	at org.eclipse.jdt.internal.junit.runner.TestExecution.run(TestExecution.java:40) [.cp/:?]
	at org.eclipse.jdt.internal.junit.runner.RemoteTestRunner.runTests(RemoteTestRunner.java:529) [.cp/:?]
	at org.eclipse.jdt.internal.junit.runner.RemoteTestRunner.runTests(RemoteTestRunner.java:756) [.cp/:?]
	at org.eclipse.jdt.internal.junit.runner.RemoteTestRunner.run(RemoteTestRunner.java:452) [.cp/:?]
	at org.eclipse.jdt.internal.junit.runner.RemoteTestRunner.main(RemoteTestRunner.java:210) [.cp/:?]
2023-02-15 02:34:22.434 [main] INFO  DataBaseTestConfig - Closing DB connection
2023-02-15 02:34:53.066 [main] INFO  DataBaseTestConfig - Create DB connection
2023-02-15 02:34:53.241 [main] INFO  DataBaseTestConfig - Closing DB connection
2023-02-15 02:34:53.243 [main] INFO  DataBaseTestConfig - Create DB connection
2023-02-15 02:34:53.258 [main] INFO  DataBaseTestConfig - Closing Result Set
2023-02-15 02:34:53.258 [main] INFO  DataBaseTestConfig - Closing Prepared Statement
2023-02-15 02:34:53.259 [main] INFO  DataBaseTestConfig - Closing DB connection
2023-02-15 02:34:53.259 [main] INFO  DataBaseTestConfig - Create DB connection
2023-02-15 02:34:53.271 [main] INFO  DataBaseTestConfig - Closing Prepared Statement
2023-02-15 02:34:53.271 [main] INFO  DataBaseTestConfig - Closing DB connection
2023-02-15 02:34:53.271 [main] INFO  DataBaseTestConfig - Create DB connection
2023-02-15 02:34:53.281 [main] INFO  DataBaseTestConfig - Closing Result Set
2023-02-15 02:34:53.281 [main] INFO  DataBaseTestConfig - Closing Prepared Statement
2023-02-15 02:34:53.282 [main] INFO  DataBaseTestConfig - Closing DB connection
2023-02-15 02:34:53.282 [main] INFO  DataBaseTestConfig - Create DB connection
2023-02-15 02:34:53.300 [main] INFO  DataBaseTestConfig - Closing DB connection
2023-02-15 02:34:53.301 [main] INFO  DataBaseTestConfig - Create DB connection
2023-02-15 02:34:53.310 [main] INFO  DataBaseTestConfig - Closing Result Set
2023-02-15 02:34:53.310 [main] INFO  DataBaseTestConfig - Closing Prepared Statement
2023-02-15 02:34:53.310 [main] INFO  DataBaseTestConfig - Closing DB connection
2023-02-15 02:34:53.311 [main] INFO  DataBaseTestConfig - Create DB connection
2023-02-15 02:34:53.319 [main] INFO  DataBaseTestConfig - Closing DB connection
2023-02-15 02:34:53.319 [main] INFO  DataBaseTestConfig - Create DB connection
2023-02-15 02:34:53.332 [main] INFO  DataBaseTestConfig - Closing Prepared Statement
2023-02-15 02:34:53.332 [main] INFO  DataBaseTestConfig - Closing DB connection
2023-02-15 02:34:53.333 [main] INFO  DataBaseTestConfig - Create DB connection
2023-02-15 02:34:53.341 [main] INFO  DataBaseTestConfig - Closing Result Set
2023-02-15 02:34:53.341 [main] INFO  DataBaseTestConfig - Closing Prepared Statement
2023-02-15 02:34:53.341 [main] INFO  DataBaseTestConfig - Closing DB connection
2023-02-15 02:34:53.342 [main] INFO  DataBaseTestConfig - Create DB connection
2023-02-15 02:34:53.350 [main] INFO  DataBaseTestConfig - Closing Result Set
2023-02-15 02:34:53.350 [main] INFO  DataBaseTestConfig - Closing Prepared Statement
2023-02-15 02:34:53.351 [main] INFO  DataBaseTestConfig - Closing DB connection
2023-02-15 02:34:53.355 [main] INFO  DataBaseTestConfig - Create DB connection
2023-02-15 02:34:53.384 [main] INFO  DataBaseTestConfig - Closing DB connection
2023-02-15 02:34:53.384 [main] INFO  DataBaseTestConfig - Create DB connection
2023-02-15 02:34:53.392 [main] INFO  DataBaseTestConfig - Closing Result Set
2023-02-15 02:34:53.392 [main] INFO  DataBaseTestConfig - Closing Prepared Statement
2023-02-15 02:34:53.392 [main] INFO  DataBaseTestConfig - Closing DB connection
2023-02-15 02:34:53.392 [main] INFO  DataBaseTestConfig - Create DB connection
2023-02-15 02:34:53.402 [main] INFO  DataBaseTestConfig - Closing Prepared Statement
2023-02-15 02:34:53.403 [main] INFO  DataBaseTestConfig - Closing DB connection
2023-02-15 02:34:53.403 [main] INFO  DataBaseTestConfig - Create DB connection
2023-02-15 02:34:53.411 [main] INFO  DataBaseTestConfig - Closing Result Set
2023-02-15 02:34:53.411 [main] INFO  DataBaseTestConfig - Closing Prepared Statement
2023-02-15 02:34:53.411 [main] INFO  DataBaseTestConfig - Closing DB connection
2023-02-15 02:34:53.411 [main] INFO  DataBaseTestConfig - Create DB connection
2023-02-15 02:34:53.420 [main] INFO  DataBaseTestConfig - Closing DB connection
2023-02-15 02:34:53.420 [main] INFO  DataBaseTestConfig - Create DB connection
2023-02-15 02:34:53.428 [main] INFO  DataBaseTestConfig - Closing Result Set
2023-02-15 02:34:53.428 [main] INFO  DataBaseTestConfig - Closing Prepared Statement
2023-02-15 02:34:53.428 [main] INFO  DataBaseTestConfig - Closing DB connection
2023-02-15 02:34:53.428 [main] INFO  DataBaseTestConfig - Create DB connection
2023-02-15 02:34:53.436 [main] INFO  DataBaseTestConfig - Closing Result Set
2023-02-15 02:34:53.436 [main] INFO  DataBaseTestConfig - Closing Prepared Statement
2023-02-15 02:34:53.437 [main] INFO  DataBaseTestConfig - Closing DB connection
