2023-02-01 21:03:00.476 [main] INFO  DataBaseTestConfig - Create DB connection
2023-02-01 21:03:00.726 [main] INFO  DataBaseTestConfig - Closing DB connection
2023-02-01 21:03:00.729 [main] INFO  DataBaseTestConfig - Create DB connection
2023-02-01 21:03:00.752 [main] INFO  DataBaseTestConfig - Closing Result Set
2023-02-01 21:03:00.753 [main] INFO  DataBaseTestConfig - Closing Prepared Statement
2023-02-01 21:03:00.753 [main] INFO  DataBaseTestConfig - Closing DB connection
2023-02-01 21:03:00.754 [main] INFO  DataBaseTestConfig - Create DB connection
2023-02-01 21:03:00.769 [main] INFO  DataBaseTestConfig - Closing Prepared Statement
2023-02-01 21:03:00.769 [main] INFO  DataBaseTestConfig - Closing DB connection
2023-02-01 21:03:00.770 [main] INFO  DataBaseTestConfig - Create DB connection
2023-02-01 21:03:00.784 [main] INFO  DataBaseTestConfig - Closing Result Set
2023-02-01 21:03:00.784 [main] INFO  DataBaseTestConfig - Closing Prepared Statement
2023-02-01 21:03:00.784 [main] INFO  DataBaseTestConfig - Closing DB connection
2023-02-01 21:03:00.785 [main] INFO  DataBaseTestConfig - Create DB connection
2023-02-01 21:03:00.808 [main] INFO  DataBaseTestConfig - Closing DB connection
2023-02-01 21:03:00.811 [main] INFO  DataBaseTestConfig - Create DB connection
2023-02-01 21:03:00.823 [main] INFO  DataBaseTestConfig - Closing Result Set
2023-02-01 21:03:00.823 [main] INFO  DataBaseTestConfig - Closing Prepared Statement
2023-02-01 21:03:00.824 [main] INFO  DataBaseTestConfig - Closing DB connection
2023-02-01 21:03:00.824 [main] ERROR ParkingService - Unable to process exiting vehicle
java.lang.IllegalArgumentException: Out time provided is incorrect:java.util.GregorianCalendar[time=1675256580824,areFieldsSet=true,areAllFieldsSet=true,lenient=true,zone=sun.util.calendar.ZoneInfo[id="Asia/Shanghai",offset=28800000,dstSavings=0,useDaylight=false,transitions=31,lastRule=null],firstDayOfWeek=2,minimalDaysInFirstWeek=4,ERA=1,YEAR=2023,MONTH=1,WEEK_OF_YEAR=5,WEEK_OF_MONTH=1,DAY_OF_MONTH=1,DAY_OF_YEAR=32,DAY_OF_WEEK=4,DAY_OF_WEEK_IN_MONTH=1,AM_PM=1,HOUR=9,HOUR_OF_DAY=21,MINUTE=3,SECOND=0,MILLISECOND=824,ZONE_OFFSET=28800000,DST_OFFSET=0]
	at com.parkit.parkingsystem.service.FareCalculatorService.calculateFare(FareCalculatorService.java:12) ~[classes/:?]
	at com.parkit.parkingsystem.service.ParkingService.processExitingVehicle(ParkingService.java:126) ~[classes/:?]
	at com.parkit.parkingsystem.integration.ParkingDataBaseIT.testParkingLotExit(ParkingDataBaseIT.java:60) ~[test-classes/:?]
	at sun.reflect.NativeMethodAccessorImpl.invoke0(Native Method) ~[?:1.8.0_352]
	at sun.reflect.NativeMethodAccessorImpl.invoke(NativeMethodAccessorImpl.java:62) ~[?:1.8.0_352]
	at sun.reflect.DelegatingMethodAccessorImpl.invoke(DelegatingMethodAccessorImpl.java:43) ~[?:1.8.0_352]
	at java.lang.reflect.Method.invoke(Method.java:498) ~[?:1.8.0_352]
	at org.junit.platform.commons.util.ReflectionUtils.invokeMethod(ReflectionUtils.java:725) ~[org.junit.platform.commons_1.8.1.v20211018-1956.jar:1.8.1]
	at org.junit.jupiter.engine.execution.MethodInvocation.proceed(MethodInvocation.java:60) ~[org.junit.jupiter.engine_5.8.1.v20211018-1956.jar:5.8.1]
	at org.junit.jupiter.engine.execution.InvocationInterceptorChain$ValidatingInvocation.proceed(InvocationInterceptorChain.java:131) ~[org.junit.jupiter.engine_5.8.1.v20211018-1956.jar:5.8.1]
	at org.junit.jupiter.engine.extension.TimeoutExtension.intercept(TimeoutExtension.java:149) ~[org.junit.jupiter.engine_5.8.1.v20211018-1956.jar:5.8.1]
	at org.junit.jupiter.engine.extension.TimeoutExtension.interceptTestableMethod(TimeoutExtension.java:140) ~[org.junit.jupiter.engine_5.8.1.v20211018-1956.jar:5.8.1]
	at org.junit.jupiter.engine.extension.TimeoutExtension.interceptTestMethod(TimeoutExtension.java:84) ~[org.junit.jupiter.engine_5.8.1.v20211018-1956.jar:5.8.1]
	at org.junit.jupiter.engine.execution.ExecutableInvoker$ReflectiveInterceptorCall.lambda$ofVoidMethod$0(ExecutableInvoker.java:115) ~[org.junit.jupiter.engine_5.8.1.v20211018-1956.jar:5.8.1]
	at org.junit.jupiter.engine.execution.ExecutableInvoker.lambda$invoke$0(ExecutableInvoker.java:105) ~[org.junit.jupiter.engine_5.8.1.v20211018-1956.jar:5.8.1]
	at org.junit.jupiter.engine.execution.InvocationInterceptorChain$InterceptedInvocation.proceed(InvocationInterceptorChain.java:106) ~[org.junit.jupiter.engine_5.8.1.v20211018-1956.jar:5.8.1]
	at org.junit.jupiter.engine.execution.InvocationInterceptorChain.proceed(InvocationInterceptorChain.java:64) ~[org.junit.jupiter.engine_5.8.1.v20211018-1956.jar:5.8.1]
	at org.junit.jupiter.engine.execution.InvocationInterceptorChain.chainAndInvoke(InvocationInterceptorChain.java:45) ~[org.junit.jupiter.engine_5.8.1.v20211018-1956.jar:5.8.1]
	at org.junit.jupiter.engine.execution.InvocationInterceptorChain.invoke(InvocationInterceptorChain.java:37) ~[org.junit.jupiter.engine_5.8.1.v20211018-1956.jar:5.8.1]
	at org.junit.jupiter.engine.execution.ExecutableInvoker.invoke(ExecutableInvoker.java:104) ~[org.junit.jupiter.engine_5.8.1.v20211018-1956.jar:5.8.1]
	at org.junit.jupiter.engine.execution.ExecutableInvoker.invoke(ExecutableInvoker.java:98) ~[org.junit.jupiter.engine_5.8.1.v20211018-1956.jar:5.8.1]
	at org.junit.jupiter.engine.descriptor.TestMethodTestDescriptor.lambda$invokeTestMethod$7(TestMethodTestDescriptor.java:214) ~[org.junit.jupiter.engine_5.8.1.v20211018-1956.jar:5.8.1]
	at org.junit.platform.engine.support.hierarchical.ThrowableCollector.execute(ThrowableCollector.java:73) ~[org.junit.platform.engine_1.8.1.v20211018-1956.jar:1.8.1]
	at org.junit.jupiter.engine.descriptor.TestMethodTestDescriptor.invokeTestMethod(TestMethodTestDescriptor.java:210) ~[org.junit.jupiter.engine_5.8.1.v20211018-1956.jar:5.8.1]
	at org.junit.jupiter.engine.descriptor.TestMethodTestDescriptor.execute(TestMethodTestDescriptor.java:135) ~[org.junit.jupiter.engine_5.8.1.v20211018-1956.jar:5.8.1]
	at org.junit.jupiter.engine.descriptor.TestMethodTestDescriptor.execute(TestMethodTestDescriptor.java:66) ~[org.junit.jupiter.engine_5.8.1.v20211018-1956.jar:5.8.1]
	at org.junit.platform.engine.support.hierarchical.NodeTestTask.lambda$executeRecursively$6(NodeTestTask.java:151) ~[org.junit.platform.engine_1.8.1.v20211018-1956.jar:1.8.1]
	at org.junit.platform.engine.support.hierarchical.ThrowableCollector.execute(ThrowableCollector.java:73) ~[org.junit.platform.engine_1.8.1.v20211018-1956.jar:1.8.1]
	at org.junit.platform.engine.support.hierarchical.NodeTestTask.lambda$executeRecursively$8(NodeTestTask.java:141) ~[org.junit.platform.engine_1.8.1.v20211018-1956.jar:1.8.1]
	at org.junit.platform.engine.support.hierarchical.Node.around(Node.java:137) ~[org.junit.platform.engine_1.8.1.v20211018-1956.jar:1.8.1]
	at org.junit.platform.engine.support.hierarchical.NodeTestTask.lambda$executeRecursively$9(NodeTestTask.java:139) ~[org.junit.platform.engine_1.8.1.v20211018-1956.jar:1.8.1]
	at org.junit.platform.engine.support.hierarchical.ThrowableCollector.execute(ThrowableCollector.java:73) ~[org.junit.platform.engine_1.8.1.v20211018-1956.jar:1.8.1]
	at org.junit.platform.engine.support.hierarchical.NodeTestTask.executeRecursively(NodeTestTask.java:138) ~[org.junit.platform.engine_1.8.1.v20211018-1956.jar:1.8.1]
	at org.junit.platform.engine.support.hierarchical.NodeTestTask.execute(NodeTestTask.java:95) ~[org.junit.platform.engine_1.8.1.v20211018-1956.jar:1.8.1]
	at java.util.ArrayList.forEach(ArrayList.java:1259) ~[?:1.8.0_352]
	at org.junit.platform.engine.support.hierarchical.SameThreadHierarchicalTestExecutorService.invokeAll(SameThreadHierarchicalTestExecutorService.java:41) ~[org.junit.platform.engine_1.8.1.v20211018-1956.jar:1.8.1]
	at org.junit.platform.engine.support.hierarchical.NodeTestTask.lambda$executeRecursively$6(NodeTestTask.java:155) ~[org.junit.platform.engine_1.8.1.v20211018-1956.jar:1.8.1]
	at org.junit.platform.engine.support.hierarchical.ThrowableCollector.execute(ThrowableCollector.java:73) ~[org.junit.platform.engine_1.8.1.v20211018-1956.jar:1.8.1]
	at org.junit.platform.engine.support.hierarchical.NodeTestTask.lambda$executeRecursively$8(NodeTestTask.java:141) ~[org.junit.platform.engine_1.8.1.v20211018-1956.jar:1.8.1]
	at org.junit.platform.engine.support.hierarchical.Node.around(Node.java:137) ~[org.junit.platform.engine_1.8.1.v20211018-1956.jar:1.8.1]
	at org.junit.platform.engine.support.hierarchical.NodeTestTask.lambda$executeRecursively$9(NodeTestTask.java:139) ~[org.junit.platform.engine_1.8.1.v20211018-1956.jar:1.8.1]
	at org.junit.platform.engine.support.hierarchical.ThrowableCollector.execute(ThrowableCollector.java:73) ~[org.junit.platform.engine_1.8.1.v20211018-1956.jar:1.8.1]
	at org.junit.platform.engine.support.hierarchical.NodeTestTask.executeRecursively(NodeTestTask.java:138) ~[org.junit.platform.engine_1.8.1.v20211018-1956.jar:1.8.1]
	at org.junit.platform.engine.support.hierarchical.NodeTestTask.execute(NodeTestTask.java:95) ~[org.junit.platform.engine_1.8.1.v20211018-1956.jar:1.8.1]
	at java.util.ArrayList.forEach(ArrayList.java:1259) ~[?:1.8.0_352]
	at org.junit.platform.engine.support.hierarchical.SameThreadHierarchicalTestExecutorService.invokeAll(SameThreadHierarchicalTestExecutorService.java:41) ~[org.junit.platform.engine_1.8.1.v20211018-1956.jar:1.8.1]
	at org.junit.platform.engine.support.hierarchical.NodeTestTask.lambda$executeRecursively$6(NodeTestTask.java:155) ~[org.junit.platform.engine_1.8.1.v20211018-1956.jar:1.8.1]
	at org.junit.platform.engine.support.hierarchical.ThrowableCollector.execute(ThrowableCollector.java:73) ~[org.junit.platform.engine_1.8.1.v20211018-1956.jar:1.8.1]
	at org.junit.platform.engine.support.hierarchical.NodeTestTask.lambda$executeRecursively$8(NodeTestTask.java:141) ~[org.junit.platform.engine_1.8.1.v20211018-1956.jar:1.8.1]
	at org.junit.platform.engine.support.hierarchical.Node.around(Node.java:137) ~[org.junit.platform.engine_1.8.1.v20211018-1956.jar:1.8.1]
	at org.junit.platform.engine.support.hierarchical.NodeTestTask.lambda$executeRecursively$9(NodeTestTask.java:139) ~[org.junit.platform.engine_1.8.1.v20211018-1956.jar:1.8.1]
	at org.junit.platform.engine.support.hierarchical.ThrowableCollector.execute(ThrowableCollector.java:73) ~[org.junit.platform.engine_1.8.1.v20211018-1956.jar:1.8.1]
	at org.junit.platform.engine.support.hierarchical.NodeTestTask.executeRecursively(NodeTestTask.java:138) ~[org.junit.platform.engine_1.8.1.v20211018-1956.jar:1.8.1]
	at org.junit.platform.engine.support.hierarchical.NodeTestTask.execute(NodeTestTask.java:95) ~[org.junit.platform.engine_1.8.1.v20211018-1956.jar:1.8.1]
	at org.junit.platform.engine.support.hierarchical.SameThreadHierarchicalTestExecutorService.submit(SameThreadHierarchicalTestExecutorService.java:35) ~[org.junit.platform.engine_1.8.1.v20211018-1956.jar:1.8.1]
	at org.junit.platform.engine.support.hierarchical.HierarchicalTestExecutor.execute(HierarchicalTestExecutor.java:57) ~[org.junit.platform.engine_1.8.1.v20211018-1956.jar:1.8.1]
	at org.junit.platform.engine.support.hierarchical.HierarchicalTestEngine.execute(HierarchicalTestEngine.java:54) ~[org.junit.platform.engine_1.8.1.v20211018-1956.jar:1.8.1]
	at org.junit.platform.launcher.core.EngineExecutionOrchestrator.execute(EngineExecutionOrchestrator.java:107) ~[org.junit.platform.launcher_1.8.1.v20211018-1956.jar:1.8.1]
	at org.junit.platform.launcher.core.EngineExecutionOrchestrator.execute(EngineExecutionOrchestrator.java:88) ~[org.junit.platform.launcher_1.8.1.v20211018-1956.jar:1.8.1]
	at org.junit.platform.launcher.core.EngineExecutionOrchestrator.lambda$execute$0(EngineExecutionOrchestrator.java:54) ~[org.junit.platform.launcher_1.8.1.v20211018-1956.jar:1.8.1]
	at org.junit.platform.launcher.core.EngineExecutionOrchestrator.withInterceptedStreams(EngineExecutionOrchestrator.java:67) [org.junit.platform.launcher_1.8.1.v20211018-1956.jar:1.8.1]
	at org.junit.platform.launcher.core.EngineExecutionOrchestrator.execute(EngineExecutionOrchestrator.java:52) [org.junit.platform.launcher_1.8.1.v20211018-1956.jar:1.8.1]
	at org.junit.platform.launcher.core.DefaultLauncher.execute(DefaultLauncher.java:114) [org.junit.platform.launcher_1.8.1.v20211018-1956.jar:1.8.1]
	at org.junit.platform.launcher.core.DefaultLauncher.execute(DefaultLauncher.java:95) [org.junit.platform.launcher_1.8.1.v20211018-1956.jar:1.8.1]
	at org.junit.platform.launcher.core.DefaultLauncherSession$DelegatingLauncher.execute(DefaultLauncherSession.java:91) [org.junit.platform.launcher_1.8.1.v20211018-1956.jar:1.8.1]
	at org.junit.platform.launcher.core.SessionPerRequestLauncher.execute(SessionPerRequestLauncher.java:60) [org.junit.platform.launcher_1.8.1.v20211018-1956.jar:1.8.1]
	at org.eclipse.jdt.internal.junit5.runner.JUnit5TestReference.run(JUnit5TestReference.java:98) [.cp/:?]
	at org.eclipse.jdt.internal.junit.runner.TestExecution.run(TestExecution.java:40) [.cp/:?]
	at org.eclipse.jdt.internal.junit.runner.RemoteTestRunner.runTests(RemoteTestRunner.java:529) [.cp/:?]
	at org.eclipse.jdt.internal.junit.runner.RemoteTestRunner.runTests(RemoteTestRunner.java:756) [.cp/:?]
	at org.eclipse.jdt.internal.junit.runner.RemoteTestRunner.run(RemoteTestRunner.java:452) [.cp/:?]
	at org.eclipse.jdt.internal.junit.runner.RemoteTestRunner.main(RemoteTestRunner.java:210) [.cp/:?]
2023-02-01 21:03:00.837 [main] INFO  DataBaseTestConfig - Create DB connection
2023-02-01 21:03:00.878 [main] INFO  DataBaseTestConfig - Closing DB connection
2023-02-01 21:03:00.878 [main] INFO  DataBaseTestConfig - Create DB connection
2023-02-01 21:03:00.888 [main] INFO  DataBaseTestConfig - Closing Result Set
2023-02-01 21:03:00.889 [main] INFO  DataBaseTestConfig - Closing Prepared Statement
2023-02-01 21:03:00.889 [main] INFO  DataBaseTestConfig - Closing DB connection
2023-02-01 21:03:00.889 [main] INFO  DataBaseTestConfig - Create DB connection
2023-02-01 21:03:00.904 [main] INFO  DataBaseTestConfig - Closing Prepared Statement
2023-02-01 21:03:00.904 [main] INFO  DataBaseTestConfig - Closing DB connection
2023-02-01 21:03:00.905 [main] INFO  DataBaseTestConfig - Create DB connection
2023-02-01 21:03:00.915 [main] INFO  DataBaseTestConfig - Closing Result Set
2023-02-01 21:03:00.916 [main] INFO  DataBaseTestConfig - Closing Prepared Statement
2023-02-01 21:03:00.916 [main] INFO  DataBaseTestConfig - Closing DB connection
2023-02-01 21:03:00.916 [main] INFO  DataBaseTestConfig - Create DB connection
2023-02-01 21:03:00.928 [main] INFO  DataBaseTestConfig - Closing DB connection
2023-02-01 21:03:19.983 [main] INFO  DataBaseTestConfig - Create DB connection
2023-02-01 21:03:20.196 [main] INFO  DataBaseTestConfig - Closing DB connection
2023-02-01 21:03:20.200 [main] INFO  DataBaseTestConfig - Create DB connection
2023-02-01 21:03:20.220 [main] INFO  DataBaseTestConfig - Closing Result Set
2023-02-01 21:03:20.220 [main] INFO  DataBaseTestConfig - Closing Prepared Statement
2023-02-01 21:03:20.221 [main] INFO  DataBaseTestConfig - Closing DB connection
2023-02-01 21:03:20.221 [main] INFO  DataBaseTestConfig - Create DB connection
2023-02-01 21:03:20.237 [main] INFO  DataBaseTestConfig - Closing Prepared Statement
2023-02-01 21:03:20.237 [main] INFO  DataBaseTestConfig - Closing DB connection
2023-02-01 21:03:20.238 [main] INFO  DataBaseTestConfig - Create DB connection
2023-02-01 21:03:20.252 [main] INFO  DataBaseTestConfig - Closing Result Set
2023-02-01 21:03:20.253 [main] INFO  DataBaseTestConfig - Closing Prepared Statement
2023-02-01 21:03:20.253 [main] INFO  DataBaseTestConfig - Closing DB connection
2023-02-01 21:03:20.253 [main] INFO  DataBaseTestConfig - Create DB connection
2023-02-01 21:03:20.273 [main] INFO  DataBaseTestConfig - Closing DB connection
2023-02-01 21:03:20.275 [main] INFO  DataBaseTestConfig - Create DB connection
2023-02-01 21:03:20.287 [main] INFO  DataBaseTestConfig - Closing Result Set
2023-02-01 21:03:20.287 [main] INFO  DataBaseTestConfig - Closing Prepared Statement
2023-02-01 21:03:20.288 [main] INFO  DataBaseTestConfig - Closing DB connection
2023-02-01 21:03:20.288 [main] INFO  DataBaseTestConfig - Create DB connection
2023-02-01 21:03:20.298 [main] INFO  DataBaseTestConfig - Closing DB connection
2023-02-01 21:03:20.298 [main] INFO  DataBaseTestConfig - Create DB connection
2023-02-01 21:03:20.310 [main] INFO  DataBaseTestConfig - Closing Prepared Statement
2023-02-01 21:03:20.310 [main] INFO  DataBaseTestConfig - Closing DB connection
2023-02-01 21:03:20.319 [main] INFO  DataBaseTestConfig - Create DB connection
2023-02-01 21:03:20.349 [main] INFO  DataBaseTestConfig - Closing DB connection
2023-02-01 21:03:20.349 [main] INFO  DataBaseTestConfig - Create DB connection
2023-02-01 21:03:20.359 [main] INFO  DataBaseTestConfig - Closing Result Set
2023-02-01 21:03:20.359 [main] INFO  DataBaseTestConfig - Closing Prepared Statement
2023-02-01 21:03:20.360 [main] INFO  DataBaseTestConfig - Closing DB connection
2023-02-01 21:03:20.360 [main] INFO  DataBaseTestConfig - Create DB connection
2023-02-01 21:03:20.370 [main] INFO  DataBaseTestConfig - Closing Prepared Statement
2023-02-01 21:03:20.370 [main] INFO  DataBaseTestConfig - Closing DB connection
2023-02-01 21:03:20.371 [main] INFO  DataBaseTestConfig - Create DB connection
2023-02-01 21:03:20.381 [main] INFO  DataBaseTestConfig - Closing Result Set
2023-02-01 21:03:20.381 [main] INFO  DataBaseTestConfig - Closing Prepared Statement
2023-02-01 21:03:20.382 [main] INFO  DataBaseTestConfig - Closing DB connection
2023-02-01 21:03:20.382 [main] INFO  DataBaseTestConfig - Create DB connection
2023-02-01 21:03:20.394 [main] INFO  DataBaseTestConfig - Closing DB connection
2023-02-01 21:05:57.877 [main] INFO  DataBaseTestConfig - Create DB connection
2023-02-01 21:05:58.090 [main] INFO  DataBaseTestConfig - Closing DB connection
2023-02-01 21:05:58.093 [main] INFO  DataBaseTestConfig - Create DB connection
2023-02-01 21:05:58.113 [main] INFO  DataBaseTestConfig - Closing Result Set
2023-02-01 21:05:58.113 [main] INFO  DataBaseTestConfig - Closing Prepared Statement
2023-02-01 21:05:58.113 [main] INFO  DataBaseTestConfig - Closing DB connection
2023-02-01 21:05:58.114 [main] INFO  DataBaseTestConfig - Create DB connection
2023-02-01 21:05:58.130 [main] INFO  DataBaseTestConfig - Closing Prepared Statement
2023-02-01 21:05:58.130 [main] INFO  DataBaseTestConfig - Closing DB connection
2023-02-01 21:05:58.131 [main] INFO  DataBaseTestConfig - Create DB connection
2023-02-01 21:05:58.144 [main] INFO  DataBaseTestConfig - Closing Result Set
2023-02-01 21:05:58.144 [main] INFO  DataBaseTestConfig - Closing Prepared Statement
2023-02-01 21:05:58.145 [main] INFO  DataBaseTestConfig - Closing DB connection
2023-02-01 21:05:58.145 [main] INFO  DataBaseTestConfig - Create DB connection
2023-02-01 21:05:58.169 [main] INFO  DataBaseTestConfig - Closing DB connection
2023-02-01 21:05:58.171 [main] INFO  DataBaseTestConfig - Create DB connection
2023-02-01 21:05:58.180 [main] INFO  DataBaseTestConfig - Closing Result Set
2023-02-01 21:05:58.180 [main] INFO  DataBaseTestConfig - Closing Prepared Statement
2023-02-01 21:05:58.181 [main] INFO  DataBaseTestConfig - Closing DB connection
2023-02-01 21:05:58.181 [main] INFO  DataBaseTestConfig - Create DB connection
2023-02-01 21:05:58.191 [main] INFO  DataBaseTestConfig - Closing DB connection
2023-02-01 21:05:58.191 [main] INFO  DataBaseTestConfig - Create DB connection
2023-02-01 21:05:58.206 [main] INFO  DataBaseTestConfig - Closing Prepared Statement
2023-02-01 21:05:58.206 [main] INFO  DataBaseTestConfig - Closing DB connection
2023-02-01 21:05:58.213 [main] INFO  DataBaseTestConfig - Create DB connection
2023-02-01 21:05:58.248 [main] INFO  DataBaseTestConfig - Closing DB connection
2023-02-01 21:05:58.249 [main] INFO  DataBaseTestConfig - Create DB connection
2023-02-01 21:05:58.259 [main] INFO  DataBaseTestConfig - Closing Result Set
2023-02-01 21:05:58.259 [main] INFO  DataBaseTestConfig - Closing Prepared Statement
2023-02-01 21:05:58.260 [main] INFO  DataBaseTestConfig - Closing DB connection
2023-02-01 21:05:58.260 [main] INFO  DataBaseTestConfig - Create DB connection
2023-02-01 21:05:58.272 [main] INFO  DataBaseTestConfig - Closing Prepared Statement
2023-02-01 21:05:58.273 [main] INFO  DataBaseTestConfig - Closing DB connection
2023-02-01 21:05:58.273 [main] INFO  DataBaseTestConfig - Create DB connection
2023-02-01 21:05:58.281 [main] INFO  DataBaseTestConfig - Closing Result Set
2023-02-01 21:05:58.281 [main] INFO  DataBaseTestConfig - Closing Prepared Statement
2023-02-01 21:05:58.281 [main] INFO  DataBaseTestConfig - Closing DB connection
2023-02-01 21:05:58.282 [main] INFO  DataBaseTestConfig - Create DB connection
2023-02-01 21:05:58.293 [main] INFO  DataBaseTestConfig - Closing DB connection
2023-02-01 21:28:33.842 [main] INFO  DataBaseTestConfig - Create DB connection
2023-02-01 21:28:34.048 [main] INFO  DataBaseTestConfig - Closing DB connection
2023-02-01 21:28:34.063 [main] INFO  DataBaseTestConfig - Create DB connection
2023-02-01 21:28:34.101 [main] INFO  DataBaseTestConfig - Closing DB connection
2023-02-01 21:28:34.104 [main] INFO  DataBaseTestConfig - Create DB connection
2023-02-01 21:28:34.122 [main] INFO  DataBaseTestConfig - Closing Result Set
2023-02-01 21:28:34.122 [main] INFO  DataBaseTestConfig - Closing Prepared Statement
2023-02-01 21:28:34.122 [main] INFO  DataBaseTestConfig - Closing DB connection
2023-02-01 21:28:34.123 [main] INFO  DataBaseTestConfig - Create DB connection
2023-02-01 21:28:34.139 [main] INFO  DataBaseTestConfig - Closing Prepared Statement
2023-02-01 21:28:34.140 [main] INFO  DataBaseTestConfig - Closing DB connection
2023-02-01 21:28:34.141 [main] INFO  DataBaseTestConfig - Create DB connection
2023-02-01 21:28:34.152 [main] INFO  DataBaseTestConfig - Closing Result Set
2023-02-01 21:28:34.152 [main] INFO  DataBaseTestConfig - Closing Prepared Statement
2023-02-01 21:28:34.152 [main] INFO  DataBaseTestConfig - Closing DB connection
2023-02-01 21:28:34.152 [main] INFO  DataBaseTestConfig - Create DB connection
2023-02-01 21:28:34.179 [main] INFO  DataBaseTestConfig - Closing DB connection
2023-02-01 21:29:06.192 [main] INFO  DataBaseTestConfig - Create DB connection
2023-02-01 21:29:06.412 [main] INFO  DataBaseTestConfig - Closing DB connection
2023-02-01 21:29:06.415 [main] INFO  DataBaseTestConfig - Create DB connection
2023-02-01 21:29:06.433 [main] INFO  DataBaseTestConfig - Closing Result Set
2023-02-01 21:29:06.433 [main] INFO  DataBaseTestConfig - Closing Prepared Statement
2023-02-01 21:29:06.434 [main] INFO  DataBaseTestConfig - Closing DB connection
2023-02-01 21:29:06.435 [main] INFO  DataBaseTestConfig - Create DB connection
2023-02-01 21:29:06.451 [main] INFO  DataBaseTestConfig - Closing Prepared Statement
2023-02-01 21:29:06.451 [main] INFO  DataBaseTestConfig - Closing DB connection
2023-02-01 21:29:06.452 [main] INFO  DataBaseTestConfig - Create DB connection
2023-02-01 21:29:06.463 [main] INFO  DataBaseTestConfig - Closing Result Set
2023-02-01 21:29:06.464 [main] INFO  DataBaseTestConfig - Closing Prepared Statement
2023-02-01 21:29:06.464 [main] INFO  DataBaseTestConfig - Closing DB connection
2023-02-01 21:29:06.464 [main] INFO  DataBaseTestConfig - Create DB connection
2023-02-01 21:29:06.486 [main] INFO  DataBaseTestConfig - Closing DB connection
2023-02-01 21:29:06.488 [main] INFO  DataBaseTestConfig - Create DB connection
2023-02-01 21:29:06.499 [main] INFO  DataBaseTestConfig - Closing Result Set
2023-02-01 21:29:06.499 [main] INFO  DataBaseTestConfig - Closing Prepared Statement
2023-02-01 21:29:06.500 [main] INFO  DataBaseTestConfig - Closing DB connection
2023-02-01 21:29:06.500 [main] INFO  DataBaseTestConfig - Create DB connection
2023-02-01 21:29:06.514 [main] INFO  DataBaseTestConfig - Closing DB connection
2023-02-01 21:29:06.514 [main] INFO  DataBaseTestConfig - Create DB connection
2023-02-01 21:29:06.526 [main] INFO  DataBaseTestConfig - Closing Prepared Statement
2023-02-01 21:29:06.526 [main] INFO  DataBaseTestConfig - Closing DB connection
2023-02-01 21:29:06.535 [main] INFO  DataBaseTestConfig - Create DB connection
2023-02-01 21:29:06.575 [main] INFO  DataBaseTestConfig - Closing DB connection
2023-02-01 21:29:06.576 [main] INFO  DataBaseTestConfig - Create DB connection
2023-02-01 21:29:06.587 [main] INFO  DataBaseTestConfig - Closing Result Set
2023-02-01 21:29:06.588 [main] INFO  DataBaseTestConfig - Closing Prepared Statement
2023-02-01 21:29:06.588 [main] INFO  DataBaseTestConfig - Closing DB connection
2023-02-01 21:29:06.588 [main] INFO  DataBaseTestConfig - Create DB connection
2023-02-01 21:29:06.600 [main] INFO  DataBaseTestConfig - Closing Prepared Statement
2023-02-01 21:29:06.600 [main] INFO  DataBaseTestConfig - Closing DB connection
2023-02-01 21:29:06.600 [main] INFO  DataBaseTestConfig - Create DB connection
2023-02-01 21:29:06.616 [main] INFO  DataBaseTestConfig - Closing Result Set
2023-02-01 21:29:06.616 [main] INFO  DataBaseTestConfig - Closing Prepared Statement
2023-02-01 21:29:06.616 [main] INFO  DataBaseTestConfig - Closing DB connection
2023-02-01 21:29:06.616 [main] INFO  DataBaseTestConfig - Create DB connection
2023-02-01 21:29:06.628 [main] INFO  DataBaseTestConfig - Closing DB connection
2023-02-01 21:29:37.742 [main] INFO  DataBaseTestConfig - Create DB connection
2023-02-01 21:29:37.955 [main] INFO  DataBaseTestConfig - Closing DB connection
2023-02-01 21:29:37.960 [main] INFO  DataBaseTestConfig - Create DB connection
2023-02-01 21:29:37.981 [main] INFO  DataBaseTestConfig - Closing Result Set
2023-02-01 21:29:37.981 [main] INFO  DataBaseTestConfig - Closing Prepared Statement
2023-02-01 21:29:37.982 [main] INFO  DataBaseTestConfig - Closing DB connection
2023-02-01 21:29:37.982 [main] ERROR ParkingService - Unable to process exiting vehicle
java.lang.NullPointerException: null
	at com.parkit.parkingsystem.service.ParkingService.processExitingVehicle(ParkingService.java:125) ~[classes/:?]
	at com.parkit.parkingsystem.integration.ParkingDataBaseIT.testParkingLotExit(ParkingDataBaseIT.java:62) ~[test-classes/:?]
	at sun.reflect.NativeMethodAccessorImpl.invoke0(Native Method) ~[?:1.8.0_352]
	at sun.reflect.NativeMethodAccessorImpl.invoke(NativeMethodAccessorImpl.java:62) ~[?:1.8.0_352]
	at sun.reflect.DelegatingMethodAccessorImpl.invoke(DelegatingMethodAccessorImpl.java:43) ~[?:1.8.0_352]
	at java.lang.reflect.Method.invoke(Method.java:498) ~[?:1.8.0_352]
	at org.junit.platform.commons.util.ReflectionUtils.invokeMethod(ReflectionUtils.java:725) ~[org.junit.platform.commons_1.8.1.v20211018-1956.jar:1.8.1]
	at org.junit.jupiter.engine.execution.MethodInvocation.proceed(MethodInvocation.java:60) ~[org.junit.jupiter.engine_5.8.1.v20211018-1956.jar:5.8.1]
	at org.junit.jupiter.engine.execution.InvocationInterceptorChain$ValidatingInvocation.proceed(InvocationInterceptorChain.java:131) ~[org.junit.jupiter.engine_5.8.1.v20211018-1956.jar:5.8.1]
	at org.junit.jupiter.engine.extension.TimeoutExtension.intercept(TimeoutExtension.java:149) ~[org.junit.jupiter.engine_5.8.1.v20211018-1956.jar:5.8.1]
	at org.junit.jupiter.engine.extension.TimeoutExtension.interceptTestableMethod(TimeoutExtension.java:140) ~[org.junit.jupiter.engine_5.8.1.v20211018-1956.jar:5.8.1]
	at org.junit.jupiter.engine.extension.TimeoutExtension.interceptTestMethod(TimeoutExtension.java:84) ~[org.junit.jupiter.engine_5.8.1.v20211018-1956.jar:5.8.1]
	at org.junit.jupiter.engine.execution.ExecutableInvoker$ReflectiveInterceptorCall.lambda$ofVoidMethod$0(ExecutableInvoker.java:115) ~[org.junit.jupiter.engine_5.8.1.v20211018-1956.jar:5.8.1]
	at org.junit.jupiter.engine.execution.ExecutableInvoker.lambda$invoke$0(ExecutableInvoker.java:105) ~[org.junit.jupiter.engine_5.8.1.v20211018-1956.jar:5.8.1]
	at org.junit.jupiter.engine.execution.InvocationInterceptorChain$InterceptedInvocation.proceed(InvocationInterceptorChain.java:106) ~[org.junit.jupiter.engine_5.8.1.v20211018-1956.jar:5.8.1]
	at org.junit.jupiter.engine.execution.InvocationInterceptorChain.proceed(InvocationInterceptorChain.java:64) ~[org.junit.jupiter.engine_5.8.1.v20211018-1956.jar:5.8.1]
	at org.junit.jupiter.engine.execution.InvocationInterceptorChain.chainAndInvoke(InvocationInterceptorChain.java:45) ~[org.junit.jupiter.engine_5.8.1.v20211018-1956.jar:5.8.1]
	at org.junit.jupiter.engine.execution.InvocationInterceptorChain.invoke(InvocationInterceptorChain.java:37) ~[org.junit.jupiter.engine_5.8.1.v20211018-1956.jar:5.8.1]
	at org.junit.jupiter.engine.execution.ExecutableInvoker.invoke(ExecutableInvoker.java:104) ~[org.junit.jupiter.engine_5.8.1.v20211018-1956.jar:5.8.1]
	at org.junit.jupiter.engine.execution.ExecutableInvoker.invoke(ExecutableInvoker.java:98) ~[org.junit.jupiter.engine_5.8.1.v20211018-1956.jar:5.8.1]
	at org.junit.jupiter.engine.descriptor.TestMethodTestDescriptor.lambda$invokeTestMethod$7(TestMethodTestDescriptor.java:214) ~[org.junit.jupiter.engine_5.8.1.v20211018-1956.jar:5.8.1]
	at org.junit.platform.engine.support.hierarchical.ThrowableCollector.execute(ThrowableCollector.java:73) ~[org.junit.platform.engine_1.8.1.v20211018-1956.jar:1.8.1]
	at org.junit.jupiter.engine.descriptor.TestMethodTestDescriptor.invokeTestMethod(TestMethodTestDescriptor.java:210) ~[org.junit.jupiter.engine_5.8.1.v20211018-1956.jar:5.8.1]
	at org.junit.jupiter.engine.descriptor.TestMethodTestDescriptor.execute(TestMethodTestDescriptor.java:135) ~[org.junit.jupiter.engine_5.8.1.v20211018-1956.jar:5.8.1]
	at org.junit.jupiter.engine.descriptor.TestMethodTestDescriptor.execute(TestMethodTestDescriptor.java:66) ~[org.junit.jupiter.engine_5.8.1.v20211018-1956.jar:5.8.1]
	at org.junit.platform.engine.support.hierarchical.NodeTestTask.lambda$executeRecursively$6(NodeTestTask.java:151) ~[org.junit.platform.engine_1.8.1.v20211018-1956.jar:1.8.1]
	at org.junit.platform.engine.support.hierarchical.ThrowableCollector.execute(ThrowableCollector.java:73) ~[org.junit.platform.engine_1.8.1.v20211018-1956.jar:1.8.1]
	at org.junit.platform.engine.support.hierarchical.NodeTestTask.lambda$executeRecursively$8(NodeTestTask.java:141) ~[org.junit.platform.engine_1.8.1.v20211018-1956.jar:1.8.1]
	at org.junit.platform.engine.support.hierarchical.Node.around(Node.java:137) ~[org.junit.platform.engine_1.8.1.v20211018-1956.jar:1.8.1]
	at org.junit.platform.engine.support.hierarchical.NodeTestTask.lambda$executeRecursively$9(NodeTestTask.java:139) ~[org.junit.platform.engine_1.8.1.v20211018-1956.jar:1.8.1]
	at org.junit.platform.engine.support.hierarchical.ThrowableCollector.execute(ThrowableCollector.java:73) ~[org.junit.platform.engine_1.8.1.v20211018-1956.jar:1.8.1]
	at org.junit.platform.engine.support.hierarchical.NodeTestTask.executeRecursively(NodeTestTask.java:138) ~[org.junit.platform.engine_1.8.1.v20211018-1956.jar:1.8.1]
	at org.junit.platform.engine.support.hierarchical.NodeTestTask.execute(NodeTestTask.java:95) ~[org.junit.platform.engine_1.8.1.v20211018-1956.jar:1.8.1]
	at java.util.ArrayList.forEach(ArrayList.java:1259) ~[?:1.8.0_352]
	at org.junit.platform.engine.support.hierarchical.SameThreadHierarchicalTestExecutorService.invokeAll(SameThreadHierarchicalTestExecutorService.java:41) ~[org.junit.platform.engine_1.8.1.v20211018-1956.jar:1.8.1]
	at org.junit.platform.engine.support.hierarchical.NodeTestTask.lambda$executeRecursively$6(NodeTestTask.java:155) ~[org.junit.platform.engine_1.8.1.v20211018-1956.jar:1.8.1]
	at org.junit.platform.engine.support.hierarchical.ThrowableCollector.execute(ThrowableCollector.java:73) ~[org.junit.platform.engine_1.8.1.v20211018-1956.jar:1.8.1]
	at org.junit.platform.engine.support.hierarchical.NodeTestTask.lambda$executeRecursively$8(NodeTestTask.java:141) ~[org.junit.platform.engine_1.8.1.v20211018-1956.jar:1.8.1]
	at org.junit.platform.engine.support.hierarchical.Node.around(Node.java:137) ~[org.junit.platform.engine_1.8.1.v20211018-1956.jar:1.8.1]
	at org.junit.platform.engine.support.hierarchical.NodeTestTask.lambda$executeRecursively$9(NodeTestTask.java:139) ~[org.junit.platform.engine_1.8.1.v20211018-1956.jar:1.8.1]
	at org.junit.platform.engine.support.hierarchical.ThrowableCollector.execute(ThrowableCollector.java:73) ~[org.junit.platform.engine_1.8.1.v20211018-1956.jar:1.8.1]
	at org.junit.platform.engine.support.hierarchical.NodeTestTask.executeRecursively(NodeTestTask.java:138) ~[org.junit.platform.engine_1.8.1.v20211018-1956.jar:1.8.1]
	at org.junit.platform.engine.support.hierarchical.NodeTestTask.execute(NodeTestTask.java:95) ~[org.junit.platform.engine_1.8.1.v20211018-1956.jar:1.8.1]
	at java.util.ArrayList.forEach(ArrayList.java:1259) ~[?:1.8.0_352]
	at org.junit.platform.engine.support.hierarchical.SameThreadHierarchicalTestExecutorService.invokeAll(SameThreadHierarchicalTestExecutorService.java:41) ~[org.junit.platform.engine_1.8.1.v20211018-1956.jar:1.8.1]
	at org.junit.platform.engine.support.hierarchical.NodeTestTask.lambda$executeRecursively$6(NodeTestTask.java:155) ~[org.junit.platform.engine_1.8.1.v20211018-1956.jar:1.8.1]
	at org.junit.platform.engine.support.hierarchical.ThrowableCollector.execute(ThrowableCollector.java:73) ~[org.junit.platform.engine_1.8.1.v20211018-1956.jar:1.8.1]
	at org.junit.platform.engine.support.hierarchical.NodeTestTask.lambda$executeRecursively$8(NodeTestTask.java:141) ~[org.junit.platform.engine_1.8.1.v20211018-1956.jar:1.8.1]
	at org.junit.platform.engine.support.hierarchical.Node.around(Node.java:137) ~[org.junit.platform.engine_1.8.1.v20211018-1956.jar:1.8.1]
	at org.junit.platform.engine.support.hierarchical.NodeTestTask.lambda$executeRecursively$9(NodeTestTask.java:139) ~[org.junit.platform.engine_1.8.1.v20211018-1956.jar:1.8.1]
	at org.junit.platform.engine.support.hierarchical.ThrowableCollector.execute(ThrowableCollector.java:73) ~[org.junit.platform.engine_1.8.1.v20211018-1956.jar:1.8.1]
	at org.junit.platform.engine.support.hierarchical.NodeTestTask.executeRecursively(NodeTestTask.java:138) ~[org.junit.platform.engine_1.8.1.v20211018-1956.jar:1.8.1]
	at org.junit.platform.engine.support.hierarchical.NodeTestTask.execute(NodeTestTask.java:95) ~[org.junit.platform.engine_1.8.1.v20211018-1956.jar:1.8.1]
	at org.junit.platform.engine.support.hierarchical.SameThreadHierarchicalTestExecutorService.submit(SameThreadHierarchicalTestExecutorService.java:35) ~[org.junit.platform.engine_1.8.1.v20211018-1956.jar:1.8.1]
	at org.junit.platform.engine.support.hierarchical.HierarchicalTestExecutor.execute(HierarchicalTestExecutor.java:57) ~[org.junit.platform.engine_1.8.1.v20211018-1956.jar:1.8.1]
	at org.junit.platform.engine.support.hierarchical.HierarchicalTestEngine.execute(HierarchicalTestEngine.java:54) ~[org.junit.platform.engine_1.8.1.v20211018-1956.jar:1.8.1]
	at org.junit.platform.launcher.core.EngineExecutionOrchestrator.execute(EngineExecutionOrchestrator.java:107) ~[org.junit.platform.launcher_1.8.1.v20211018-1956.jar:1.8.1]
	at org.junit.platform.launcher.core.EngineExecutionOrchestrator.execute(EngineExecutionOrchestrator.java:88) ~[org.junit.platform.launcher_1.8.1.v20211018-1956.jar:1.8.1]
	at org.junit.platform.launcher.core.EngineExecutionOrchestrator.lambda$execute$0(EngineExecutionOrchestrator.java:54) ~[org.junit.platform.launcher_1.8.1.v20211018-1956.jar:1.8.1]
	at org.junit.platform.launcher.core.EngineExecutionOrchestrator.withInterceptedStreams(EngineExecutionOrchestrator.java:67) [org.junit.platform.launcher_1.8.1.v20211018-1956.jar:1.8.1]
	at org.junit.platform.launcher.core.EngineExecutionOrchestrator.execute(EngineExecutionOrchestrator.java:52) [org.junit.platform.launcher_1.8.1.v20211018-1956.jar:1.8.1]
	at org.junit.platform.launcher.core.DefaultLauncher.execute(DefaultLauncher.java:114) [org.junit.platform.launcher_1.8.1.v20211018-1956.jar:1.8.1]
	at org.junit.platform.launcher.core.DefaultLauncher.execute(DefaultLauncher.java:95) [org.junit.platform.launcher_1.8.1.v20211018-1956.jar:1.8.1]
	at org.junit.platform.launcher.core.DefaultLauncherSession$DelegatingLauncher.execute(DefaultLauncherSession.java:91) [org.junit.platform.launcher_1.8.1.v20211018-1956.jar:1.8.1]
	at org.junit.platform.launcher.core.SessionPerRequestLauncher.execute(SessionPerRequestLauncher.java:60) [org.junit.platform.launcher_1.8.1.v20211018-1956.jar:1.8.1]
	at org.eclipse.jdt.internal.junit5.runner.JUnit5TestReference.run(JUnit5TestReference.java:98) [.cp/:?]
	at org.eclipse.jdt.internal.junit.runner.TestExecution.run(TestExecution.java:40) [.cp/:?]
	at org.eclipse.jdt.internal.junit.runner.RemoteTestRunner.runTests(RemoteTestRunner.java:529) [.cp/:?]
	at org.eclipse.jdt.internal.junit.runner.RemoteTestRunner.runTests(RemoteTestRunner.java:756) [.cp/:?]
	at org.eclipse.jdt.internal.junit.runner.RemoteTestRunner.run(RemoteTestRunner.java:452) [.cp/:?]
	at org.eclipse.jdt.internal.junit.runner.RemoteTestRunner.main(RemoteTestRunner.java:210) [.cp/:?]
2023-02-01 21:29:37.999 [main] INFO  DataBaseTestConfig - Create DB connection
2023-02-01 21:29:38.034 [main] INFO  DataBaseTestConfig - Closing DB connection
2023-02-01 21:29:38.035 [main] INFO  DataBaseTestConfig - Create DB connection
2023-02-01 21:29:38.047 [main] INFO  DataBaseTestConfig - Closing Result Set
2023-02-01 21:29:38.047 [main] INFO  DataBaseTestConfig - Closing Prepared Statement
2023-02-01 21:29:38.047 [main] INFO  DataBaseTestConfig - Closing DB connection
2023-02-01 21:29:38.048 [main] INFO  DataBaseTestConfig - Create DB connection
2023-02-01 21:29:38.063 [main] INFO  DataBaseTestConfig - Closing Prepared Statement
2023-02-01 21:29:38.063 [main] INFO  DataBaseTestConfig - Closing DB connection
2023-02-01 21:29:38.063 [main] INFO  DataBaseTestConfig - Create DB connection
2023-02-01 21:29:38.075 [main] INFO  DataBaseTestConfig - Closing Result Set
2023-02-01 21:29:38.075 [main] INFO  DataBaseTestConfig - Closing Prepared Statement
2023-02-01 21:29:38.075 [main] INFO  DataBaseTestConfig - Closing DB connection
2023-02-01 21:29:38.075 [main] INFO  DataBaseTestConfig - Create DB connection
2023-02-01 21:29:38.097 [main] INFO  DataBaseTestConfig - Closing DB connection
2023-02-01 21:31:14.437 [main] INFO  DataBaseTestConfig - Create DB connection
2023-02-01 21:31:14.658 [main] INFO  DataBaseTestConfig - Closing DB connection
2023-02-01 21:31:14.662 [main] INFO  DataBaseTestConfig - Create DB connection
2023-02-01 21:31:14.685 [main] INFO  DataBaseTestConfig - Closing Result Set
2023-02-01 21:31:14.685 [main] INFO  DataBaseTestConfig - Closing Prepared Statement
2023-02-01 21:31:14.686 [main] INFO  DataBaseTestConfig - Closing DB connection
2023-02-01 21:31:14.686 [main] INFO  DataBaseTestConfig - Create DB connection
2023-02-01 21:31:14.702 [main] INFO  DataBaseTestConfig - Closing Prepared Statement
2023-02-01 21:31:14.702 [main] INFO  DataBaseTestConfig - Closing DB connection
2023-02-01 21:31:14.703 [main] INFO  DataBaseTestConfig - Create DB connection
2023-02-01 21:31:14.718 [main] INFO  DataBaseTestConfig - Closing Result Set
2023-02-01 21:31:14.718 [main] INFO  DataBaseTestConfig - Closing Prepared Statement
2023-02-01 21:31:14.718 [main] INFO  DataBaseTestConfig - Closing DB connection
2023-02-01 21:31:14.718 [main] INFO  DataBaseTestConfig - Create DB connection
2023-02-01 21:31:14.739 [main] INFO  DataBaseTestConfig - Closing DB connection
2023-02-01 21:31:14.742 [main] INFO  DataBaseTestConfig - Create DB connection
2023-02-01 21:31:14.756 [main] INFO  DataBaseTestConfig - Closing Result Set
2023-02-01 21:31:14.756 [main] INFO  DataBaseTestConfig - Closing Prepared Statement
2023-02-01 21:31:14.757 [main] INFO  DataBaseTestConfig - Closing DB connection
2023-02-01 21:31:14.757 [main] ERROR ParkingService - Unable to process exiting vehicle
java.lang.IllegalArgumentException: Out time provided is incorrect:java.util.GregorianCalendar[time=1675258274757,areFieldsSet=true,areAllFieldsSet=true,lenient=true,zone=sun.util.calendar.ZoneInfo[id="Asia/Shanghai",offset=28800000,dstSavings=0,useDaylight=false,transitions=31,lastRule=null],firstDayOfWeek=2,minimalDaysInFirstWeek=4,ERA=1,YEAR=2023,MONTH=1,WEEK_OF_YEAR=5,WEEK_OF_MONTH=1,DAY_OF_MONTH=1,DAY_OF_YEAR=32,DAY_OF_WEEK=4,DAY_OF_WEEK_IN_MONTH=1,AM_PM=1,HOUR=9,HOUR_OF_DAY=21,MINUTE=31,SECOND=14,MILLISECOND=757,ZONE_OFFSET=28800000,DST_OFFSET=0]
	at com.parkit.parkingsystem.service.FareCalculatorService.calculateFare(FareCalculatorService.java:12) ~[classes/:?]
	at com.parkit.parkingsystem.service.ParkingService.processExitingVehicle(ParkingService.java:126) ~[classes/:?]
	at com.parkit.parkingsystem.integration.ParkingDataBaseIT.testParkingLotExit(ParkingDataBaseIT.java:63) ~[test-classes/:?]
	at sun.reflect.NativeMethodAccessorImpl.invoke0(Native Method) ~[?:1.8.0_352]
	at sun.reflect.NativeMethodAccessorImpl.invoke(NativeMethodAccessorImpl.java:62) ~[?:1.8.0_352]
	at sun.reflect.DelegatingMethodAccessorImpl.invoke(DelegatingMethodAccessorImpl.java:43) ~[?:1.8.0_352]
	at java.lang.reflect.Method.invoke(Method.java:498) ~[?:1.8.0_352]
	at org.junit.platform.commons.util.ReflectionUtils.invokeMethod(ReflectionUtils.java:725) ~[org.junit.platform.commons_1.8.1.v20211018-1956.jar:1.8.1]
	at org.junit.jupiter.engine.execution.MethodInvocation.proceed(MethodInvocation.java:60) ~[org.junit.jupiter.engine_5.8.1.v20211018-1956.jar:5.8.1]
	at org.junit.jupiter.engine.execution.InvocationInterceptorChain$ValidatingInvocation.proceed(InvocationInterceptorChain.java:131) ~[org.junit.jupiter.engine_5.8.1.v20211018-1956.jar:5.8.1]
	at org.junit.jupiter.engine.extension.TimeoutExtension.intercept(TimeoutExtension.java:149) ~[org.junit.jupiter.engine_5.8.1.v20211018-1956.jar:5.8.1]
	at org.junit.jupiter.engine.extension.TimeoutExtension.interceptTestableMethod(TimeoutExtension.java:140) ~[org.junit.jupiter.engine_5.8.1.v20211018-1956.jar:5.8.1]
	at org.junit.jupiter.engine.extension.TimeoutExtension.interceptTestMethod(TimeoutExtension.java:84) ~[org.junit.jupiter.engine_5.8.1.v20211018-1956.jar:5.8.1]
	at org.junit.jupiter.engine.execution.ExecutableInvoker$ReflectiveInterceptorCall.lambda$ofVoidMethod$0(ExecutableInvoker.java:115) ~[org.junit.jupiter.engine_5.8.1.v20211018-1956.jar:5.8.1]
	at org.junit.jupiter.engine.execution.ExecutableInvoker.lambda$invoke$0(ExecutableInvoker.java:105) ~[org.junit.jupiter.engine_5.8.1.v20211018-1956.jar:5.8.1]
	at org.junit.jupiter.engine.execution.InvocationInterceptorChain$InterceptedInvocation.proceed(InvocationInterceptorChain.java:106) ~[org.junit.jupiter.engine_5.8.1.v20211018-1956.jar:5.8.1]
	at org.junit.jupiter.engine.execution.InvocationInterceptorChain.proceed(InvocationInterceptorChain.java:64) ~[org.junit.jupiter.engine_5.8.1.v20211018-1956.jar:5.8.1]
	at org.junit.jupiter.engine.execution.InvocationInterceptorChain.chainAndInvoke(InvocationInterceptorChain.java:45) ~[org.junit.jupiter.engine_5.8.1.v20211018-1956.jar:5.8.1]
	at org.junit.jupiter.engine.execution.InvocationInterceptorChain.invoke(InvocationInterceptorChain.java:37) ~[org.junit.jupiter.engine_5.8.1.v20211018-1956.jar:5.8.1]
	at org.junit.jupiter.engine.execution.ExecutableInvoker.invoke(ExecutableInvoker.java:104) ~[org.junit.jupiter.engine_5.8.1.v20211018-1956.jar:5.8.1]
	at org.junit.jupiter.engine.execution.ExecutableInvoker.invoke(ExecutableInvoker.java:98) ~[org.junit.jupiter.engine_5.8.1.v20211018-1956.jar:5.8.1]
	at org.junit.jupiter.engine.descriptor.TestMethodTestDescriptor.lambda$invokeTestMethod$7(TestMethodTestDescriptor.java:214) ~[org.junit.jupiter.engine_5.8.1.v20211018-1956.jar:5.8.1]
	at org.junit.platform.engine.support.hierarchical.ThrowableCollector.execute(ThrowableCollector.java:73) ~[org.junit.platform.engine_1.8.1.v20211018-1956.jar:1.8.1]
	at org.junit.jupiter.engine.descriptor.TestMethodTestDescriptor.invokeTestMethod(TestMethodTestDescriptor.java:210) ~[org.junit.jupiter.engine_5.8.1.v20211018-1956.jar:5.8.1]
	at org.junit.jupiter.engine.descriptor.TestMethodTestDescriptor.execute(TestMethodTestDescriptor.java:135) ~[org.junit.jupiter.engine_5.8.1.v20211018-1956.jar:5.8.1]
	at org.junit.jupiter.engine.descriptor.TestMethodTestDescriptor.execute(TestMethodTestDescriptor.java:66) ~[org.junit.jupiter.engine_5.8.1.v20211018-1956.jar:5.8.1]
	at org.junit.platform.engine.support.hierarchical.NodeTestTask.lambda$executeRecursively$6(NodeTestTask.java:151) ~[org.junit.platform.engine_1.8.1.v20211018-1956.jar:1.8.1]
	at org.junit.platform.engine.support.hierarchical.ThrowableCollector.execute(ThrowableCollector.java:73) ~[org.junit.platform.engine_1.8.1.v20211018-1956.jar:1.8.1]
	at org.junit.platform.engine.support.hierarchical.NodeTestTask.lambda$executeRecursively$8(NodeTestTask.java:141) ~[org.junit.platform.engine_1.8.1.v20211018-1956.jar:1.8.1]
	at org.junit.platform.engine.support.hierarchical.Node.around(Node.java:137) ~[org.junit.platform.engine_1.8.1.v20211018-1956.jar:1.8.1]
	at org.junit.platform.engine.support.hierarchical.NodeTestTask.lambda$executeRecursively$9(NodeTestTask.java:139) ~[org.junit.platform.engine_1.8.1.v20211018-1956.jar:1.8.1]
	at org.junit.platform.engine.support.hierarchical.ThrowableCollector.execute(ThrowableCollector.java:73) ~[org.junit.platform.engine_1.8.1.v20211018-1956.jar:1.8.1]
	at org.junit.platform.engine.support.hierarchical.NodeTestTask.executeRecursively(NodeTestTask.java:138) ~[org.junit.platform.engine_1.8.1.v20211018-1956.jar:1.8.1]
	at org.junit.platform.engine.support.hierarchical.NodeTestTask.execute(NodeTestTask.java:95) ~[org.junit.platform.engine_1.8.1.v20211018-1956.jar:1.8.1]
	at java.util.ArrayList.forEach(ArrayList.java:1259) ~[?:1.8.0_352]
	at org.junit.platform.engine.support.hierarchical.SameThreadHierarchicalTestExecutorService.invokeAll(SameThreadHierarchicalTestExecutorService.java:41) ~[org.junit.platform.engine_1.8.1.v20211018-1956.jar:1.8.1]
	at org.junit.platform.engine.support.hierarchical.NodeTestTask.lambda$executeRecursively$6(NodeTestTask.java:155) ~[org.junit.platform.engine_1.8.1.v20211018-1956.jar:1.8.1]
	at org.junit.platform.engine.support.hierarchical.ThrowableCollector.execute(ThrowableCollector.java:73) ~[org.junit.platform.engine_1.8.1.v20211018-1956.jar:1.8.1]
	at org.junit.platform.engine.support.hierarchical.NodeTestTask.lambda$executeRecursively$8(NodeTestTask.java:141) ~[org.junit.platform.engine_1.8.1.v20211018-1956.jar:1.8.1]
	at org.junit.platform.engine.support.hierarchical.Node.around(Node.java:137) ~[org.junit.platform.engine_1.8.1.v20211018-1956.jar:1.8.1]
	at org.junit.platform.engine.support.hierarchical.NodeTestTask.lambda$executeRecursively$9(NodeTestTask.java:139) ~[org.junit.platform.engine_1.8.1.v20211018-1956.jar:1.8.1]
	at org.junit.platform.engine.support.hierarchical.ThrowableCollector.execute(ThrowableCollector.java:73) ~[org.junit.platform.engine_1.8.1.v20211018-1956.jar:1.8.1]
	at org.junit.platform.engine.support.hierarchical.NodeTestTask.executeRecursively(NodeTestTask.java:138) ~[org.junit.platform.engine_1.8.1.v20211018-1956.jar:1.8.1]
	at org.junit.platform.engine.support.hierarchical.NodeTestTask.execute(NodeTestTask.java:95) ~[org.junit.platform.engine_1.8.1.v20211018-1956.jar:1.8.1]
	at java.util.ArrayList.forEach(ArrayList.java:1259) ~[?:1.8.0_352]
	at org.junit.platform.engine.support.hierarchical.SameThreadHierarchicalTestExecutorService.invokeAll(SameThreadHierarchicalTestExecutorService.java:41) ~[org.junit.platform.engine_1.8.1.v20211018-1956.jar:1.8.1]
	at org.junit.platform.engine.support.hierarchical.NodeTestTask.lambda$executeRecursively$6(NodeTestTask.java:155) ~[org.junit.platform.engine_1.8.1.v20211018-1956.jar:1.8.1]
	at org.junit.platform.engine.support.hierarchical.ThrowableCollector.execute(ThrowableCollector.java:73) ~[org.junit.platform.engine_1.8.1.v20211018-1956.jar:1.8.1]
	at org.junit.platform.engine.support.hierarchical.NodeTestTask.lambda$executeRecursively$8(NodeTestTask.java:141) ~[org.junit.platform.engine_1.8.1.v20211018-1956.jar:1.8.1]
	at org.junit.platform.engine.support.hierarchical.Node.around(Node.java:137) ~[org.junit.platform.engine_1.8.1.v20211018-1956.jar:1.8.1]
	at org.junit.platform.engine.support.hierarchical.NodeTestTask.lambda$executeRecursively$9(NodeTestTask.java:139) ~[org.junit.platform.engine_1.8.1.v20211018-1956.jar:1.8.1]
	at org.junit.platform.engine.support.hierarchical.ThrowableCollector.execute(ThrowableCollector.java:73) ~[org.junit.platform.engine_1.8.1.v20211018-1956.jar:1.8.1]
	at org.junit.platform.engine.support.hierarchical.NodeTestTask.executeRecursively(NodeTestTask.java:138) ~[org.junit.platform.engine_1.8.1.v20211018-1956.jar:1.8.1]
	at org.junit.platform.engine.support.hierarchical.NodeTestTask.execute(NodeTestTask.java:95) ~[org.junit.platform.engine_1.8.1.v20211018-1956.jar:1.8.1]
	at org.junit.platform.engine.support.hierarchical.SameThreadHierarchicalTestExecutorService.submit(SameThreadHierarchicalTestExecutorService.java:35) ~[org.junit.platform.engine_1.8.1.v20211018-1956.jar:1.8.1]
	at org.junit.platform.engine.support.hierarchical.HierarchicalTestExecutor.execute(HierarchicalTestExecutor.java:57) ~[org.junit.platform.engine_1.8.1.v20211018-1956.jar:1.8.1]
	at org.junit.platform.engine.support.hierarchical.HierarchicalTestEngine.execute(HierarchicalTestEngine.java:54) ~[org.junit.platform.engine_1.8.1.v20211018-1956.jar:1.8.1]
	at org.junit.platform.launcher.core.EngineExecutionOrchestrator.execute(EngineExecutionOrchestrator.java:107) ~[org.junit.platform.launcher_1.8.1.v20211018-1956.jar:1.8.1]
	at org.junit.platform.launcher.core.EngineExecutionOrchestrator.execute(EngineExecutionOrchestrator.java:88) ~[org.junit.platform.launcher_1.8.1.v20211018-1956.jar:1.8.1]
	at org.junit.platform.launcher.core.EngineExecutionOrchestrator.lambda$execute$0(EngineExecutionOrchestrator.java:54) ~[org.junit.platform.launcher_1.8.1.v20211018-1956.jar:1.8.1]
	at org.junit.platform.launcher.core.EngineExecutionOrchestrator.withInterceptedStreams(EngineExecutionOrchestrator.java:67) [org.junit.platform.launcher_1.8.1.v20211018-1956.jar:1.8.1]
	at org.junit.platform.launcher.core.EngineExecutionOrchestrator.execute(EngineExecutionOrchestrator.java:52) [org.junit.platform.launcher_1.8.1.v20211018-1956.jar:1.8.1]
	at org.junit.platform.launcher.core.DefaultLauncher.execute(DefaultLauncher.java:114) [org.junit.platform.launcher_1.8.1.v20211018-1956.jar:1.8.1]
	at org.junit.platform.launcher.core.DefaultLauncher.execute(DefaultLauncher.java:95) [org.junit.platform.launcher_1.8.1.v20211018-1956.jar:1.8.1]
	at org.junit.platform.launcher.core.DefaultLauncherSession$DelegatingLauncher.execute(DefaultLauncherSession.java:91) [org.junit.platform.launcher_1.8.1.v20211018-1956.jar:1.8.1]
	at org.junit.platform.launcher.core.SessionPerRequestLauncher.execute(SessionPerRequestLauncher.java:60) [org.junit.platform.launcher_1.8.1.v20211018-1956.jar:1.8.1]
	at org.eclipse.jdt.internal.junit5.runner.JUnit5TestReference.run(JUnit5TestReference.java:98) [.cp/:?]
	at org.eclipse.jdt.internal.junit.runner.TestExecution.run(TestExecution.java:40) [.cp/:?]
	at org.eclipse.jdt.internal.junit.runner.RemoteTestRunner.runTests(RemoteTestRunner.java:529) [.cp/:?]
	at org.eclipse.jdt.internal.junit.runner.RemoteTestRunner.runTests(RemoteTestRunner.java:756) [.cp/:?]
	at org.eclipse.jdt.internal.junit.runner.RemoteTestRunner.run(RemoteTestRunner.java:452) [.cp/:?]
	at org.eclipse.jdt.internal.junit.runner.RemoteTestRunner.main(RemoteTestRunner.java:210) [.cp/:?]
2023-02-01 21:31:14.767 [main] INFO  DataBaseTestConfig - Create DB connection
2023-02-01 21:31:14.805 [main] INFO  DataBaseTestConfig - Closing DB connection
2023-02-01 21:31:14.806 [main] INFO  DataBaseTestConfig - Create DB connection
2023-02-01 21:31:14.818 [main] INFO  DataBaseTestConfig - Closing Result Set
2023-02-01 21:31:14.818 [main] INFO  DataBaseTestConfig - Closing Prepared Statement
2023-02-01 21:31:14.819 [main] INFO  DataBaseTestConfig - Closing DB connection
2023-02-01 21:31:14.819 [main] INFO  DataBaseTestConfig - Create DB connection
2023-02-01 21:31:14.831 [main] INFO  DataBaseTestConfig - Closing Prepared Statement
2023-02-01 21:31:14.831 [main] INFO  DataBaseTestConfig - Closing DB connection
2023-02-01 21:31:14.831 [main] INFO  DataBaseTestConfig - Create DB connection
2023-02-01 21:31:14.843 [main] INFO  DataBaseTestConfig - Closing Result Set
2023-02-01 21:31:14.843 [main] INFO  DataBaseTestConfig - Closing Prepared Statement
2023-02-01 21:31:14.844 [main] INFO  DataBaseTestConfig - Closing DB connection
2023-02-01 21:31:14.844 [main] INFO  DataBaseTestConfig - Create DB connection
2023-02-01 21:31:14.858 [main] INFO  DataBaseTestConfig - Closing DB connection
2023-02-01 21:31:21.231 [main] INFO  DataBaseTestConfig - Create DB connection
2023-02-01 21:31:21.439 [main] INFO  DataBaseTestConfig - Closing DB connection
2023-02-01 21:31:21.443 [main] INFO  DataBaseTestConfig - Create DB connection
2023-02-01 21:31:21.462 [main] INFO  DataBaseTestConfig - Closing Result Set
2023-02-01 21:31:21.463 [main] INFO  DataBaseTestConfig - Closing Prepared Statement
2023-02-01 21:31:21.463 [main] INFO  DataBaseTestConfig - Closing DB connection
2023-02-01 21:31:21.463 [main] INFO  DataBaseTestConfig - Create DB connection
2023-02-01 21:31:21.478 [main] INFO  DataBaseTestConfig - Closing Prepared Statement
2023-02-01 21:31:21.478 [main] INFO  DataBaseTestConfig - Closing DB connection
2023-02-01 21:31:21.478 [main] INFO  DataBaseTestConfig - Create DB connection
2023-02-01 21:31:21.493 [main] INFO  DataBaseTestConfig - Closing Result Set
2023-02-01 21:31:21.493 [main] INFO  DataBaseTestConfig - Closing Prepared Statement
2023-02-01 21:31:21.494 [main] INFO  DataBaseTestConfig - Closing DB connection
2023-02-01 21:31:21.494 [main] INFO  DataBaseTestConfig - Create DB connection
2023-02-01 21:31:21.513 [main] INFO  DataBaseTestConfig - Closing DB connection
2023-02-01 21:31:21.515 [main] INFO  DataBaseTestConfig - Create DB connection
2023-02-01 21:31:21.528 [main] INFO  DataBaseTestConfig - Closing Result Set
2023-02-01 21:31:21.528 [main] INFO  DataBaseTestConfig - Closing Prepared Statement
2023-02-01 21:31:21.528 [main] INFO  DataBaseTestConfig - Closing DB connection
2023-02-01 21:31:21.528 [main] INFO  DataBaseTestConfig - Create DB connection
2023-02-01 21:31:21.541 [main] INFO  DataBaseTestConfig - Closing DB connection
2023-02-01 21:31:21.541 [main] INFO  DataBaseTestConfig - Create DB connection
2023-02-01 21:31:21.553 [main] INFO  DataBaseTestConfig - Closing Prepared Statement
2023-02-01 21:31:21.554 [main] INFO  DataBaseTestConfig - Closing DB connection
2023-02-01 21:31:21.564 [main] INFO  DataBaseTestConfig - Create DB connection
2023-02-01 21:31:21.609 [main] INFO  DataBaseTestConfig - Closing DB connection
2023-02-01 21:31:21.610 [main] INFO  DataBaseTestConfig - Create DB connection
2023-02-01 21:31:21.619 [main] INFO  DataBaseTestConfig - Closing Result Set
2023-02-01 21:31:21.619 [main] INFO  DataBaseTestConfig - Closing Prepared Statement
2023-02-01 21:31:21.620 [main] INFO  DataBaseTestConfig - Closing DB connection
2023-02-01 21:31:21.620 [main] INFO  DataBaseTestConfig - Create DB connection
2023-02-01 21:31:21.631 [main] INFO  DataBaseTestConfig - Closing Prepared Statement
2023-02-01 21:31:21.632 [main] INFO  DataBaseTestConfig - Closing DB connection
2023-02-01 21:31:21.632 [main] INFO  DataBaseTestConfig - Create DB connection
2023-02-01 21:31:21.644 [main] INFO  DataBaseTestConfig - Closing Result Set
2023-02-01 21:31:21.644 [main] INFO  DataBaseTestConfig - Closing Prepared Statement
2023-02-01 21:31:21.644 [main] INFO  DataBaseTestConfig - Closing DB connection
2023-02-01 21:31:21.644 [main] INFO  DataBaseTestConfig - Create DB connection
2023-02-01 21:31:21.656 [main] INFO  DataBaseTestConfig - Closing DB connection
2023-02-01 21:32:42.180 [main] INFO  DataBaseTestConfig - Create DB connection
2023-02-01 21:32:42.393 [main] INFO  DataBaseTestConfig - Closing DB connection
2023-02-01 21:32:42.396 [main] INFO  DataBaseTestConfig - Create DB connection
2023-02-01 21:32:42.416 [main] INFO  DataBaseTestConfig - Closing Result Set
2023-02-01 21:32:42.416 [main] INFO  DataBaseTestConfig - Closing Prepared Statement
2023-02-01 21:32:42.417 [main] INFO  DataBaseTestConfig - Closing DB connection
2023-02-01 21:32:42.417 [main] ERROR ParkingService - Unable to process exiting vehicle
java.lang.NullPointerException: null
	at com.parkit.parkingsystem.service.ParkingService.processExitingVehicle(ParkingService.java:125) ~[classes/:?]
	at com.parkit.parkingsystem.integration.ParkingDataBaseIT.testParkingLotExit(ParkingDataBaseIT.java:63) ~[test-classes/:?]
	at sun.reflect.NativeMethodAccessorImpl.invoke0(Native Method) ~[?:1.8.0_352]
	at sun.reflect.NativeMethodAccessorImpl.invoke(NativeMethodAccessorImpl.java:62) ~[?:1.8.0_352]
	at sun.reflect.DelegatingMethodAccessorImpl.invoke(DelegatingMethodAccessorImpl.java:43) ~[?:1.8.0_352]
	at java.lang.reflect.Method.invoke(Method.java:498) ~[?:1.8.0_352]
	at org.junit.platform.commons.util.ReflectionUtils.invokeMethod(ReflectionUtils.java:725) ~[org.junit.platform.commons_1.8.1.v20211018-1956.jar:1.8.1]
	at org.junit.jupiter.engine.execution.MethodInvocation.proceed(MethodInvocation.java:60) ~[org.junit.jupiter.engine_5.8.1.v20211018-1956.jar:5.8.1]
	at org.junit.jupiter.engine.execution.InvocationInterceptorChain$ValidatingInvocation.proceed(InvocationInterceptorChain.java:131) ~[org.junit.jupiter.engine_5.8.1.v20211018-1956.jar:5.8.1]
	at org.junit.jupiter.engine.extension.TimeoutExtension.intercept(TimeoutExtension.java:149) ~[org.junit.jupiter.engine_5.8.1.v20211018-1956.jar:5.8.1]
	at org.junit.jupiter.engine.extension.TimeoutExtension.interceptTestableMethod(TimeoutExtension.java:140) ~[org.junit.jupiter.engine_5.8.1.v20211018-1956.jar:5.8.1]
	at org.junit.jupiter.engine.extension.TimeoutExtension.interceptTestMethod(TimeoutExtension.java:84) ~[org.junit.jupiter.engine_5.8.1.v20211018-1956.jar:5.8.1]
	at org.junit.jupiter.engine.execution.ExecutableInvoker$ReflectiveInterceptorCall.lambda$ofVoidMethod$0(ExecutableInvoker.java:115) ~[org.junit.jupiter.engine_5.8.1.v20211018-1956.jar:5.8.1]
	at org.junit.jupiter.engine.execution.ExecutableInvoker.lambda$invoke$0(ExecutableInvoker.java:105) ~[org.junit.jupiter.engine_5.8.1.v20211018-1956.jar:5.8.1]
	at org.junit.jupiter.engine.execution.InvocationInterceptorChain$InterceptedInvocation.proceed(InvocationInterceptorChain.java:106) ~[org.junit.jupiter.engine_5.8.1.v20211018-1956.jar:5.8.1]
	at org.junit.jupiter.engine.execution.InvocationInterceptorChain.proceed(InvocationInterceptorChain.java:64) ~[org.junit.jupiter.engine_5.8.1.v20211018-1956.jar:5.8.1]
	at org.junit.jupiter.engine.execution.InvocationInterceptorChain.chainAndInvoke(InvocationInterceptorChain.java:45) ~[org.junit.jupiter.engine_5.8.1.v20211018-1956.jar:5.8.1]
	at org.junit.jupiter.engine.execution.InvocationInterceptorChain.invoke(InvocationInterceptorChain.java:37) ~[org.junit.jupiter.engine_5.8.1.v20211018-1956.jar:5.8.1]
	at org.junit.jupiter.engine.execution.ExecutableInvoker.invoke(ExecutableInvoker.java:104) ~[org.junit.jupiter.engine_5.8.1.v20211018-1956.jar:5.8.1]
	at org.junit.jupiter.engine.execution.ExecutableInvoker.invoke(ExecutableInvoker.java:98) ~[org.junit.jupiter.engine_5.8.1.v20211018-1956.jar:5.8.1]
	at org.junit.jupiter.engine.descriptor.TestMethodTestDescriptor.lambda$invokeTestMethod$7(TestMethodTestDescriptor.java:214) ~[org.junit.jupiter.engine_5.8.1.v20211018-1956.jar:5.8.1]
	at org.junit.platform.engine.support.hierarchical.ThrowableCollector.execute(ThrowableCollector.java:73) ~[org.junit.platform.engine_1.8.1.v20211018-1956.jar:1.8.1]
	at org.junit.jupiter.engine.descriptor.TestMethodTestDescriptor.invokeTestMethod(TestMethodTestDescriptor.java:210) ~[org.junit.jupiter.engine_5.8.1.v20211018-1956.jar:5.8.1]
	at org.junit.jupiter.engine.descriptor.TestMethodTestDescriptor.execute(TestMethodTestDescriptor.java:135) ~[org.junit.jupiter.engine_5.8.1.v20211018-1956.jar:5.8.1]
	at org.junit.jupiter.engine.descriptor.TestMethodTestDescriptor.execute(TestMethodTestDescriptor.java:66) ~[org.junit.jupiter.engine_5.8.1.v20211018-1956.jar:5.8.1]
	at org.junit.platform.engine.support.hierarchical.NodeTestTask.lambda$executeRecursively$6(NodeTestTask.java:151) ~[org.junit.platform.engine_1.8.1.v20211018-1956.jar:1.8.1]
	at org.junit.platform.engine.support.hierarchical.ThrowableCollector.execute(ThrowableCollector.java:73) ~[org.junit.platform.engine_1.8.1.v20211018-1956.jar:1.8.1]
	at org.junit.platform.engine.support.hierarchical.NodeTestTask.lambda$executeRecursively$8(NodeTestTask.java:141) ~[org.junit.platform.engine_1.8.1.v20211018-1956.jar:1.8.1]
	at org.junit.platform.engine.support.hierarchical.Node.around(Node.java:137) ~[org.junit.platform.engine_1.8.1.v20211018-1956.jar:1.8.1]
	at org.junit.platform.engine.support.hierarchical.NodeTestTask.lambda$executeRecursively$9(NodeTestTask.java:139) ~[org.junit.platform.engine_1.8.1.v20211018-1956.jar:1.8.1]
	at org.junit.platform.engine.support.hierarchical.ThrowableCollector.execute(ThrowableCollector.java:73) ~[org.junit.platform.engine_1.8.1.v20211018-1956.jar:1.8.1]
	at org.junit.platform.engine.support.hierarchical.NodeTestTask.executeRecursively(NodeTestTask.java:138) ~[org.junit.platform.engine_1.8.1.v20211018-1956.jar:1.8.1]
	at org.junit.platform.engine.support.hierarchical.NodeTestTask.execute(NodeTestTask.java:95) ~[org.junit.platform.engine_1.8.1.v20211018-1956.jar:1.8.1]
	at java.util.ArrayList.forEach(ArrayList.java:1259) ~[?:1.8.0_352]
	at org.junit.platform.engine.support.hierarchical.SameThreadHierarchicalTestExecutorService.invokeAll(SameThreadHierarchicalTestExecutorService.java:41) ~[org.junit.platform.engine_1.8.1.v20211018-1956.jar:1.8.1]
	at org.junit.platform.engine.support.hierarchical.NodeTestTask.lambda$executeRecursively$6(NodeTestTask.java:155) ~[org.junit.platform.engine_1.8.1.v20211018-1956.jar:1.8.1]
	at org.junit.platform.engine.support.hierarchical.ThrowableCollector.execute(ThrowableCollector.java:73) ~[org.junit.platform.engine_1.8.1.v20211018-1956.jar:1.8.1]
	at org.junit.platform.engine.support.hierarchical.NodeTestTask.lambda$executeRecursively$8(NodeTestTask.java:141) ~[org.junit.platform.engine_1.8.1.v20211018-1956.jar:1.8.1]
	at org.junit.platform.engine.support.hierarchical.Node.around(Node.java:137) ~[org.junit.platform.engine_1.8.1.v20211018-1956.jar:1.8.1]
	at org.junit.platform.engine.support.hierarchical.NodeTestTask.lambda$executeRecursively$9(NodeTestTask.java:139) ~[org.junit.platform.engine_1.8.1.v20211018-1956.jar:1.8.1]
	at org.junit.platform.engine.support.hierarchical.ThrowableCollector.execute(ThrowableCollector.java:73) ~[org.junit.platform.engine_1.8.1.v20211018-1956.jar:1.8.1]
	at org.junit.platform.engine.support.hierarchical.NodeTestTask.executeRecursively(NodeTestTask.java:138) ~[org.junit.platform.engine_1.8.1.v20211018-1956.jar:1.8.1]
	at org.junit.platform.engine.support.hierarchical.NodeTestTask.execute(NodeTestTask.java:95) ~[org.junit.platform.engine_1.8.1.v20211018-1956.jar:1.8.1]
	at java.util.ArrayList.forEach(ArrayList.java:1259) ~[?:1.8.0_352]
	at org.junit.platform.engine.support.hierarchical.SameThreadHierarchicalTestExecutorService.invokeAll(SameThreadHierarchicalTestExecutorService.java:41) ~[org.junit.platform.engine_1.8.1.v20211018-1956.jar:1.8.1]
	at org.junit.platform.engine.support.hierarchical.NodeTestTask.lambda$executeRecursively$6(NodeTestTask.java:155) ~[org.junit.platform.engine_1.8.1.v20211018-1956.jar:1.8.1]
	at org.junit.platform.engine.support.hierarchical.ThrowableCollector.execute(ThrowableCollector.java:73) ~[org.junit.platform.engine_1.8.1.v20211018-1956.jar:1.8.1]
	at org.junit.platform.engine.support.hierarchical.NodeTestTask.lambda$executeRecursively$8(NodeTestTask.java:141) ~[org.junit.platform.engine_1.8.1.v20211018-1956.jar:1.8.1]
	at org.junit.platform.engine.support.hierarchical.Node.around(Node.java:137) ~[org.junit.platform.engine_1.8.1.v20211018-1956.jar:1.8.1]
	at org.junit.platform.engine.support.hierarchical.NodeTestTask.lambda$executeRecursively$9(NodeTestTask.java:139) ~[org.junit.platform.engine_1.8.1.v20211018-1956.jar:1.8.1]
	at org.junit.platform.engine.support.hierarchical.ThrowableCollector.execute(ThrowableCollector.java:73) ~[org.junit.platform.engine_1.8.1.v20211018-1956.jar:1.8.1]
	at org.junit.platform.engine.support.hierarchical.NodeTestTask.executeRecursively(NodeTestTask.java:138) ~[org.junit.platform.engine_1.8.1.v20211018-1956.jar:1.8.1]
	at org.junit.platform.engine.support.hierarchical.NodeTestTask.execute(NodeTestTask.java:95) ~[org.junit.platform.engine_1.8.1.v20211018-1956.jar:1.8.1]
	at org.junit.platform.engine.support.hierarchical.SameThreadHierarchicalTestExecutorService.submit(SameThreadHierarchicalTestExecutorService.java:35) ~[org.junit.platform.engine_1.8.1.v20211018-1956.jar:1.8.1]
	at org.junit.platform.engine.support.hierarchical.HierarchicalTestExecutor.execute(HierarchicalTestExecutor.java:57) ~[org.junit.platform.engine_1.8.1.v20211018-1956.jar:1.8.1]
	at org.junit.platform.engine.support.hierarchical.HierarchicalTestEngine.execute(HierarchicalTestEngine.java:54) ~[org.junit.platform.engine_1.8.1.v20211018-1956.jar:1.8.1]
	at org.junit.platform.launcher.core.EngineExecutionOrchestrator.execute(EngineExecutionOrchestrator.java:107) ~[org.junit.platform.launcher_1.8.1.v20211018-1956.jar:1.8.1]
	at org.junit.platform.launcher.core.EngineExecutionOrchestrator.execute(EngineExecutionOrchestrator.java:88) ~[org.junit.platform.launcher_1.8.1.v20211018-1956.jar:1.8.1]
	at org.junit.platform.launcher.core.EngineExecutionOrchestrator.lambda$execute$0(EngineExecutionOrchestrator.java:54) ~[org.junit.platform.launcher_1.8.1.v20211018-1956.jar:1.8.1]
	at org.junit.platform.launcher.core.EngineExecutionOrchestrator.withInterceptedStreams(EngineExecutionOrchestrator.java:67) [org.junit.platform.launcher_1.8.1.v20211018-1956.jar:1.8.1]
	at org.junit.platform.launcher.core.EngineExecutionOrchestrator.execute(EngineExecutionOrchestrator.java:52) [org.junit.platform.launcher_1.8.1.v20211018-1956.jar:1.8.1]
	at org.junit.platform.launcher.core.DefaultLauncher.execute(DefaultLauncher.java:114) [org.junit.platform.launcher_1.8.1.v20211018-1956.jar:1.8.1]
	at org.junit.platform.launcher.core.DefaultLauncher.execute(DefaultLauncher.java:95) [org.junit.platform.launcher_1.8.1.v20211018-1956.jar:1.8.1]
	at org.junit.platform.launcher.core.DefaultLauncherSession$DelegatingLauncher.execute(DefaultLauncherSession.java:91) [org.junit.platform.launcher_1.8.1.v20211018-1956.jar:1.8.1]
	at org.junit.platform.launcher.core.SessionPerRequestLauncher.execute(SessionPerRequestLauncher.java:60) [org.junit.platform.launcher_1.8.1.v20211018-1956.jar:1.8.1]
	at org.eclipse.jdt.internal.junit5.runner.JUnit5TestReference.run(JUnit5TestReference.java:98) [.cp/:?]
	at org.eclipse.jdt.internal.junit.runner.TestExecution.run(TestExecution.java:40) [.cp/:?]
	at org.eclipse.jdt.internal.junit.runner.RemoteTestRunner.runTests(RemoteTestRunner.java:529) [.cp/:?]
	at org.eclipse.jdt.internal.junit.runner.RemoteTestRunner.runTests(RemoteTestRunner.java:756) [.cp/:?]
	at org.eclipse.jdt.internal.junit.runner.RemoteTestRunner.run(RemoteTestRunner.java:452) [.cp/:?]
	at org.eclipse.jdt.internal.junit.runner.RemoteTestRunner.main(RemoteTestRunner.java:210) [.cp/:?]
2023-02-01 21:32:42.433 [main] INFO  DataBaseTestConfig - Create DB connection
2023-02-01 21:32:42.467 [main] INFO  DataBaseTestConfig - Closing DB connection
2023-02-01 21:32:42.468 [main] INFO  DataBaseTestConfig - Create DB connection
2023-02-01 21:32:42.480 [main] INFO  DataBaseTestConfig - Closing Result Set
2023-02-01 21:32:42.481 [main] INFO  DataBaseTestConfig - Closing Prepared Statement
2023-02-01 21:32:42.481 [main] INFO  DataBaseTestConfig - Closing DB connection
2023-02-01 21:32:42.482 [main] INFO  DataBaseTestConfig - Create DB connection
2023-02-01 21:32:42.496 [main] INFO  DataBaseTestConfig - Closing Prepared Statement
2023-02-01 21:32:42.496 [main] INFO  DataBaseTestConfig - Closing DB connection
2023-02-01 21:32:42.496 [main] INFO  DataBaseTestConfig - Create DB connection
2023-02-01 21:32:42.506 [main] INFO  DataBaseTestConfig - Closing Result Set
2023-02-01 21:32:42.506 [main] INFO  DataBaseTestConfig - Closing Prepared Statement
2023-02-01 21:32:42.507 [main] INFO  DataBaseTestConfig - Closing DB connection
2023-02-01 21:32:42.507 [main] INFO  DataBaseTestConfig - Create DB connection
2023-02-01 21:32:42.530 [main] INFO  DataBaseTestConfig - Closing DB connection
2023-02-01 21:33:53.202 [main] INFO  DataBaseTestConfig - Create DB connection
2023-02-01 21:33:53.417 [main] INFO  DataBaseTestConfig - Closing DB connection
2023-02-01 21:33:53.421 [main] INFO  DataBaseTestConfig - Create DB connection
2023-02-01 21:33:53.439 [main] INFO  DataBaseTestConfig - Closing Result Set
2023-02-01 21:33:53.439 [main] INFO  DataBaseTestConfig - Closing Prepared Statement
2023-02-01 21:33:53.439 [main] INFO  DataBaseTestConfig - Closing DB connection
2023-02-01 21:33:53.440 [main] INFO  DataBaseTestConfig - Create DB connection
2023-02-01 21:33:53.456 [main] INFO  DataBaseTestConfig - Closing Prepared Statement
2023-02-01 21:33:53.456 [main] INFO  DataBaseTestConfig - Closing DB connection
2023-02-01 21:33:53.457 [main] INFO  DataBaseTestConfig - Create DB connection
2023-02-01 21:33:53.469 [main] INFO  DataBaseTestConfig - Closing Result Set
2023-02-01 21:33:53.469 [main] INFO  DataBaseTestConfig - Closing Prepared Statement
2023-02-01 21:33:53.469 [main] INFO  DataBaseTestConfig - Closing DB connection
2023-02-01 21:33:53.469 [main] INFO  DataBaseTestConfig - Create DB connection
2023-02-01 21:33:53.494 [main] INFO  DataBaseTestConfig - Closing DB connection
2023-02-01 21:33:53.502 [main] INFO  DataBaseTestConfig - Create DB connection
2023-02-01 21:33:53.536 [main] INFO  DataBaseTestConfig - Closing DB connection
2023-02-01 21:33:53.537 [main] INFO  DataBaseTestConfig - Create DB connection
2023-02-01 21:33:53.548 [main] INFO  DataBaseTestConfig - Closing Result Set
2023-02-01 21:33:53.548 [main] INFO  DataBaseTestConfig - Closing Prepared Statement
2023-02-01 21:33:53.548 [main] INFO  DataBaseTestConfig - Closing DB connection
2023-02-01 21:33:53.549 [main] INFO  DataBaseTestConfig - Create DB connection
2023-02-01 21:33:53.560 [main] INFO  DataBaseTestConfig - Closing Prepared Statement
2023-02-01 21:33:53.561 [main] INFO  DataBaseTestConfig - Closing DB connection
2023-02-01 21:33:53.561 [main] INFO  DataBaseTestConfig - Create DB connection
2023-02-01 21:33:53.570 [main] INFO  DataBaseTestConfig - Closing Result Set
2023-02-01 21:33:53.570 [main] INFO  DataBaseTestConfig - Closing Prepared Statement
2023-02-01 21:33:53.570 [main] INFO  DataBaseTestConfig - Closing DB connection
2023-02-01 21:33:53.570 [main] INFO  DataBaseTestConfig - Create DB connection
2023-02-01 21:33:53.584 [main] INFO  DataBaseTestConfig - Closing DB connection
2023-02-01 21:36:41.804 [main] INFO  DataBaseTestConfig - Create DB connection
2023-02-01 21:36:42.004 [main] INFO  DataBaseTestConfig - Closing DB connection
2023-02-01 21:36:42.009 [main] INFO  DataBaseTestConfig - Create DB connection
2023-02-01 21:36:42.029 [main] INFO  DataBaseTestConfig - Closing Result Set
2023-02-01 21:36:42.029 [main] INFO  DataBaseTestConfig - Closing Prepared Statement
2023-02-01 21:36:42.029 [main] INFO  DataBaseTestConfig - Closing DB connection
2023-02-01 21:36:42.029 [main] INFO  DataBaseTestConfig - Create DB connection
2023-02-01 21:36:42.047 [main] INFO  DataBaseTestConfig - Closing Prepared Statement
2023-02-01 21:36:42.047 [main] INFO  DataBaseTestConfig - Closing DB connection
2023-02-01 21:36:42.048 [main] INFO  DataBaseTestConfig - Create DB connection
2023-02-01 21:36:42.061 [main] INFO  DataBaseTestConfig - Closing Result Set
2023-02-01 21:36:42.061 [main] INFO  DataBaseTestConfig - Closing Prepared Statement
2023-02-01 21:36:42.062 [main] INFO  DataBaseTestConfig - Closing DB connection
2023-02-01 21:36:42.062 [main] INFO  DataBaseTestConfig - Create DB connection
2023-02-01 21:36:42.085 [main] INFO  DataBaseTestConfig - Closing DB connection
2023-02-01 21:39:17.021 [main] INFO  DataBaseTestConfig - Create DB connection
2023-02-01 21:39:17.216 [main] INFO  DataBaseTestConfig - Closing Result Set
2023-02-01 21:39:17.216 [main] INFO  DataBaseTestConfig - Closing Prepared Statement
2023-02-01 21:39:17.217 [main] INFO  DataBaseTestConfig - Closing DB connection
2023-02-01 21:39:17.218 [main] INFO  DataBaseTestConfig - Create DB connection
2023-02-01 21:39:17.238 [main] INFO  DataBaseTestConfig - Closing Prepared Statement
2023-02-01 21:39:17.238 [main] INFO  DataBaseTestConfig - Closing DB connection
2023-02-01 21:39:17.239 [main] INFO  DataBaseTestConfig - Create DB connection
2023-02-01 21:39:17.255 [main] INFO  DataBaseTestConfig - Closing Result Set
2023-02-01 21:39:17.255 [main] INFO  DataBaseTestConfig - Closing Prepared Statement
2023-02-01 21:39:17.256 [main] INFO  DataBaseTestConfig - Closing DB connection
2023-02-01 21:39:17.256 [main] INFO  DataBaseTestConfig - Create DB connection
2023-02-01 21:39:17.270 [main] INFO  DataBaseTestConfig - Closing Result Set
2023-02-01 21:39:17.270 [main] INFO  DataBaseTestConfig - Closing Prepared Statement
2023-02-01 21:39:17.270 [main] INFO  DataBaseTestConfig - Closing DB connection
2023-02-01 21:39:17.270 [main] INFO  DataBaseTestConfig - Create DB connection
2023-02-01 21:39:17.297 [main] INFO  DataBaseTestConfig - Closing DB connection
2023-02-01 21:39:17.299 [main] INFO  DataBaseTestConfig - Create DB connection
2023-02-01 21:39:17.314 [main] INFO  DataBaseTestConfig - Closing Result Set
2023-02-01 21:39:17.314 [main] INFO  DataBaseTestConfig - Closing Prepared Statement
2023-02-01 21:39:17.314 [main] INFO  DataBaseTestConfig - Closing DB connection
2023-02-01 21:39:17.314 [main] INFO  DataBaseTestConfig - Create DB connection
2023-02-01 21:39:17.328 [main] INFO  DataBaseTestConfig - Closing DB connection
2023-02-01 21:39:17.328 [main] INFO  DataBaseTestConfig - Create DB connection
2023-02-01 21:39:17.345 [main] INFO  DataBaseTestConfig - Closing Prepared Statement
2023-02-01 21:39:17.345 [main] INFO  DataBaseTestConfig - Closing DB connection
2023-02-01 21:39:17.355 [main] INFO  DataBaseTestConfig - Create DB connection
2023-02-01 21:39:17.368 [main] INFO  DataBaseTestConfig - Closing Result Set
2023-02-01 21:39:17.368 [main] INFO  DataBaseTestConfig - Closing Prepared Statement
2023-02-01 21:39:17.369 [main] INFO  DataBaseTestConfig - Closing DB connection
2023-02-01 21:39:17.369 [main] INFO  DataBaseTestConfig - Create DB connection
2023-02-01 21:39:17.384 [main] INFO  DataBaseTestConfig - Closing Prepared Statement
2023-02-01 21:39:17.384 [main] INFO  DataBaseTestConfig - Closing DB connection
2023-02-01 21:39:17.385 [main] INFO  DataBaseTestConfig - Create DB connection
2023-02-01 21:39:17.397 [main] INFO  DataBaseTestConfig - Closing Result Set
2023-02-01 21:39:17.397 [main] INFO  DataBaseTestConfig - Closing Prepared Statement
2023-02-01 21:39:17.397 [main] INFO  DataBaseTestConfig - Closing DB connection
2023-02-01 21:39:17.397 [main] INFO  DataBaseTestConfig - Create DB connection
2023-02-01 21:39:17.417 [main] INFO  DataBaseTestConfig - Closing DB connection
2023-02-01 21:47:42.445 [main] INFO  DataBaseTestConfig - Create DB connection
2023-02-01 21:47:42.660 [main] INFO  DataBaseTestConfig - Closing DB connection
2023-02-01 21:47:42.664 [main] INFO  DataBaseTestConfig - Create DB connection
2023-02-01 21:47:42.683 [main] INFO  DataBaseTestConfig - Closing Result Set
2023-02-01 21:47:42.683 [main] INFO  DataBaseTestConfig - Closing Prepared Statement
2023-02-01 21:47:42.684 [main] INFO  DataBaseTestConfig - Closing DB connection
2023-02-01 21:47:42.684 [main] INFO  DataBaseTestConfig - Create DB connection
2023-02-01 21:47:42.700 [main] INFO  DataBaseTestConfig - Closing Prepared Statement
2023-02-01 21:47:42.701 [main] INFO  DataBaseTestConfig - Closing DB connection
2023-02-01 21:47:42.701 [main] INFO  DataBaseTestConfig - Create DB connection
2023-02-01 21:47:42.714 [main] INFO  DataBaseTestConfig - Closing Result Set
2023-02-01 21:47:42.714 [main] INFO  DataBaseTestConfig - Closing Prepared Statement
2023-02-01 21:47:42.714 [main] INFO  DataBaseTestConfig - Closing DB connection
2023-02-01 21:47:42.714 [main] INFO  DataBaseTestConfig - Create DB connection
2023-02-01 21:47:42.734 [main] INFO  DataBaseTestConfig - Closing DB connection
2023-02-01 21:47:42.736 [main] INFO  DataBaseTestConfig - Create DB connection
2023-02-01 21:47:42.748 [main] INFO  DataBaseTestConfig - Closing Result Set
2023-02-01 21:47:42.749 [main] INFO  DataBaseTestConfig - Closing Prepared Statement
2023-02-01 21:47:42.749 [main] INFO  DataBaseTestConfig - Closing DB connection
2023-02-01 21:47:42.750 [main] ERROR ParkingService - Unable to process exiting vehicle
java.lang.IllegalArgumentException: Out time provided is incorrect:java.util.GregorianCalendar[time=1675259262750,areFieldsSet=true,areAllFieldsSet=true,lenient=true,zone=sun.util.calendar.ZoneInfo[id="Asia/Shanghai",offset=28800000,dstSavings=0,useDaylight=false,transitions=31,lastRule=null],firstDayOfWeek=2,minimalDaysInFirstWeek=4,ERA=1,YEAR=2023,MONTH=1,WEEK_OF_YEAR=5,WEEK_OF_MONTH=1,DAY_OF_MONTH=1,DAY_OF_YEAR=32,DAY_OF_WEEK=4,DAY_OF_WEEK_IN_MONTH=1,AM_PM=1,HOUR=9,HOUR_OF_DAY=21,MINUTE=47,SECOND=42,MILLISECOND=750,ZONE_OFFSET=28800000,DST_OFFSET=0]
	at com.parkit.parkingsystem.service.FareCalculatorService.calculateFare(FareCalculatorService.java:12) ~[classes/:?]
	at com.parkit.parkingsystem.service.ParkingService.processExitingVehicle(ParkingService.java:126) ~[classes/:?]
	at com.parkit.parkingsystem.integration.ParkingDataBaseIT.testParkingLotExit(ParkingDataBaseIT.java:65) ~[test-classes/:?]
	at sun.reflect.NativeMethodAccessorImpl.invoke0(Native Method) ~[?:1.8.0_352]
	at sun.reflect.NativeMethodAccessorImpl.invoke(NativeMethodAccessorImpl.java:62) ~[?:1.8.0_352]
	at sun.reflect.DelegatingMethodAccessorImpl.invoke(DelegatingMethodAccessorImpl.java:43) ~[?:1.8.0_352]
	at java.lang.reflect.Method.invoke(Method.java:498) ~[?:1.8.0_352]
	at org.junit.platform.commons.util.ReflectionUtils.invokeMethod(ReflectionUtils.java:725) ~[org.junit.platform.commons_1.8.1.v20211018-1956.jar:1.8.1]
	at org.junit.jupiter.engine.execution.MethodInvocation.proceed(MethodInvocation.java:60) ~[org.junit.jupiter.engine_5.8.1.v20211018-1956.jar:5.8.1]
	at org.junit.jupiter.engine.execution.InvocationInterceptorChain$ValidatingInvocation.proceed(InvocationInterceptorChain.java:131) ~[org.junit.jupiter.engine_5.8.1.v20211018-1956.jar:5.8.1]
	at org.junit.jupiter.engine.extension.TimeoutExtension.intercept(TimeoutExtension.java:149) ~[org.junit.jupiter.engine_5.8.1.v20211018-1956.jar:5.8.1]
	at org.junit.jupiter.engine.extension.TimeoutExtension.interceptTestableMethod(TimeoutExtension.java:140) ~[org.junit.jupiter.engine_5.8.1.v20211018-1956.jar:5.8.1]
	at org.junit.jupiter.engine.extension.TimeoutExtension.interceptTestMethod(TimeoutExtension.java:84) ~[org.junit.jupiter.engine_5.8.1.v20211018-1956.jar:5.8.1]
	at org.junit.jupiter.engine.execution.ExecutableInvoker$ReflectiveInterceptorCall.lambda$ofVoidMethod$0(ExecutableInvoker.java:115) ~[org.junit.jupiter.engine_5.8.1.v20211018-1956.jar:5.8.1]
	at org.junit.jupiter.engine.execution.ExecutableInvoker.lambda$invoke$0(ExecutableInvoker.java:105) ~[org.junit.jupiter.engine_5.8.1.v20211018-1956.jar:5.8.1]
	at org.junit.jupiter.engine.execution.InvocationInterceptorChain$InterceptedInvocation.proceed(InvocationInterceptorChain.java:106) ~[org.junit.jupiter.engine_5.8.1.v20211018-1956.jar:5.8.1]
	at org.junit.jupiter.engine.execution.InvocationInterceptorChain.proceed(InvocationInterceptorChain.java:64) ~[org.junit.jupiter.engine_5.8.1.v20211018-1956.jar:5.8.1]
	at org.junit.jupiter.engine.execution.InvocationInterceptorChain.chainAndInvoke(InvocationInterceptorChain.java:45) ~[org.junit.jupiter.engine_5.8.1.v20211018-1956.jar:5.8.1]
	at org.junit.jupiter.engine.execution.InvocationInterceptorChain.invoke(InvocationInterceptorChain.java:37) ~[org.junit.jupiter.engine_5.8.1.v20211018-1956.jar:5.8.1]
	at org.junit.jupiter.engine.execution.ExecutableInvoker.invoke(ExecutableInvoker.java:104) ~[org.junit.jupiter.engine_5.8.1.v20211018-1956.jar:5.8.1]
	at org.junit.jupiter.engine.execution.ExecutableInvoker.invoke(ExecutableInvoker.java:98) ~[org.junit.jupiter.engine_5.8.1.v20211018-1956.jar:5.8.1]
	at org.junit.jupiter.engine.descriptor.TestMethodTestDescriptor.lambda$invokeTestMethod$7(TestMethodTestDescriptor.java:214) ~[org.junit.jupiter.engine_5.8.1.v20211018-1956.jar:5.8.1]
	at org.junit.platform.engine.support.hierarchical.ThrowableCollector.execute(ThrowableCollector.java:73) ~[org.junit.platform.engine_1.8.1.v20211018-1956.jar:1.8.1]
	at org.junit.jupiter.engine.descriptor.TestMethodTestDescriptor.invokeTestMethod(TestMethodTestDescriptor.java:210) ~[org.junit.jupiter.engine_5.8.1.v20211018-1956.jar:5.8.1]
	at org.junit.jupiter.engine.descriptor.TestMethodTestDescriptor.execute(TestMethodTestDescriptor.java:135) ~[org.junit.jupiter.engine_5.8.1.v20211018-1956.jar:5.8.1]
	at org.junit.jupiter.engine.descriptor.TestMethodTestDescriptor.execute(TestMethodTestDescriptor.java:66) ~[org.junit.jupiter.engine_5.8.1.v20211018-1956.jar:5.8.1]
	at org.junit.platform.engine.support.hierarchical.NodeTestTask.lambda$executeRecursively$6(NodeTestTask.java:151) ~[org.junit.platform.engine_1.8.1.v20211018-1956.jar:1.8.1]
	at org.junit.platform.engine.support.hierarchical.ThrowableCollector.execute(ThrowableCollector.java:73) ~[org.junit.platform.engine_1.8.1.v20211018-1956.jar:1.8.1]
	at org.junit.platform.engine.support.hierarchical.NodeTestTask.lambda$executeRecursively$8(NodeTestTask.java:141) ~[org.junit.platform.engine_1.8.1.v20211018-1956.jar:1.8.1]
	at org.junit.platform.engine.support.hierarchical.Node.around(Node.java:137) ~[org.junit.platform.engine_1.8.1.v20211018-1956.jar:1.8.1]
	at org.junit.platform.engine.support.hierarchical.NodeTestTask.lambda$executeRecursively$9(NodeTestTask.java:139) ~[org.junit.platform.engine_1.8.1.v20211018-1956.jar:1.8.1]
	at org.junit.platform.engine.support.hierarchical.ThrowableCollector.execute(ThrowableCollector.java:73) ~[org.junit.platform.engine_1.8.1.v20211018-1956.jar:1.8.1]
	at org.junit.platform.engine.support.hierarchical.NodeTestTask.executeRecursively(NodeTestTask.java:138) ~[org.junit.platform.engine_1.8.1.v20211018-1956.jar:1.8.1]
	at org.junit.platform.engine.support.hierarchical.NodeTestTask.execute(NodeTestTask.java:95) ~[org.junit.platform.engine_1.8.1.v20211018-1956.jar:1.8.1]
	at java.util.ArrayList.forEach(ArrayList.java:1259) ~[?:1.8.0_352]
	at org.junit.platform.engine.support.hierarchical.SameThreadHierarchicalTestExecutorService.invokeAll(SameThreadHierarchicalTestExecutorService.java:41) ~[org.junit.platform.engine_1.8.1.v20211018-1956.jar:1.8.1]
	at org.junit.platform.engine.support.hierarchical.NodeTestTask.lambda$executeRecursively$6(NodeTestTask.java:155) ~[org.junit.platform.engine_1.8.1.v20211018-1956.jar:1.8.1]
	at org.junit.platform.engine.support.hierarchical.ThrowableCollector.execute(ThrowableCollector.java:73) ~[org.junit.platform.engine_1.8.1.v20211018-1956.jar:1.8.1]
	at org.junit.platform.engine.support.hierarchical.NodeTestTask.lambda$executeRecursively$8(NodeTestTask.java:141) ~[org.junit.platform.engine_1.8.1.v20211018-1956.jar:1.8.1]
	at org.junit.platform.engine.support.hierarchical.Node.around(Node.java:137) ~[org.junit.platform.engine_1.8.1.v20211018-1956.jar:1.8.1]
	at org.junit.platform.engine.support.hierarchical.NodeTestTask.lambda$executeRecursively$9(NodeTestTask.java:139) ~[org.junit.platform.engine_1.8.1.v20211018-1956.jar:1.8.1]
	at org.junit.platform.engine.support.hierarchical.ThrowableCollector.execute(ThrowableCollector.java:73) ~[org.junit.platform.engine_1.8.1.v20211018-1956.jar:1.8.1]
	at org.junit.platform.engine.support.hierarchical.NodeTestTask.executeRecursively(NodeTestTask.java:138) ~[org.junit.platform.engine_1.8.1.v20211018-1956.jar:1.8.1]
	at org.junit.platform.engine.support.hierarchical.NodeTestTask.execute(NodeTestTask.java:95) ~[org.junit.platform.engine_1.8.1.v20211018-1956.jar:1.8.1]
	at java.util.ArrayList.forEach(ArrayList.java:1259) ~[?:1.8.0_352]
	at org.junit.platform.engine.support.hierarchical.SameThreadHierarchicalTestExecutorService.invokeAll(SameThreadHierarchicalTestExecutorService.java:41) ~[org.junit.platform.engine_1.8.1.v20211018-1956.jar:1.8.1]
	at org.junit.platform.engine.support.hierarchical.NodeTestTask.lambda$executeRecursively$6(NodeTestTask.java:155) ~[org.junit.platform.engine_1.8.1.v20211018-1956.jar:1.8.1]
	at org.junit.platform.engine.support.hierarchical.ThrowableCollector.execute(ThrowableCollector.java:73) ~[org.junit.platform.engine_1.8.1.v20211018-1956.jar:1.8.1]
	at org.junit.platform.engine.support.hierarchical.NodeTestTask.lambda$executeRecursively$8(NodeTestTask.java:141) ~[org.junit.platform.engine_1.8.1.v20211018-1956.jar:1.8.1]
	at org.junit.platform.engine.support.hierarchical.Node.around(Node.java:137) ~[org.junit.platform.engine_1.8.1.v20211018-1956.jar:1.8.1]
	at org.junit.platform.engine.support.hierarchical.NodeTestTask.lambda$executeRecursively$9(NodeTestTask.java:139) ~[org.junit.platform.engine_1.8.1.v20211018-1956.jar:1.8.1]
	at org.junit.platform.engine.support.hierarchical.ThrowableCollector.execute(ThrowableCollector.java:73) ~[org.junit.platform.engine_1.8.1.v20211018-1956.jar:1.8.1]
	at org.junit.platform.engine.support.hierarchical.NodeTestTask.executeRecursively(NodeTestTask.java:138) ~[org.junit.platform.engine_1.8.1.v20211018-1956.jar:1.8.1]
	at org.junit.platform.engine.support.hierarchical.NodeTestTask.execute(NodeTestTask.java:95) ~[org.junit.platform.engine_1.8.1.v20211018-1956.jar:1.8.1]
	at org.junit.platform.engine.support.hierarchical.SameThreadHierarchicalTestExecutorService.submit(SameThreadHierarchicalTestExecutorService.java:35) ~[org.junit.platform.engine_1.8.1.v20211018-1956.jar:1.8.1]
	at org.junit.platform.engine.support.hierarchical.HierarchicalTestExecutor.execute(HierarchicalTestExecutor.java:57) ~[org.junit.platform.engine_1.8.1.v20211018-1956.jar:1.8.1]
	at org.junit.platform.engine.support.hierarchical.HierarchicalTestEngine.execute(HierarchicalTestEngine.java:54) ~[org.junit.platform.engine_1.8.1.v20211018-1956.jar:1.8.1]
	at org.junit.platform.launcher.core.EngineExecutionOrchestrator.execute(EngineExecutionOrchestrator.java:107) ~[org.junit.platform.launcher_1.8.1.v20211018-1956.jar:1.8.1]
	at org.junit.platform.launcher.core.EngineExecutionOrchestrator.execute(EngineExecutionOrchestrator.java:88) ~[org.junit.platform.launcher_1.8.1.v20211018-1956.jar:1.8.1]
	at org.junit.platform.launcher.core.EngineExecutionOrchestrator.lambda$execute$0(EngineExecutionOrchestrator.java:54) ~[org.junit.platform.launcher_1.8.1.v20211018-1956.jar:1.8.1]
	at org.junit.platform.launcher.core.EngineExecutionOrchestrator.withInterceptedStreams(EngineExecutionOrchestrator.java:67) [org.junit.platform.launcher_1.8.1.v20211018-1956.jar:1.8.1]
	at org.junit.platform.launcher.core.EngineExecutionOrchestrator.execute(EngineExecutionOrchestrator.java:52) [org.junit.platform.launcher_1.8.1.v20211018-1956.jar:1.8.1]
	at org.junit.platform.launcher.core.DefaultLauncher.execute(DefaultLauncher.java:114) [org.junit.platform.launcher_1.8.1.v20211018-1956.jar:1.8.1]
	at org.junit.platform.launcher.core.DefaultLauncher.execute(DefaultLauncher.java:95) [org.junit.platform.launcher_1.8.1.v20211018-1956.jar:1.8.1]
	at org.junit.platform.launcher.core.DefaultLauncherSession$DelegatingLauncher.execute(DefaultLauncherSession.java:91) [org.junit.platform.launcher_1.8.1.v20211018-1956.jar:1.8.1]
	at org.junit.platform.launcher.core.SessionPerRequestLauncher.execute(SessionPerRequestLauncher.java:60) [org.junit.platform.launcher_1.8.1.v20211018-1956.jar:1.8.1]
	at org.eclipse.jdt.internal.junit5.runner.JUnit5TestReference.run(JUnit5TestReference.java:98) [.cp/:?]
	at org.eclipse.jdt.internal.junit.runner.TestExecution.run(TestExecution.java:40) [.cp/:?]
	at org.eclipse.jdt.internal.junit.runner.RemoteTestRunner.runTests(RemoteTestRunner.java:529) [.cp/:?]
	at org.eclipse.jdt.internal.junit.runner.RemoteTestRunner.runTests(RemoteTestRunner.java:756) [.cp/:?]
	at org.eclipse.jdt.internal.junit.runner.RemoteTestRunner.run(RemoteTestRunner.java:452) [.cp/:?]
	at org.eclipse.jdt.internal.junit.runner.RemoteTestRunner.main(RemoteTestRunner.java:210) [.cp/:?]
2023-02-01 21:47:42.763 [main] INFO  DataBaseTestConfig - Create DB connection
2023-02-01 21:47:42.804 [main] INFO  DataBaseTestConfig - Closing DB connection
2023-02-01 21:47:42.804 [main] INFO  DataBaseTestConfig - Create DB connection
2023-02-01 21:47:42.815 [main] INFO  DataBaseTestConfig - Closing Result Set
2023-02-01 21:47:42.815 [main] INFO  DataBaseTestConfig - Closing Prepared Statement
2023-02-01 21:47:42.816 [main] INFO  DataBaseTestConfig - Closing DB connection
2023-02-01 21:47:42.816 [main] INFO  DataBaseTestConfig - Create DB connection
2023-02-01 21:47:42.829 [main] INFO  DataBaseTestConfig - Closing Prepared Statement
2023-02-01 21:47:42.829 [main] INFO  DataBaseTestConfig - Closing DB connection
2023-02-01 21:47:42.830 [main] INFO  DataBaseTestConfig - Create DB connection
2023-02-01 21:47:42.839 [main] INFO  DataBaseTestConfig - Closing Result Set
2023-02-01 21:47:42.839 [main] INFO  DataBaseTestConfig - Closing Prepared Statement
2023-02-01 21:47:42.840 [main] INFO  DataBaseTestConfig - Closing DB connection
2023-02-01 21:47:42.840 [main] INFO  DataBaseTestConfig - Create DB connection
2023-02-01 21:47:42.854 [main] INFO  DataBaseTestConfig - Closing DB connection
2023-02-01 21:47:50.719 [main] INFO  DataBaseTestConfig - Create DB connection
2023-02-01 21:47:50.925 [main] INFO  DataBaseTestConfig - Closing DB connection
2023-02-01 21:47:50.928 [main] INFO  DataBaseTestConfig - Create DB connection
2023-02-01 21:47:50.948 [main] INFO  DataBaseTestConfig - Closing Result Set
2023-02-01 21:47:50.948 [main] INFO  DataBaseTestConfig - Closing Prepared Statement
2023-02-01 21:47:50.948 [main] INFO  DataBaseTestConfig - Closing DB connection
2023-02-01 21:47:50.948 [main] INFO  DataBaseTestConfig - Create DB connection
2023-02-01 21:47:50.963 [main] INFO  DataBaseTestConfig - Closing Prepared Statement
2023-02-01 21:47:50.963 [main] INFO  DataBaseTestConfig - Closing DB connection
2023-02-01 21:47:50.963 [main] INFO  DataBaseTestConfig - Create DB connection
2023-02-01 21:47:50.978 [main] INFO  DataBaseTestConfig - Closing Result Set
2023-02-01 21:47:50.978 [main] INFO  DataBaseTestConfig - Closing Prepared Statement
2023-02-01 21:47:50.978 [main] INFO  DataBaseTestConfig - Closing DB connection
2023-02-01 21:47:50.978 [main] INFO  DataBaseTestConfig - Create DB connection
2023-02-01 21:47:50.999 [main] INFO  DataBaseTestConfig - Closing DB connection
2023-02-01 21:47:51.001 [main] INFO  DataBaseTestConfig - Create DB connection
2023-02-01 21:47:51.013 [main] INFO  DataBaseTestConfig - Closing Result Set
2023-02-01 21:47:51.013 [main] INFO  DataBaseTestConfig - Closing Prepared Statement
2023-02-01 21:47:51.014 [main] INFO  DataBaseTestConfig - Closing DB connection
2023-02-01 21:47:51.014 [main] INFO  DataBaseTestConfig - Create DB connection
2023-02-01 21:47:51.023 [main] INFO  DataBaseTestConfig - Closing DB connection
2023-02-01 21:47:51.024 [main] INFO  DataBaseTestConfig - Create DB connection
2023-02-01 21:47:51.035 [main] INFO  DataBaseTestConfig - Closing Prepared Statement
2023-02-01 21:47:51.035 [main] INFO  DataBaseTestConfig - Closing DB connection
2023-02-01 21:47:51.044 [main] INFO  DataBaseTestConfig - Create DB connection
2023-02-01 21:47:51.078 [main] INFO  DataBaseTestConfig - Closing DB connection
2023-02-01 21:47:51.079 [main] INFO  DataBaseTestConfig - Create DB connection
2023-02-01 21:47:51.089 [main] INFO  DataBaseTestConfig - Closing Result Set
2023-02-01 21:47:51.089 [main] INFO  DataBaseTestConfig - Closing Prepared Statement
2023-02-01 21:47:51.089 [main] INFO  DataBaseTestConfig - Closing DB connection
2023-02-01 21:47:51.089 [main] INFO  DataBaseTestConfig - Create DB connection
2023-02-01 21:47:51.099 [main] INFO  DataBaseTestConfig - Closing Prepared Statement
2023-02-01 21:47:51.100 [main] INFO  DataBaseTestConfig - Closing DB connection
2023-02-01 21:47:51.100 [main] INFO  DataBaseTestConfig - Create DB connection
2023-02-01 21:47:51.111 [main] INFO  DataBaseTestConfig - Closing Result Set
2023-02-01 21:47:51.111 [main] INFO  DataBaseTestConfig - Closing Prepared Statement
2023-02-01 21:47:51.111 [main] INFO  DataBaseTestConfig - Closing DB connection
2023-02-01 21:47:51.111 [main] INFO  DataBaseTestConfig - Create DB connection
2023-02-01 21:47:51.123 [main] INFO  DataBaseTestConfig - Closing DB connection
