2023-02-10 05:27:30.335 [main] INFO  DataBaseTestConfig - Create DB connection
2023-02-10 05:27:30.550 [main] INFO  DataBaseTestConfig - Closing DB connection
2023-02-10 05:27:30.553 [main] INFO  DataBaseTestConfig - Create DB connection
2023-02-10 05:27:30.572 [main] INFO  DataBaseTestConfig - Closing Result Set
2023-02-10 05:27:30.572 [main] INFO  DataBaseTestConfig - Closing Prepared Statement
2023-02-10 05:27:30.572 [main] INFO  DataBaseTestConfig - Closing DB connection
2023-02-10 05:27:30.572 [main] INFO  DataBaseTestConfig - Create DB connection
2023-02-10 05:27:30.588 [main] INFO  DataBaseTestConfig - Closing Prepared Statement
2023-02-10 05:27:30.588 [main] INFO  DataBaseTestConfig - Closing DB connection
2023-02-10 05:27:30.588 [main] INFO  DataBaseTestConfig - Create DB connection
2023-02-10 05:27:30.600 [main] INFO  DataBaseTestConfig - Closing Result Set
2023-02-10 05:27:30.600 [main] INFO  DataBaseTestConfig - Closing Prepared Statement
2023-02-10 05:27:30.600 [main] INFO  DataBaseTestConfig - Closing DB connection
2023-02-10 05:27:30.600 [main] INFO  DataBaseTestConfig - Create DB connection
2023-02-10 05:27:30.620 [main] INFO  DataBaseTestConfig - Closing DB connection
2023-02-10 05:27:30.623 [main] INFO  DataBaseTestConfig - Create DB connection
2023-02-10 05:27:30.632 [main] INFO  DataBaseTestConfig - Closing Result Set
2023-02-10 05:27:30.632 [main] INFO  DataBaseTestConfig - Closing Prepared Statement
2023-02-10 05:27:30.632 [main] INFO  DataBaseTestConfig - Closing DB connection
2023-02-10 05:27:30.632 [main] ERROR ParkingService - Unable to process exiting vehicle
java.lang.IllegalArgumentException: Out time provided is incorrect:java.util.GregorianCalendar[time=1675978050632,areFieldsSet=true,areAllFieldsSet=true,lenient=true,zone=sun.util.calendar.ZoneInfo[id="Asia/Shanghai",offset=28800000,dstSavings=0,useDaylight=false,transitions=31,lastRule=null],firstDayOfWeek=2,minimalDaysInFirstWeek=4,ERA=1,YEAR=2023,MONTH=1,WEEK_OF_YEAR=6,WEEK_OF_MONTH=2,DAY_OF_MONTH=10,DAY_OF_YEAR=41,DAY_OF_WEEK=6,DAY_OF_WEEK_IN_MONTH=2,AM_PM=0,HOUR=5,HOUR_OF_DAY=5,MINUTE=27,SECOND=30,MILLISECOND=632,ZONE_OFFSET=28800000,DST_OFFSET=0]
	at com.parkit.parkingsystem.service.FareCalculatorService.calculateFare(FareCalculatorService.java:12) ~[classes/:?]
	at com.parkit.parkingsystem.service.ParkingService.processExitingVehicle(ParkingService.java:126) ~[classes/:?]
	at com.parkit.parkingsystem.integration.ParkingDataBaseIT.testParkingLotExit(ParkingDataBaseIT.java:72) ~[test-classes/:?]
	at sun.reflect.NativeMethodAccessorImpl.invoke0(Native Method) ~[?:1.8.0_352]
	at sun.reflect.NativeMethodAccessorImpl.invoke(NativeMethodAccessorImpl.java:62) ~[?:1.8.0_352]
	at sun.reflect.DelegatingMethodAccessorImpl.invoke(DelegatingMethodAccessorImpl.java:43) ~[?:1.8.0_352]
	at java.lang.reflect.Method.invoke(Method.java:498) ~[?:1.8.0_352]
	at org.junit.platform.commons.util.ReflectionUtils.invokeMethod(ReflectionUtils.java:725) ~[org.junit.platform.commons_1.8.1.v20211018-1956.jar:1.8.1]
	at org.junit.jupiter.engine.execution.MethodInvocation.proceed(MethodInvocation.java:60) ~[org.junit.jupiter.engine_5.8.1.v20211018-1956.jar:5.8.1]
	at org.junit.jupiter.engine.execution.InvocationInterceptorChain$ValidatingInvocation.proceed(InvocationInterceptorChain.java:131) ~[org.junit.jupiter.engine_5.8.1.v20211018-1956.jar:5.8.1]
	at org.junit.jupiter.engine.extension.TimeoutExtension.intercept(TimeoutExtension.java:149) ~[org.junit.jupiter.engine_5.8.1.v20211018-1956.jar:5.8.1]
	at org.junit.jupiter.engine.extension.TimeoutExtension.interceptTestableMethod(TimeoutExtension.java:140) ~[org.junit.jupiter.engine_5.8.1.v20211018-1956.jar:5.8.1]
	at org.junit.jupiter.engine.extension.TimeoutExtension.interceptTestMethod(TimeoutExtension.java:84) ~[org.junit.jupiter.engine_5.8.1.v20211018-1956.jar:5.8.1]
	at org.junit.jupiter.engine.execution.ExecutableInvoker$ReflectiveInterceptorCall.lambda$ofVoidMethod$0(ExecutableInvoker.java:115) ~[org.junit.jupiter.engine_5.8.1.v20211018-1956.jar:5.8.1]
	at org.junit.jupiter.engine.execution.ExecutableInvoker.lambda$invoke$0(ExecutableInvoker.java:105) ~[org.junit.jupiter.engine_5.8.1.v20211018-1956.jar:5.8.1]
	at org.junit.jupiter.engine.execution.InvocationInterceptorChain$InterceptedInvocation.proceed(InvocationInterceptorChain.java:106) ~[org.junit.jupiter.engine_5.8.1.v20211018-1956.jar:5.8.1]
	at org.junit.jupiter.engine.execution.InvocationInterceptorChain.proceed(InvocationInterceptorChain.java:64) ~[org.junit.jupiter.engine_5.8.1.v20211018-1956.jar:5.8.1]
	at org.junit.jupiter.engine.execution.InvocationInterceptorChain.chainAndInvoke(InvocationInterceptorChain.java:45) ~[org.junit.jupiter.engine_5.8.1.v20211018-1956.jar:5.8.1]
	at org.junit.jupiter.engine.execution.InvocationInterceptorChain.invoke(InvocationInterceptorChain.java:37) ~[org.junit.jupiter.engine_5.8.1.v20211018-1956.jar:5.8.1]
	at org.junit.jupiter.engine.execution.ExecutableInvoker.invoke(ExecutableInvoker.java:104) ~[org.junit.jupiter.engine_5.8.1.v20211018-1956.jar:5.8.1]
	at org.junit.jupiter.engine.execution.ExecutableInvoker.invoke(ExecutableInvoker.java:98) ~[org.junit.jupiter.engine_5.8.1.v20211018-1956.jar:5.8.1]
	at org.junit.jupiter.engine.descriptor.TestMethodTestDescriptor.lambda$invokeTestMethod$7(TestMethodTestDescriptor.java:214) ~[org.junit.jupiter.engine_5.8.1.v20211018-1956.jar:5.8.1]
	at org.junit.platform.engine.support.hierarchical.ThrowableCollector.execute(ThrowableCollector.java:73) ~[org.junit.platform.engine_1.8.1.v20211018-1956.jar:1.8.1]
	at org.junit.jupiter.engine.descriptor.TestMethodTestDescriptor.invokeTestMethod(TestMethodTestDescriptor.java:210) ~[org.junit.jupiter.engine_5.8.1.v20211018-1956.jar:5.8.1]
	at org.junit.jupiter.engine.descriptor.TestMethodTestDescriptor.execute(TestMethodTestDescriptor.java:135) ~[org.junit.jupiter.engine_5.8.1.v20211018-1956.jar:5.8.1]
	at org.junit.jupiter.engine.descriptor.TestMethodTestDescriptor.execute(TestMethodTestDescriptor.java:66) ~[org.junit.jupiter.engine_5.8.1.v20211018-1956.jar:5.8.1]
	at org.junit.platform.engine.support.hierarchical.NodeTestTask.lambda$executeRecursively$6(NodeTestTask.java:151) ~[org.junit.platform.engine_1.8.1.v20211018-1956.jar:1.8.1]
	at org.junit.platform.engine.support.hierarchical.ThrowableCollector.execute(ThrowableCollector.java:73) ~[org.junit.platform.engine_1.8.1.v20211018-1956.jar:1.8.1]
	at org.junit.platform.engine.support.hierarchical.NodeTestTask.lambda$executeRecursively$8(NodeTestTask.java:141) ~[org.junit.platform.engine_1.8.1.v20211018-1956.jar:1.8.1]
	at org.junit.platform.engine.support.hierarchical.Node.around(Node.java:137) ~[org.junit.platform.engine_1.8.1.v20211018-1956.jar:1.8.1]
	at org.junit.platform.engine.support.hierarchical.NodeTestTask.lambda$executeRecursively$9(NodeTestTask.java:139) ~[org.junit.platform.engine_1.8.1.v20211018-1956.jar:1.8.1]
	at org.junit.platform.engine.support.hierarchical.ThrowableCollector.execute(ThrowableCollector.java:73) ~[org.junit.platform.engine_1.8.1.v20211018-1956.jar:1.8.1]
	at org.junit.platform.engine.support.hierarchical.NodeTestTask.executeRecursively(NodeTestTask.java:138) ~[org.junit.platform.engine_1.8.1.v20211018-1956.jar:1.8.1]
	at org.junit.platform.engine.support.hierarchical.NodeTestTask.execute(NodeTestTask.java:95) ~[org.junit.platform.engine_1.8.1.v20211018-1956.jar:1.8.1]
	at java.util.ArrayList.forEach(ArrayList.java:1259) ~[?:1.8.0_352]
	at org.junit.platform.engine.support.hierarchical.SameThreadHierarchicalTestExecutorService.invokeAll(SameThreadHierarchicalTestExecutorService.java:41) ~[org.junit.platform.engine_1.8.1.v20211018-1956.jar:1.8.1]
	at org.junit.platform.engine.support.hierarchical.NodeTestTask.lambda$executeRecursively$6(NodeTestTask.java:155) ~[org.junit.platform.engine_1.8.1.v20211018-1956.jar:1.8.1]
	at org.junit.platform.engine.support.hierarchical.ThrowableCollector.execute(ThrowableCollector.java:73) ~[org.junit.platform.engine_1.8.1.v20211018-1956.jar:1.8.1]
	at org.junit.platform.engine.support.hierarchical.NodeTestTask.lambda$executeRecursively$8(NodeTestTask.java:141) ~[org.junit.platform.engine_1.8.1.v20211018-1956.jar:1.8.1]
	at org.junit.platform.engine.support.hierarchical.Node.around(Node.java:137) ~[org.junit.platform.engine_1.8.1.v20211018-1956.jar:1.8.1]
	at org.junit.platform.engine.support.hierarchical.NodeTestTask.lambda$executeRecursively$9(NodeTestTask.java:139) ~[org.junit.platform.engine_1.8.1.v20211018-1956.jar:1.8.1]
	at org.junit.platform.engine.support.hierarchical.ThrowableCollector.execute(ThrowableCollector.java:73) ~[org.junit.platform.engine_1.8.1.v20211018-1956.jar:1.8.1]
	at org.junit.platform.engine.support.hierarchical.NodeTestTask.executeRecursively(NodeTestTask.java:138) ~[org.junit.platform.engine_1.8.1.v20211018-1956.jar:1.8.1]
	at org.junit.platform.engine.support.hierarchical.NodeTestTask.execute(NodeTestTask.java:95) ~[org.junit.platform.engine_1.8.1.v20211018-1956.jar:1.8.1]
	at java.util.ArrayList.forEach(ArrayList.java:1259) ~[?:1.8.0_352]
	at org.junit.platform.engine.support.hierarchical.SameThreadHierarchicalTestExecutorService.invokeAll(SameThreadHierarchicalTestExecutorService.java:41) ~[org.junit.platform.engine_1.8.1.v20211018-1956.jar:1.8.1]
	at org.junit.platform.engine.support.hierarchical.NodeTestTask.lambda$executeRecursively$6(NodeTestTask.java:155) ~[org.junit.platform.engine_1.8.1.v20211018-1956.jar:1.8.1]
	at org.junit.platform.engine.support.hierarchical.ThrowableCollector.execute(ThrowableCollector.java:73) ~[org.junit.platform.engine_1.8.1.v20211018-1956.jar:1.8.1]
	at org.junit.platform.engine.support.hierarchical.NodeTestTask.lambda$executeRecursively$8(NodeTestTask.java:141) ~[org.junit.platform.engine_1.8.1.v20211018-1956.jar:1.8.1]
	at org.junit.platform.engine.support.hierarchical.Node.around(Node.java:137) ~[org.junit.platform.engine_1.8.1.v20211018-1956.jar:1.8.1]
	at org.junit.platform.engine.support.hierarchical.NodeTestTask.lambda$executeRecursively$9(NodeTestTask.java:139) ~[org.junit.platform.engine_1.8.1.v20211018-1956.jar:1.8.1]
	at org.junit.platform.engine.support.hierarchical.ThrowableCollector.execute(ThrowableCollector.java:73) ~[org.junit.platform.engine_1.8.1.v20211018-1956.jar:1.8.1]
	at org.junit.platform.engine.support.hierarchical.NodeTestTask.executeRecursively(NodeTestTask.java:138) ~[org.junit.platform.engine_1.8.1.v20211018-1956.jar:1.8.1]
	at org.junit.platform.engine.support.hierarchical.NodeTestTask.execute(NodeTestTask.java:95) ~[org.junit.platform.engine_1.8.1.v20211018-1956.jar:1.8.1]
	at org.junit.platform.engine.support.hierarchical.SameThreadHierarchicalTestExecutorService.submit(SameThreadHierarchicalTestExecutorService.java:35) ~[org.junit.platform.engine_1.8.1.v20211018-1956.jar:1.8.1]
	at org.junit.platform.engine.support.hierarchical.HierarchicalTestExecutor.execute(HierarchicalTestExecutor.java:57) ~[org.junit.platform.engine_1.8.1.v20211018-1956.jar:1.8.1]
	at org.junit.platform.engine.support.hierarchical.HierarchicalTestEngine.execute(HierarchicalTestEngine.java:54) ~[org.junit.platform.engine_1.8.1.v20211018-1956.jar:1.8.1]
	at org.junit.platform.launcher.core.EngineExecutionOrchestrator.execute(EngineExecutionOrchestrator.java:107) ~[org.junit.platform.launcher_1.8.1.v20211018-1956.jar:1.8.1]
	at org.junit.platform.launcher.core.EngineExecutionOrchestrator.execute(EngineExecutionOrchestrator.java:88) ~[org.junit.platform.launcher_1.8.1.v20211018-1956.jar:1.8.1]
	at org.junit.platform.launcher.core.EngineExecutionOrchestrator.lambda$execute$0(EngineExecutionOrchestrator.java:54) ~[org.junit.platform.launcher_1.8.1.v20211018-1956.jar:1.8.1]
	at org.junit.platform.launcher.core.EngineExecutionOrchestrator.withInterceptedStreams(EngineExecutionOrchestrator.java:67) [org.junit.platform.launcher_1.8.1.v20211018-1956.jar:1.8.1]
	at org.junit.platform.launcher.core.EngineExecutionOrchestrator.execute(EngineExecutionOrchestrator.java:52) [org.junit.platform.launcher_1.8.1.v20211018-1956.jar:1.8.1]
	at org.junit.platform.launcher.core.DefaultLauncher.execute(DefaultLauncher.java:114) [org.junit.platform.launcher_1.8.1.v20211018-1956.jar:1.8.1]
	at org.junit.platform.launcher.core.DefaultLauncher.execute(DefaultLauncher.java:95) [org.junit.platform.launcher_1.8.1.v20211018-1956.jar:1.8.1]
	at org.junit.platform.launcher.core.DefaultLauncherSession$DelegatingLauncher.execute(DefaultLauncherSession.java:91) [org.junit.platform.launcher_1.8.1.v20211018-1956.jar:1.8.1]
	at org.junit.platform.launcher.core.SessionPerRequestLauncher.execute(SessionPerRequestLauncher.java:60) [org.junit.platform.launcher_1.8.1.v20211018-1956.jar:1.8.1]
	at org.eclipse.jdt.internal.junit5.runner.JUnit5TestReference.run(JUnit5TestReference.java:98) [.cp/:?]
	at org.eclipse.jdt.internal.junit.runner.TestExecution.run(TestExecution.java:40) [.cp/:?]
	at org.eclipse.jdt.internal.junit.runner.RemoteTestRunner.runTests(RemoteTestRunner.java:529) [.cp/:?]
	at org.eclipse.jdt.internal.junit.runner.RemoteTestRunner.runTests(RemoteTestRunner.java:756) [.cp/:?]
	at org.eclipse.jdt.internal.junit.runner.RemoteTestRunner.run(RemoteTestRunner.java:452) [.cp/:?]
	at org.eclipse.jdt.internal.junit.runner.RemoteTestRunner.main(RemoteTestRunner.java:210) [.cp/:?]
2023-02-10 05:27:30.635 [main] INFO  DataBaseTestConfig - Create DB connection
2023-02-10 05:27:30.645 [main] INFO  DataBaseTestConfig - Closing Result Set
2023-02-10 05:27:30.645 [main] INFO  DataBaseTestConfig - Closing Prepared Statement
2023-02-10 05:27:30.645 [main] INFO  DataBaseTestConfig - Closing DB connection
2023-02-10 05:27:30.646 [main] INFO  DataBaseTestConfig - Create DB connection
2023-02-10 05:27:30.655 [main] INFO  DataBaseTestConfig - Closing Result Set
2023-02-10 05:27:30.655 [main] INFO  DataBaseTestConfig - Closing Prepared Statement
2023-02-10 05:27:30.656 [main] INFO  DataBaseTestConfig - Closing DB connection
2023-02-10 05:27:30.662 [main] INFO  DataBaseTestConfig - Create DB connection
2023-02-10 05:27:30.697 [main] INFO  DataBaseTestConfig - Closing DB connection
2023-02-10 05:27:30.697 [main] INFO  DataBaseTestConfig - Create DB connection
2023-02-10 05:27:30.705 [main] INFO  DataBaseTestConfig - Closing Result Set
2023-02-10 05:27:30.706 [main] INFO  DataBaseTestConfig - Closing Prepared Statement
2023-02-10 05:27:30.706 [main] INFO  DataBaseTestConfig - Closing DB connection
2023-02-10 05:27:30.706 [main] INFO  DataBaseTestConfig - Create DB connection
2023-02-10 05:27:30.716 [main] INFO  DataBaseTestConfig - Closing Prepared Statement
2023-02-10 05:27:30.716 [main] INFO  DataBaseTestConfig - Closing DB connection
2023-02-10 05:27:30.716 [main] INFO  DataBaseTestConfig - Create DB connection
2023-02-10 05:27:30.727 [main] INFO  DataBaseTestConfig - Closing Result Set
2023-02-10 05:27:30.727 [main] INFO  DataBaseTestConfig - Closing Prepared Statement
2023-02-10 05:27:30.727 [main] INFO  DataBaseTestConfig - Closing DB connection
2023-02-10 05:27:30.727 [main] INFO  DataBaseTestConfig - Create DB connection
2023-02-10 05:27:30.738 [main] INFO  DataBaseTestConfig - Closing DB connection
2023-02-10 05:27:30.738 [main] INFO  DataBaseTestConfig - Create DB connection
2023-02-10 05:27:30.746 [main] INFO  DataBaseTestConfig - Closing Result Set
2023-02-10 05:27:30.746 [main] INFO  DataBaseTestConfig - Closing Prepared Statement
2023-02-10 05:27:30.746 [main] INFO  DataBaseTestConfig - Closing DB connection
2023-02-10 05:27:30.746 [main] INFO  DataBaseTestConfig - Create DB connection
2023-02-10 05:27:30.754 [main] INFO  DataBaseTestConfig - Closing Result Set
2023-02-10 05:27:30.754 [main] INFO  DataBaseTestConfig - Closing Prepared Statement
2023-02-10 05:27:30.754 [main] INFO  DataBaseTestConfig - Closing DB connection
2023-02-10 05:34:38.515 [main] INFO  DataBaseTestConfig - Create DB connection
2023-02-10 05:34:38.691 [main] INFO  DataBaseTestConfig - Closing DB connection
2023-02-10 05:34:38.694 [main] INFO  DataBaseTestConfig - Create DB connection
2023-02-10 05:34:38.710 [main] INFO  DataBaseTestConfig - Closing Result Set
2023-02-10 05:34:38.710 [main] INFO  DataBaseTestConfig - Closing Prepared Statement
2023-02-10 05:34:38.711 [main] INFO  DataBaseTestConfig - Closing DB connection
2023-02-10 05:34:38.711 [main] INFO  DataBaseTestConfig - Create DB connection
2023-02-10 05:34:38.723 [main] INFO  DataBaseTestConfig - Closing Prepared Statement
2023-02-10 05:34:38.724 [main] INFO  DataBaseTestConfig - Closing DB connection
2023-02-10 05:34:38.724 [main] INFO  DataBaseTestConfig - Create DB connection
2023-02-10 05:34:38.734 [main] INFO  DataBaseTestConfig - Closing Result Set
2023-02-10 05:34:38.734 [main] INFO  DataBaseTestConfig - Closing Prepared Statement
2023-02-10 05:34:38.735 [main] INFO  DataBaseTestConfig - Closing DB connection
2023-02-10 05:34:38.735 [main] INFO  DataBaseTestConfig - Create DB connection
2023-02-10 05:34:38.752 [main] INFO  DataBaseTestConfig - Closing DB connection
2023-02-10 05:34:38.754 [main] INFO  DataBaseTestConfig - Create DB connection
2023-02-10 05:34:38.763 [main] INFO  DataBaseTestConfig - Closing Result Set
2023-02-10 05:34:38.763 [main] INFO  DataBaseTestConfig - Closing Prepared Statement
2023-02-10 05:34:38.763 [main] INFO  DataBaseTestConfig - Closing DB connection
2023-02-10 05:34:38.763 [main] ERROR ParkingService - Unable to process exiting vehicle
java.lang.IllegalArgumentException: Out time provided is incorrect:java.util.GregorianCalendar[time=1675978478763,areFieldsSet=true,areAllFieldsSet=true,lenient=true,zone=sun.util.calendar.ZoneInfo[id="Asia/Shanghai",offset=28800000,dstSavings=0,useDaylight=false,transitions=31,lastRule=null],firstDayOfWeek=2,minimalDaysInFirstWeek=4,ERA=1,YEAR=2023,MONTH=1,WEEK_OF_YEAR=6,WEEK_OF_MONTH=2,DAY_OF_MONTH=10,DAY_OF_YEAR=41,DAY_OF_WEEK=6,DAY_OF_WEEK_IN_MONTH=2,AM_PM=0,HOUR=5,HOUR_OF_DAY=5,MINUTE=34,SECOND=38,MILLISECOND=763,ZONE_OFFSET=28800000,DST_OFFSET=0]
	at com.parkit.parkingsystem.service.FareCalculatorService.calculateFare(FareCalculatorService.java:12) ~[classes/:?]
	at com.parkit.parkingsystem.service.ParkingService.processExitingVehicle(ParkingService.java:126) ~[classes/:?]
	at com.parkit.parkingsystem.integration.ParkingDataBaseIT.testParkingLotExit(ParkingDataBaseIT.java:72) ~[test-classes/:?]
	at sun.reflect.NativeMethodAccessorImpl.invoke0(Native Method) ~[?:1.8.0_352]
	at sun.reflect.NativeMethodAccessorImpl.invoke(NativeMethodAccessorImpl.java:62) ~[?:1.8.0_352]
	at sun.reflect.DelegatingMethodAccessorImpl.invoke(DelegatingMethodAccessorImpl.java:43) ~[?:1.8.0_352]
	at java.lang.reflect.Method.invoke(Method.java:498) ~[?:1.8.0_352]
	at org.junit.platform.commons.util.ReflectionUtils.invokeMethod(ReflectionUtils.java:725) ~[org.junit.platform.commons_1.8.1.v20211018-1956.jar:1.8.1]
	at org.junit.jupiter.engine.execution.MethodInvocation.proceed(MethodInvocation.java:60) ~[org.junit.jupiter.engine_5.8.1.v20211018-1956.jar:5.8.1]
	at org.junit.jupiter.engine.execution.InvocationInterceptorChain$ValidatingInvocation.proceed(InvocationInterceptorChain.java:131) ~[org.junit.jupiter.engine_5.8.1.v20211018-1956.jar:5.8.1]
	at org.junit.jupiter.engine.extension.TimeoutExtension.intercept(TimeoutExtension.java:149) ~[org.junit.jupiter.engine_5.8.1.v20211018-1956.jar:5.8.1]
	at org.junit.jupiter.engine.extension.TimeoutExtension.interceptTestableMethod(TimeoutExtension.java:140) ~[org.junit.jupiter.engine_5.8.1.v20211018-1956.jar:5.8.1]
	at org.junit.jupiter.engine.extension.TimeoutExtension.interceptTestMethod(TimeoutExtension.java:84) ~[org.junit.jupiter.engine_5.8.1.v20211018-1956.jar:5.8.1]
	at org.junit.jupiter.engine.execution.ExecutableInvoker$ReflectiveInterceptorCall.lambda$ofVoidMethod$0(ExecutableInvoker.java:115) ~[org.junit.jupiter.engine_5.8.1.v20211018-1956.jar:5.8.1]
	at org.junit.jupiter.engine.execution.ExecutableInvoker.lambda$invoke$0(ExecutableInvoker.java:105) ~[org.junit.jupiter.engine_5.8.1.v20211018-1956.jar:5.8.1]
	at org.junit.jupiter.engine.execution.InvocationInterceptorChain$InterceptedInvocation.proceed(InvocationInterceptorChain.java:106) ~[org.junit.jupiter.engine_5.8.1.v20211018-1956.jar:5.8.1]
	at org.junit.jupiter.engine.execution.InvocationInterceptorChain.proceed(InvocationInterceptorChain.java:64) ~[org.junit.jupiter.engine_5.8.1.v20211018-1956.jar:5.8.1]
	at org.junit.jupiter.engine.execution.InvocationInterceptorChain.chainAndInvoke(InvocationInterceptorChain.java:45) ~[org.junit.jupiter.engine_5.8.1.v20211018-1956.jar:5.8.1]
	at org.junit.jupiter.engine.execution.InvocationInterceptorChain.invoke(InvocationInterceptorChain.java:37) ~[org.junit.jupiter.engine_5.8.1.v20211018-1956.jar:5.8.1]
	at org.junit.jupiter.engine.execution.ExecutableInvoker.invoke(ExecutableInvoker.java:104) ~[org.junit.jupiter.engine_5.8.1.v20211018-1956.jar:5.8.1]
	at org.junit.jupiter.engine.execution.ExecutableInvoker.invoke(ExecutableInvoker.java:98) ~[org.junit.jupiter.engine_5.8.1.v20211018-1956.jar:5.8.1]
	at org.junit.jupiter.engine.descriptor.TestMethodTestDescriptor.lambda$invokeTestMethod$7(TestMethodTestDescriptor.java:214) ~[org.junit.jupiter.engine_5.8.1.v20211018-1956.jar:5.8.1]
	at org.junit.platform.engine.support.hierarchical.ThrowableCollector.execute(ThrowableCollector.java:73) ~[org.junit.platform.engine_1.8.1.v20211018-1956.jar:1.8.1]
	at org.junit.jupiter.engine.descriptor.TestMethodTestDescriptor.invokeTestMethod(TestMethodTestDescriptor.java:210) ~[org.junit.jupiter.engine_5.8.1.v20211018-1956.jar:5.8.1]
	at org.junit.jupiter.engine.descriptor.TestMethodTestDescriptor.execute(TestMethodTestDescriptor.java:135) ~[org.junit.jupiter.engine_5.8.1.v20211018-1956.jar:5.8.1]
	at org.junit.jupiter.engine.descriptor.TestMethodTestDescriptor.execute(TestMethodTestDescriptor.java:66) ~[org.junit.jupiter.engine_5.8.1.v20211018-1956.jar:5.8.1]
	at org.junit.platform.engine.support.hierarchical.NodeTestTask.lambda$executeRecursively$6(NodeTestTask.java:151) ~[org.junit.platform.engine_1.8.1.v20211018-1956.jar:1.8.1]
	at org.junit.platform.engine.support.hierarchical.ThrowableCollector.execute(ThrowableCollector.java:73) ~[org.junit.platform.engine_1.8.1.v20211018-1956.jar:1.8.1]
	at org.junit.platform.engine.support.hierarchical.NodeTestTask.lambda$executeRecursively$8(NodeTestTask.java:141) ~[org.junit.platform.engine_1.8.1.v20211018-1956.jar:1.8.1]
	at org.junit.platform.engine.support.hierarchical.Node.around(Node.java:137) ~[org.junit.platform.engine_1.8.1.v20211018-1956.jar:1.8.1]
	at org.junit.platform.engine.support.hierarchical.NodeTestTask.lambda$executeRecursively$9(NodeTestTask.java:139) ~[org.junit.platform.engine_1.8.1.v20211018-1956.jar:1.8.1]
	at org.junit.platform.engine.support.hierarchical.ThrowableCollector.execute(ThrowableCollector.java:73) ~[org.junit.platform.engine_1.8.1.v20211018-1956.jar:1.8.1]
	at org.junit.platform.engine.support.hierarchical.NodeTestTask.executeRecursively(NodeTestTask.java:138) ~[org.junit.platform.engine_1.8.1.v20211018-1956.jar:1.8.1]
	at org.junit.platform.engine.support.hierarchical.NodeTestTask.execute(NodeTestTask.java:95) ~[org.junit.platform.engine_1.8.1.v20211018-1956.jar:1.8.1]
	at java.util.ArrayList.forEach(ArrayList.java:1259) ~[?:1.8.0_352]
	at org.junit.platform.engine.support.hierarchical.SameThreadHierarchicalTestExecutorService.invokeAll(SameThreadHierarchicalTestExecutorService.java:41) ~[org.junit.platform.engine_1.8.1.v20211018-1956.jar:1.8.1]
	at org.junit.platform.engine.support.hierarchical.NodeTestTask.lambda$executeRecursively$6(NodeTestTask.java:155) ~[org.junit.platform.engine_1.8.1.v20211018-1956.jar:1.8.1]
	at org.junit.platform.engine.support.hierarchical.ThrowableCollector.execute(ThrowableCollector.java:73) ~[org.junit.platform.engine_1.8.1.v20211018-1956.jar:1.8.1]
	at org.junit.platform.engine.support.hierarchical.NodeTestTask.lambda$executeRecursively$8(NodeTestTask.java:141) ~[org.junit.platform.engine_1.8.1.v20211018-1956.jar:1.8.1]
	at org.junit.platform.engine.support.hierarchical.Node.around(Node.java:137) ~[org.junit.platform.engine_1.8.1.v20211018-1956.jar:1.8.1]
	at org.junit.platform.engine.support.hierarchical.NodeTestTask.lambda$executeRecursively$9(NodeTestTask.java:139) ~[org.junit.platform.engine_1.8.1.v20211018-1956.jar:1.8.1]
	at org.junit.platform.engine.support.hierarchical.ThrowableCollector.execute(ThrowableCollector.java:73) ~[org.junit.platform.engine_1.8.1.v20211018-1956.jar:1.8.1]
	at org.junit.platform.engine.support.hierarchical.NodeTestTask.executeRecursively(NodeTestTask.java:138) ~[org.junit.platform.engine_1.8.1.v20211018-1956.jar:1.8.1]
	at org.junit.platform.engine.support.hierarchical.NodeTestTask.execute(NodeTestTask.java:95) ~[org.junit.platform.engine_1.8.1.v20211018-1956.jar:1.8.1]
	at java.util.ArrayList.forEach(ArrayList.java:1259) ~[?:1.8.0_352]
	at org.junit.platform.engine.support.hierarchical.SameThreadHierarchicalTestExecutorService.invokeAll(SameThreadHierarchicalTestExecutorService.java:41) ~[org.junit.platform.engine_1.8.1.v20211018-1956.jar:1.8.1]
	at org.junit.platform.engine.support.hierarchical.NodeTestTask.lambda$executeRecursively$6(NodeTestTask.java:155) ~[org.junit.platform.engine_1.8.1.v20211018-1956.jar:1.8.1]
	at org.junit.platform.engine.support.hierarchical.ThrowableCollector.execute(ThrowableCollector.java:73) ~[org.junit.platform.engine_1.8.1.v20211018-1956.jar:1.8.1]
	at org.junit.platform.engine.support.hierarchical.NodeTestTask.lambda$executeRecursively$8(NodeTestTask.java:141) ~[org.junit.platform.engine_1.8.1.v20211018-1956.jar:1.8.1]
	at org.junit.platform.engine.support.hierarchical.Node.around(Node.java:137) ~[org.junit.platform.engine_1.8.1.v20211018-1956.jar:1.8.1]
	at org.junit.platform.engine.support.hierarchical.NodeTestTask.lambda$executeRecursively$9(NodeTestTask.java:139) ~[org.junit.platform.engine_1.8.1.v20211018-1956.jar:1.8.1]
	at org.junit.platform.engine.support.hierarchical.ThrowableCollector.execute(ThrowableCollector.java:73) ~[org.junit.platform.engine_1.8.1.v20211018-1956.jar:1.8.1]
	at org.junit.platform.engine.support.hierarchical.NodeTestTask.executeRecursively(NodeTestTask.java:138) ~[org.junit.platform.engine_1.8.1.v20211018-1956.jar:1.8.1]
	at org.junit.platform.engine.support.hierarchical.NodeTestTask.execute(NodeTestTask.java:95) ~[org.junit.platform.engine_1.8.1.v20211018-1956.jar:1.8.1]
	at org.junit.platform.engine.support.hierarchical.SameThreadHierarchicalTestExecutorService.submit(SameThreadHierarchicalTestExecutorService.java:35) ~[org.junit.platform.engine_1.8.1.v20211018-1956.jar:1.8.1]
	at org.junit.platform.engine.support.hierarchical.HierarchicalTestExecutor.execute(HierarchicalTestExecutor.java:57) ~[org.junit.platform.engine_1.8.1.v20211018-1956.jar:1.8.1]
	at org.junit.platform.engine.support.hierarchical.HierarchicalTestEngine.execute(HierarchicalTestEngine.java:54) ~[org.junit.platform.engine_1.8.1.v20211018-1956.jar:1.8.1]
	at org.junit.platform.launcher.core.EngineExecutionOrchestrator.execute(EngineExecutionOrchestrator.java:107) ~[org.junit.platform.launcher_1.8.1.v20211018-1956.jar:1.8.1]
	at org.junit.platform.launcher.core.EngineExecutionOrchestrator.execute(EngineExecutionOrchestrator.java:88) ~[org.junit.platform.launcher_1.8.1.v20211018-1956.jar:1.8.1]
	at org.junit.platform.launcher.core.EngineExecutionOrchestrator.lambda$execute$0(EngineExecutionOrchestrator.java:54) ~[org.junit.platform.launcher_1.8.1.v20211018-1956.jar:1.8.1]
	at org.junit.platform.launcher.core.EngineExecutionOrchestrator.withInterceptedStreams(EngineExecutionOrchestrator.java:67) [org.junit.platform.launcher_1.8.1.v20211018-1956.jar:1.8.1]
	at org.junit.platform.launcher.core.EngineExecutionOrchestrator.execute(EngineExecutionOrchestrator.java:52) [org.junit.platform.launcher_1.8.1.v20211018-1956.jar:1.8.1]
	at org.junit.platform.launcher.core.DefaultLauncher.execute(DefaultLauncher.java:114) [org.junit.platform.launcher_1.8.1.v20211018-1956.jar:1.8.1]
	at org.junit.platform.launcher.core.DefaultLauncher.execute(DefaultLauncher.java:95) [org.junit.platform.launcher_1.8.1.v20211018-1956.jar:1.8.1]
	at org.junit.platform.launcher.core.DefaultLauncherSession$DelegatingLauncher.execute(DefaultLauncherSession.java:91) [org.junit.platform.launcher_1.8.1.v20211018-1956.jar:1.8.1]
	at org.junit.platform.launcher.core.SessionPerRequestLauncher.execute(SessionPerRequestLauncher.java:60) [org.junit.platform.launcher_1.8.1.v20211018-1956.jar:1.8.1]
	at org.eclipse.jdt.internal.junit5.runner.JUnit5TestReference.run(JUnit5TestReference.java:98) [.cp/:?]
	at org.eclipse.jdt.internal.junit.runner.TestExecution.run(TestExecution.java:40) [.cp/:?]
	at org.eclipse.jdt.internal.junit.runner.RemoteTestRunner.runTests(RemoteTestRunner.java:529) [.cp/:?]
	at org.eclipse.jdt.internal.junit.runner.RemoteTestRunner.runTests(RemoteTestRunner.java:756) [.cp/:?]
	at org.eclipse.jdt.internal.junit.runner.RemoteTestRunner.run(RemoteTestRunner.java:452) [.cp/:?]
	at org.eclipse.jdt.internal.junit.runner.RemoteTestRunner.main(RemoteTestRunner.java:210) [.cp/:?]
2023-02-10 05:34:38.766 [main] INFO  DataBaseTestConfig - Create DB connection
2023-02-10 05:34:38.775 [main] INFO  DataBaseTestConfig - Closing Result Set
2023-02-10 05:34:38.775 [main] INFO  DataBaseTestConfig - Closing Prepared Statement
2023-02-10 05:34:38.775 [main] INFO  DataBaseTestConfig - Closing DB connection
2023-02-10 05:34:38.776 [main] INFO  DataBaseTestConfig - Create DB connection
2023-02-10 05:34:38.785 [main] INFO  DataBaseTestConfig - Closing Result Set
2023-02-10 05:34:38.785 [main] INFO  DataBaseTestConfig - Closing Prepared Statement
2023-02-10 05:34:38.785 [main] INFO  DataBaseTestConfig - Closing DB connection
2023-02-10 05:34:38.791 [main] INFO  DataBaseTestConfig - Create DB connection
2023-02-10 05:34:38.827 [main] INFO  DataBaseTestConfig - Closing DB connection
2023-02-10 05:34:38.827 [main] INFO  DataBaseTestConfig - Create DB connection
2023-02-10 05:34:38.836 [main] INFO  DataBaseTestConfig - Closing Result Set
2023-02-10 05:34:38.836 [main] INFO  DataBaseTestConfig - Closing Prepared Statement
2023-02-10 05:34:38.836 [main] INFO  DataBaseTestConfig - Closing DB connection
2023-02-10 05:34:38.836 [main] INFO  DataBaseTestConfig - Create DB connection
2023-02-10 05:34:38.847 [main] INFO  DataBaseTestConfig - Closing Prepared Statement
2023-02-10 05:34:38.847 [main] INFO  DataBaseTestConfig - Closing DB connection
2023-02-10 05:34:38.847 [main] INFO  DataBaseTestConfig - Create DB connection
2023-02-10 05:34:38.858 [main] INFO  DataBaseTestConfig - Closing Result Set
2023-02-10 05:34:38.858 [main] INFO  DataBaseTestConfig - Closing Prepared Statement
2023-02-10 05:34:38.859 [main] INFO  DataBaseTestConfig - Closing DB connection
2023-02-10 05:34:38.859 [main] INFO  DataBaseTestConfig - Create DB connection
2023-02-10 05:34:38.869 [main] INFO  DataBaseTestConfig - Closing DB connection
2023-02-10 05:34:38.869 [main] INFO  DataBaseTestConfig - Create DB connection
2023-02-10 05:34:38.877 [main] INFO  DataBaseTestConfig - Closing Result Set
2023-02-10 05:34:38.877 [main] INFO  DataBaseTestConfig - Closing Prepared Statement
2023-02-10 05:34:38.877 [main] INFO  DataBaseTestConfig - Closing DB connection
2023-02-10 05:34:38.877 [main] INFO  DataBaseTestConfig - Create DB connection
2023-02-10 05:34:38.884 [main] INFO  DataBaseTestConfig - Closing Result Set
2023-02-10 05:34:38.884 [main] INFO  DataBaseTestConfig - Closing Prepared Statement
2023-02-10 05:34:38.884 [main] INFO  DataBaseTestConfig - Closing DB connection
2023-02-10 05:34:47.126 [main] INFO  DataBaseTestConfig - Create DB connection
2023-02-10 05:34:47.302 [main] INFO  DataBaseTestConfig - Closing DB connection
2023-02-10 05:34:47.304 [main] INFO  DataBaseTestConfig - Create DB connection
2023-02-10 05:34:47.320 [main] INFO  DataBaseTestConfig - Closing Result Set
2023-02-10 05:34:47.320 [main] INFO  DataBaseTestConfig - Closing Prepared Statement
2023-02-10 05:34:47.320 [main] INFO  DataBaseTestConfig - Closing DB connection
2023-02-10 05:34:47.320 [main] INFO  DataBaseTestConfig - Create DB connection
2023-02-10 05:34:47.333 [main] INFO  DataBaseTestConfig - Closing Prepared Statement
2023-02-10 05:34:47.333 [main] INFO  DataBaseTestConfig - Closing DB connection
2023-02-10 05:34:47.333 [main] INFO  DataBaseTestConfig - Create DB connection
2023-02-10 05:34:47.343 [main] INFO  DataBaseTestConfig - Closing Result Set
2023-02-10 05:34:47.343 [main] INFO  DataBaseTestConfig - Closing Prepared Statement
2023-02-10 05:34:47.343 [main] INFO  DataBaseTestConfig - Closing DB connection
2023-02-10 05:34:47.343 [main] INFO  DataBaseTestConfig - Create DB connection
2023-02-10 05:34:47.360 [main] INFO  DataBaseTestConfig - Closing DB connection
2023-02-10 05:34:47.362 [main] INFO  DataBaseTestConfig - Create DB connection
2023-02-10 05:34:47.371 [main] INFO  DataBaseTestConfig - Closing Result Set
2023-02-10 05:34:47.371 [main] INFO  DataBaseTestConfig - Closing Prepared Statement
2023-02-10 05:34:47.372 [main] INFO  DataBaseTestConfig - Closing DB connection
2023-02-10 05:34:47.372 [main] INFO  DataBaseTestConfig - Create DB connection
2023-02-10 05:34:47.380 [main] INFO  DataBaseTestConfig - Closing DB connection
2023-02-10 05:34:47.380 [main] INFO  DataBaseTestConfig - Create DB connection
2023-02-10 05:34:47.394 [main] INFO  DataBaseTestConfig - Closing Prepared Statement
2023-02-10 05:34:47.394 [main] INFO  DataBaseTestConfig - Closing DB connection
2023-02-10 05:34:47.395 [main] INFO  DataBaseTestConfig - Create DB connection
2023-02-10 05:34:47.403 [main] INFO  DataBaseTestConfig - Closing Result Set
2023-02-10 05:34:47.403 [main] INFO  DataBaseTestConfig - Closing Prepared Statement
2023-02-10 05:34:47.404 [main] INFO  DataBaseTestConfig - Closing DB connection
2023-02-10 05:34:47.404 [main] INFO  DataBaseTestConfig - Create DB connection
2023-02-10 05:34:47.412 [main] INFO  DataBaseTestConfig - Closing Result Set
2023-02-10 05:34:47.412 [main] INFO  DataBaseTestConfig - Closing Prepared Statement
2023-02-10 05:34:47.412 [main] INFO  DataBaseTestConfig - Closing DB connection
2023-02-10 05:34:47.417 [main] INFO  DataBaseTestConfig - Create DB connection
2023-02-10 05:34:47.445 [main] INFO  DataBaseTestConfig - Closing DB connection
2023-02-10 05:34:47.445 [main] INFO  DataBaseTestConfig - Create DB connection
2023-02-10 05:34:47.453 [main] INFO  DataBaseTestConfig - Closing Result Set
2023-02-10 05:34:47.453 [main] INFO  DataBaseTestConfig - Closing Prepared Statement
2023-02-10 05:34:47.454 [main] INFO  DataBaseTestConfig - Closing DB connection
2023-02-10 05:34:47.454 [main] INFO  DataBaseTestConfig - Create DB connection
2023-02-10 05:34:47.463 [main] INFO  DataBaseTestConfig - Closing Prepared Statement
2023-02-10 05:34:47.463 [main] INFO  DataBaseTestConfig - Closing DB connection
2023-02-10 05:34:47.463 [main] INFO  DataBaseTestConfig - Create DB connection
2023-02-10 05:34:47.471 [main] INFO  DataBaseTestConfig - Closing Result Set
2023-02-10 05:34:47.471 [main] INFO  DataBaseTestConfig - Closing Prepared Statement
2023-02-10 05:34:47.471 [main] INFO  DataBaseTestConfig - Closing DB connection
2023-02-10 05:34:47.471 [main] INFO  DataBaseTestConfig - Create DB connection
2023-02-10 05:34:47.482 [main] INFO  DataBaseTestConfig - Closing DB connection
2023-02-10 05:34:47.482 [main] INFO  DataBaseTestConfig - Create DB connection
2023-02-10 05:34:47.490 [main] INFO  DataBaseTestConfig - Closing Result Set
2023-02-10 05:34:47.490 [main] INFO  DataBaseTestConfig - Closing Prepared Statement
2023-02-10 05:34:47.490 [main] INFO  DataBaseTestConfig - Closing DB connection
2023-02-10 05:34:47.490 [main] INFO  DataBaseTestConfig - Create DB connection
2023-02-10 05:34:47.497 [main] INFO  DataBaseTestConfig - Closing Result Set
2023-02-10 05:34:47.497 [main] INFO  DataBaseTestConfig - Closing Prepared Statement
2023-02-10 05:34:47.497 [main] INFO  DataBaseTestConfig - Closing DB connection
2023-02-10 05:34:57.442 [main] INFO  DataBaseTestConfig - Create DB connection
2023-02-10 05:34:57.693 [main] INFO  DataBaseTestConfig - Closing DB connection
2023-02-10 05:34:57.696 [main] INFO  DataBaseTestConfig - Create DB connection
2023-02-10 05:34:57.717 [main] INFO  DataBaseTestConfig - Closing Result Set
2023-02-10 05:34:57.717 [main] INFO  DataBaseTestConfig - Closing Prepared Statement
2023-02-10 05:34:57.718 [main] INFO  DataBaseTestConfig - Closing DB connection
2023-02-10 05:34:57.718 [main] INFO  DataBaseTestConfig - Create DB connection
2023-02-10 05:34:57.731 [main] INFO  DataBaseTestConfig - Closing Prepared Statement
2023-02-10 05:34:57.731 [main] INFO  DataBaseTestConfig - Closing DB connection
2023-02-10 05:34:57.732 [main] INFO  DataBaseTestConfig - Create DB connection
2023-02-10 05:34:57.742 [main] INFO  DataBaseTestConfig - Closing Result Set
2023-02-10 05:34:57.743 [main] INFO  DataBaseTestConfig - Closing Prepared Statement
2023-02-10 05:34:57.743 [main] INFO  DataBaseTestConfig - Closing DB connection
2023-02-10 05:34:57.743 [main] INFO  DataBaseTestConfig - Create DB connection
2023-02-10 05:34:57.762 [main] INFO  DataBaseTestConfig - Closing DB connection
2023-02-10 05:34:57.765 [main] INFO  DataBaseTestConfig - Create DB connection
2023-02-10 05:34:57.775 [main] INFO  DataBaseTestConfig - Closing Result Set
2023-02-10 05:34:57.775 [main] INFO  DataBaseTestConfig - Closing Prepared Statement
2023-02-10 05:34:57.775 [main] INFO  DataBaseTestConfig - Closing DB connection
2023-02-10 05:34:57.775 [main] ERROR ParkingService - Unable to process exiting vehicle
java.lang.IllegalArgumentException: Out time provided is incorrect:java.util.GregorianCalendar[time=1675978497775,areFieldsSet=true,areAllFieldsSet=true,lenient=true,zone=sun.util.calendar.ZoneInfo[id="Asia/Shanghai",offset=28800000,dstSavings=0,useDaylight=false,transitions=31,lastRule=null],firstDayOfWeek=2,minimalDaysInFirstWeek=4,ERA=1,YEAR=2023,MONTH=1,WEEK_OF_YEAR=6,WEEK_OF_MONTH=2,DAY_OF_MONTH=10,DAY_OF_YEAR=41,DAY_OF_WEEK=6,DAY_OF_WEEK_IN_MONTH=2,AM_PM=0,HOUR=5,HOUR_OF_DAY=5,MINUTE=34,SECOND=57,MILLISECOND=775,ZONE_OFFSET=28800000,DST_OFFSET=0]
	at com.parkit.parkingsystem.service.FareCalculatorService.calculateFare(FareCalculatorService.java:12) ~[classes/:?]
	at com.parkit.parkingsystem.service.ParkingService.processExitingVehicle(ParkingService.java:126) ~[classes/:?]
	at com.parkit.parkingsystem.integration.ParkingDataBaseIT.testParkingLotExit(ParkingDataBaseIT.java:72) ~[test-classes/:?]
	at sun.reflect.NativeMethodAccessorImpl.invoke0(Native Method) ~[?:1.8.0_352]
	at sun.reflect.NativeMethodAccessorImpl.invoke(NativeMethodAccessorImpl.java:62) ~[?:1.8.0_352]
	at sun.reflect.DelegatingMethodAccessorImpl.invoke(DelegatingMethodAccessorImpl.java:43) ~[?:1.8.0_352]
	at java.lang.reflect.Method.invoke(Method.java:498) ~[?:1.8.0_352]
	at org.junit.platform.commons.util.ReflectionUtils.invokeMethod(ReflectionUtils.java:725) ~[org.junit.platform.commons_1.8.1.v20211018-1956.jar:1.8.1]
	at org.junit.jupiter.engine.execution.MethodInvocation.proceed(MethodInvocation.java:60) ~[org.junit.jupiter.engine_5.8.1.v20211018-1956.jar:5.8.1]
	at org.junit.jupiter.engine.execution.InvocationInterceptorChain$ValidatingInvocation.proceed(InvocationInterceptorChain.java:131) ~[org.junit.jupiter.engine_5.8.1.v20211018-1956.jar:5.8.1]
	at org.junit.jupiter.engine.extension.TimeoutExtension.intercept(TimeoutExtension.java:149) ~[org.junit.jupiter.engine_5.8.1.v20211018-1956.jar:5.8.1]
	at org.junit.jupiter.engine.extension.TimeoutExtension.interceptTestableMethod(TimeoutExtension.java:140) ~[org.junit.jupiter.engine_5.8.1.v20211018-1956.jar:5.8.1]
	at org.junit.jupiter.engine.extension.TimeoutExtension.interceptTestMethod(TimeoutExtension.java:84) ~[org.junit.jupiter.engine_5.8.1.v20211018-1956.jar:5.8.1]
	at org.junit.jupiter.engine.execution.ExecutableInvoker$ReflectiveInterceptorCall.lambda$ofVoidMethod$0(ExecutableInvoker.java:115) ~[org.junit.jupiter.engine_5.8.1.v20211018-1956.jar:5.8.1]
	at org.junit.jupiter.engine.execution.ExecutableInvoker.lambda$invoke$0(ExecutableInvoker.java:105) ~[org.junit.jupiter.engine_5.8.1.v20211018-1956.jar:5.8.1]
	at org.junit.jupiter.engine.execution.InvocationInterceptorChain$InterceptedInvocation.proceed(InvocationInterceptorChain.java:106) ~[org.junit.jupiter.engine_5.8.1.v20211018-1956.jar:5.8.1]
	at org.junit.jupiter.engine.execution.InvocationInterceptorChain.proceed(InvocationInterceptorChain.java:64) ~[org.junit.jupiter.engine_5.8.1.v20211018-1956.jar:5.8.1]
	at org.junit.jupiter.engine.execution.InvocationInterceptorChain.chainAndInvoke(InvocationInterceptorChain.java:45) ~[org.junit.jupiter.engine_5.8.1.v20211018-1956.jar:5.8.1]
	at org.junit.jupiter.engine.execution.InvocationInterceptorChain.invoke(InvocationInterceptorChain.java:37) ~[org.junit.jupiter.engine_5.8.1.v20211018-1956.jar:5.8.1]
	at org.junit.jupiter.engine.execution.ExecutableInvoker.invoke(ExecutableInvoker.java:104) ~[org.junit.jupiter.engine_5.8.1.v20211018-1956.jar:5.8.1]
	at org.junit.jupiter.engine.execution.ExecutableInvoker.invoke(ExecutableInvoker.java:98) ~[org.junit.jupiter.engine_5.8.1.v20211018-1956.jar:5.8.1]
	at org.junit.jupiter.engine.descriptor.TestMethodTestDescriptor.lambda$invokeTestMethod$7(TestMethodTestDescriptor.java:214) ~[org.junit.jupiter.engine_5.8.1.v20211018-1956.jar:5.8.1]
	at org.junit.platform.engine.support.hierarchical.ThrowableCollector.execute(ThrowableCollector.java:73) ~[org.junit.platform.engine_1.8.1.v20211018-1956.jar:1.8.1]
	at org.junit.jupiter.engine.descriptor.TestMethodTestDescriptor.invokeTestMethod(TestMethodTestDescriptor.java:210) ~[org.junit.jupiter.engine_5.8.1.v20211018-1956.jar:5.8.1]
	at org.junit.jupiter.engine.descriptor.TestMethodTestDescriptor.execute(TestMethodTestDescriptor.java:135) ~[org.junit.jupiter.engine_5.8.1.v20211018-1956.jar:5.8.1]
	at org.junit.jupiter.engine.descriptor.TestMethodTestDescriptor.execute(TestMethodTestDescriptor.java:66) ~[org.junit.jupiter.engine_5.8.1.v20211018-1956.jar:5.8.1]
	at org.junit.platform.engine.support.hierarchical.NodeTestTask.lambda$executeRecursively$6(NodeTestTask.java:151) ~[org.junit.platform.engine_1.8.1.v20211018-1956.jar:1.8.1]
	at org.junit.platform.engine.support.hierarchical.ThrowableCollector.execute(ThrowableCollector.java:73) ~[org.junit.platform.engine_1.8.1.v20211018-1956.jar:1.8.1]
	at org.junit.platform.engine.support.hierarchical.NodeTestTask.lambda$executeRecursively$8(NodeTestTask.java:141) ~[org.junit.platform.engine_1.8.1.v20211018-1956.jar:1.8.1]
	at org.junit.platform.engine.support.hierarchical.Node.around(Node.java:137) ~[org.junit.platform.engine_1.8.1.v20211018-1956.jar:1.8.1]
	at org.junit.platform.engine.support.hierarchical.NodeTestTask.lambda$executeRecursively$9(NodeTestTask.java:139) ~[org.junit.platform.engine_1.8.1.v20211018-1956.jar:1.8.1]
	at org.junit.platform.engine.support.hierarchical.ThrowableCollector.execute(ThrowableCollector.java:73) ~[org.junit.platform.engine_1.8.1.v20211018-1956.jar:1.8.1]
	at org.junit.platform.engine.support.hierarchical.NodeTestTask.executeRecursively(NodeTestTask.java:138) ~[org.junit.platform.engine_1.8.1.v20211018-1956.jar:1.8.1]
	at org.junit.platform.engine.support.hierarchical.NodeTestTask.execute(NodeTestTask.java:95) ~[org.junit.platform.engine_1.8.1.v20211018-1956.jar:1.8.1]
	at java.util.ArrayList.forEach(ArrayList.java:1259) ~[?:1.8.0_352]
	at org.junit.platform.engine.support.hierarchical.SameThreadHierarchicalTestExecutorService.invokeAll(SameThreadHierarchicalTestExecutorService.java:41) ~[org.junit.platform.engine_1.8.1.v20211018-1956.jar:1.8.1]
	at org.junit.platform.engine.support.hierarchical.NodeTestTask.lambda$executeRecursively$6(NodeTestTask.java:155) ~[org.junit.platform.engine_1.8.1.v20211018-1956.jar:1.8.1]
	at org.junit.platform.engine.support.hierarchical.ThrowableCollector.execute(ThrowableCollector.java:73) ~[org.junit.platform.engine_1.8.1.v20211018-1956.jar:1.8.1]
	at org.junit.platform.engine.support.hierarchical.NodeTestTask.lambda$executeRecursively$8(NodeTestTask.java:141) ~[org.junit.platform.engine_1.8.1.v20211018-1956.jar:1.8.1]
	at org.junit.platform.engine.support.hierarchical.Node.around(Node.java:137) ~[org.junit.platform.engine_1.8.1.v20211018-1956.jar:1.8.1]
	at org.junit.platform.engine.support.hierarchical.NodeTestTask.lambda$executeRecursively$9(NodeTestTask.java:139) ~[org.junit.platform.engine_1.8.1.v20211018-1956.jar:1.8.1]
	at org.junit.platform.engine.support.hierarchical.ThrowableCollector.execute(ThrowableCollector.java:73) ~[org.junit.platform.engine_1.8.1.v20211018-1956.jar:1.8.1]
	at org.junit.platform.engine.support.hierarchical.NodeTestTask.executeRecursively(NodeTestTask.java:138) ~[org.junit.platform.engine_1.8.1.v20211018-1956.jar:1.8.1]
	at org.junit.platform.engine.support.hierarchical.NodeTestTask.execute(NodeTestTask.java:95) ~[org.junit.platform.engine_1.8.1.v20211018-1956.jar:1.8.1]
	at java.util.ArrayList.forEach(ArrayList.java:1259) ~[?:1.8.0_352]
	at org.junit.platform.engine.support.hierarchical.SameThreadHierarchicalTestExecutorService.invokeAll(SameThreadHierarchicalTestExecutorService.java:41) ~[org.junit.platform.engine_1.8.1.v20211018-1956.jar:1.8.1]
	at org.junit.platform.engine.support.hierarchical.NodeTestTask.lambda$executeRecursively$6(NodeTestTask.java:155) ~[org.junit.platform.engine_1.8.1.v20211018-1956.jar:1.8.1]
	at org.junit.platform.engine.support.hierarchical.ThrowableCollector.execute(ThrowableCollector.java:73) ~[org.junit.platform.engine_1.8.1.v20211018-1956.jar:1.8.1]
	at org.junit.platform.engine.support.hierarchical.NodeTestTask.lambda$executeRecursively$8(NodeTestTask.java:141) ~[org.junit.platform.engine_1.8.1.v20211018-1956.jar:1.8.1]
	at org.junit.platform.engine.support.hierarchical.Node.around(Node.java:137) ~[org.junit.platform.engine_1.8.1.v20211018-1956.jar:1.8.1]
	at org.junit.platform.engine.support.hierarchical.NodeTestTask.lambda$executeRecursively$9(NodeTestTask.java:139) ~[org.junit.platform.engine_1.8.1.v20211018-1956.jar:1.8.1]
	at org.junit.platform.engine.support.hierarchical.ThrowableCollector.execute(ThrowableCollector.java:73) ~[org.junit.platform.engine_1.8.1.v20211018-1956.jar:1.8.1]
	at org.junit.platform.engine.support.hierarchical.NodeTestTask.executeRecursively(NodeTestTask.java:138) ~[org.junit.platform.engine_1.8.1.v20211018-1956.jar:1.8.1]
	at org.junit.platform.engine.support.hierarchical.NodeTestTask.execute(NodeTestTask.java:95) ~[org.junit.platform.engine_1.8.1.v20211018-1956.jar:1.8.1]
	at org.junit.platform.engine.support.hierarchical.SameThreadHierarchicalTestExecutorService.submit(SameThreadHierarchicalTestExecutorService.java:35) ~[org.junit.platform.engine_1.8.1.v20211018-1956.jar:1.8.1]
	at org.junit.platform.engine.support.hierarchical.HierarchicalTestExecutor.execute(HierarchicalTestExecutor.java:57) ~[org.junit.platform.engine_1.8.1.v20211018-1956.jar:1.8.1]
	at org.junit.platform.engine.support.hierarchical.HierarchicalTestEngine.execute(HierarchicalTestEngine.java:54) ~[org.junit.platform.engine_1.8.1.v20211018-1956.jar:1.8.1]
	at org.junit.platform.launcher.core.EngineExecutionOrchestrator.execute(EngineExecutionOrchestrator.java:107) ~[org.junit.platform.launcher_1.8.1.v20211018-1956.jar:1.8.1]
	at org.junit.platform.launcher.core.EngineExecutionOrchestrator.execute(EngineExecutionOrchestrator.java:88) ~[org.junit.platform.launcher_1.8.1.v20211018-1956.jar:1.8.1]
	at org.junit.platform.launcher.core.EngineExecutionOrchestrator.lambda$execute$0(EngineExecutionOrchestrator.java:54) ~[org.junit.platform.launcher_1.8.1.v20211018-1956.jar:1.8.1]
	at org.junit.platform.launcher.core.EngineExecutionOrchestrator.withInterceptedStreams(EngineExecutionOrchestrator.java:67) [org.junit.platform.launcher_1.8.1.v20211018-1956.jar:1.8.1]
	at org.junit.platform.launcher.core.EngineExecutionOrchestrator.execute(EngineExecutionOrchestrator.java:52) [org.junit.platform.launcher_1.8.1.v20211018-1956.jar:1.8.1]
	at org.junit.platform.launcher.core.DefaultLauncher.execute(DefaultLauncher.java:114) [org.junit.platform.launcher_1.8.1.v20211018-1956.jar:1.8.1]
	at org.junit.platform.launcher.core.DefaultLauncher.execute(DefaultLauncher.java:95) [org.junit.platform.launcher_1.8.1.v20211018-1956.jar:1.8.1]
	at org.junit.platform.launcher.core.DefaultLauncherSession$DelegatingLauncher.execute(DefaultLauncherSession.java:91) [org.junit.platform.launcher_1.8.1.v20211018-1956.jar:1.8.1]
	at org.junit.platform.launcher.core.SessionPerRequestLauncher.execute(SessionPerRequestLauncher.java:60) [org.junit.platform.launcher_1.8.1.v20211018-1956.jar:1.8.1]
	at org.eclipse.jdt.internal.junit5.runner.JUnit5TestReference.run(JUnit5TestReference.java:98) [.cp/:?]
	at org.eclipse.jdt.internal.junit.runner.TestExecution.run(TestExecution.java:40) [.cp/:?]
	at org.eclipse.jdt.internal.junit.runner.RemoteTestRunner.runTests(RemoteTestRunner.java:529) [.cp/:?]
	at org.eclipse.jdt.internal.junit.runner.RemoteTestRunner.runTests(RemoteTestRunner.java:756) [.cp/:?]
	at org.eclipse.jdt.internal.junit.runner.RemoteTestRunner.run(RemoteTestRunner.java:452) [.cp/:?]
	at org.eclipse.jdt.internal.junit.runner.RemoteTestRunner.main(RemoteTestRunner.java:210) [.cp/:?]
2023-02-10 05:34:57.781 [main] INFO  DataBaseTestConfig - Create DB connection
2023-02-10 05:34:57.790 [main] INFO  DataBaseTestConfig - Closing Result Set
2023-02-10 05:34:57.790 [main] INFO  DataBaseTestConfig - Closing Prepared Statement
2023-02-10 05:34:57.791 [main] INFO  DataBaseTestConfig - Closing DB connection
2023-02-10 05:34:57.792 [main] INFO  DataBaseTestConfig - Create DB connection
2023-02-10 05:34:57.801 [main] INFO  DataBaseTestConfig - Closing Result Set
2023-02-10 05:34:57.801 [main] INFO  DataBaseTestConfig - Closing Prepared Statement
2023-02-10 05:34:57.801 [main] INFO  DataBaseTestConfig - Closing DB connection
2023-02-10 05:34:57.807 [main] INFO  DataBaseTestConfig - Create DB connection
2023-02-10 05:34:57.842 [main] INFO  DataBaseTestConfig - Closing DB connection
2023-02-10 05:34:57.842 [main] INFO  DataBaseTestConfig - Create DB connection
2023-02-10 05:34:57.851 [main] INFO  DataBaseTestConfig - Closing Result Set
2023-02-10 05:34:57.852 [main] INFO  DataBaseTestConfig - Closing Prepared Statement
2023-02-10 05:34:57.852 [main] INFO  DataBaseTestConfig - Closing DB connection
2023-02-10 05:34:57.852 [main] INFO  DataBaseTestConfig - Create DB connection
2023-02-10 05:34:57.864 [main] INFO  DataBaseTestConfig - Closing Prepared Statement
2023-02-10 05:34:57.864 [main] INFO  DataBaseTestConfig - Closing DB connection
2023-02-10 05:34:57.864 [main] INFO  DataBaseTestConfig - Create DB connection
2023-02-10 05:34:57.873 [main] INFO  DataBaseTestConfig - Closing Result Set
2023-02-10 05:34:57.874 [main] INFO  DataBaseTestConfig - Closing Prepared Statement
2023-02-10 05:34:57.874 [main] INFO  DataBaseTestConfig - Closing DB connection
2023-02-10 05:34:57.874 [main] INFO  DataBaseTestConfig - Create DB connection
2023-02-10 05:34:57.885 [main] INFO  DataBaseTestConfig - Closing DB connection
2023-02-10 05:34:57.885 [main] INFO  DataBaseTestConfig - Create DB connection
2023-02-10 05:34:57.894 [main] INFO  DataBaseTestConfig - Closing Result Set
2023-02-10 05:34:57.894 [main] INFO  DataBaseTestConfig - Closing Prepared Statement
2023-02-10 05:34:57.894 [main] INFO  DataBaseTestConfig - Closing DB connection
2023-02-10 05:34:57.894 [main] INFO  DataBaseTestConfig - Create DB connection
2023-02-10 05:34:57.903 [main] INFO  DataBaseTestConfig - Closing Result Set
2023-02-10 05:34:57.903 [main] INFO  DataBaseTestConfig - Closing Prepared Statement
2023-02-10 05:34:57.904 [main] INFO  DataBaseTestConfig - Closing DB connection
2023-02-10 05:36:00.882 [main] INFO  App - Initializing Parking System
2023-02-10 05:36:00.884 [main] INFO  InteractiveShell - App initialized!!!
2023-02-10 05:36:10.244 [main] INFO  DataBaseConfig - Create DB connection
2023-02-10 05:36:10.433 [main] INFO  DataBaseConfig - Closing Result Set
2023-02-10 05:36:10.433 [main] INFO  DataBaseConfig - Closing Prepared Statement
2023-02-10 05:36:10.434 [main] INFO  DataBaseConfig - Closing DB connection
2023-02-10 05:36:18.347 [main] INFO  DataBaseConfig - Create DB connection
2023-02-10 05:36:18.369 [main] INFO  DataBaseConfig - Closing Prepared Statement
2023-02-10 05:36:18.369 [main] INFO  DataBaseConfig - Closing DB connection
2023-02-10 05:36:25.443 [main] INFO  DataBaseConfig - Create DB connection
2023-02-10 05:36:25.470 [main] INFO  DataBaseConfig - Closing Result Set
2023-02-10 05:36:25.470 [main] INFO  DataBaseConfig - Closing Prepared Statement
2023-02-10 05:36:25.470 [main] INFO  DataBaseConfig - Closing DB connection
2023-02-10 05:36:25.471 [main] INFO  DataBaseConfig - Create DB connection
2023-02-10 05:36:25.494 [main] INFO  DataBaseConfig - Closing DB connection
2023-02-10 05:36:37.707 [main] INFO  DataBaseConfig - Create DB connection
2023-02-10 05:36:37.727 [main] INFO  DataBaseConfig - Closing Result Set
2023-02-10 05:36:37.728 [main] INFO  DataBaseConfig - Closing Prepared Statement
2023-02-10 05:36:37.728 [main] INFO  DataBaseConfig - Closing DB connection
2023-02-10 05:36:37.728 [main] INFO  DataBaseConfig - Create DB connection
2023-02-10 05:36:37.740 [main] INFO  DataBaseConfig - Closing DB connection
2023-02-10 05:36:37.740 [main] INFO  DataBaseConfig - Create DB connection
2023-02-10 05:36:37.751 [main] INFO  DataBaseConfig - Closing Prepared Statement
2023-02-10 05:36:37.751 [main] INFO  DataBaseConfig - Closing DB connection
